2019-11-11 14:06:52.257 [main] INFO  com.neuedu.BusnessApplication - Starting BusnessApplication on 6IXHRL9EJ5D9T3Y with PID 29272 (E:\Java2\busness\target\classes started by Administrator in E:\Java2\busness)
2019-11-11 14:06:52.267 [main] INFO  com.neuedu.BusnessApplication - The following profiles are active: prod
2019-11-11 14:07:44.071 [main] INFO  com.neuedu.BusnessApplication - Starting BusnessApplication on 6IXHRL9EJ5D9T3Y with PID 4428 (E:\Java2\busness\target\classes started by Administrator in E:\Java2\busness)
2019-11-11 14:07:44.076 [main] INFO  com.neuedu.BusnessApplication - The following profiles are active: prod
2019-11-11 14:07:45.804 [main] INFO  o.s.boot.web.embedded.tomcat.TomcatWebServer - Tomcat initialized with port(s): 8888 (http)
2019-11-11 14:07:45.814 [main] INFO  org.apache.coyote.http11.Http11NioProtocol - Initializing ProtocolHandler ["http-nio-8888"]
2019-11-11 14:07:45.815 [main] INFO  org.apache.catalina.core.StandardService - Starting service [Tomcat]
2019-11-11 14:07:45.816 [main] INFO  org.apache.catalina.core.StandardEngine - Starting Servlet engine: [Apache Tomcat/9.0.27]
2019-11-11 14:07:45.939 [main] INFO  o.a.c.core.ContainerBase.[Tomcat].[localhost].[/] - Initializing Spring embedded WebApplicationContext
2019-11-11 14:07:45.939 [main] INFO  org.springframework.web.context.ContextLoader - Root WebApplicationContext: initialization completed in 1724 ms
2019-11-11 14:07:46.108 [main] INFO  c.a.d.s.b.a.DruidDataSourceAutoConfigure - Init DruidDataSource
2019-11-11 14:07:46.322 [main] INFO  com.alibaba.druid.pool.DruidDataSource - {dataSource-1} inited
2019-11-11 14:07:46.769 [main] INFO  com.alipay.demo.trade.config.Configs - 配置文件名: zfbinfo.properties
2019-11-11 14:07:46.769 [main] INFO  com.alipay.demo.trade.config.Configs - Configs{支付宝openapi网关: https://openapi.alipaydev.com/gateway.do
, 支付宝mcloudapi网关域名: http://mcloudmonitor.com/gateway.do
, pid: 2088102179916514
, appid: 2016101700704230
, 商户RSA私钥: MIIEvA******2gBw==
, 商户RSA公钥: MIIBIj******IDAQAB
, 支付宝RSA公钥: MIIBIj******IDAQAB
, 签名类型: RSA2
, 查询重试次数: 5
, 查询间隔(毫秒): 5000
, 撤销尝试次数: 3
, 撤销重试间隔(毫秒): 2000
, 交易保障调度延迟(秒): 5
, 交易保障调度间隔(秒): 900
}
2019-11-11 14:07:46.918 [main] INFO  o.s.scheduling.concurrent.ThreadPoolTaskExecutor - Initializing ExecutorService 'applicationTaskExecutor'
2019-11-11 14:07:47.299 [main] INFO  org.apache.coyote.http11.Http11NioProtocol - Starting ProtocolHandler ["http-nio-8888"]
2019-11-11 14:07:47.331 [main] INFO  o.s.boot.web.embedded.tomcat.TomcatWebServer - Tomcat started on port(s): 8888 (http) with context path ''
2019-11-11 14:07:47.335 [main] INFO  com.neuedu.BusnessApplication - Started BusnessApplication in 4.179 seconds (JVM running for 5.637)
2019-11-11 14:09:14.807 [http-nio-8888-exec-2] INFO  o.a.c.core.ContainerBase.[Tomcat].[localhost].[/] - Initializing Spring DispatcherServlet 'dispatcherServlet'
2019-11-11 14:09:14.807 [http-nio-8888-exec-2] INFO  org.springframework.web.servlet.DispatcherServlet - Initializing Servlet 'dispatcherServlet'
2019-11-11 14:09:14.815 [http-nio-8888-exec-2] INFO  org.springframework.web.servlet.DispatcherServlet - Completed initialization in 8 ms
2019-11-11 14:25:36.190 [main] INFO  com.neuedu.BusnessApplication - Starting BusnessApplication on 6IXHRL9EJ5D9T3Y with PID 2196 (E:\Java2\busness\target\classes started by Administrator in E:\Java2\busness)
2019-11-11 14:25:36.199 [main] INFO  com.neuedu.BusnessApplication - The following profiles are active: prod
2019-11-11 14:25:37.956 [main] INFO  o.s.boot.web.embedded.tomcat.TomcatWebServer - Tomcat initialized with port(s): 8888 (http)
2019-11-11 14:25:37.977 [main] INFO  org.apache.coyote.http11.Http11NioProtocol - Initializing ProtocolHandler ["http-nio-8888"]
2019-11-11 14:25:37.979 [main] INFO  org.apache.catalina.core.StandardService - Starting service [Tomcat]
2019-11-11 14:25:37.980 [main] INFO  org.apache.catalina.core.StandardEngine - Starting Servlet engine: [Apache Tomcat/9.0.27]
2019-11-11 14:25:38.110 [main] INFO  o.a.c.core.ContainerBase.[Tomcat].[localhost].[/] - Initializing Spring embedded WebApplicationContext
2019-11-11 14:25:38.110 [main] INFO  org.springframework.web.context.ContextLoader - Root WebApplicationContext: initialization completed in 1795 ms
2019-11-11 14:25:38.252 [main] INFO  c.a.d.s.b.a.DruidDataSourceAutoConfigure - Init DruidDataSource
2019-11-11 14:25:38.419 [main] INFO  com.alibaba.druid.pool.DruidDataSource - {dataSource-1} inited
2019-11-11 14:25:39.039 [main] INFO  com.alipay.demo.trade.config.Configs - 配置文件名: zfbinfo.properties
2019-11-11 14:25:39.039 [main] INFO  com.alipay.demo.trade.config.Configs - Configs{支付宝openapi网关: https://openapi.alipaydev.com/gateway.do
, 支付宝mcloudapi网关域名: http://mcloudmonitor.com/gateway.do
, pid: 2088102179916514
, appid: 2016101700704230
, 商户RSA私钥: MIIEvA******2gBw==
, 商户RSA公钥: MIIBIj******IDAQAB
, 支付宝RSA公钥: MIIBIj******IDAQAB
, 签名类型: RSA2
, 查询重试次数: 5
, 查询间隔(毫秒): 5000
, 撤销尝试次数: 3
, 撤销重试间隔(毫秒): 2000
, 交易保障调度延迟(秒): 5
, 交易保障调度间隔(秒): 900
}
2019-11-11 14:25:39.271 [main] INFO  o.s.scheduling.concurrent.ThreadPoolTaskExecutor - Initializing ExecutorService 'applicationTaskExecutor'
2019-11-11 14:25:39.730 [main] INFO  org.apache.coyote.http11.Http11NioProtocol - Starting ProtocolHandler ["http-nio-8888"]
2019-11-11 14:25:39.776 [main] INFO  o.s.boot.web.embedded.tomcat.TomcatWebServer - Tomcat started on port(s): 8888 (http) with context path ''
2019-11-11 14:25:39.780 [main] INFO  com.neuedu.BusnessApplication - Started BusnessApplication in 4.899 seconds (JVM running for 6.438)
2019-11-11 14:25:50.259 [http-nio-8888-exec-1] INFO  o.a.c.core.ContainerBase.[Tomcat].[localhost].[/] - Initializing Spring DispatcherServlet 'dispatcherServlet'
2019-11-11 14:25:50.259 [http-nio-8888-exec-1] INFO  org.springframework.web.servlet.DispatcherServlet - Initializing Servlet 'dispatcherServlet'
2019-11-11 14:25:50.269 [http-nio-8888-exec-1] INFO  org.springframework.web.servlet.DispatcherServlet - Completed initialization in 10 ms
2019-11-11 14:32:29.148 [main] INFO  com.neuedu.BusnessApplication - Starting BusnessApplication on 6IXHRL9EJ5D9T3Y with PID 27624 (E:\Java2\busness\target\classes started by Administrator in E:\Java2\busness)
2019-11-11 14:32:29.157 [main] INFO  com.neuedu.BusnessApplication - The following profiles are active: prod
2019-11-11 14:32:30.915 [main] INFO  o.s.boot.web.embedded.tomcat.TomcatWebServer - Tomcat initialized with port(s): 8888 (http)
2019-11-11 14:32:30.925 [main] INFO  org.apache.coyote.http11.Http11NioProtocol - Initializing ProtocolHandler ["http-nio-8888"]
2019-11-11 14:32:30.926 [main] INFO  org.apache.catalina.core.StandardService - Starting service [Tomcat]
2019-11-11 14:32:30.926 [main] INFO  org.apache.catalina.core.StandardEngine - Starting Servlet engine: [Apache Tomcat/9.0.27]
2019-11-11 14:32:31.035 [main] INFO  o.a.c.core.ContainerBase.[Tomcat].[localhost].[/] - Initializing Spring embedded WebApplicationContext
2019-11-11 14:32:31.035 [main] INFO  org.springframework.web.context.ContextLoader - Root WebApplicationContext: initialization completed in 1688 ms
2019-11-11 14:32:31.139 [main] INFO  c.a.d.s.b.a.DruidDataSourceAutoConfigure - Init DruidDataSource
2019-11-11 14:32:31.297 [main] INFO  com.alibaba.druid.pool.DruidDataSource - {dataSource-1} inited
2019-11-11 14:32:31.791 [main] INFO  com.alipay.demo.trade.config.Configs - 配置文件名: zfbinfo.properties
2019-11-11 14:32:31.791 [main] INFO  com.alipay.demo.trade.config.Configs - Configs{支付宝openapi网关: https://openapi.alipaydev.com/gateway.do
, 支付宝mcloudapi网关域名: http://mcloudmonitor.com/gateway.do
, pid: 2088102179916514
, appid: 2016101700704230
, 商户RSA私钥: MIIEvA******2gBw==
, 商户RSA公钥: MIIBIj******IDAQAB
, 支付宝RSA公钥: MIIBIj******IDAQAB
, 签名类型: RSA2
, 查询重试次数: 5
, 查询间隔(毫秒): 5000
, 撤销尝试次数: 3
, 撤销重试间隔(毫秒): 2000
, 交易保障调度延迟(秒): 5
, 交易保障调度间隔(秒): 900
}
2019-11-11 14:32:31.930 [main] INFO  o.s.scheduling.concurrent.ThreadPoolTaskExecutor - Initializing ExecutorService 'applicationTaskExecutor'
2019-11-11 14:32:32.274 [main] INFO  org.apache.coyote.http11.Http11NioProtocol - Starting ProtocolHandler ["http-nio-8888"]
2019-11-11 14:32:32.313 [main] INFO  o.s.boot.web.embedded.tomcat.TomcatWebServer - Tomcat started on port(s): 8888 (http) with context path ''
2019-11-11 14:32:32.317 [main] INFO  com.neuedu.BusnessApplication - Started BusnessApplication in 4.093 seconds (JVM running for 5.401)
2019-11-11 14:32:37.366 [http-nio-8888-exec-1] INFO  o.a.c.core.ContainerBase.[Tomcat].[localhost].[/] - Initializing Spring DispatcherServlet 'dispatcherServlet'
2019-11-11 14:32:37.367 [http-nio-8888-exec-1] INFO  org.springframework.web.servlet.DispatcherServlet - Initializing Servlet 'dispatcherServlet'
2019-11-11 14:32:37.376 [http-nio-8888-exec-1] INFO  org.springframework.web.servlet.DispatcherServlet - Completed initialization in 9 ms
