2019-11-03 22:57:53.038 [http-nio-8888-exec-3] DEBUG com.neuedu.dao.UserMapper.isExistsUsername - ==>  Preparing: select count(username) from neuedu_user where username=? 
2019-11-03 22:57:53.077 [http-nio-8888-exec-3] DEBUG com.neuedu.dao.UserMapper.isExistsUsername - ==> Parameters: admin(String)
2019-11-03 22:57:53.105 [http-nio-8888-exec-3] DEBUG com.neuedu.dao.UserMapper.isExistsUsername - <==      Total: 1
2019-11-03 22:57:53.118 [http-nio-8888-exec-3] DEBUG c.n.dao.UserMapper.findUserByUsernameAndPassword - ==>  Preparing: select id, username, password, email, phone, question, answer, role, create_time, update_time, ip from neuedu_user where username=? and password=? 
2019-11-03 22:57:53.119 [http-nio-8888-exec-3] DEBUG c.n.dao.UserMapper.findUserByUsernameAndPassword - ==> Parameters: admin(String), bdb6d566b450905606bde770c6cb92e8(String)
2019-11-03 22:57:53.123 [http-nio-8888-exec-3] DEBUG c.n.dao.UserMapper.findUserByUsernameAndPassword - <==      Total: 1
2019-11-03 23:00:52.132 [http-nio-8888-exec-2] DEBUG com.neuedu.dao.UserMapper.isExistsUsername - ==>  Preparing: select count(username) from neuedu_user where username=? 
2019-11-03 23:00:52.161 [http-nio-8888-exec-2] DEBUG com.neuedu.dao.UserMapper.isExistsUsername - ==> Parameters: admin(String)
2019-11-03 23:00:52.186 [http-nio-8888-exec-2] DEBUG com.neuedu.dao.UserMapper.isExistsUsername - <==      Total: 1
2019-11-03 23:00:52.198 [http-nio-8888-exec-2] DEBUG c.n.dao.UserMapper.findUserByUsernameAndPassword - ==>  Preparing: select id, username, password, email, phone, question, answer, role, create_time, update_time, ip from neuedu_user where username=? and password=? 
2019-11-03 23:00:52.199 [http-nio-8888-exec-2] DEBUG c.n.dao.UserMapper.findUserByUsernameAndPassword - ==> Parameters: admin(String), bdb6d566b450905606bde770c6cb92e8(String)
2019-11-03 23:00:52.202 [http-nio-8888-exec-2] DEBUG c.n.dao.UserMapper.findUserByUsernameAndPassword - <==      Total: 1
2019-11-03 23:01:36.327 [http-nio-8888-exec-2] DEBUG com.neuedu.dao.UserMapper.isExistsUsername - ==>  Preparing: select count(username) from neuedu_user where username=? 
2019-11-03 23:01:36.356 [http-nio-8888-exec-2] DEBUG com.neuedu.dao.UserMapper.isExistsUsername - ==> Parameters: admin(String)
2019-11-03 23:01:36.383 [http-nio-8888-exec-2] DEBUG com.neuedu.dao.UserMapper.isExistsUsername - <==      Total: 1
2019-11-03 23:01:36.395 [http-nio-8888-exec-2] DEBUG c.n.dao.UserMapper.findUserByUsernameAndPassword - ==>  Preparing: select id, username, password, email, phone, question, answer, role, create_time, update_time, ip from neuedu_user where username=? and password=? 
2019-11-03 23:01:36.395 [http-nio-8888-exec-2] DEBUG c.n.dao.UserMapper.findUserByUsernameAndPassword - ==> Parameters: admin(String), bdb6d566b450905606bde770c6cb92e8(String)
2019-11-03 23:01:36.399 [http-nio-8888-exec-2] DEBUG c.n.dao.UserMapper.findUserByUsernameAndPassword - <==      Total: 1
2019-11-03 23:01:39.517 [http-nio-8888-exec-3] DEBUG c.neuedu.dao.CartMapper.findCartByUserIdAndChecked - ==>  Preparing: select id, user_id, product_id, quantity, checked, create_time, update_time from neuedu_cart where user_id=? and checked=1 
2019-11-03 23:01:39.520 [http-nio-8888-exec-3] DEBUG c.neuedu.dao.CartMapper.findCartByUserIdAndChecked - ==> Parameters: 22(Integer)
2019-11-03 23:01:39.531 [http-nio-8888-exec-3] DEBUG c.neuedu.dao.CartMapper.findCartByUserIdAndChecked - <==      Total: 4
2019-11-03 23:01:39.543 [http-nio-8888-exec-3] DEBUG com.neuedu.dao.ProductMapper.selectByPrimaryKey - ==>  Preparing: select id, category_id, name, subtitle, main_image, price, stock, status, is_new, is_hot, is_banner, create_time, update_time , sub_images, detail from neuedu_product where id = ? 
2019-11-03 23:01:39.544 [http-nio-8888-exec-3] DEBUG com.neuedu.dao.ProductMapper.selectByPrimaryKey - ==> Parameters: 1(Integer)
2019-11-03 23:01:39.553 [http-nio-8888-exec-3] DEBUG com.neuedu.dao.ProductMapper.selectByPrimaryKey - <==      Total: 1
2019-11-03 23:01:39.616 [http-nio-8888-exec-3] DEBUG com.neuedu.dao.CategoryMapper.selectByPrimaryKey - ==>  Preparing: select id, parent_id, main_image,name, status, sort_order, create_time, update_time from neuedu_category where id = ? 
2019-11-03 23:01:39.617 [http-nio-8888-exec-3] DEBUG com.neuedu.dao.CategoryMapper.selectByPrimaryKey - ==> Parameters: 100032(Integer)
2019-11-03 23:01:39.624 [http-nio-8888-exec-3] DEBUG com.neuedu.dao.CategoryMapper.selectByPrimaryKey - <==      Total: 1
2019-11-03 23:02:21.876 [http-nio-8888-exec-2] DEBUG com.neuedu.dao.UserMapper.isExistsUsername - ==>  Preparing: select count(username) from neuedu_user where username=? 
2019-11-03 23:02:21.907 [http-nio-8888-exec-2] DEBUG com.neuedu.dao.UserMapper.isExistsUsername - ==> Parameters: admin(String)
2019-11-03 23:02:21.935 [http-nio-8888-exec-2] DEBUG com.neuedu.dao.UserMapper.isExistsUsername - <==      Total: 1
2019-11-03 23:02:21.946 [http-nio-8888-exec-2] DEBUG c.n.dao.UserMapper.findUserByUsernameAndPassword - ==>  Preparing: select id, username, password, email, phone, question, answer, role, create_time, update_time, ip from neuedu_user where username=? and password=? 
2019-11-03 23:02:21.947 [http-nio-8888-exec-2] DEBUG c.n.dao.UserMapper.findUserByUsernameAndPassword - ==> Parameters: admin(String), bdb6d566b450905606bde770c6cb92e8(String)
2019-11-03 23:02:21.951 [http-nio-8888-exec-2] DEBUG c.n.dao.UserMapper.findUserByUsernameAndPassword - <==      Total: 1
2019-11-03 23:02:24.453 [http-nio-8888-exec-3] DEBUG c.neuedu.dao.CartMapper.findCartByUserIdAndChecked - ==>  Preparing: select id, user_id, product_id, quantity, checked, create_time, update_time from neuedu_cart where user_id=? and checked=1 
2019-11-03 23:02:24.455 [http-nio-8888-exec-3] DEBUG c.neuedu.dao.CartMapper.findCartByUserIdAndChecked - ==> Parameters: 22(Integer)
2019-11-03 23:02:24.459 [http-nio-8888-exec-3] DEBUG c.neuedu.dao.CartMapper.findCartByUserIdAndChecked - <==      Total: 4
2019-11-03 23:02:24.471 [http-nio-8888-exec-3] DEBUG com.neuedu.dao.ProductMapper.selectByPrimaryKey - ==>  Preparing: select id, category_id, name, subtitle, main_image, price, stock, status, is_new, is_hot, is_banner, create_time, update_time , sub_images, detail from neuedu_product where id = ? 
2019-11-03 23:02:24.472 [http-nio-8888-exec-3] DEBUG com.neuedu.dao.ProductMapper.selectByPrimaryKey - ==> Parameters: 1(Integer)
2019-11-03 23:02:24.478 [http-nio-8888-exec-3] DEBUG com.neuedu.dao.ProductMapper.selectByPrimaryKey - <==      Total: 1
2019-11-03 23:02:24.488 [http-nio-8888-exec-3] DEBUG com.neuedu.dao.ProductMapper.selectByPrimaryKey - ==>  Preparing: select id, category_id, name, subtitle, main_image, price, stock, status, is_new, is_hot, is_banner, create_time, update_time , sub_images, detail from neuedu_product where id = ? 
2019-11-03 23:02:24.489 [http-nio-8888-exec-3] DEBUG com.neuedu.dao.ProductMapper.selectByPrimaryKey - ==> Parameters: 2(Integer)
2019-11-03 23:02:24.491 [http-nio-8888-exec-3] DEBUG com.neuedu.dao.ProductMapper.selectByPrimaryKey - <==      Total: 1
2019-11-03 23:02:24.498 [http-nio-8888-exec-3] DEBUG com.neuedu.dao.ProductMapper.selectByPrimaryKey - ==>  Preparing: select id, category_id, name, subtitle, main_image, price, stock, status, is_new, is_hot, is_banner, create_time, update_time , sub_images, detail from neuedu_product where id = ? 
2019-11-03 23:02:24.499 [http-nio-8888-exec-3] DEBUG com.neuedu.dao.ProductMapper.selectByPrimaryKey - ==> Parameters: 3(Integer)
2019-11-03 23:02:24.506 [http-nio-8888-exec-3] DEBUG com.neuedu.dao.ProductMapper.selectByPrimaryKey - <==      Total: 1
2019-11-03 23:02:24.513 [http-nio-8888-exec-3] DEBUG com.neuedu.dao.ProductMapper.selectByPrimaryKey - ==>  Preparing: select id, category_id, name, subtitle, main_image, price, stock, status, is_new, is_hot, is_banner, create_time, update_time , sub_images, detail from neuedu_product where id = ? 
2019-11-03 23:02:24.513 [http-nio-8888-exec-3] DEBUG com.neuedu.dao.ProductMapper.selectByPrimaryKey - ==> Parameters: 5(Integer)
2019-11-03 23:02:24.517 [http-nio-8888-exec-3] DEBUG com.neuedu.dao.ProductMapper.selectByPrimaryKey - <==      Total: 1
2019-11-03 23:02:24.546 [http-nio-8888-exec-3] DEBUG com.neuedu.dao.OrderMapper.insertSelective - ==>  Preparing: insert into neuedu_order ( user_id, order_no, shipping_id, payment, payment_type, postage, status, create_time, update_time ) values ( ?, ?, ?, ?, ?, ?, ?, now(),now() ) 
2019-11-03 23:02:24.548 [http-nio-8888-exec-3] DEBUG com.neuedu.dao.OrderMapper.insertSelective - ==> Parameters: 22(Integer), 1572793344548(Long), 32(Integer), 103929.0(BigDecimal), 1(Integer), 0(Integer), 10(Integer)
2019-11-03 23:02:24.569 [http-nio-8888-exec-3] DEBUG com.neuedu.dao.OrderMapper.insertSelective - <==    Updates: 1
2019-11-03 23:04:53.183 [http-nio-8888-exec-2] DEBUG com.neuedu.dao.UserMapper.isExistsUsername - ==>  Preparing: select count(username) from neuedu_user where username=? 
2019-11-03 23:04:53.212 [http-nio-8888-exec-2] DEBUG com.neuedu.dao.UserMapper.isExistsUsername - ==> Parameters: admin(String)
2019-11-03 23:04:53.237 [http-nio-8888-exec-2] DEBUG com.neuedu.dao.UserMapper.isExistsUsername - <==      Total: 1
2019-11-03 23:04:53.249 [http-nio-8888-exec-2] DEBUG c.n.dao.UserMapper.findUserByUsernameAndPassword - ==>  Preparing: select id, username, password, email, phone, question, answer, role, create_time, update_time, ip from neuedu_user where username=? and password=? 
2019-11-03 23:04:53.250 [http-nio-8888-exec-2] DEBUG c.n.dao.UserMapper.findUserByUsernameAndPassword - ==> Parameters: admin(String), bdb6d566b450905606bde770c6cb92e8(String)
2019-11-03 23:04:53.254 [http-nio-8888-exec-2] DEBUG c.n.dao.UserMapper.findUserByUsernameAndPassword - <==      Total: 1
2019-11-03 23:04:55.233 [http-nio-8888-exec-3] DEBUG c.neuedu.dao.CartMapper.findCartByUserIdAndChecked - ==>  Preparing: select id, user_id, product_id, quantity, checked, create_time, update_time from neuedu_cart where user_id=? and checked=1 
2019-11-03 23:04:55.235 [http-nio-8888-exec-3] DEBUG c.neuedu.dao.CartMapper.findCartByUserIdAndChecked - ==> Parameters: 22(Integer)
2019-11-03 23:04:55.240 [http-nio-8888-exec-3] DEBUG c.neuedu.dao.CartMapper.findCartByUserIdAndChecked - <==      Total: 4
2019-11-03 23:04:55.254 [http-nio-8888-exec-3] DEBUG com.neuedu.dao.ProductMapper.selectByPrimaryKey - ==>  Preparing: select id, category_id, name, subtitle, main_image, price, stock, status, is_new, is_hot, is_banner, create_time, update_time , sub_images, detail from neuedu_product where id = ? 
2019-11-03 23:04:55.255 [http-nio-8888-exec-3] DEBUG com.neuedu.dao.ProductMapper.selectByPrimaryKey - ==> Parameters: 1(Integer)
2019-11-03 23:04:55.260 [http-nio-8888-exec-3] DEBUG com.neuedu.dao.ProductMapper.selectByPrimaryKey - <==      Total: 1
2019-11-03 23:04:55.269 [http-nio-8888-exec-3] DEBUG com.neuedu.dao.ProductMapper.selectByPrimaryKey - ==>  Preparing: select id, category_id, name, subtitle, main_image, price, stock, status, is_new, is_hot, is_banner, create_time, update_time , sub_images, detail from neuedu_product where id = ? 
2019-11-03 23:04:55.269 [http-nio-8888-exec-3] DEBUG com.neuedu.dao.ProductMapper.selectByPrimaryKey - ==> Parameters: 2(Integer)
2019-11-03 23:04:55.273 [http-nio-8888-exec-3] DEBUG com.neuedu.dao.ProductMapper.selectByPrimaryKey - <==      Total: 1
2019-11-03 23:04:55.280 [http-nio-8888-exec-3] DEBUG com.neuedu.dao.ProductMapper.selectByPrimaryKey - ==>  Preparing: select id, category_id, name, subtitle, main_image, price, stock, status, is_new, is_hot, is_banner, create_time, update_time , sub_images, detail from neuedu_product where id = ? 
2019-11-03 23:04:55.281 [http-nio-8888-exec-3] DEBUG com.neuedu.dao.ProductMapper.selectByPrimaryKey - ==> Parameters: 3(Integer)
2019-11-03 23:04:55.284 [http-nio-8888-exec-3] DEBUG com.neuedu.dao.ProductMapper.selectByPrimaryKey - <==      Total: 1
2019-11-03 23:04:55.292 [http-nio-8888-exec-3] DEBUG com.neuedu.dao.ProductMapper.selectByPrimaryKey - ==>  Preparing: select id, category_id, name, subtitle, main_image, price, stock, status, is_new, is_hot, is_banner, create_time, update_time , sub_images, detail from neuedu_product where id = ? 
2019-11-03 23:04:55.293 [http-nio-8888-exec-3] DEBUG com.neuedu.dao.ProductMapper.selectByPrimaryKey - ==> Parameters: 5(Integer)
2019-11-03 23:04:55.296 [http-nio-8888-exec-3] DEBUG com.neuedu.dao.ProductMapper.selectByPrimaryKey - <==      Total: 1
2019-11-03 23:04:55.324 [http-nio-8888-exec-3] DEBUG com.neuedu.dao.OrderMapper.insertSelective - ==>  Preparing: insert into neuedu_order ( user_id, order_no, shipping_id, payment, payment_type, postage, status, create_time, update_time ) values ( ?, ?, ?, ?, ?, ?, ?, now(),now() ) 
2019-11-03 23:04:55.328 [http-nio-8888-exec-3] DEBUG com.neuedu.dao.OrderMapper.insertSelective - ==> Parameters: 22(Integer), 1572793495319(Long), 32(Integer), 103929.0(BigDecimal), 1(Integer), 0(Integer), 10(Integer)
2019-11-03 23:04:55.355 [http-nio-8888-exec-3] DEBUG com.neuedu.dao.OrderMapper.insertSelective - <==    Updates: 1
2019-11-03 23:04:55.368 [http-nio-8888-exec-3] DEBUG com.neuedu.dao.Order_itemMapper.insertBatch - ==>  Preparing: insert into neuedu_order_item ( user_id, order_no, product_id, product_name, product_image, current_unit_price, quantity, total_price, create_time, update_time) values ( ?, ?, ?, ?, ?, ?, ?, ?, now(),now()) , ( ?, ?, ?, ?, ?, ?, ?, ?, now(),now()) , ( ?, ?, ?, ?, ?, ?, ?, ?, now(),now()) , ( ?, ?, ?, ?, ?, ?, ?, ?, now(),now()) 
2019-11-03 23:09:37.312 [http-nio-8888-exec-2] DEBUG com.neuedu.dao.UserMapper.isExistsUsername - ==>  Preparing: select count(username) from neuedu_user where username=? 
2019-11-03 23:09:37.342 [http-nio-8888-exec-2] DEBUG com.neuedu.dao.UserMapper.isExistsUsername - ==> Parameters: admin(String)
2019-11-03 23:09:37.369 [http-nio-8888-exec-2] DEBUG com.neuedu.dao.UserMapper.isExistsUsername - <==      Total: 1
2019-11-03 23:09:37.380 [http-nio-8888-exec-2] DEBUG c.n.dao.UserMapper.findUserByUsernameAndPassword - ==>  Preparing: select id, username, password, email, phone, question, answer, role, create_time, update_time, ip from neuedu_user where username=? and password=? 
2019-11-03 23:09:37.381 [http-nio-8888-exec-2] DEBUG c.n.dao.UserMapper.findUserByUsernameAndPassword - ==> Parameters: admin(String), bdb6d566b450905606bde770c6cb92e8(String)
2019-11-03 23:09:37.384 [http-nio-8888-exec-2] DEBUG c.n.dao.UserMapper.findUserByUsernameAndPassword - <==      Total: 1
2019-11-03 23:09:40.136 [http-nio-8888-exec-3] DEBUG c.neuedu.dao.CartMapper.findCartByUserIdAndChecked - ==>  Preparing: select id, user_id, product_id, quantity, checked, create_time, update_time from neuedu_cart where user_id=? and checked=1 
2019-11-03 23:09:40.138 [http-nio-8888-exec-3] DEBUG c.neuedu.dao.CartMapper.findCartByUserIdAndChecked - ==> Parameters: 22(Integer)
2019-11-03 23:09:40.142 [http-nio-8888-exec-3] DEBUG c.neuedu.dao.CartMapper.findCartByUserIdAndChecked - <==      Total: 4
2019-11-03 23:09:40.154 [http-nio-8888-exec-3] DEBUG com.neuedu.dao.ProductMapper.selectByPrimaryKey - ==>  Preparing: select id, category_id, name, subtitle, main_image, price, stock, status, is_new, is_hot, is_banner, create_time, update_time , sub_images, detail from neuedu_product where id = ? 
2019-11-03 23:09:40.155 [http-nio-8888-exec-3] DEBUG com.neuedu.dao.ProductMapper.selectByPrimaryKey - ==> Parameters: 1(Integer)
2019-11-03 23:09:40.159 [http-nio-8888-exec-3] DEBUG com.neuedu.dao.ProductMapper.selectByPrimaryKey - <==      Total: 1
2019-11-03 23:09:40.169 [http-nio-8888-exec-3] DEBUG com.neuedu.dao.ProductMapper.selectByPrimaryKey - ==>  Preparing: select id, category_id, name, subtitle, main_image, price, stock, status, is_new, is_hot, is_banner, create_time, update_time , sub_images, detail from neuedu_product where id = ? 
2019-11-03 23:09:40.170 [http-nio-8888-exec-3] DEBUG com.neuedu.dao.ProductMapper.selectByPrimaryKey - ==> Parameters: 2(Integer)
2019-11-03 23:09:40.173 [http-nio-8888-exec-3] DEBUG com.neuedu.dao.ProductMapper.selectByPrimaryKey - <==      Total: 1
2019-11-03 23:09:40.180 [http-nio-8888-exec-3] DEBUG com.neuedu.dao.ProductMapper.selectByPrimaryKey - ==>  Preparing: select id, category_id, name, subtitle, main_image, price, stock, status, is_new, is_hot, is_banner, create_time, update_time , sub_images, detail from neuedu_product where id = ? 
2019-11-03 23:09:40.181 [http-nio-8888-exec-3] DEBUG com.neuedu.dao.ProductMapper.selectByPrimaryKey - ==> Parameters: 3(Integer)
2019-11-03 23:09:40.183 [http-nio-8888-exec-3] DEBUG com.neuedu.dao.ProductMapper.selectByPrimaryKey - <==      Total: 1
2019-11-03 23:09:40.192 [http-nio-8888-exec-3] DEBUG com.neuedu.dao.ProductMapper.selectByPrimaryKey - ==>  Preparing: select id, category_id, name, subtitle, main_image, price, stock, status, is_new, is_hot, is_banner, create_time, update_time , sub_images, detail from neuedu_product where id = ? 
2019-11-03 23:09:40.192 [http-nio-8888-exec-3] DEBUG com.neuedu.dao.ProductMapper.selectByPrimaryKey - ==> Parameters: 5(Integer)
2019-11-03 23:09:40.195 [http-nio-8888-exec-3] DEBUG com.neuedu.dao.ProductMapper.selectByPrimaryKey - <==      Total: 1
2019-11-03 23:09:40.223 [http-nio-8888-exec-3] DEBUG com.neuedu.dao.OrderMapper.insertSelective - ==>  Preparing: insert into neuedu_order ( user_id, order_no, shipping_id, payment, payment_type, postage, status, create_time, update_time ) values ( ?, ?, ?, ?, ?, ?, ?, now(),now() ) 
2019-11-03 23:09:40.225 [http-nio-8888-exec-3] DEBUG com.neuedu.dao.OrderMapper.insertSelective - ==> Parameters: 22(Integer), 1572793780260(Long), 32(Integer), 103929.0(BigDecimal), 1(Integer), 0(Integer), 10(Integer)
2019-11-03 23:09:40.239 [http-nio-8888-exec-3] DEBUG com.neuedu.dao.OrderMapper.insertSelective - <==    Updates: 1
2019-11-03 23:09:40.250 [http-nio-8888-exec-3] DEBUG com.neuedu.dao.Order_itemMapper.insertBatch - ==>  Preparing: insert into neuedu_order_item ( user_id, order_no, product_id, product_name, product_image, current_unit_price, quantity, total_price, create_time, update_time) values ( ?, ?, ?, ?, ?, ?, ?, ?, now(),now()) , ( ?, ?, ?, ?, ?, ?, ?, ?, now(),now()) , ( ?, ?, ?, ?, ?, ?, ?, ?, now(),now()) , ( ?, ?, ?, ?, ?, ?, ?, ?, now(),now()) 
2019-11-03 23:11:49.568 [http-nio-8888-exec-1] DEBUG com.neuedu.dao.UserMapper.isExistsUsername - ==>  Preparing: select count(username) from neuedu_user where username=? 
2019-11-03 23:11:49.597 [http-nio-8888-exec-1] DEBUG com.neuedu.dao.UserMapper.isExistsUsername - ==> Parameters: admin(String)
2019-11-03 23:11:49.623 [http-nio-8888-exec-1] DEBUG com.neuedu.dao.UserMapper.isExistsUsername - <==      Total: 1
2019-11-03 23:11:49.634 [http-nio-8888-exec-1] DEBUG c.n.dao.UserMapper.findUserByUsernameAndPassword - ==>  Preparing: select id, username, password, email, phone, question, answer, role, create_time, update_time, ip from neuedu_user where username=? and password=? 
2019-11-03 23:11:49.635 [http-nio-8888-exec-1] DEBUG c.n.dao.UserMapper.findUserByUsernameAndPassword - ==> Parameters: admin(String), bdb6d566b450905606bde770c6cb92e8(String)
2019-11-03 23:11:49.638 [http-nio-8888-exec-1] DEBUG c.n.dao.UserMapper.findUserByUsernameAndPassword - <==      Total: 1
2019-11-03 23:11:52.020 [http-nio-8888-exec-3] DEBUG c.neuedu.dao.CartMapper.findCartByUserIdAndChecked - ==>  Preparing: select id, user_id, product_id, quantity, checked, create_time, update_time from neuedu_cart where user_id=? and checked=1 
2019-11-03 23:11:52.023 [http-nio-8888-exec-3] DEBUG c.neuedu.dao.CartMapper.findCartByUserIdAndChecked - ==> Parameters: 22(Integer)
2019-11-03 23:11:52.026 [http-nio-8888-exec-3] DEBUG c.neuedu.dao.CartMapper.findCartByUserIdAndChecked - <==      Total: 4
2019-11-03 23:11:52.040 [http-nio-8888-exec-3] DEBUG com.neuedu.dao.ProductMapper.selectByPrimaryKey - ==>  Preparing: select id, category_id, name, subtitle, main_image, price, stock, status, is_new, is_hot, is_banner, create_time, update_time , sub_images, detail from neuedu_product where id = ? 
2019-11-03 23:11:52.040 [http-nio-8888-exec-3] DEBUG com.neuedu.dao.ProductMapper.selectByPrimaryKey - ==> Parameters: 1(Integer)
2019-11-03 23:11:52.045 [http-nio-8888-exec-3] DEBUG com.neuedu.dao.ProductMapper.selectByPrimaryKey - <==      Total: 1
2019-11-03 23:11:52.054 [http-nio-8888-exec-3] DEBUG com.neuedu.dao.ProductMapper.selectByPrimaryKey - ==>  Preparing: select id, category_id, name, subtitle, main_image, price, stock, status, is_new, is_hot, is_banner, create_time, update_time , sub_images, detail from neuedu_product where id = ? 
2019-11-03 23:11:52.055 [http-nio-8888-exec-3] DEBUG com.neuedu.dao.ProductMapper.selectByPrimaryKey - ==> Parameters: 2(Integer)
2019-11-03 23:11:52.056 [http-nio-8888-exec-3] DEBUG com.neuedu.dao.ProductMapper.selectByPrimaryKey - <==      Total: 1
2019-11-03 23:11:52.066 [http-nio-8888-exec-3] DEBUG com.neuedu.dao.ProductMapper.selectByPrimaryKey - ==>  Preparing: select id, category_id, name, subtitle, main_image, price, stock, status, is_new, is_hot, is_banner, create_time, update_time , sub_images, detail from neuedu_product where id = ? 
2019-11-03 23:11:52.066 [http-nio-8888-exec-3] DEBUG com.neuedu.dao.ProductMapper.selectByPrimaryKey - ==> Parameters: 3(Integer)
2019-11-03 23:11:52.068 [http-nio-8888-exec-3] DEBUG com.neuedu.dao.ProductMapper.selectByPrimaryKey - <==      Total: 1
2019-11-03 23:11:52.076 [http-nio-8888-exec-3] DEBUG com.neuedu.dao.ProductMapper.selectByPrimaryKey - ==>  Preparing: select id, category_id, name, subtitle, main_image, price, stock, status, is_new, is_hot, is_banner, create_time, update_time , sub_images, detail from neuedu_product where id = ? 
2019-11-03 23:11:52.078 [http-nio-8888-exec-3] DEBUG com.neuedu.dao.ProductMapper.selectByPrimaryKey - ==> Parameters: 5(Integer)
2019-11-03 23:11:52.080 [http-nio-8888-exec-3] DEBUG com.neuedu.dao.ProductMapper.selectByPrimaryKey - <==      Total: 1
2019-11-03 23:11:52.108 [http-nio-8888-exec-3] DEBUG com.neuedu.dao.OrderMapper.insertSelective - ==>  Preparing: insert into neuedu_order ( user_id, order_no, shipping_id, payment, payment_type, postage, status, create_time, update_time ) values ( ?, ?, ?, ?, ?, ?, ?, now(),now() ) 
2019-11-03 23:11:52.111 [http-nio-8888-exec-3] DEBUG com.neuedu.dao.OrderMapper.insertSelective - ==> Parameters: 22(Integer), 1572793912183(Long), 32(Integer), 103929.0(BigDecimal), 1(Integer), 0(Integer), 10(Integer)
2019-11-03 23:11:52.126 [http-nio-8888-exec-3] DEBUG com.neuedu.dao.OrderMapper.insertSelective - <==    Updates: 1
2019-11-03 23:11:52.140 [http-nio-8888-exec-3] DEBUG com.neuedu.dao.Order_itemMapper.insertBatch - ==>  Preparing: insert into neuedu_order_item ( user_id, order_no, product_id, product_name, product_image, current_unit_price, quantity, total_price, create_time, update_time) values ( ?, ?, ?, ?, ?, ?, ?, ?, now(),now()) , ( ?, ?, ?, ?, ?, ?, ?, ?, now(),now()) , ( ?, ?, ?, ?, ?, ?, ?, ?, now(),now()) , ( ?, ?, ?, ?, ?, ?, ?, ?, now(),now()) 
2019-11-03 23:12:32.320 [http-nio-8888-exec-2] DEBUG com.neuedu.dao.UserMapper.isExistsUsername - ==>  Preparing: select count(username) from neuedu_user where username=? 
2019-11-03 23:12:32.351 [http-nio-8888-exec-2] DEBUG com.neuedu.dao.UserMapper.isExistsUsername - ==> Parameters: admin(String)
2019-11-03 23:12:32.380 [http-nio-8888-exec-2] DEBUG com.neuedu.dao.UserMapper.isExistsUsername - <==      Total: 1
2019-11-03 23:12:32.391 [http-nio-8888-exec-2] DEBUG c.n.dao.UserMapper.findUserByUsernameAndPassword - ==>  Preparing: select id, username, password, email, phone, question, answer, role, create_time, update_time, ip from neuedu_user where username=? and password=? 
2019-11-03 23:12:32.392 [http-nio-8888-exec-2] DEBUG c.n.dao.UserMapper.findUserByUsernameAndPassword - ==> Parameters: admin(String), bdb6d566b450905606bde770c6cb92e8(String)
2019-11-03 23:12:32.396 [http-nio-8888-exec-2] DEBUG c.n.dao.UserMapper.findUserByUsernameAndPassword - <==      Total: 1
2019-11-03 23:12:34.960 [http-nio-8888-exec-3] DEBUG c.neuedu.dao.CartMapper.findCartByUserIdAndChecked - ==>  Preparing: select id, user_id, product_id, quantity, checked, create_time, update_time from neuedu_cart where user_id=? and checked=1 
2019-11-03 23:12:34.962 [http-nio-8888-exec-3] DEBUG c.neuedu.dao.CartMapper.findCartByUserIdAndChecked - ==> Parameters: 22(Integer)
2019-11-03 23:12:34.967 [http-nio-8888-exec-3] DEBUG c.neuedu.dao.CartMapper.findCartByUserIdAndChecked - <==      Total: 4
2019-11-03 23:12:34.979 [http-nio-8888-exec-3] DEBUG com.neuedu.dao.ProductMapper.selectByPrimaryKey - ==>  Preparing: select id, category_id, name, subtitle, main_image, price, stock, status, is_new, is_hot, is_banner, create_time, update_time , sub_images, detail from neuedu_product where id = ? 
2019-11-03 23:12:34.980 [http-nio-8888-exec-3] DEBUG com.neuedu.dao.ProductMapper.selectByPrimaryKey - ==> Parameters: 1(Integer)
2019-11-03 23:12:34.985 [http-nio-8888-exec-3] DEBUG com.neuedu.dao.ProductMapper.selectByPrimaryKey - <==      Total: 1
2019-11-03 23:12:34.995 [http-nio-8888-exec-3] DEBUG com.neuedu.dao.ProductMapper.selectByPrimaryKey - ==>  Preparing: select id, category_id, name, subtitle, main_image, price, stock, status, is_new, is_hot, is_banner, create_time, update_time , sub_images, detail from neuedu_product where id = ? 
2019-11-03 23:12:34.996 [http-nio-8888-exec-3] DEBUG com.neuedu.dao.ProductMapper.selectByPrimaryKey - ==> Parameters: 2(Integer)
2019-11-03 23:12:34.998 [http-nio-8888-exec-3] DEBUG com.neuedu.dao.ProductMapper.selectByPrimaryKey - <==      Total: 1
2019-11-03 23:12:35.007 [http-nio-8888-exec-3] DEBUG com.neuedu.dao.ProductMapper.selectByPrimaryKey - ==>  Preparing: select id, category_id, name, subtitle, main_image, price, stock, status, is_new, is_hot, is_banner, create_time, update_time , sub_images, detail from neuedu_product where id = ? 
2019-11-03 23:12:35.008 [http-nio-8888-exec-3] DEBUG com.neuedu.dao.ProductMapper.selectByPrimaryKey - ==> Parameters: 3(Integer)
2019-11-03 23:12:35.011 [http-nio-8888-exec-3] DEBUG com.neuedu.dao.ProductMapper.selectByPrimaryKey - <==      Total: 1
2019-11-03 23:12:35.018 [http-nio-8888-exec-3] DEBUG com.neuedu.dao.ProductMapper.selectByPrimaryKey - ==>  Preparing: select id, category_id, name, subtitle, main_image, price, stock, status, is_new, is_hot, is_banner, create_time, update_time , sub_images, detail from neuedu_product where id = ? 
2019-11-03 23:12:35.019 [http-nio-8888-exec-3] DEBUG com.neuedu.dao.ProductMapper.selectByPrimaryKey - ==> Parameters: 5(Integer)
2019-11-03 23:12:35.022 [http-nio-8888-exec-3] DEBUG com.neuedu.dao.ProductMapper.selectByPrimaryKey - <==      Total: 1
2019-11-03 23:12:35.051 [http-nio-8888-exec-3] DEBUG com.neuedu.dao.OrderMapper.insertSelective - ==>  Preparing: insert into neuedu_order ( user_id, order_no, shipping_id, payment, payment_type, postage, status, create_time, update_time ) values ( ?, ?, ?, ?, ?, ?, ?, now(),now() ) 
2019-11-03 23:12:35.054 [http-nio-8888-exec-3] DEBUG com.neuedu.dao.OrderMapper.insertSelective - ==> Parameters: 22(Integer), 1572793955105(Long), 32(Integer), 103929.0(BigDecimal), 1(Integer), 0(Integer), 10(Integer)
2019-11-03 23:12:35.067 [http-nio-8888-exec-3] DEBUG com.neuedu.dao.OrderMapper.insertSelective - <==    Updates: 1
2019-11-03 23:12:35.082 [http-nio-8888-exec-3] DEBUG com.neuedu.dao.Order_itemMapper.insertBatch - ==>  Preparing: insert into neuedu_order_item ( user_id, order_no, product_id, product_name, product_image, current_unit_price, quantity, total_price, create_time, update_time) values ( ?, ?, ?, ?, ?, ?, ?, ?, now(),now()) , ( ?, ?, ?, ?, ?, ?, ?, ?, now(),now()) , ( ?, ?, ?, ?, ?, ?, ?, ?, now(),now()) , ( ?, ?, ?, ?, ?, ?, ?, ?, now(),now()) 
2019-11-03 23:12:35.084 [http-nio-8888-exec-3] DEBUG com.neuedu.dao.Order_itemMapper.insertBatch - ==> Parameters: 22(Integer), 1572793955105(Long), 1(Integer), 华为 HUAWEI 麦芒7 6G+64G 亮黑色 全网通  前置智慧双摄  移动联通电信4G手机 双卡双待(String), topbanner.png(String), 2199.00(BigDecimal), 11(Integer), 24189.00(BigDecimal), 22(Integer), 1572793955105(Long), 2(Integer), 努比亚 nubia Z18 全面屏3.0 极夜黑 8GB+128GB 全网通 移动联通电信4G手机 双卡双待(String), topbanner.png(String), 3299.00(BigDecimal), 10(Integer), 32990.00(BigDecimal), 22(Integer), 1572793955105(Long), 3(Integer), 荣耀8X Max 7.12英寸90%屏占比珍珠屏 4GB+64GB 魅海蓝 移动联通电信4G全面屏手机 双卡双待(String), topbanner.png(String), 1499.00(BigDecimal), 30(Integer), 44970.00(BigDecimal), 22(Integer), 1572793955105(Long), 5(Integer), 飞利浦（PHILIPS）E207L 直板按键 移动联通 老人手机 老年功能机  陨石黑(String), combanner.png(String), 178.00(BigDecimal), 10(Integer), 1780.00(BigDecimal)
2019-11-03 23:12:35.099 [http-nio-8888-exec-3] DEBUG com.neuedu.dao.Order_itemMapper.insertBatch - <==    Updates: 4
2019-11-03 23:12:35.107 [http-nio-8888-exec-3] DEBUG com.neuedu.dao.ProductMapper.selectByPrimaryKey - ==>  Preparing: select id, category_id, name, subtitle, main_image, price, stock, status, is_new, is_hot, is_banner, create_time, update_time , sub_images, detail from neuedu_product where id = ? 
2019-11-03 23:12:35.108 [http-nio-8888-exec-3] DEBUG com.neuedu.dao.ProductMapper.selectByPrimaryKey - ==> Parameters: 1(Integer)
2019-11-03 23:12:35.111 [http-nio-8888-exec-3] DEBUG com.neuedu.dao.ProductMapper.selectByPrimaryKey - <==      Total: 1
2019-11-03 23:12:35.118 [http-nio-8888-exec-3] DEBUG com.neuedu.dao.ProductMapper.reduceStock - ==>  Preparing: update neuedu_product set stock=? where id = ? 
2019-11-03 23:12:35.119 [http-nio-8888-exec-3] DEBUG com.neuedu.dao.ProductMapper.reduceStock - ==> Parameters: 9969(Integer), 1(Integer)
2019-11-03 23:12:35.126 [http-nio-8888-exec-3] DEBUG com.neuedu.dao.ProductMapper.reduceStock - <==    Updates: 1
2019-11-03 23:12:35.133 [http-nio-8888-exec-3] DEBUG com.neuedu.dao.ProductMapper.selectByPrimaryKey - ==>  Preparing: select id, category_id, name, subtitle, main_image, price, stock, status, is_new, is_hot, is_banner, create_time, update_time , sub_images, detail from neuedu_product where id = ? 
2019-11-03 23:12:35.133 [http-nio-8888-exec-3] DEBUG com.neuedu.dao.ProductMapper.selectByPrimaryKey - ==> Parameters: 2(Integer)
2019-11-03 23:12:35.136 [http-nio-8888-exec-3] DEBUG com.neuedu.dao.ProductMapper.selectByPrimaryKey - <==      Total: 1
2019-11-03 23:12:35.145 [http-nio-8888-exec-3] DEBUG com.neuedu.dao.ProductMapper.reduceStock - ==>  Preparing: update neuedu_product set stock=? where id = ? 
2019-11-03 23:12:35.145 [http-nio-8888-exec-3] DEBUG com.neuedu.dao.ProductMapper.reduceStock - ==> Parameters: 9990(Integer), 2(Integer)
2019-11-03 23:12:35.151 [http-nio-8888-exec-3] DEBUG com.neuedu.dao.ProductMapper.reduceStock - <==    Updates: 1
2019-11-03 23:12:35.161 [http-nio-8888-exec-3] DEBUG com.neuedu.dao.ProductMapper.selectByPrimaryKey - ==>  Preparing: select id, category_id, name, subtitle, main_image, price, stock, status, is_new, is_hot, is_banner, create_time, update_time , sub_images, detail from neuedu_product where id = ? 
2019-11-03 23:12:35.161 [http-nio-8888-exec-3] DEBUG com.neuedu.dao.ProductMapper.selectByPrimaryKey - ==> Parameters: 3(Integer)
2019-11-03 23:12:35.164 [http-nio-8888-exec-3] DEBUG com.neuedu.dao.ProductMapper.selectByPrimaryKey - <==      Total: 1
2019-11-03 23:12:35.175 [http-nio-8888-exec-3] DEBUG com.neuedu.dao.ProductMapper.reduceStock - ==>  Preparing: update neuedu_product set stock=? where id = ? 
2019-11-03 23:12:35.176 [http-nio-8888-exec-3] DEBUG com.neuedu.dao.ProductMapper.reduceStock - ==> Parameters: 9970(Integer), 3(Integer)
2019-11-03 23:12:35.185 [http-nio-8888-exec-3] DEBUG com.neuedu.dao.ProductMapper.reduceStock - <==    Updates: 1
2019-11-03 23:12:35.195 [http-nio-8888-exec-3] DEBUG com.neuedu.dao.ProductMapper.selectByPrimaryKey - ==>  Preparing: select id, category_id, name, subtitle, main_image, price, stock, status, is_new, is_hot, is_banner, create_time, update_time , sub_images, detail from neuedu_product where id = ? 
2019-11-03 23:12:35.195 [http-nio-8888-exec-3] DEBUG com.neuedu.dao.ProductMapper.selectByPrimaryKey - ==> Parameters: 5(Integer)
2019-11-03 23:12:35.197 [http-nio-8888-exec-3] DEBUG com.neuedu.dao.ProductMapper.selectByPrimaryKey - <==      Total: 1
2019-11-03 23:12:35.209 [http-nio-8888-exec-3] DEBUG com.neuedu.dao.ProductMapper.reduceStock - ==>  Preparing: update neuedu_product set stock=? where id = ? 
2019-11-03 23:12:35.210 [http-nio-8888-exec-3] DEBUG com.neuedu.dao.ProductMapper.reduceStock - ==> Parameters: 9990(Integer), 5(Integer)
2019-11-03 23:12:35.217 [http-nio-8888-exec-3] DEBUG com.neuedu.dao.ProductMapper.reduceStock - <==    Updates: 1
2019-11-03 23:12:35.226 [http-nio-8888-exec-3] DEBUG com.neuedu.dao.CartMapper.deleteBatch - ==>  Preparing: delete from neuedu_cart WHERE id in ( ? , ? , ? , ? ) 
2019-11-03 23:13:24.241 [http-nio-8888-exec-1] DEBUG com.neuedu.dao.UserMapper.isExistsUsername - ==>  Preparing: select count(username) from neuedu_user where username=? 
2019-11-03 23:13:24.273 [http-nio-8888-exec-1] DEBUG com.neuedu.dao.UserMapper.isExistsUsername - ==> Parameters: admin(String)
2019-11-03 23:13:24.301 [http-nio-8888-exec-1] DEBUG com.neuedu.dao.UserMapper.isExistsUsername - <==      Total: 1
2019-11-03 23:13:24.315 [http-nio-8888-exec-1] DEBUG c.n.dao.UserMapper.findUserByUsernameAndPassword - ==>  Preparing: select id, username, password, email, phone, question, answer, role, create_time, update_time, ip from neuedu_user where username=? and password=? 
2019-11-03 23:13:24.316 [http-nio-8888-exec-1] DEBUG c.n.dao.UserMapper.findUserByUsernameAndPassword - ==> Parameters: admin(String), bdb6d566b450905606bde770c6cb92e8(String)
2019-11-03 23:13:24.320 [http-nio-8888-exec-1] DEBUG c.n.dao.UserMapper.findUserByUsernameAndPassword - <==      Total: 1
2019-11-03 23:13:45.748 [http-nio-8888-exec-3] DEBUG c.neuedu.dao.CartMapper.findCartByUserIdAndChecked - ==>  Preparing: select id, user_id, product_id, quantity, checked, create_time, update_time from neuedu_cart where user_id=? and checked=1 
2019-11-03 23:13:45.750 [http-nio-8888-exec-3] DEBUG c.neuedu.dao.CartMapper.findCartByUserIdAndChecked - ==> Parameters: 22(Integer)
2019-11-03 23:13:45.755 [http-nio-8888-exec-3] DEBUG c.neuedu.dao.CartMapper.findCartByUserIdAndChecked - <==      Total: 4
2019-11-03 23:13:45.769 [http-nio-8888-exec-3] DEBUG com.neuedu.dao.ProductMapper.selectByPrimaryKey - ==>  Preparing: select id, category_id, name, subtitle, main_image, price, stock, status, is_new, is_hot, is_banner, create_time, update_time , sub_images, detail from neuedu_product where id = ? 
2019-11-03 23:13:45.770 [http-nio-8888-exec-3] DEBUG com.neuedu.dao.ProductMapper.selectByPrimaryKey - ==> Parameters: 1(Integer)
2019-11-03 23:13:45.776 [http-nio-8888-exec-3] DEBUG com.neuedu.dao.ProductMapper.selectByPrimaryKey - <==      Total: 1
2019-11-03 23:13:45.787 [http-nio-8888-exec-3] DEBUG com.neuedu.dao.ProductMapper.selectByPrimaryKey - ==>  Preparing: select id, category_id, name, subtitle, main_image, price, stock, status, is_new, is_hot, is_banner, create_time, update_time , sub_images, detail from neuedu_product where id = ? 
2019-11-03 23:13:45.788 [http-nio-8888-exec-3] DEBUG com.neuedu.dao.ProductMapper.selectByPrimaryKey - ==> Parameters: 2(Integer)
2019-11-03 23:13:45.790 [http-nio-8888-exec-3] DEBUG com.neuedu.dao.ProductMapper.selectByPrimaryKey - <==      Total: 1
2019-11-03 23:13:45.800 [http-nio-8888-exec-3] DEBUG com.neuedu.dao.ProductMapper.selectByPrimaryKey - ==>  Preparing: select id, category_id, name, subtitle, main_image, price, stock, status, is_new, is_hot, is_banner, create_time, update_time , sub_images, detail from neuedu_product where id = ? 
2019-11-03 23:13:45.801 [http-nio-8888-exec-3] DEBUG com.neuedu.dao.ProductMapper.selectByPrimaryKey - ==> Parameters: 3(Integer)
2019-11-03 23:13:45.805 [http-nio-8888-exec-3] DEBUG com.neuedu.dao.ProductMapper.selectByPrimaryKey - <==      Total: 1
2019-11-03 23:13:45.813 [http-nio-8888-exec-3] DEBUG com.neuedu.dao.ProductMapper.selectByPrimaryKey - ==>  Preparing: select id, category_id, name, subtitle, main_image, price, stock, status, is_new, is_hot, is_banner, create_time, update_time , sub_images, detail from neuedu_product where id = ? 
2019-11-03 23:13:45.813 [http-nio-8888-exec-3] DEBUG com.neuedu.dao.ProductMapper.selectByPrimaryKey - ==> Parameters: 5(Integer)
2019-11-03 23:13:45.817 [http-nio-8888-exec-3] DEBUG com.neuedu.dao.ProductMapper.selectByPrimaryKey - <==      Total: 1
2019-11-03 23:13:45.850 [http-nio-8888-exec-3] DEBUG com.neuedu.dao.OrderMapper.insertSelective - ==>  Preparing: insert into neuedu_order ( user_id, order_no, shipping_id, payment, payment_type, postage, status, create_time, update_time ) values ( ?, ?, ?, ?, ?, ?, ?, now(),now() ) 
2019-11-03 23:13:45.854 [http-nio-8888-exec-3] DEBUG com.neuedu.dao.OrderMapper.insertSelective - ==> Parameters: 22(Integer), 1572794025883(Long), 32(Integer), 103929.0(BigDecimal), 1(Integer), 0(Integer), 10(Integer)
2019-11-03 23:13:45.871 [http-nio-8888-exec-3] DEBUG com.neuedu.dao.OrderMapper.insertSelective - <==    Updates: 1
2019-11-03 23:13:45.886 [http-nio-8888-exec-3] DEBUG com.neuedu.dao.Order_itemMapper.insertBatch - ==>  Preparing: insert into neuedu_order_item ( user_id, order_no, product_id, product_name, product_image, current_unit_price, quantity, total_price, create_time, update_time) values ( ?, ?, ?, ?, ?, ?, ?, ?, now(),now()) , ( ?, ?, ?, ?, ?, ?, ?, ?, now(),now()) , ( ?, ?, ?, ?, ?, ?, ?, ?, now(),now()) , ( ?, ?, ?, ?, ?, ?, ?, ?, now(),now()) 
2019-11-03 23:13:45.888 [http-nio-8888-exec-3] DEBUG com.neuedu.dao.Order_itemMapper.insertBatch - ==> Parameters: 22(Integer), 1572794025883(Long), 1(Integer), 华为 HUAWEI 麦芒7 6G+64G 亮黑色 全网通  前置智慧双摄  移动联通电信4G手机 双卡双待(String), topbanner.png(String), 2199.00(BigDecimal), 11(Integer), 24189.00(BigDecimal), 22(Integer), 1572794025883(Long), 2(Integer), 努比亚 nubia Z18 全面屏3.0 极夜黑 8GB+128GB 全网通 移动联通电信4G手机 双卡双待(String), topbanner.png(String), 3299.00(BigDecimal), 10(Integer), 32990.00(BigDecimal), 22(Integer), 1572794025883(Long), 3(Integer), 荣耀8X Max 7.12英寸90%屏占比珍珠屏 4GB+64GB 魅海蓝 移动联通电信4G全面屏手机 双卡双待(String), topbanner.png(String), 1499.00(BigDecimal), 30(Integer), 44970.00(BigDecimal), 22(Integer), 1572794025883(Long), 5(Integer), 飞利浦（PHILIPS）E207L 直板按键 移动联通 老人手机 老年功能机  陨石黑(String), combanner.png(String), 178.00(BigDecimal), 10(Integer), 1780.00(BigDecimal)
2019-11-03 23:13:45.900 [http-nio-8888-exec-3] DEBUG com.neuedu.dao.Order_itemMapper.insertBatch - <==    Updates: 4
2019-11-03 23:13:45.911 [http-nio-8888-exec-3] DEBUG com.neuedu.dao.ProductMapper.selectByPrimaryKey - ==>  Preparing: select id, category_id, name, subtitle, main_image, price, stock, status, is_new, is_hot, is_banner, create_time, update_time , sub_images, detail from neuedu_product where id = ? 
2019-11-03 23:13:45.912 [http-nio-8888-exec-3] DEBUG com.neuedu.dao.ProductMapper.selectByPrimaryKey - ==> Parameters: 1(Integer)
2019-11-03 23:13:45.914 [http-nio-8888-exec-3] DEBUG com.neuedu.dao.ProductMapper.selectByPrimaryKey - <==      Total: 1
2019-11-03 23:13:45.925 [http-nio-8888-exec-3] DEBUG com.neuedu.dao.ProductMapper.reduceStock - ==>  Preparing: update neuedu_product set stock=? where id = ? 
2019-11-03 23:13:45.925 [http-nio-8888-exec-3] DEBUG com.neuedu.dao.ProductMapper.reduceStock - ==> Parameters: 9958(Integer), 1(Integer)
2019-11-03 23:13:45.932 [http-nio-8888-exec-3] DEBUG com.neuedu.dao.ProductMapper.reduceStock - <==    Updates: 1
2019-11-03 23:13:45.946 [http-nio-8888-exec-3] DEBUG com.neuedu.dao.ProductMapper.selectByPrimaryKey - ==>  Preparing: select id, category_id, name, subtitle, main_image, price, stock, status, is_new, is_hot, is_banner, create_time, update_time , sub_images, detail from neuedu_product where id = ? 
2019-11-03 23:13:45.946 [http-nio-8888-exec-3] DEBUG com.neuedu.dao.ProductMapper.selectByPrimaryKey - ==> Parameters: 2(Integer)
2019-11-03 23:13:45.950 [http-nio-8888-exec-3] DEBUG com.neuedu.dao.ProductMapper.selectByPrimaryKey - <==      Total: 1
2019-11-03 23:13:45.962 [http-nio-8888-exec-3] DEBUG com.neuedu.dao.ProductMapper.reduceStock - ==>  Preparing: update neuedu_product set stock=? where id = ? 
2019-11-03 23:13:45.963 [http-nio-8888-exec-3] DEBUG com.neuedu.dao.ProductMapper.reduceStock - ==> Parameters: 9980(Integer), 2(Integer)
2019-11-03 23:13:45.973 [http-nio-8888-exec-3] DEBUG com.neuedu.dao.ProductMapper.reduceStock - <==    Updates: 1
2019-11-03 23:13:45.987 [http-nio-8888-exec-3] DEBUG com.neuedu.dao.ProductMapper.selectByPrimaryKey - ==>  Preparing: select id, category_id, name, subtitle, main_image, price, stock, status, is_new, is_hot, is_banner, create_time, update_time , sub_images, detail from neuedu_product where id = ? 
2019-11-03 23:13:45.988 [http-nio-8888-exec-3] DEBUG com.neuedu.dao.ProductMapper.selectByPrimaryKey - ==> Parameters: 3(Integer)
2019-11-03 23:13:45.990 [http-nio-8888-exec-3] DEBUG com.neuedu.dao.ProductMapper.selectByPrimaryKey - <==      Total: 1
2019-11-03 23:13:46.001 [http-nio-8888-exec-3] DEBUG com.neuedu.dao.ProductMapper.reduceStock - ==>  Preparing: update neuedu_product set stock=? where id = ? 
2019-11-03 23:13:46.002 [http-nio-8888-exec-3] DEBUG com.neuedu.dao.ProductMapper.reduceStock - ==> Parameters: 9940(Integer), 3(Integer)
2019-11-03 23:13:46.008 [http-nio-8888-exec-3] DEBUG com.neuedu.dao.ProductMapper.reduceStock - <==    Updates: 1
2019-11-03 23:13:46.021 [http-nio-8888-exec-3] DEBUG com.neuedu.dao.ProductMapper.selectByPrimaryKey - ==>  Preparing: select id, category_id, name, subtitle, main_image, price, stock, status, is_new, is_hot, is_banner, create_time, update_time , sub_images, detail from neuedu_product where id = ? 
2019-11-03 23:13:46.023 [http-nio-8888-exec-3] DEBUG com.neuedu.dao.ProductMapper.selectByPrimaryKey - ==> Parameters: 5(Integer)
2019-11-03 23:13:46.025 [http-nio-8888-exec-3] DEBUG com.neuedu.dao.ProductMapper.selectByPrimaryKey - <==      Total: 1
2019-11-03 23:13:46.038 [http-nio-8888-exec-3] DEBUG com.neuedu.dao.ProductMapper.reduceStock - ==>  Preparing: update neuedu_product set stock=? where id = ? 
2019-11-03 23:13:46.040 [http-nio-8888-exec-3] DEBUG com.neuedu.dao.ProductMapper.reduceStock - ==> Parameters: 9980(Integer), 5(Integer)
2019-11-03 23:13:46.049 [http-nio-8888-exec-3] DEBUG com.neuedu.dao.ProductMapper.reduceStock - <==    Updates: 1
2019-11-03 23:13:46.059 [http-nio-8888-exec-3] DEBUG com.neuedu.dao.CartMapper.deleteBatch - ==>  Preparing: delete from neuedu_cart WHERE id in ( ? , ? , ? , ? ) 
2019-11-03 23:13:46.061 [http-nio-8888-exec-3] DEBUG com.neuedu.dao.CartMapper.deleteBatch - ==> Parameters: 121(Integer), 122(Integer), 123(Integer), 124(Integer)
2019-11-03 23:13:46.074 [http-nio-8888-exec-3] DEBUG com.neuedu.dao.CartMapper.deleteBatch - <==    Updates: 4
2019-11-03 23:13:46.104 [http-nio-8888-exec-3] DEBUG com.neuedu.dao.ShippingMapper.selectByPrimaryKey - ==>  Preparing: select id, user_id, receiver_name, receiver_phone, receiver_mobile, receiver_province, receiver_city, receiver_district, receiver_address, receiver_zip, create_time, update_time from neuedu_shipping where id = ? 
2019-11-03 23:13:46.104 [http-nio-8888-exec-3] DEBUG com.neuedu.dao.ShippingMapper.selectByPrimaryKey - ==> Parameters: 32(Integer)
2019-11-03 23:13:46.106 [http-nio-8888-exec-3] DEBUG com.neuedu.dao.ShippingMapper.selectByPrimaryKey - <==      Total: 1
2019-11-03 23:23:49.238 [http-nio-8888-exec-2] DEBUG com.neuedu.dao.UserMapper.isExistsUsername - ==>  Preparing: select count(username) from neuedu_user where username=? 
2019-11-03 23:23:49.266 [http-nio-8888-exec-2] DEBUG com.neuedu.dao.UserMapper.isExistsUsername - ==> Parameters: admin(String)
2019-11-03 23:23:49.294 [http-nio-8888-exec-2] DEBUG com.neuedu.dao.UserMapper.isExistsUsername - <==      Total: 1
2019-11-03 23:23:49.306 [http-nio-8888-exec-2] DEBUG c.n.dao.UserMapper.findUserByUsernameAndPassword - ==>  Preparing: select id, username, password, email, phone, question, answer, role, create_time, update_time, ip from neuedu_user where username=? and password=? 
2019-11-03 23:23:49.307 [http-nio-8888-exec-2] DEBUG c.n.dao.UserMapper.findUserByUsernameAndPassword - ==> Parameters: admin(String), bdb6d566b450905606bde770c6cb92e8(String)
2019-11-03 23:23:49.311 [http-nio-8888-exec-2] DEBUG c.n.dao.UserMapper.findUserByUsernameAndPassword - <==      Total: 1
2019-11-03 23:23:55.900 [http-nio-8888-exec-3] DEBUG com.neuedu.dao.ProductMapper.selectByPrimaryKey - ==>  Preparing: select id, category_id, name, subtitle, main_image, price, stock, status, is_new, is_hot, is_banner, create_time, update_time , sub_images, detail from neuedu_product where id = ? 
2019-11-03 23:23:55.900 [http-nio-8888-exec-3] DEBUG com.neuedu.dao.ProductMapper.selectByPrimaryKey - ==> Parameters: 5(Integer)
2019-11-03 23:23:55.909 [http-nio-8888-exec-3] DEBUG com.neuedu.dao.ProductMapper.selectByPrimaryKey - <==      Total: 1
2019-11-03 23:23:55.919 [http-nio-8888-exec-3] DEBUG c.n.dao.CartMapper.findCartByUserIdAndProductId - ==>  Preparing: select id, user_id, product_id, quantity, checked, create_time, update_time from neuedu_cart where user_id=? and product_id=? 
2019-11-03 23:23:55.920 [http-nio-8888-exec-3] DEBUG c.n.dao.CartMapper.findCartByUserIdAndProductId - ==> Parameters: 22(Integer), 5(Integer)
2019-11-03 23:23:55.926 [http-nio-8888-exec-3] DEBUG c.n.dao.CartMapper.findCartByUserIdAndProductId - <==      Total: 0
2019-11-03 23:23:55.952 [http-nio-8888-exec-3] DEBUG com.neuedu.dao.CartMapper.insertSelective - ==>  Preparing: insert into neuedu_cart ( user_id, product_id, quantity, checked, create_time, update_time ) values ( ?, ?, ?, ?, now(), now() ) 
2019-11-03 23:23:55.953 [http-nio-8888-exec-3] DEBUG com.neuedu.dao.CartMapper.insertSelective - ==> Parameters: 22(Integer), 5(Integer), 10(Integer), 1(Integer)
2019-11-03 23:23:55.960 [http-nio-8888-exec-3] DEBUG com.neuedu.dao.CartMapper.insertSelective - <==    Updates: 1
2019-11-03 23:23:55.968 [http-nio-8888-exec-3] DEBUG com.neuedu.dao.CartMapper.findCartsByUserId - ==>  Preparing: select id, user_id, product_id, quantity, checked, create_time, update_time from neuedu_cart where user_id=? 
2019-11-03 23:23:55.969 [http-nio-8888-exec-3] DEBUG com.neuedu.dao.CartMapper.findCartsByUserId - ==> Parameters: 22(Integer)
2019-11-03 23:23:55.971 [http-nio-8888-exec-3] DEBUG com.neuedu.dao.CartMapper.findCartsByUserId - <==      Total: 1
2019-11-03 23:23:55.984 [http-nio-8888-exec-3] DEBUG com.neuedu.dao.ProductMapper.selectByPrimaryKey - ==>  Preparing: select id, category_id, name, subtitle, main_image, price, stock, status, is_new, is_hot, is_banner, create_time, update_time , sub_images, detail from neuedu_product where id = ? 
2019-11-03 23:23:55.985 [http-nio-8888-exec-3] DEBUG com.neuedu.dao.ProductMapper.selectByPrimaryKey - ==> Parameters: 5(Integer)
2019-11-03 23:23:55.989 [http-nio-8888-exec-3] DEBUG com.neuedu.dao.ProductMapper.selectByPrimaryKey - <==      Total: 1
2019-11-03 23:23:56.002 [http-nio-8888-exec-3] DEBUG com.neuedu.dao.CartMapper.isAllChecked - ==>  Preparing: select count(id) from neuedu_cart where user_id=? and checked=0 
2019-11-03 23:23:56.002 [http-nio-8888-exec-3] DEBUG com.neuedu.dao.CartMapper.isAllChecked - ==> Parameters: 22(Integer)
2019-11-03 23:23:56.004 [http-nio-8888-exec-3] DEBUG com.neuedu.dao.CartMapper.isAllChecked - <==      Total: 1
2019-11-03 23:24:01.134 [http-nio-8888-exec-4] DEBUG c.neuedu.dao.CartMapper.findCartByUserIdAndChecked - ==>  Preparing: select id, user_id, product_id, quantity, checked, create_time, update_time from neuedu_cart where user_id=? and checked=1 
2019-11-03 23:24:01.134 [http-nio-8888-exec-4] DEBUG c.neuedu.dao.CartMapper.findCartByUserIdAndChecked - ==> Parameters: 22(Integer)
2019-11-03 23:24:01.136 [http-nio-8888-exec-4] DEBUG c.neuedu.dao.CartMapper.findCartByUserIdAndChecked - <==      Total: 1
2019-11-03 23:24:01.144 [http-nio-8888-exec-4] DEBUG com.neuedu.dao.ProductMapper.selectByPrimaryKey - ==>  Preparing: select id, category_id, name, subtitle, main_image, price, stock, status, is_new, is_hot, is_banner, create_time, update_time , sub_images, detail from neuedu_product where id = ? 
2019-11-03 23:24:01.146 [http-nio-8888-exec-4] DEBUG com.neuedu.dao.ProductMapper.selectByPrimaryKey - ==> Parameters: 5(Integer)
2019-11-03 23:24:01.148 [http-nio-8888-exec-4] DEBUG com.neuedu.dao.ProductMapper.selectByPrimaryKey - <==      Total: 1
2019-11-03 23:24:01.162 [http-nio-8888-exec-4] DEBUG com.neuedu.dao.OrderMapper.insertSelective - ==>  Preparing: insert into neuedu_order ( user_id, order_no, shipping_id, payment, payment_type, postage, status, create_time, update_time ) values ( ?, ?, ?, ?, ?, ?, ?, now(),now() ) 
2019-11-03 23:24:01.165 [http-nio-8888-exec-4] DEBUG com.neuedu.dao.OrderMapper.insertSelective - ==> Parameters: 22(Integer), 1572794641234(Long), 32(Integer), 1780.0(BigDecimal), 1(Integer), 0(Integer), 10(Integer)
2019-11-03 23:24:01.177 [http-nio-8888-exec-4] DEBUG com.neuedu.dao.OrderMapper.insertSelective - <==    Updates: 1
2019-11-03 23:24:01.190 [http-nio-8888-exec-4] DEBUG com.neuedu.dao.Order_itemMapper.insertBatch - ==>  Preparing: insert into neuedu_order_item ( user_id, order_no, product_id, product_name, product_image, current_unit_price, quantity, total_price, create_time, update_time) values ( ?, ?, ?, ?, ?, ?, ?, ?, now(),now()) 
2019-11-03 23:24:01.192 [http-nio-8888-exec-4] DEBUG com.neuedu.dao.Order_itemMapper.insertBatch - ==> Parameters: 22(Integer), 1572794641234(Long), 5(Integer), 飞利浦（PHILIPS）E207L 直板按键 移动联通 老人手机 老年功能机  陨石黑(String), combanner.png(String), 178.00(BigDecimal), 10(Integer), 1780.00(BigDecimal)
2019-11-03 23:24:01.204 [http-nio-8888-exec-4] DEBUG com.neuedu.dao.Order_itemMapper.insertBatch - <==    Updates: 1
2019-11-03 23:24:01.215 [http-nio-8888-exec-4] DEBUG com.neuedu.dao.ProductMapper.selectByPrimaryKey - ==>  Preparing: select id, category_id, name, subtitle, main_image, price, stock, status, is_new, is_hot, is_banner, create_time, update_time , sub_images, detail from neuedu_product where id = ? 
2019-11-03 23:24:01.215 [http-nio-8888-exec-4] DEBUG com.neuedu.dao.ProductMapper.selectByPrimaryKey - ==> Parameters: 5(Integer)
2019-11-03 23:24:01.218 [http-nio-8888-exec-4] DEBUG com.neuedu.dao.ProductMapper.selectByPrimaryKey - <==      Total: 1
2019-11-03 23:24:01.227 [http-nio-8888-exec-4] DEBUG com.neuedu.dao.ProductMapper.reduceStock - ==>  Preparing: update neuedu_product set stock=? where id = ? 
2019-11-03 23:24:01.227 [http-nio-8888-exec-4] DEBUG com.neuedu.dao.ProductMapper.reduceStock - ==> Parameters: 9970(Integer), 5(Integer)
2019-11-03 23:24:01.235 [http-nio-8888-exec-4] DEBUG com.neuedu.dao.ProductMapper.reduceStock - <==    Updates: 1
2019-11-03 23:24:01.245 [http-nio-8888-exec-4] DEBUG com.neuedu.dao.CartMapper.deleteBatch - ==>  Preparing: delete from neuedu_cart WHERE id in ( ? ) 
2019-11-03 23:24:01.245 [http-nio-8888-exec-4] DEBUG com.neuedu.dao.CartMapper.deleteBatch - ==> Parameters: 125(Integer)
2019-11-03 23:24:01.266 [http-nio-8888-exec-4] DEBUG com.neuedu.dao.CartMapper.deleteBatch - <==    Updates: 1
2019-11-03 23:24:01.278 [http-nio-8888-exec-4] DEBUG com.neuedu.dao.ShippingMapper.selectByPrimaryKey - ==>  Preparing: select id, user_id, receiver_name, receiver_phone, receiver_mobile, receiver_province, receiver_city, receiver_district, receiver_address, receiver_zip, create_time, update_time from neuedu_shipping where id = ? 
2019-11-03 23:24:01.279 [http-nio-8888-exec-4] DEBUG com.neuedu.dao.ShippingMapper.selectByPrimaryKey - ==> Parameters: 32(Integer)
2019-11-03 23:24:01.284 [http-nio-8888-exec-4] DEBUG com.neuedu.dao.ShippingMapper.selectByPrimaryKey - <==      Total: 1
2019-11-03 23:25:31.455 [http-nio-8888-exec-2] DEBUG com.neuedu.dao.UserMapper.isExistsUsername - ==>  Preparing: select count(username) from neuedu_user where username=? 
2019-11-03 23:25:31.492 [http-nio-8888-exec-2] DEBUG com.neuedu.dao.UserMapper.isExistsUsername - ==> Parameters: admin(String)
2019-11-03 23:25:31.527 [http-nio-8888-exec-2] DEBUG com.neuedu.dao.UserMapper.isExistsUsername - <==      Total: 1
2019-11-03 23:25:31.540 [http-nio-8888-exec-2] DEBUG c.n.dao.UserMapper.findUserByUsernameAndPassword - ==>  Preparing: select id, username, password, email, phone, question, answer, role, create_time, update_time, ip from neuedu_user where username=? and password=? 
2019-11-03 23:25:31.541 [http-nio-8888-exec-2] DEBUG c.n.dao.UserMapper.findUserByUsernameAndPassword - ==> Parameters: admin(String), bdb6d566b450905606bde770c6cb92e8(String)
2019-11-03 23:25:31.546 [http-nio-8888-exec-2] DEBUG c.n.dao.UserMapper.findUserByUsernameAndPassword - <==      Total: 1
2019-11-03 23:25:35.631 [http-nio-8888-exec-3] DEBUG com.neuedu.dao.ProductMapper.selectByPrimaryKey - ==>  Preparing: select id, category_id, name, subtitle, main_image, price, stock, status, is_new, is_hot, is_banner, create_time, update_time , sub_images, detail from neuedu_product where id = ? 
2019-11-03 23:25:35.634 [http-nio-8888-exec-3] DEBUG com.neuedu.dao.ProductMapper.selectByPrimaryKey - ==> Parameters: 5(Integer)
2019-11-03 23:25:35.641 [http-nio-8888-exec-3] DEBUG com.neuedu.dao.ProductMapper.selectByPrimaryKey - <==      Total: 1
2019-11-03 23:25:35.652 [http-nio-8888-exec-3] DEBUG c.n.dao.CartMapper.findCartByUserIdAndProductId - ==>  Preparing: select id, user_id, product_id, quantity, checked, create_time, update_time from neuedu_cart where user_id=? and product_id=? 
2019-11-03 23:25:35.652 [http-nio-8888-exec-3] DEBUG c.n.dao.CartMapper.findCartByUserIdAndProductId - ==> Parameters: 22(Integer), 5(Integer)
2019-11-03 23:25:35.654 [http-nio-8888-exec-3] DEBUG c.n.dao.CartMapper.findCartByUserIdAndProductId - <==      Total: 0
2019-11-03 23:25:35.687 [http-nio-8888-exec-3] DEBUG com.neuedu.dao.CartMapper.insertSelective - ==>  Preparing: insert into neuedu_cart ( user_id, product_id, quantity, checked, create_time, update_time ) values ( ?, ?, ?, ?, now(), now() ) 
2019-11-03 23:25:35.688 [http-nio-8888-exec-3] DEBUG com.neuedu.dao.CartMapper.insertSelective - ==> Parameters: 22(Integer), 5(Integer), 10(Integer), 1(Integer)
2019-11-03 23:25:35.700 [http-nio-8888-exec-3] DEBUG com.neuedu.dao.CartMapper.insertSelective - <==    Updates: 1
2019-11-03 23:25:35.708 [http-nio-8888-exec-3] DEBUG com.neuedu.dao.CartMapper.findCartsByUserId - ==>  Preparing: select id, user_id, product_id, quantity, checked, create_time, update_time from neuedu_cart where user_id=? 
2019-11-03 23:25:35.709 [http-nio-8888-exec-3] DEBUG com.neuedu.dao.CartMapper.findCartsByUserId - ==> Parameters: 22(Integer)
2019-11-03 23:25:35.711 [http-nio-8888-exec-3] DEBUG com.neuedu.dao.CartMapper.findCartsByUserId - <==      Total: 1
2019-11-03 23:25:35.721 [http-nio-8888-exec-3] DEBUG com.neuedu.dao.ProductMapper.selectByPrimaryKey - ==>  Preparing: select id, category_id, name, subtitle, main_image, price, stock, status, is_new, is_hot, is_banner, create_time, update_time , sub_images, detail from neuedu_product where id = ? 
2019-11-03 23:25:35.722 [http-nio-8888-exec-3] DEBUG com.neuedu.dao.ProductMapper.selectByPrimaryKey - ==> Parameters: 5(Integer)
2019-11-03 23:25:35.725 [http-nio-8888-exec-3] DEBUG com.neuedu.dao.ProductMapper.selectByPrimaryKey - <==      Total: 1
2019-11-03 23:25:35.736 [http-nio-8888-exec-3] DEBUG com.neuedu.dao.CartMapper.isAllChecked - ==>  Preparing: select count(id) from neuedu_cart where user_id=? and checked=0 
2019-11-03 23:25:35.737 [http-nio-8888-exec-3] DEBUG com.neuedu.dao.CartMapper.isAllChecked - ==> Parameters: 22(Integer)
2019-11-03 23:25:35.738 [http-nio-8888-exec-3] DEBUG com.neuedu.dao.CartMapper.isAllChecked - <==      Total: 1
2019-11-03 23:25:55.121 [http-nio-8888-exec-4] DEBUG c.neuedu.dao.CartMapper.findCartByUserIdAndChecked - ==>  Preparing: select id, user_id, product_id, quantity, checked, create_time, update_time from neuedu_cart where user_id=? and checked=1 
2019-11-03 23:25:55.123 [http-nio-8888-exec-4] DEBUG c.neuedu.dao.CartMapper.findCartByUserIdAndChecked - ==> Parameters: 22(Integer)
2019-11-03 23:25:55.138 [http-nio-8888-exec-4] DEBUG c.neuedu.dao.CartMapper.findCartByUserIdAndChecked - <==      Total: 1
2019-11-03 23:26:58.567 [http-nio-8888-exec-4] DEBUG com.neuedu.dao.ProductMapper.selectByPrimaryKey - ==>  Preparing: select id, category_id, name, subtitle, main_image, price, stock, status, is_new, is_hot, is_banner, create_time, update_time , sub_images, detail from neuedu_product where id = ? 
2019-11-03 23:26:58.569 [http-nio-8888-exec-4] DEBUG com.neuedu.dao.ProductMapper.selectByPrimaryKey - ==> Parameters: 5(Integer)
2019-11-03 23:26:58.645 [http-nio-8888-exec-4] DEBUG com.neuedu.dao.ProductMapper.selectByPrimaryKey - <==      Total: 1
2019-11-03 23:28:48.282 [http-nio-8888-exec-4] DEBUG com.neuedu.dao.OrderMapper.insertSelective - ==>  Preparing: insert into neuedu_order ( user_id, order_no, shipping_id, payment, payment_type, postage, status, create_time, update_time ) values ( ?, ?, ?, ?, ?, ?, ?, now(),now() ) 
2019-11-03 23:28:48.309 [http-nio-8888-exec-4] DEBUG com.neuedu.dao.OrderMapper.insertSelective - ==> Parameters: 22(Integer), 1572794928280(Long), 32(Integer), 1780.0(BigDecimal), 1(Integer), 0(Integer), 10(Integer)
2019-11-03 23:28:48.336 [http-nio-8888-exec-4] DEBUG com.neuedu.dao.OrderMapper.insertSelective - <==    Updates: 1
2019-11-03 23:28:55.983 [http-nio-8888-exec-4] DEBUG com.neuedu.dao.Order_itemMapper.insertBatch - ==>  Preparing: insert into neuedu_order_item ( user_id, order_no, product_id, product_name, product_image, current_unit_price, quantity, total_price, create_time, update_time) values ( ?, ?, ?, ?, ?, ?, ?, ?, now(),now()) 
2019-11-03 23:28:55.998 [http-nio-8888-exec-4] DEBUG com.neuedu.dao.Order_itemMapper.insertBatch - ==> Parameters: 22(Integer), 1572794928280(Long), 5(Integer), 飞利浦（PHILIPS）E207L 直板按键 移动联通 老人手机 老年功能机  陨石黑(String), combanner.png(String), 178.00(BigDecimal), 10(Integer), 1780.00(BigDecimal)
2019-11-03 23:28:56.030 [http-nio-8888-exec-4] DEBUG com.neuedu.dao.Order_itemMapper.insertBatch - <==    Updates: 1
2019-11-03 23:28:58.799 [http-nio-8888-exec-4] DEBUG com.neuedu.dao.ProductMapper.selectByPrimaryKey - ==>  Preparing: select id, category_id, name, subtitle, main_image, price, stock, status, is_new, is_hot, is_banner, create_time, update_time , sub_images, detail from neuedu_product where id = ? 
2019-11-03 23:28:58.801 [http-nio-8888-exec-4] DEBUG com.neuedu.dao.ProductMapper.selectByPrimaryKey - ==> Parameters: 5(Integer)
2019-11-03 23:28:58.873 [http-nio-8888-exec-4] DEBUG com.neuedu.dao.ProductMapper.selectByPrimaryKey - <==      Total: 1
2019-11-03 23:28:59.014 [http-nio-8888-exec-4] DEBUG com.neuedu.dao.ProductMapper.reduceStock - ==>  Preparing: update neuedu_product set stock=? where id = ? 
2019-11-03 23:28:59.017 [http-nio-8888-exec-4] DEBUG com.neuedu.dao.ProductMapper.reduceStock - ==> Parameters: 9960(Integer), 5(Integer)
2019-11-03 23:28:59.040 [http-nio-8888-exec-4] DEBUG com.neuedu.dao.ProductMapper.reduceStock - <==    Updates: 1
2019-11-03 23:29:00.992 [http-nio-8888-exec-4] DEBUG com.neuedu.dao.CartMapper.deleteBatch - ==>  Preparing: delete from neuedu_cart WHERE id in ( ? ) 
2019-11-03 23:29:00.994 [http-nio-8888-exec-4] DEBUG com.neuedu.dao.CartMapper.deleteBatch - ==> Parameters: 126(Integer)
2019-11-03 23:29:01.023 [http-nio-8888-exec-4] DEBUG com.neuedu.dao.CartMapper.deleteBatch - <==    Updates: 1
2019-11-03 23:30:02.938 [http-nio-8888-exec-4] DEBUG com.neuedu.dao.ShippingMapper.selectByPrimaryKey - ==>  Preparing: select id, user_id, receiver_name, receiver_phone, receiver_mobile, receiver_province, receiver_city, receiver_district, receiver_address, receiver_zip, create_time, update_time from neuedu_shipping where id = ? 
2019-11-03 23:30:02.943 [http-nio-8888-exec-4] DEBUG com.neuedu.dao.ShippingMapper.selectByPrimaryKey - ==> Parameters: 32(Integer)
2019-11-03 23:30:02.977 [http-nio-8888-exec-4] DEBUG com.neuedu.dao.ShippingMapper.selectByPrimaryKey - <==      Total: 1
2019-11-03 23:33:19.379 [http-nio-8888-exec-2] DEBUG com.neuedu.dao.UserMapper.isExistsUsername - ==>  Preparing: select count(username) from neuedu_user where username=? 
2019-11-03 23:33:19.410 [http-nio-8888-exec-2] DEBUG com.neuedu.dao.UserMapper.isExistsUsername - ==> Parameters: admin(String)
2019-11-03 23:33:19.438 [http-nio-8888-exec-2] DEBUG com.neuedu.dao.UserMapper.isExistsUsername - <==      Total: 1
2019-11-03 23:33:19.449 [http-nio-8888-exec-2] DEBUG c.n.dao.UserMapper.findUserByUsernameAndPassword - ==>  Preparing: select id, username, password, email, phone, question, answer, role, create_time, update_time, ip from neuedu_user where username=? and password=? 
2019-11-03 23:33:19.450 [http-nio-8888-exec-2] DEBUG c.n.dao.UserMapper.findUserByUsernameAndPassword - ==> Parameters: admin(String), bdb6d566b450905606bde770c6cb92e8(String)
2019-11-03 23:33:19.454 [http-nio-8888-exec-2] DEBUG c.n.dao.UserMapper.findUserByUsernameAndPassword - <==      Total: 1
2019-11-03 23:33:23.957 [http-nio-8888-exec-3] DEBUG com.neuedu.dao.ProductMapper.selectByPrimaryKey - ==>  Preparing: select id, category_id, name, subtitle, main_image, price, stock, status, is_new, is_hot, is_banner, create_time, update_time , sub_images, detail from neuedu_product where id = ? 
2019-11-03 23:33:23.959 [http-nio-8888-exec-3] DEBUG com.neuedu.dao.ProductMapper.selectByPrimaryKey - ==> Parameters: 5(Integer)
2019-11-03 23:33:23.968 [http-nio-8888-exec-3] DEBUG com.neuedu.dao.ProductMapper.selectByPrimaryKey - <==      Total: 1
2019-11-03 23:33:23.975 [http-nio-8888-exec-3] DEBUG c.n.dao.CartMapper.findCartByUserIdAndProductId - ==>  Preparing: select id, user_id, product_id, quantity, checked, create_time, update_time from neuedu_cart where user_id=? and product_id=? 
2019-11-03 23:33:23.976 [http-nio-8888-exec-3] DEBUG c.n.dao.CartMapper.findCartByUserIdAndProductId - ==> Parameters: 22(Integer), 5(Integer)
2019-11-03 23:33:23.977 [http-nio-8888-exec-3] DEBUG c.n.dao.CartMapper.findCartByUserIdAndProductId - <==      Total: 0
2019-11-03 23:33:24.008 [http-nio-8888-exec-3] DEBUG com.neuedu.dao.CartMapper.insertSelective - ==>  Preparing: insert into neuedu_cart ( user_id, product_id, quantity, checked, create_time, update_time ) values ( ?, ?, ?, ?, now(), now() ) 
2019-11-03 23:33:24.009 [http-nio-8888-exec-3] DEBUG com.neuedu.dao.CartMapper.insertSelective - ==> Parameters: 22(Integer), 5(Integer), 10(Integer), 1(Integer)
2019-11-03 23:33:24.026 [http-nio-8888-exec-3] DEBUG com.neuedu.dao.CartMapper.insertSelective - <==    Updates: 1
2019-11-03 23:33:24.035 [http-nio-8888-exec-3] DEBUG com.neuedu.dao.CartMapper.findCartsByUserId - ==>  Preparing: select id, user_id, product_id, quantity, checked, create_time, update_time from neuedu_cart where user_id=? 
2019-11-03 23:33:24.036 [http-nio-8888-exec-3] DEBUG com.neuedu.dao.CartMapper.findCartsByUserId - ==> Parameters: 22(Integer)
2019-11-03 23:33:24.038 [http-nio-8888-exec-3] DEBUG com.neuedu.dao.CartMapper.findCartsByUserId - <==      Total: 1
2019-11-03 23:33:24.049 [http-nio-8888-exec-3] DEBUG com.neuedu.dao.ProductMapper.selectByPrimaryKey - ==>  Preparing: select id, category_id, name, subtitle, main_image, price, stock, status, is_new, is_hot, is_banner, create_time, update_time , sub_images, detail from neuedu_product where id = ? 
2019-11-03 23:33:24.050 [http-nio-8888-exec-3] DEBUG com.neuedu.dao.ProductMapper.selectByPrimaryKey - ==> Parameters: 5(Integer)
2019-11-03 23:33:24.054 [http-nio-8888-exec-3] DEBUG com.neuedu.dao.ProductMapper.selectByPrimaryKey - <==      Total: 1
2019-11-03 23:33:24.062 [http-nio-8888-exec-3] DEBUG com.neuedu.dao.CartMapper.isAllChecked - ==>  Preparing: select count(id) from neuedu_cart where user_id=? and checked=0 
2019-11-03 23:33:24.062 [http-nio-8888-exec-3] DEBUG com.neuedu.dao.CartMapper.isAllChecked - ==> Parameters: 22(Integer)
2019-11-03 23:33:24.064 [http-nio-8888-exec-3] DEBUG com.neuedu.dao.CartMapper.isAllChecked - <==      Total: 1
2019-11-03 23:33:27.557 [http-nio-8888-exec-4] DEBUG c.neuedu.dao.CartMapper.findCartByUserIdAndChecked - ==>  Preparing: select id, user_id, product_id, quantity, checked, create_time, update_time from neuedu_cart where user_id=? and checked=1 
2019-11-03 23:33:27.557 [http-nio-8888-exec-4] DEBUG c.neuedu.dao.CartMapper.findCartByUserIdAndChecked - ==> Parameters: 22(Integer)
2019-11-03 23:33:27.559 [http-nio-8888-exec-4] DEBUG c.neuedu.dao.CartMapper.findCartByUserIdAndChecked - <==      Total: 1
2019-11-03 23:33:27.573 [http-nio-8888-exec-4] DEBUG com.neuedu.dao.ProductMapper.selectByPrimaryKey - ==>  Preparing: select id, category_id, name, subtitle, main_image, price, stock, status, is_new, is_hot, is_banner, create_time, update_time , sub_images, detail from neuedu_product where id = ? 
2019-11-03 23:33:27.574 [http-nio-8888-exec-4] DEBUG com.neuedu.dao.ProductMapper.selectByPrimaryKey - ==> Parameters: 5(Integer)
2019-11-03 23:33:27.583 [http-nio-8888-exec-4] DEBUG com.neuedu.dao.ProductMapper.selectByPrimaryKey - <==      Total: 1
2019-11-03 23:33:27.598 [http-nio-8888-exec-4] DEBUG com.neuedu.dao.OrderMapper.insertSelective - ==>  Preparing: insert into neuedu_order ( user_id, order_no, shipping_id, payment, payment_type, postage, status, create_time, update_time ) values ( ?, ?, ?, ?, ?, ?, ?, now(),now() ) 
2019-11-03 23:33:27.602 [http-nio-8888-exec-4] DEBUG com.neuedu.dao.OrderMapper.insertSelective - ==> Parameters: 22(Integer), 1572795207669(Long), 32(Integer), 1780.0(BigDecimal), 1(Integer), 0(Integer), 10(Integer)
2019-11-03 23:33:27.679 [http-nio-8888-exec-4] DEBUG com.neuedu.dao.OrderMapper.insertSelective - <==    Updates: 1
2019-11-03 23:33:27.694 [http-nio-8888-exec-4] DEBUG com.neuedu.dao.Order_itemMapper.insertBatch - ==>  Preparing: insert into neuedu_order_item ( user_id, order_no, product_id, product_name, product_image, current_unit_price, quantity, total_price, create_time, update_time) values ( ?, ?, ?, ?, ?, ?, ?, ?, now(),now()) 
2019-11-03 23:33:27.695 [http-nio-8888-exec-4] DEBUG com.neuedu.dao.Order_itemMapper.insertBatch - ==> Parameters: 22(Integer), 1572795207669(Long), 5(Integer), 飞利浦（PHILIPS）E207L 直板按键 移动联通 老人手机 老年功能机  陨石黑(String), combanner.png(String), 178.00(BigDecimal), 10(Integer), 1780.00(BigDecimal)
2019-11-03 23:33:27.704 [http-nio-8888-exec-4] DEBUG com.neuedu.dao.Order_itemMapper.insertBatch - <==    Updates: 1
2019-11-03 23:33:27.713 [http-nio-8888-exec-4] DEBUG com.neuedu.dao.ProductMapper.selectByPrimaryKey - ==>  Preparing: select id, category_id, name, subtitle, main_image, price, stock, status, is_new, is_hot, is_banner, create_time, update_time , sub_images, detail from neuedu_product where id = ? 
2019-11-03 23:33:27.714 [http-nio-8888-exec-4] DEBUG com.neuedu.dao.ProductMapper.selectByPrimaryKey - ==> Parameters: 5(Integer)
2019-11-03 23:33:27.717 [http-nio-8888-exec-4] DEBUG com.neuedu.dao.ProductMapper.selectByPrimaryKey - <==      Total: 1
2019-11-03 23:33:27.727 [http-nio-8888-exec-4] DEBUG com.neuedu.dao.ProductMapper.reduceStock - ==>  Preparing: update neuedu_product set stock=? where id = ? 
2019-11-03 23:33:27.727 [http-nio-8888-exec-4] DEBUG com.neuedu.dao.ProductMapper.reduceStock - ==> Parameters: 9950(Integer), 5(Integer)
2019-11-03 23:33:27.734 [http-nio-8888-exec-4] DEBUG com.neuedu.dao.ProductMapper.reduceStock - <==    Updates: 1
2019-11-03 23:33:27.744 [http-nio-8888-exec-4] DEBUG com.neuedu.dao.CartMapper.deleteBatch - ==>  Preparing: delete from neuedu_cart WHERE id in ( ? ) 
2019-11-03 23:33:27.744 [http-nio-8888-exec-4] DEBUG com.neuedu.dao.CartMapper.deleteBatch - ==> Parameters: 127(Integer)
2019-11-03 23:33:27.757 [http-nio-8888-exec-4] DEBUG com.neuedu.dao.CartMapper.deleteBatch - <==    Updates: 1
2019-11-03 23:33:27.768 [http-nio-8888-exec-4] DEBUG com.neuedu.dao.ShippingMapper.selectByPrimaryKey - ==>  Preparing: select id, user_id, receiver_name, receiver_phone, receiver_mobile, receiver_province, receiver_city, receiver_district, receiver_address, receiver_zip, create_time, update_time from neuedu_shipping where id = ? 
2019-11-03 23:33:27.768 [http-nio-8888-exec-4] DEBUG com.neuedu.dao.ShippingMapper.selectByPrimaryKey - ==> Parameters: 32(Integer)
2019-11-03 23:33:27.770 [http-nio-8888-exec-4] DEBUG com.neuedu.dao.ShippingMapper.selectByPrimaryKey - <==      Total: 1
2019-11-03 23:34:22.581 [http-nio-8888-exec-2] DEBUG com.neuedu.dao.UserMapper.isExistsUsername - ==>  Preparing: select count(username) from neuedu_user where username=? 
2019-11-03 23:34:22.614 [http-nio-8888-exec-2] DEBUG com.neuedu.dao.UserMapper.isExistsUsername - ==> Parameters: admin(String)
2019-11-03 23:34:22.641 [http-nio-8888-exec-2] DEBUG com.neuedu.dao.UserMapper.isExistsUsername - <==      Total: 1
2019-11-03 23:34:22.652 [http-nio-8888-exec-2] DEBUG c.n.dao.UserMapper.findUserByUsernameAndPassword - ==>  Preparing: select id, username, password, email, phone, question, answer, role, create_time, update_time, ip from neuedu_user where username=? and password=? 
2019-11-03 23:34:22.653 [http-nio-8888-exec-2] DEBUG c.n.dao.UserMapper.findUserByUsernameAndPassword - ==> Parameters: admin(String), bdb6d566b450905606bde770c6cb92e8(String)
2019-11-03 23:34:22.657 [http-nio-8888-exec-2] DEBUG c.n.dao.UserMapper.findUserByUsernameAndPassword - <==      Total: 1
2019-11-03 23:34:25.112 [http-nio-8888-exec-3] DEBUG com.neuedu.dao.ProductMapper.selectByPrimaryKey - ==>  Preparing: select id, category_id, name, subtitle, main_image, price, stock, status, is_new, is_hot, is_banner, create_time, update_time , sub_images, detail from neuedu_product where id = ? 
2019-11-03 23:34:25.113 [http-nio-8888-exec-3] DEBUG com.neuedu.dao.ProductMapper.selectByPrimaryKey - ==> Parameters: 5(Integer)
2019-11-03 23:34:25.121 [http-nio-8888-exec-3] DEBUG com.neuedu.dao.ProductMapper.selectByPrimaryKey - <==      Total: 1
2019-11-03 23:34:25.129 [http-nio-8888-exec-3] DEBUG c.n.dao.CartMapper.findCartByUserIdAndProductId - ==>  Preparing: select id, user_id, product_id, quantity, checked, create_time, update_time from neuedu_cart where user_id=? and product_id=? 
2019-11-03 23:34:25.130 [http-nio-8888-exec-3] DEBUG c.n.dao.CartMapper.findCartByUserIdAndProductId - ==> Parameters: 22(Integer), 5(Integer)
2019-11-03 23:34:25.132 [http-nio-8888-exec-3] DEBUG c.n.dao.CartMapper.findCartByUserIdAndProductId - <==      Total: 0
2019-11-03 23:34:25.161 [http-nio-8888-exec-3] DEBUG com.neuedu.dao.CartMapper.insertSelective - ==>  Preparing: insert into neuedu_cart ( user_id, product_id, quantity, checked, create_time, update_time ) values ( ?, ?, ?, ?, now(), now() ) 
2019-11-03 23:34:25.162 [http-nio-8888-exec-3] DEBUG com.neuedu.dao.CartMapper.insertSelective - ==> Parameters: 22(Integer), 5(Integer), 10(Integer), 1(Integer)
2019-11-03 23:34:25.173 [http-nio-8888-exec-3] DEBUG com.neuedu.dao.CartMapper.insertSelective - <==    Updates: 1
2019-11-03 23:34:25.183 [http-nio-8888-exec-3] DEBUG com.neuedu.dao.CartMapper.findCartsByUserId - ==>  Preparing: select id, user_id, product_id, quantity, checked, create_time, update_time from neuedu_cart where user_id=? 
2019-11-03 23:34:25.183 [http-nio-8888-exec-3] DEBUG com.neuedu.dao.CartMapper.findCartsByUserId - ==> Parameters: 22(Integer)
2019-11-03 23:34:25.186 [http-nio-8888-exec-3] DEBUG com.neuedu.dao.CartMapper.findCartsByUserId - <==      Total: 1
2019-11-03 23:34:25.197 [http-nio-8888-exec-3] DEBUG com.neuedu.dao.ProductMapper.selectByPrimaryKey - ==>  Preparing: select id, category_id, name, subtitle, main_image, price, stock, status, is_new, is_hot, is_banner, create_time, update_time , sub_images, detail from neuedu_product where id = ? 
2019-11-03 23:34:25.198 [http-nio-8888-exec-3] DEBUG com.neuedu.dao.ProductMapper.selectByPrimaryKey - ==> Parameters: 5(Integer)
2019-11-03 23:34:25.201 [http-nio-8888-exec-3] DEBUG com.neuedu.dao.ProductMapper.selectByPrimaryKey - <==      Total: 1
2019-11-03 23:34:25.211 [http-nio-8888-exec-3] DEBUG com.neuedu.dao.CartMapper.isAllChecked - ==>  Preparing: select count(id) from neuedu_cart where user_id=? and checked=0 
2019-11-03 23:34:25.212 [http-nio-8888-exec-3] DEBUG com.neuedu.dao.CartMapper.isAllChecked - ==> Parameters: 22(Integer)
2019-11-03 23:34:25.213 [http-nio-8888-exec-3] DEBUG com.neuedu.dao.CartMapper.isAllChecked - <==      Total: 1
2019-11-03 23:34:27.832 [http-nio-8888-exec-4] DEBUG c.neuedu.dao.CartMapper.findCartByUserIdAndChecked - ==>  Preparing: select id, user_id, product_id, quantity, checked, create_time, update_time from neuedu_cart where user_id=? and checked=1 
2019-11-03 23:34:27.833 [http-nio-8888-exec-4] DEBUG c.neuedu.dao.CartMapper.findCartByUserIdAndChecked - ==> Parameters: 22(Integer)
2019-11-03 23:34:27.835 [http-nio-8888-exec-4] DEBUG c.neuedu.dao.CartMapper.findCartByUserIdAndChecked - <==      Total: 1
2019-11-03 23:34:27.847 [http-nio-8888-exec-4] DEBUG com.neuedu.dao.ProductMapper.selectByPrimaryKey - ==>  Preparing: select id, category_id, name, subtitle, main_image, price, stock, status, is_new, is_hot, is_banner, create_time, update_time , sub_images, detail from neuedu_product where id = ? 
2019-11-03 23:34:27.848 [http-nio-8888-exec-4] DEBUG com.neuedu.dao.ProductMapper.selectByPrimaryKey - ==> Parameters: 5(Integer)
2019-11-03 23:34:27.850 [http-nio-8888-exec-4] DEBUG com.neuedu.dao.ProductMapper.selectByPrimaryKey - <==      Total: 1
2019-11-03 23:34:27.866 [http-nio-8888-exec-4] DEBUG com.neuedu.dao.OrderMapper.insertSelective - ==>  Preparing: insert into neuedu_order ( user_id, order_no, shipping_id, payment, payment_type, postage, status, create_time, update_time ) values ( ?, ?, ?, ?, ?, ?, ?, now(),now() ) 
2019-11-03 23:34:27.870 [http-nio-8888-exec-4] DEBUG com.neuedu.dao.OrderMapper.insertSelective - ==> Parameters: 22(Integer), 1572795267878(Long), 32(Integer), 1780.0(BigDecimal), 1(Integer), 0(Integer), 10(Integer)
2019-11-03 23:34:27.954 [http-nio-8888-exec-4] DEBUG com.neuedu.dao.OrderMapper.insertSelective - <==    Updates: 1
2019-11-03 23:34:27.967 [http-nio-8888-exec-4] DEBUG com.neuedu.dao.Order_itemMapper.insertBatch - ==>  Preparing: insert into neuedu_order_item ( user_id, order_no, product_id, product_name, product_image, current_unit_price, quantity, total_price, create_time, update_time) values ( ?, ?, ?, ?, ?, ?, ?, ?, now(),now()) 
2019-11-03 23:34:27.969 [http-nio-8888-exec-4] DEBUG com.neuedu.dao.Order_itemMapper.insertBatch - ==> Parameters: 22(Integer), 1572795267878(Long), 5(Integer), 飞利浦（PHILIPS）E207L 直板按键 移动联通 老人手机 老年功能机  陨石黑(String), combanner.png(String), 178.00(BigDecimal), 10(Integer), 1780.00(BigDecimal)
2019-11-03 23:34:27.979 [http-nio-8888-exec-4] DEBUG com.neuedu.dao.Order_itemMapper.insertBatch - <==    Updates: 1
2019-11-03 23:34:27.987 [http-nio-8888-exec-4] DEBUG com.neuedu.dao.ProductMapper.selectByPrimaryKey - ==>  Preparing: select id, category_id, name, subtitle, main_image, price, stock, status, is_new, is_hot, is_banner, create_time, update_time , sub_images, detail from neuedu_product where id = ? 
2019-11-03 23:34:27.988 [http-nio-8888-exec-4] DEBUG com.neuedu.dao.ProductMapper.selectByPrimaryKey - ==> Parameters: 5(Integer)
2019-11-03 23:34:27.991 [http-nio-8888-exec-4] DEBUG com.neuedu.dao.ProductMapper.selectByPrimaryKey - <==      Total: 1
2019-11-03 23:34:27.999 [http-nio-8888-exec-4] DEBUG com.neuedu.dao.ProductMapper.reduceStock - ==>  Preparing: update neuedu_product set stock=? where id = ? 
2019-11-03 23:34:28.000 [http-nio-8888-exec-4] DEBUG com.neuedu.dao.ProductMapper.reduceStock - ==> Parameters: 9940(Integer), 5(Integer)
2019-11-03 23:34:28.007 [http-nio-8888-exec-4] DEBUG com.neuedu.dao.ProductMapper.reduceStock - <==    Updates: 1
2019-11-03 23:34:28.018 [http-nio-8888-exec-4] DEBUG com.neuedu.dao.CartMapper.deleteBatch - ==>  Preparing: delete from neuedu_cart WHERE id in ( ? ) 
2019-11-03 23:34:28.019 [http-nio-8888-exec-4] DEBUG com.neuedu.dao.CartMapper.deleteBatch - ==> Parameters: 128(Integer)
2019-11-03 23:34:28.037 [http-nio-8888-exec-4] DEBUG com.neuedu.dao.CartMapper.deleteBatch - <==    Updates: 1
2019-11-03 23:34:28.048 [http-nio-8888-exec-4] DEBUG com.neuedu.dao.ShippingMapper.selectByPrimaryKey - ==>  Preparing: select id, user_id, receiver_name, receiver_phone, receiver_mobile, receiver_province, receiver_city, receiver_district, receiver_address, receiver_zip, create_time, update_time from neuedu_shipping where id = ? 
2019-11-03 23:34:28.049 [http-nio-8888-exec-4] DEBUG com.neuedu.dao.ShippingMapper.selectByPrimaryKey - ==> Parameters: 32(Integer)
2019-11-03 23:34:28.051 [http-nio-8888-exec-4] DEBUG com.neuedu.dao.ShippingMapper.selectByPrimaryKey - <==      Total: 1
2019-11-03 23:38:29.949 [http-nio-8888-exec-1] DEBUG com.neuedu.dao.UserMapper.isExistsUsername - ==>  Preparing: select count(username) from neuedu_user where username=? 
2019-11-03 23:38:29.982 [http-nio-8888-exec-1] DEBUG com.neuedu.dao.UserMapper.isExistsUsername - ==> Parameters: admin(String)
2019-11-03 23:38:30.017 [http-nio-8888-exec-1] DEBUG com.neuedu.dao.UserMapper.isExistsUsername - <==      Total: 1
2019-11-03 23:38:30.029 [http-nio-8888-exec-1] DEBUG c.n.dao.UserMapper.findUserByUsernameAndPassword - ==>  Preparing: select id, username, password, email, phone, question, answer, role, create_time, update_time, ip from neuedu_user where username=? and password=? 
2019-11-03 23:38:30.030 [http-nio-8888-exec-1] DEBUG c.n.dao.UserMapper.findUserByUsernameAndPassword - ==> Parameters: admin(String), bdb6d566b450905606bde770c6cb92e8(String)
2019-11-03 23:38:30.034 [http-nio-8888-exec-1] DEBUG c.n.dao.UserMapper.findUserByUsernameAndPassword - <==      Total: 1
2019-11-03 23:38:36.977 [http-nio-8888-exec-4] DEBUG com.neuedu.dao.ProductMapper.selectByPrimaryKey - ==>  Preparing: select id, category_id, name, subtitle, main_image, price, stock, status, is_new, is_hot, is_banner, create_time, update_time , sub_images, detail from neuedu_product where id = ? 
2019-11-03 23:38:36.979 [http-nio-8888-exec-4] DEBUG com.neuedu.dao.ProductMapper.selectByPrimaryKey - ==> Parameters: 5(Integer)
2019-11-03 23:38:36.994 [http-nio-8888-exec-4] DEBUG com.neuedu.dao.ProductMapper.selectByPrimaryKey - <==      Total: 1
2019-11-03 23:38:37.007 [http-nio-8888-exec-4] DEBUG c.n.dao.CartMapper.findCartByUserIdAndProductId - ==>  Preparing: select id, user_id, product_id, quantity, checked, create_time, update_time from neuedu_cart where user_id=? and product_id=? 
2019-11-03 23:38:37.008 [http-nio-8888-exec-4] DEBUG c.n.dao.CartMapper.findCartByUserIdAndProductId - ==> Parameters: 22(Integer), 5(Integer)
2019-11-03 23:38:37.009 [http-nio-8888-exec-4] DEBUG c.n.dao.CartMapper.findCartByUserIdAndProductId - <==      Total: 0
2019-11-03 23:38:37.042 [http-nio-8888-exec-4] DEBUG com.neuedu.dao.CartMapper.insertSelective - ==>  Preparing: insert into neuedu_cart ( user_id, product_id, quantity, checked, create_time, update_time ) values ( ?, ?, ?, ?, now(), now() ) 
2019-11-03 23:38:37.043 [http-nio-8888-exec-4] DEBUG com.neuedu.dao.CartMapper.insertSelective - ==> Parameters: 22(Integer), 5(Integer), 10(Integer), 1(Integer)
2019-11-03 23:38:37.055 [http-nio-8888-exec-4] DEBUG com.neuedu.dao.CartMapper.insertSelective - <==    Updates: 1
2019-11-03 23:38:37.065 [http-nio-8888-exec-4] DEBUG com.neuedu.dao.CartMapper.findCartsByUserId - ==>  Preparing: select id, user_id, product_id, quantity, checked, create_time, update_time from neuedu_cart where user_id=? 
2019-11-03 23:38:37.066 [http-nio-8888-exec-4] DEBUG com.neuedu.dao.CartMapper.findCartsByUserId - ==> Parameters: 22(Integer)
2019-11-03 23:38:37.067 [http-nio-8888-exec-4] DEBUG com.neuedu.dao.CartMapper.findCartsByUserId - <==      Total: 1
2019-11-03 23:38:37.077 [http-nio-8888-exec-4] DEBUG com.neuedu.dao.ProductMapper.selectByPrimaryKey - ==>  Preparing: select id, category_id, name, subtitle, main_image, price, stock, status, is_new, is_hot, is_banner, create_time, update_time , sub_images, detail from neuedu_product where id = ? 
2019-11-03 23:38:37.079 [http-nio-8888-exec-4] DEBUG com.neuedu.dao.ProductMapper.selectByPrimaryKey - ==> Parameters: 5(Integer)
2019-11-03 23:38:37.081 [http-nio-8888-exec-4] DEBUG com.neuedu.dao.ProductMapper.selectByPrimaryKey - <==      Total: 1
2019-11-03 23:38:37.091 [http-nio-8888-exec-4] DEBUG com.neuedu.dao.CartMapper.isAllChecked - ==>  Preparing: select count(id) from neuedu_cart where user_id=? and checked=0 
2019-11-03 23:38:37.093 [http-nio-8888-exec-4] DEBUG com.neuedu.dao.CartMapper.isAllChecked - ==> Parameters: 22(Integer)
2019-11-03 23:38:37.094 [http-nio-8888-exec-4] DEBUG com.neuedu.dao.CartMapper.isAllChecked - <==      Total: 1
2019-11-03 23:38:51.922 [http-nio-8888-exec-5] DEBUG c.neuedu.dao.CartMapper.findCartByUserIdAndChecked - ==>  Preparing: select id, user_id, product_id, quantity, checked, create_time, update_time from neuedu_cart where user_id=? and checked=1 
2019-11-03 23:38:51.925 [http-nio-8888-exec-5] DEBUG c.neuedu.dao.CartMapper.findCartByUserIdAndChecked - ==> Parameters: 22(Integer)
2019-11-03 23:38:51.940 [http-nio-8888-exec-5] DEBUG c.neuedu.dao.CartMapper.findCartByUserIdAndChecked - <==      Total: 1
2019-11-03 23:38:56.980 [http-nio-8888-exec-5] DEBUG com.neuedu.dao.ProductMapper.selectByPrimaryKey - ==>  Preparing: select id, category_id, name, subtitle, main_image, price, stock, status, is_new, is_hot, is_banner, create_time, update_time , sub_images, detail from neuedu_product where id = ? 
2019-11-03 23:38:56.980 [http-nio-8888-exec-5] DEBUG com.neuedu.dao.ProductMapper.selectByPrimaryKey - ==> Parameters: 5(Integer)
2019-11-03 23:38:56.984 [http-nio-8888-exec-5] DEBUG com.neuedu.dao.ProductMapper.selectByPrimaryKey - <==      Total: 1
2019-11-03 23:40:13.625 [http-nio-8888-exec-5] DEBUG com.neuedu.dao.OrderMapper.insertSelective - ==>  Preparing: insert into neuedu_order ( user_id, order_no, shipping_id, payment, payment_type, postage, status, create_time, update_time ) values ( ?, ?, ?, ?, ?, ?, ?, now(),now() ) 
2019-11-03 23:40:13.652 [http-nio-8888-exec-5] DEBUG com.neuedu.dao.OrderMapper.insertSelective - ==> Parameters: 22(Integer), 1572795536999(Long), 32(Integer), 1780.0(BigDecimal), 1(Integer), 0(Integer), 10(Integer)
2019-11-03 23:40:13.678 [http-nio-8888-exec-5] DEBUG com.neuedu.dao.OrderMapper.insertSelective - <==    Updates: 1
2019-11-03 23:40:25.325 [http-nio-8888-exec-5] DEBUG com.neuedu.dao.Order_itemMapper.insertBatch - ==>  Preparing: insert into neuedu_order_item ( user_id, order_no, product_id, product_name, product_image, current_unit_price, quantity, total_price, create_time, update_time) values ( ?, ?, ?, ?, ?, ?, ?, ?, now(),now()) 
2019-11-03 23:40:25.327 [http-nio-8888-exec-5] DEBUG com.neuedu.dao.Order_itemMapper.insertBatch - ==> Parameters: 22(Integer), 1572795536999(Long), 5(Integer), 飞利浦（PHILIPS）E207L 直板按键 移动联通 老人手机 老年功能机  陨石黑(String), combanner.png(String), 178.00(BigDecimal), 10(Integer), 1780.00(BigDecimal)
2019-11-03 23:40:25.338 [http-nio-8888-exec-5] DEBUG com.neuedu.dao.Order_itemMapper.insertBatch - <==    Updates: 1
2019-11-03 23:40:25.347 [http-nio-8888-exec-5] DEBUG com.neuedu.dao.ProductMapper.selectByPrimaryKey - ==>  Preparing: select id, category_id, name, subtitle, main_image, price, stock, status, is_new, is_hot, is_banner, create_time, update_time , sub_images, detail from neuedu_product where id = ? 
2019-11-03 23:40:25.347 [http-nio-8888-exec-5] DEBUG com.neuedu.dao.ProductMapper.selectByPrimaryKey - ==> Parameters: 5(Integer)
2019-11-03 23:40:25.351 [http-nio-8888-exec-5] DEBUG com.neuedu.dao.ProductMapper.selectByPrimaryKey - <==      Total: 1
2019-11-03 23:40:25.359 [http-nio-8888-exec-5] DEBUG com.neuedu.dao.ProductMapper.reduceStock - ==>  Preparing: update neuedu_product set stock=? where id = ? 
2019-11-03 23:40:25.360 [http-nio-8888-exec-5] DEBUG com.neuedu.dao.ProductMapper.reduceStock - ==> Parameters: 9930(Integer), 5(Integer)
2019-11-03 23:40:25.366 [http-nio-8888-exec-5] DEBUG com.neuedu.dao.ProductMapper.reduceStock - <==    Updates: 1
2019-11-03 23:40:25.376 [http-nio-8888-exec-5] DEBUG com.neuedu.dao.CartMapper.deleteBatch - ==>  Preparing: delete from neuedu_cart WHERE id in ( ? ) 
2019-11-03 23:40:25.377 [http-nio-8888-exec-5] DEBUG com.neuedu.dao.CartMapper.deleteBatch - ==> Parameters: 129(Integer)
2019-11-03 23:40:25.386 [http-nio-8888-exec-5] DEBUG com.neuedu.dao.CartMapper.deleteBatch - <==    Updates: 1
2019-11-03 23:42:10.850 [http-nio-8888-exec-5] DEBUG com.neuedu.dao.ShippingMapper.selectByPrimaryKey - ==>  Preparing: select id, user_id, receiver_name, receiver_phone, receiver_mobile, receiver_province, receiver_city, receiver_district, receiver_address, receiver_zip, create_time, update_time from neuedu_shipping where id = ? 
2019-11-03 23:42:10.851 [http-nio-8888-exec-5] DEBUG com.neuedu.dao.ShippingMapper.selectByPrimaryKey - ==> Parameters: 32(Integer)
2019-11-03 23:42:10.855 [http-nio-8888-exec-5] DEBUG com.neuedu.dao.ShippingMapper.selectByPrimaryKey - <==      Total: 1
2019-11-03 23:42:46.447 [http-nio-8888-exec-1] DEBUG com.neuedu.dao.UserMapper.isExistsUsername - ==>  Preparing: select count(username) from neuedu_user where username=? 
2019-11-03 23:42:46.477 [http-nio-8888-exec-1] DEBUG com.neuedu.dao.UserMapper.isExistsUsername - ==> Parameters: admin(String)
2019-11-03 23:42:46.505 [http-nio-8888-exec-1] DEBUG com.neuedu.dao.UserMapper.isExistsUsername - <==      Total: 1
2019-11-03 23:42:46.518 [http-nio-8888-exec-1] DEBUG c.n.dao.UserMapper.findUserByUsernameAndPassword - ==>  Preparing: select id, username, password, email, phone, question, answer, role, create_time, update_time, ip from neuedu_user where username=? and password=? 
2019-11-03 23:42:46.519 [http-nio-8888-exec-1] DEBUG c.n.dao.UserMapper.findUserByUsernameAndPassword - ==> Parameters: admin(String), bdb6d566b450905606bde770c6cb92e8(String)
2019-11-03 23:42:46.523 [http-nio-8888-exec-1] DEBUG c.n.dao.UserMapper.findUserByUsernameAndPassword - <==      Total: 1
2019-11-03 23:42:56.452 [http-nio-8888-exec-3] DEBUG com.neuedu.dao.ProductMapper.selectByPrimaryKey - ==>  Preparing: select id, category_id, name, subtitle, main_image, price, stock, status, is_new, is_hot, is_banner, create_time, update_time , sub_images, detail from neuedu_product where id = ? 
2019-11-03 23:42:56.454 [http-nio-8888-exec-3] DEBUG com.neuedu.dao.ProductMapper.selectByPrimaryKey - ==> Parameters: 5(Integer)
2019-11-03 23:42:56.463 [http-nio-8888-exec-3] DEBUG com.neuedu.dao.ProductMapper.selectByPrimaryKey - <==      Total: 1
2019-11-03 23:42:56.473 [http-nio-8888-exec-3] DEBUG c.n.dao.CartMapper.findCartByUserIdAndProductId - ==>  Preparing: select id, user_id, product_id, quantity, checked, create_time, update_time from neuedu_cart where user_id=? and product_id=? 
2019-11-03 23:42:56.474 [http-nio-8888-exec-3] DEBUG c.n.dao.CartMapper.findCartByUserIdAndProductId - ==> Parameters: 22(Integer), 5(Integer)
2019-11-03 23:42:56.475 [http-nio-8888-exec-3] DEBUG c.n.dao.CartMapper.findCartByUserIdAndProductId - <==      Total: 0
2019-11-03 23:42:56.505 [http-nio-8888-exec-3] DEBUG com.neuedu.dao.CartMapper.insertSelective - ==>  Preparing: insert into neuedu_cart ( user_id, product_id, quantity, checked, create_time, update_time ) values ( ?, ?, ?, ?, now(), now() ) 
2019-11-03 23:42:56.506 [http-nio-8888-exec-3] DEBUG com.neuedu.dao.CartMapper.insertSelective - ==> Parameters: 22(Integer), 5(Integer), 10(Integer), 1(Integer)
2019-11-03 23:42:56.518 [http-nio-8888-exec-3] DEBUG com.neuedu.dao.CartMapper.insertSelective - <==    Updates: 1
2019-11-03 23:42:56.527 [http-nio-8888-exec-3] DEBUG com.neuedu.dao.CartMapper.findCartsByUserId - ==>  Preparing: select id, user_id, product_id, quantity, checked, create_time, update_time from neuedu_cart where user_id=? 
2019-11-03 23:42:56.527 [http-nio-8888-exec-3] DEBUG com.neuedu.dao.CartMapper.findCartsByUserId - ==> Parameters: 22(Integer)
2019-11-03 23:42:56.529 [http-nio-8888-exec-3] DEBUG com.neuedu.dao.CartMapper.findCartsByUserId - <==      Total: 1
2019-11-03 23:42:56.539 [http-nio-8888-exec-3] DEBUG com.neuedu.dao.ProductMapper.selectByPrimaryKey - ==>  Preparing: select id, category_id, name, subtitle, main_image, price, stock, status, is_new, is_hot, is_banner, create_time, update_time , sub_images, detail from neuedu_product where id = ? 
2019-11-03 23:42:56.539 [http-nio-8888-exec-3] DEBUG com.neuedu.dao.ProductMapper.selectByPrimaryKey - ==> Parameters: 5(Integer)
2019-11-03 23:42:56.543 [http-nio-8888-exec-3] DEBUG com.neuedu.dao.ProductMapper.selectByPrimaryKey - <==      Total: 1
2019-11-03 23:42:56.552 [http-nio-8888-exec-3] DEBUG com.neuedu.dao.CartMapper.isAllChecked - ==>  Preparing: select count(id) from neuedu_cart where user_id=? and checked=0 
2019-11-03 23:42:56.552 [http-nio-8888-exec-3] DEBUG com.neuedu.dao.CartMapper.isAllChecked - ==> Parameters: 22(Integer)
2019-11-03 23:42:56.554 [http-nio-8888-exec-3] DEBUG com.neuedu.dao.CartMapper.isAllChecked - <==      Total: 1
2019-11-03 23:43:08.527 [http-nio-8888-exec-4] DEBUG c.neuedu.dao.CartMapper.findCartByUserIdAndChecked - ==>  Preparing: select id, user_id, product_id, quantity, checked, create_time, update_time from neuedu_cart where user_id=? and checked=1 
2019-11-03 23:43:08.530 [http-nio-8888-exec-4] DEBUG c.neuedu.dao.CartMapper.findCartByUserIdAndChecked - ==> Parameters: 22(Integer)
2019-11-03 23:43:08.542 [http-nio-8888-exec-4] DEBUG c.neuedu.dao.CartMapper.findCartByUserIdAndChecked - <==      Total: 1
2019-11-03 23:43:08.550 [http-nio-8888-exec-4] DEBUG com.neuedu.dao.ProductMapper.selectByPrimaryKey - ==>  Preparing: select id, category_id, name, subtitle, main_image, price, stock, status, is_new, is_hot, is_banner, create_time, update_time , sub_images, detail from neuedu_product where id = ? 
2019-11-03 23:43:08.551 [http-nio-8888-exec-4] DEBUG com.neuedu.dao.ProductMapper.selectByPrimaryKey - ==> Parameters: 5(Integer)
2019-11-03 23:43:08.554 [http-nio-8888-exec-4] DEBUG com.neuedu.dao.ProductMapper.selectByPrimaryKey - <==      Total: 1
2019-11-03 23:43:08.566 [http-nio-8888-exec-4] DEBUG com.neuedu.dao.OrderMapper.insertSelective - ==>  Preparing: insert into neuedu_order ( user_id, order_no, shipping_id, payment, payment_type, postage, status, create_time, update_time ) values ( ?, ?, ?, ?, ?, ?, ?, now(),now() ) 
2019-11-03 23:43:08.571 [http-nio-8888-exec-4] DEBUG com.neuedu.dao.OrderMapper.insertSelective - ==> Parameters: 22(Integer), 1572795788603(Long), 32(Integer), 1780.0(BigDecimal), 1(Integer), 0(Integer), 10(Integer)
2019-11-03 23:43:08.582 [http-nio-8888-exec-4] DEBUG com.neuedu.dao.OrderMapper.insertSelective - <==    Updates: 1
2019-11-03 23:43:08.595 [http-nio-8888-exec-4] DEBUG com.neuedu.dao.Order_itemMapper.insertBatch - ==>  Preparing: insert into neuedu_order_item ( user_id, order_no, product_id, product_name, product_image, current_unit_price, quantity, total_price, create_time, update_time) values ( ?, ?, ?, ?, ?, ?, ?, ?, now(),now()) 
2019-11-03 23:43:08.597 [http-nio-8888-exec-4] DEBUG com.neuedu.dao.Order_itemMapper.insertBatch - ==> Parameters: 22(Integer), 1572795788603(Long), 5(Integer), 飞利浦（PHILIPS）E207L 直板按键 移动联通 老人手机 老年功能机  陨石黑(String), combanner.png(String), 178.00(BigDecimal), 10(Integer), 1780.00(BigDecimal)
2019-11-03 23:43:08.603 [http-nio-8888-exec-4] DEBUG com.neuedu.dao.Order_itemMapper.insertBatch - <==    Updates: 1
2019-11-03 23:43:08.611 [http-nio-8888-exec-4] DEBUG com.neuedu.dao.ProductMapper.selectByPrimaryKey - ==>  Preparing: select id, category_id, name, subtitle, main_image, price, stock, status, is_new, is_hot, is_banner, create_time, update_time , sub_images, detail from neuedu_product where id = ? 
2019-11-03 23:43:08.612 [http-nio-8888-exec-4] DEBUG com.neuedu.dao.ProductMapper.selectByPrimaryKey - ==> Parameters: 5(Integer)
2019-11-03 23:43:08.615 [http-nio-8888-exec-4] DEBUG com.neuedu.dao.ProductMapper.selectByPrimaryKey - <==      Total: 1
2019-11-03 23:43:08.625 [http-nio-8888-exec-4] DEBUG com.neuedu.dao.ProductMapper.reduceStock - ==>  Preparing: update neuedu_product set stock=? where id = ? 
2019-11-03 23:43:08.626 [http-nio-8888-exec-4] DEBUG com.neuedu.dao.ProductMapper.reduceStock - ==> Parameters: 9920(Integer), 5(Integer)
2019-11-03 23:43:08.632 [http-nio-8888-exec-4] DEBUG com.neuedu.dao.ProductMapper.reduceStock - <==    Updates: 1
2019-11-03 23:43:08.642 [http-nio-8888-exec-4] DEBUG com.neuedu.dao.CartMapper.deleteBatch - ==>  Preparing: delete from neuedu_cart WHERE id in ( ? ) 
2019-11-03 23:43:08.643 [http-nio-8888-exec-4] DEBUG com.neuedu.dao.CartMapper.deleteBatch - ==> Parameters: 130(Integer)
2019-11-03 23:43:08.654 [http-nio-8888-exec-4] DEBUG com.neuedu.dao.CartMapper.deleteBatch - <==    Updates: 1
2019-11-03 23:43:08.663 [http-nio-8888-exec-4] DEBUG com.neuedu.dao.ShippingMapper.selectByPrimaryKey - ==>  Preparing: select id, user_id, receiver_name, receiver_phone, receiver_mobile, receiver_province, receiver_city, receiver_district, receiver_address, receiver_zip, create_time, update_time from neuedu_shipping where id = ? 
2019-11-03 23:43:08.664 [http-nio-8888-exec-4] DEBUG com.neuedu.dao.ShippingMapper.selectByPrimaryKey - ==> Parameters: 32(Integer)
2019-11-03 23:43:08.667 [http-nio-8888-exec-4] DEBUG com.neuedu.dao.ShippingMapper.selectByPrimaryKey - <==      Total: 1
