2019-11-03 22:56:24.309 [main] INFO  com.neuedu.BusnessApplication - Starting BusnessApplication on 6IXHRL9EJ5D9T3Y with PID 2552 (E:\Java2\busness\target\classes started by Administrator in E:\Java2\busness)
2019-11-03 22:56:24.348 [main] INFO  com.neuedu.BusnessApplication - The following profiles are active: prod
2019-11-03 22:56:25.877 [main] INFO  o.s.boot.web.embedded.tomcat.TomcatWebServer - Tomcat initialized with port(s): 8888 (http)
2019-11-03 22:56:25.886 [main] INFO  org.apache.coyote.http11.Http11NioProtocol - Initializing ProtocolHandler ["http-nio-8888"]
2019-11-03 22:56:25.887 [main] INFO  org.apache.catalina.core.StandardService - Starting service [Tomcat]
2019-11-03 22:56:25.888 [main] INFO  org.apache.catalina.core.StandardEngine - Starting Servlet engine: [Apache Tomcat/9.0.27]
2019-11-03 22:56:26.041 [main] INFO  o.a.c.core.ContainerBase.[Tomcat].[localhost].[/] - Initializing Spring embedded WebApplicationContext
2019-11-03 22:56:26.041 [main] INFO  org.springframework.web.context.ContextLoader - Root WebApplicationContext: initialization completed in 1560 ms
2019-11-03 22:56:26.200 [main] INFO  c.a.d.s.b.a.DruidDataSourceAutoConfigure - Init DruidDataSource
2019-11-03 22:56:26.402 [main] INFO  com.alibaba.druid.pool.DruidDataSource - {dataSource-1} inited
2019-11-03 22:56:26.884 [main] INFO  com.alibaba.druid.pool.DruidDataSource - {dataSource-1} closed
2019-11-03 22:56:26.888 [main] INFO  org.apache.catalina.core.StandardService - Stopping service [Tomcat]
2019-11-03 22:56:26.902 [main] INFO  o.s.b.a.l.ConditionEvaluationReportLoggingListener - 

Error starting ApplicationContext. To display the conditions report re-run your application with 'debug' enabled.
2019-11-03 22:57:35.856 [main] INFO  com.neuedu.BusnessApplication - Starting BusnessApplication on 6IXHRL9EJ5D9T3Y with PID 15948 (E:\Java2\busness\target\classes started by Administrator in E:\Java2\busness)
2019-11-03 22:57:35.861 [main] INFO  com.neuedu.BusnessApplication - The following profiles are active: prod
2019-11-03 22:57:37.467 [main] INFO  o.s.boot.web.embedded.tomcat.TomcatWebServer - Tomcat initialized with port(s): 8888 (http)
2019-11-03 22:57:37.479 [main] INFO  org.apache.coyote.http11.Http11NioProtocol - Initializing ProtocolHandler ["http-nio-8888"]
2019-11-03 22:57:37.480 [main] INFO  org.apache.catalina.core.StandardService - Starting service [Tomcat]
2019-11-03 22:57:37.481 [main] INFO  org.apache.catalina.core.StandardEngine - Starting Servlet engine: [Apache Tomcat/9.0.27]
2019-11-03 22:57:37.628 [main] INFO  o.a.c.core.ContainerBase.[Tomcat].[localhost].[/] - Initializing Spring embedded WebApplicationContext
2019-11-03 22:57:37.628 [main] INFO  org.springframework.web.context.ContextLoader - Root WebApplicationContext: initialization completed in 1633 ms
2019-11-03 22:57:37.744 [main] INFO  c.a.d.s.b.a.DruidDataSourceAutoConfigure - Init DruidDataSource
2019-11-03 22:57:37.919 [main] INFO  com.alibaba.druid.pool.DruidDataSource - {dataSource-1} inited
2019-11-03 22:57:38.452 [main] INFO  o.s.scheduling.concurrent.ThreadPoolTaskExecutor - Initializing ExecutorService 'applicationTaskExecutor'
2019-11-03 22:57:38.772 [main] INFO  org.apache.coyote.http11.Http11NioProtocol - Starting ProtocolHandler ["http-nio-8888"]
2019-11-03 22:57:38.797 [main] INFO  o.s.boot.web.embedded.tomcat.TomcatWebServer - Tomcat started on port(s): 8888 (http) with context path ''
2019-11-03 22:57:38.802 [main] INFO  com.neuedu.BusnessApplication - Started BusnessApplication in 3.8 seconds (JVM running for 5.146)
2019-11-03 22:57:44.651 [http-nio-8888-exec-2] INFO  o.a.c.core.ContainerBase.[Tomcat].[localhost].[/] - Initializing Spring DispatcherServlet 'dispatcherServlet'
2019-11-03 22:57:44.651 [http-nio-8888-exec-2] INFO  org.springframework.web.servlet.DispatcherServlet - Initializing Servlet 'dispatcherServlet'
2019-11-03 22:57:44.659 [http-nio-8888-exec-2] INFO  org.springframework.web.servlet.DispatcherServlet - Completed initialization in 7 ms
2019-11-03 23:00:21.189 [main] INFO  com.neuedu.BusnessApplication - Starting BusnessApplication on 6IXHRL9EJ5D9T3Y with PID 16216 (E:\Java2\busness\target\classes started by Administrator in E:\Java2\busness)
2019-11-03 23:00:21.194 [main] INFO  com.neuedu.BusnessApplication - The following profiles are active: prod
2019-11-03 23:00:23.016 [main] INFO  o.s.boot.web.embedded.tomcat.TomcatWebServer - Tomcat initialized with port(s): 8888 (http)
2019-11-03 23:00:23.027 [main] INFO  org.apache.coyote.http11.Http11NioProtocol - Initializing ProtocolHandler ["http-nio-8888"]
2019-11-03 23:00:23.028 [main] INFO  org.apache.catalina.core.StandardService - Starting service [Tomcat]
2019-11-03 23:00:23.028 [main] INFO  org.apache.catalina.core.StandardEngine - Starting Servlet engine: [Apache Tomcat/9.0.27]
2019-11-03 23:00:23.163 [main] INFO  o.a.c.core.ContainerBase.[Tomcat].[localhost].[/] - Initializing Spring embedded WebApplicationContext
2019-11-03 23:00:23.163 [main] INFO  org.springframework.web.context.ContextLoader - Root WebApplicationContext: initialization completed in 1857 ms
2019-11-03 23:00:23.260 [main] INFO  c.a.d.s.b.a.DruidDataSourceAutoConfigure - Init DruidDataSource
2019-11-03 23:00:23.446 [main] INFO  com.alibaba.druid.pool.DruidDataSource - {dataSource-1} inited
2019-11-03 23:00:24.621 [main] INFO  o.s.scheduling.concurrent.ThreadPoolTaskExecutor - Initializing ExecutorService 'applicationTaskExecutor'
2019-11-03 23:00:25.475 [main] INFO  org.apache.coyote.http11.Http11NioProtocol - Starting ProtocolHandler ["http-nio-8888"]
2019-11-03 23:00:25.560 [main] INFO  o.s.boot.web.embedded.tomcat.TomcatWebServer - Tomcat started on port(s): 8888 (http) with context path ''
2019-11-03 23:00:25.566 [main] INFO  com.neuedu.BusnessApplication - Started BusnessApplication in 5.248 seconds (JVM running for 6.7)
2019-11-03 23:00:35.412 [main] INFO  com.neuedu.BusnessApplication - Starting BusnessApplication on 6IXHRL9EJ5D9T3Y with PID 13588 (E:\Java2\busness\target\classes started by Administrator in E:\Java2\busness)
2019-11-03 23:00:35.416 [main] INFO  com.neuedu.BusnessApplication - The following profiles are active: prod
2019-11-03 23:00:37.636 [main] INFO  o.s.boot.web.embedded.tomcat.TomcatWebServer - Tomcat initialized with port(s): 8888 (http)
2019-11-03 23:00:37.647 [main] INFO  org.apache.coyote.http11.Http11NioProtocol - Initializing ProtocolHandler ["http-nio-8888"]
2019-11-03 23:00:37.647 [main] INFO  org.apache.catalina.core.StandardService - Starting service [Tomcat]
2019-11-03 23:00:37.648 [main] INFO  org.apache.catalina.core.StandardEngine - Starting Servlet engine: [Apache Tomcat/9.0.27]
2019-11-03 23:00:37.786 [main] INFO  o.a.c.core.ContainerBase.[Tomcat].[localhost].[/] - Initializing Spring embedded WebApplicationContext
2019-11-03 23:00:37.786 [main] INFO  org.springframework.web.context.ContextLoader - Root WebApplicationContext: initialization completed in 2191 ms
2019-11-03 23:00:37.899 [main] INFO  c.a.d.s.b.a.DruidDataSourceAutoConfigure - Init DruidDataSource
2019-11-03 23:00:38.054 [main] INFO  com.alibaba.druid.pool.DruidDataSource - {dataSource-1} inited
2019-11-03 23:00:38.663 [main] INFO  o.s.scheduling.concurrent.ThreadPoolTaskExecutor - Initializing ExecutorService 'applicationTaskExecutor'
2019-11-03 23:00:38.927 [main] INFO  org.apache.coyote.http11.Http11NioProtocol - Starting ProtocolHandler ["http-nio-8888"]
2019-11-03 23:00:38.952 [main] INFO  o.s.boot.web.embedded.tomcat.TomcatWebServer - Tomcat started on port(s): 8888 (http) with context path ''
2019-11-03 23:00:38.956 [main] INFO  com.neuedu.BusnessApplication - Started BusnessApplication in 5.033 seconds (JVM running for 6.474)
2019-11-03 23:00:43.146 [main] INFO  com.neuedu.BusnessApplication - Starting BusnessApplication on 6IXHRL9EJ5D9T3Y with PID 13648 (E:\Java2\busness\target\classes started by Administrator in E:\Java2\busness)
2019-11-03 23:00:43.149 [main] INFO  com.neuedu.BusnessApplication - The following profiles are active: prod
2019-11-03 23:00:44.497 [main] INFO  o.s.boot.web.embedded.tomcat.TomcatWebServer - Tomcat initialized with port(s): 8888 (http)
2019-11-03 23:00:44.506 [main] INFO  org.apache.coyote.http11.Http11NioProtocol - Initializing ProtocolHandler ["http-nio-8888"]
2019-11-03 23:00:44.507 [main] INFO  org.apache.catalina.core.StandardService - Starting service [Tomcat]
2019-11-03 23:00:44.507 [main] INFO  org.apache.catalina.core.StandardEngine - Starting Servlet engine: [Apache Tomcat/9.0.27]
2019-11-03 23:00:44.638 [main] INFO  o.a.c.core.ContainerBase.[Tomcat].[localhost].[/] - Initializing Spring embedded WebApplicationContext
2019-11-03 23:00:44.638 [main] INFO  org.springframework.web.context.ContextLoader - Root WebApplicationContext: initialization completed in 1379 ms
2019-11-03 23:00:44.736 [main] INFO  c.a.d.s.b.a.DruidDataSourceAutoConfigure - Init DruidDataSource
2019-11-03 23:00:44.955 [main] INFO  com.alibaba.druid.pool.DruidDataSource - {dataSource-1} inited
2019-11-03 23:00:45.590 [main] INFO  o.s.scheduling.concurrent.ThreadPoolTaskExecutor - Initializing ExecutorService 'applicationTaskExecutor'
2019-11-03 23:00:45.860 [main] INFO  org.apache.coyote.http11.Http11NioProtocol - Starting ProtocolHandler ["http-nio-8888"]
2019-11-03 23:00:45.885 [main] INFO  o.s.boot.web.embedded.tomcat.TomcatWebServer - Tomcat started on port(s): 8888 (http) with context path ''
2019-11-03 23:00:45.891 [main] INFO  com.neuedu.BusnessApplication - Started BusnessApplication in 3.652 seconds (JVM running for 5.025)
2019-11-03 23:00:51.379 [http-nio-8888-exec-2] INFO  o.a.c.core.ContainerBase.[Tomcat].[localhost].[/] - Initializing Spring DispatcherServlet 'dispatcherServlet'
2019-11-03 23:00:51.379 [http-nio-8888-exec-2] INFO  org.springframework.web.servlet.DispatcherServlet - Initializing Servlet 'dispatcherServlet'
2019-11-03 23:00:51.388 [http-nio-8888-exec-2] INFO  org.springframework.web.servlet.DispatcherServlet - Completed initialization in 9 ms
2019-11-03 23:01:27.483 [main] INFO  com.neuedu.BusnessApplication - Starting BusnessApplication on 6IXHRL9EJ5D9T3Y with PID 8364 (E:\Java2\busness\target\classes started by Administrator in E:\Java2\busness)
2019-11-03 23:01:27.488 [main] INFO  com.neuedu.BusnessApplication - The following profiles are active: prod
2019-11-03 23:01:29.226 [main] INFO  o.s.boot.web.embedded.tomcat.TomcatWebServer - Tomcat initialized with port(s): 8888 (http)
2019-11-03 23:01:29.236 [main] INFO  org.apache.coyote.http11.Http11NioProtocol - Initializing ProtocolHandler ["http-nio-8888"]
2019-11-03 23:01:29.238 [main] INFO  org.apache.catalina.core.StandardService - Starting service [Tomcat]
2019-11-03 23:01:29.238 [main] INFO  org.apache.catalina.core.StandardEngine - Starting Servlet engine: [Apache Tomcat/9.0.27]
2019-11-03 23:01:29.367 [main] INFO  o.a.c.core.ContainerBase.[Tomcat].[localhost].[/] - Initializing Spring embedded WebApplicationContext
2019-11-03 23:01:29.368 [main] INFO  org.springframework.web.context.ContextLoader - Root WebApplicationContext: initialization completed in 1749 ms
2019-11-03 23:01:29.466 [main] INFO  c.a.d.s.b.a.DruidDataSourceAutoConfigure - Init DruidDataSource
2019-11-03 23:01:29.610 [main] INFO  com.alibaba.druid.pool.DruidDataSource - {dataSource-1} inited
2019-11-03 23:01:30.156 [main] INFO  o.s.scheduling.concurrent.ThreadPoolTaskExecutor - Initializing ExecutorService 'applicationTaskExecutor'
2019-11-03 23:01:30.429 [main] INFO  org.apache.coyote.http11.Http11NioProtocol - Starting ProtocolHandler ["http-nio-8888"]
2019-11-03 23:01:30.453 [main] INFO  o.s.boot.web.embedded.tomcat.TomcatWebServer - Tomcat started on port(s): 8888 (http) with context path ''
2019-11-03 23:01:30.458 [main] INFO  com.neuedu.BusnessApplication - Started BusnessApplication in 3.858 seconds (JVM running for 5.197)
2019-11-03 23:01:35.594 [http-nio-8888-exec-2] INFO  o.a.c.core.ContainerBase.[Tomcat].[localhost].[/] - Initializing Spring DispatcherServlet 'dispatcherServlet'
2019-11-03 23:01:35.595 [http-nio-8888-exec-2] INFO  org.springframework.web.servlet.DispatcherServlet - Initializing Servlet 'dispatcherServlet'
2019-11-03 23:01:35.603 [http-nio-8888-exec-2] INFO  org.springframework.web.servlet.DispatcherServlet - Completed initialization in 8 ms
2019-11-03 23:02:14.466 [main] INFO  com.neuedu.BusnessApplication - Starting BusnessApplication on 6IXHRL9EJ5D9T3Y with PID 16468 (E:\Java2\busness\target\classes started by Administrator in E:\Java2\busness)
2019-11-03 23:02:14.470 [main] INFO  com.neuedu.BusnessApplication - The following profiles are active: prod
2019-11-03 23:02:15.979 [main] INFO  o.s.boot.web.embedded.tomcat.TomcatWebServer - Tomcat initialized with port(s): 8888 (http)
2019-11-03 23:02:15.990 [main] INFO  org.apache.coyote.http11.Http11NioProtocol - Initializing ProtocolHandler ["http-nio-8888"]
2019-11-03 23:02:15.993 [main] INFO  org.apache.catalina.core.StandardService - Starting service [Tomcat]
2019-11-03 23:02:15.993 [main] INFO  org.apache.catalina.core.StandardEngine - Starting Servlet engine: [Apache Tomcat/9.0.27]
2019-11-03 23:02:16.152 [main] INFO  o.a.c.core.ContainerBase.[Tomcat].[localhost].[/] - Initializing Spring embedded WebApplicationContext
2019-11-03 23:02:16.153 [main] INFO  org.springframework.web.context.ContextLoader - Root WebApplicationContext: initialization completed in 1585 ms
2019-11-03 23:02:16.268 [main] INFO  c.a.d.s.b.a.DruidDataSourceAutoConfigure - Init DruidDataSource
2019-11-03 23:02:16.423 [main] INFO  com.alibaba.druid.pool.DruidDataSource - {dataSource-1} inited
2019-11-03 23:02:16.936 [main] INFO  o.s.scheduling.concurrent.ThreadPoolTaskExecutor - Initializing ExecutorService 'applicationTaskExecutor'
2019-11-03 23:02:17.225 [main] INFO  org.apache.coyote.http11.Http11NioProtocol - Starting ProtocolHandler ["http-nio-8888"]
2019-11-03 23:02:17.254 [main] INFO  o.s.boot.web.embedded.tomcat.TomcatWebServer - Tomcat started on port(s): 8888 (http) with context path ''
2019-11-03 23:02:17.261 [main] INFO  com.neuedu.BusnessApplication - Started BusnessApplication in 3.663 seconds (JVM running for 4.971)
2019-11-03 23:02:21.127 [http-nio-8888-exec-2] INFO  o.a.c.core.ContainerBase.[Tomcat].[localhost].[/] - Initializing Spring DispatcherServlet 'dispatcherServlet'
2019-11-03 23:02:21.127 [http-nio-8888-exec-2] INFO  org.springframework.web.servlet.DispatcherServlet - Initializing Servlet 'dispatcherServlet'
2019-11-03 23:02:21.135 [http-nio-8888-exec-2] INFO  org.springframework.web.servlet.DispatcherServlet - Completed initialization in 7 ms
2019-11-03 23:04:40.203 [main] INFO  com.neuedu.BusnessApplication - Starting BusnessApplication on 6IXHRL9EJ5D9T3Y with PID 15092 (E:\Java2\busness\target\classes started by Administrator in E:\Java2\busness)
2019-11-03 23:04:40.208 [main] INFO  com.neuedu.BusnessApplication - The following profiles are active: prod
2019-11-03 23:04:41.761 [main] INFO  o.s.boot.web.embedded.tomcat.TomcatWebServer - Tomcat initialized with port(s): 8888 (http)
2019-11-03 23:04:41.772 [main] INFO  org.apache.coyote.http11.Http11NioProtocol - Initializing ProtocolHandler ["http-nio-8888"]
2019-11-03 23:04:41.774 [main] INFO  org.apache.catalina.core.StandardService - Starting service [Tomcat]
2019-11-03 23:04:41.774 [main] INFO  org.apache.catalina.core.StandardEngine - Starting Servlet engine: [Apache Tomcat/9.0.27]
2019-11-03 23:04:41.902 [main] INFO  o.a.c.core.ContainerBase.[Tomcat].[localhost].[/] - Initializing Spring embedded WebApplicationContext
2019-11-03 23:04:41.903 [main] INFO  org.springframework.web.context.ContextLoader - Root WebApplicationContext: initialization completed in 1618 ms
2019-11-03 23:04:42.004 [main] INFO  c.a.d.s.b.a.DruidDataSourceAutoConfigure - Init DruidDataSource
2019-11-03 23:04:42.161 [main] INFO  com.alibaba.druid.pool.DruidDataSource - {dataSource-1} inited
2019-11-03 23:04:42.694 [main] INFO  o.s.scheduling.concurrent.ThreadPoolTaskExecutor - Initializing ExecutorService 'applicationTaskExecutor'
2019-11-03 23:04:42.964 [main] INFO  org.apache.coyote.http11.Http11NioProtocol - Starting ProtocolHandler ["http-nio-8888"]
2019-11-03 23:04:42.988 [main] INFO  o.s.boot.web.embedded.tomcat.TomcatWebServer - Tomcat started on port(s): 8888 (http) with context path ''
2019-11-03 23:04:42.992 [main] INFO  com.neuedu.BusnessApplication - Started BusnessApplication in 3.731 seconds (JVM running for 5.013)
2019-11-03 23:04:52.469 [http-nio-8888-exec-2] INFO  o.a.c.core.ContainerBase.[Tomcat].[localhost].[/] - Initializing Spring DispatcherServlet 'dispatcherServlet'
2019-11-03 23:04:52.470 [http-nio-8888-exec-2] INFO  org.springframework.web.servlet.DispatcherServlet - Initializing Servlet 'dispatcherServlet'
2019-11-03 23:04:52.479 [http-nio-8888-exec-2] INFO  org.springframework.web.servlet.DispatcherServlet - Completed initialization in 8 ms
2019-11-03 23:09:29.572 [main] INFO  com.neuedu.BusnessApplication - Starting BusnessApplication on 6IXHRL9EJ5D9T3Y with PID 15960 (E:\Java2\busness\target\classes started by Administrator in E:\Java2\busness)
2019-11-03 23:09:29.580 [main] INFO  com.neuedu.BusnessApplication - The following profiles are active: prod
2019-11-03 23:09:31.196 [main] INFO  o.s.boot.web.embedded.tomcat.TomcatWebServer - Tomcat initialized with port(s): 8888 (http)
2019-11-03 23:09:31.206 [main] INFO  org.apache.coyote.http11.Http11NioProtocol - Initializing ProtocolHandler ["http-nio-8888"]
2019-11-03 23:09:31.207 [main] INFO  org.apache.catalina.core.StandardService - Starting service [Tomcat]
2019-11-03 23:09:31.207 [main] INFO  org.apache.catalina.core.StandardEngine - Starting Servlet engine: [Apache Tomcat/9.0.27]
2019-11-03 23:09:31.369 [main] INFO  o.a.c.core.ContainerBase.[Tomcat].[localhost].[/] - Initializing Spring embedded WebApplicationContext
2019-11-03 23:09:31.370 [main] INFO  org.springframework.web.context.ContextLoader - Root WebApplicationContext: initialization completed in 1714 ms
2019-11-03 23:09:31.489 [main] INFO  c.a.d.s.b.a.DruidDataSourceAutoConfigure - Init DruidDataSource
2019-11-03 23:09:31.657 [main] INFO  com.alibaba.druid.pool.DruidDataSource - {dataSource-1} inited
2019-11-03 23:09:32.227 [main] INFO  o.s.scheduling.concurrent.ThreadPoolTaskExecutor - Initializing ExecutorService 'applicationTaskExecutor'
2019-11-03 23:09:32.501 [main] INFO  org.apache.coyote.http11.Http11NioProtocol - Starting ProtocolHandler ["http-nio-8888"]
2019-11-03 23:09:32.526 [main] INFO  o.s.boot.web.embedded.tomcat.TomcatWebServer - Tomcat started on port(s): 8888 (http) with context path ''
2019-11-03 23:09:32.530 [main] INFO  com.neuedu.BusnessApplication - Started BusnessApplication in 3.888 seconds (JVM running for 5.155)
2019-11-03 23:09:36.589 [http-nio-8888-exec-2] INFO  o.a.c.core.ContainerBase.[Tomcat].[localhost].[/] - Initializing Spring DispatcherServlet 'dispatcherServlet'
2019-11-03 23:09:36.589 [http-nio-8888-exec-2] INFO  org.springframework.web.servlet.DispatcherServlet - Initializing Servlet 'dispatcherServlet'
2019-11-03 23:09:36.596 [http-nio-8888-exec-2] INFO  org.springframework.web.servlet.DispatcherServlet - Completed initialization in 7 ms
2019-11-03 23:11:40.927 [main] INFO  com.neuedu.BusnessApplication - Starting BusnessApplication on 6IXHRL9EJ5D9T3Y with PID 16772 (E:\Java2\busness\target\classes started by Administrator in E:\Java2\busness)
2019-11-03 23:11:40.931 [main] INFO  com.neuedu.BusnessApplication - The following profiles are active: prod
2019-11-03 23:11:42.620 [main] INFO  o.s.boot.web.embedded.tomcat.TomcatWebServer - Tomcat initialized with port(s): 8888 (http)
2019-11-03 23:11:42.631 [main] INFO  org.apache.coyote.http11.Http11NioProtocol - Initializing ProtocolHandler ["http-nio-8888"]
2019-11-03 23:11:42.632 [main] INFO  org.apache.catalina.core.StandardService - Starting service [Tomcat]
2019-11-03 23:11:42.633 [main] INFO  org.apache.catalina.core.StandardEngine - Starting Servlet engine: [Apache Tomcat/9.0.27]
2019-11-03 23:11:42.786 [main] INFO  o.a.c.core.ContainerBase.[Tomcat].[localhost].[/] - Initializing Spring embedded WebApplicationContext
2019-11-03 23:11:42.786 [main] INFO  org.springframework.web.context.ContextLoader - Root WebApplicationContext: initialization completed in 1766 ms
2019-11-03 23:11:42.901 [main] INFO  c.a.d.s.b.a.DruidDataSourceAutoConfigure - Init DruidDataSource
2019-11-03 23:11:43.065 [main] INFO  com.alibaba.druid.pool.DruidDataSource - {dataSource-1} inited
2019-11-03 23:11:43.577 [main] INFO  o.s.scheduling.concurrent.ThreadPoolTaskExecutor - Initializing ExecutorService 'applicationTaskExecutor'
2019-11-03 23:11:43.872 [main] INFO  org.apache.coyote.http11.Http11NioProtocol - Starting ProtocolHandler ["http-nio-8888"]
2019-11-03 23:11:43.902 [main] INFO  o.s.boot.web.embedded.tomcat.TomcatWebServer - Tomcat started on port(s): 8888 (http) with context path ''
2019-11-03 23:11:43.906 [main] INFO  com.neuedu.BusnessApplication - Started BusnessApplication in 3.869 seconds (JVM running for 5.165)
2019-11-03 23:11:48.818 [http-nio-8888-exec-1] INFO  o.a.c.core.ContainerBase.[Tomcat].[localhost].[/] - Initializing Spring DispatcherServlet 'dispatcherServlet'
2019-11-03 23:11:48.819 [http-nio-8888-exec-1] INFO  org.springframework.web.servlet.DispatcherServlet - Initializing Servlet 'dispatcherServlet'
2019-11-03 23:11:48.827 [http-nio-8888-exec-1] INFO  org.springframework.web.servlet.DispatcherServlet - Completed initialization in 8 ms
2019-11-03 23:12:23.965 [main] INFO  com.neuedu.BusnessApplication - Starting BusnessApplication on 6IXHRL9EJ5D9T3Y with PID 15600 (E:\Java2\busness\target\classes started by Administrator in E:\Java2\busness)
2019-11-03 23:12:23.976 [main] INFO  com.neuedu.BusnessApplication - The following profiles are active: prod
2019-11-03 23:12:25.457 [main] INFO  o.s.boot.web.embedded.tomcat.TomcatWebServer - Tomcat initialized with port(s): 8888 (http)
2019-11-03 23:12:25.467 [main] INFO  org.apache.coyote.http11.Http11NioProtocol - Initializing ProtocolHandler ["http-nio-8888"]
2019-11-03 23:12:25.468 [main] INFO  org.apache.catalina.core.StandardService - Starting service [Tomcat]
2019-11-03 23:12:25.468 [main] INFO  org.apache.catalina.core.StandardEngine - Starting Servlet engine: [Apache Tomcat/9.0.27]
2019-11-03 23:12:25.595 [main] INFO  o.a.c.core.ContainerBase.[Tomcat].[localhost].[/] - Initializing Spring embedded WebApplicationContext
2019-11-03 23:12:25.595 [main] INFO  org.springframework.web.context.ContextLoader - Root WebApplicationContext: initialization completed in 1533 ms
2019-11-03 23:12:25.695 [main] INFO  c.a.d.s.b.a.DruidDataSourceAutoConfigure - Init DruidDataSource
2019-11-03 23:12:25.841 [main] INFO  com.alibaba.druid.pool.DruidDataSource - {dataSource-1} inited
2019-11-03 23:12:26.352 [main] INFO  o.s.scheduling.concurrent.ThreadPoolTaskExecutor - Initializing ExecutorService 'applicationTaskExecutor'
2019-11-03 23:12:26.630 [main] INFO  org.apache.coyote.http11.Http11NioProtocol - Starting ProtocolHandler ["http-nio-8888"]
2019-11-03 23:12:26.663 [main] INFO  o.s.boot.web.embedded.tomcat.TomcatWebServer - Tomcat started on port(s): 8888 (http) with context path ''
2019-11-03 23:12:26.668 [main] INFO  com.neuedu.BusnessApplication - Started BusnessApplication in 3.575 seconds (JVM running for 4.909)
2019-11-03 23:12:31.553 [http-nio-8888-exec-2] INFO  o.a.c.core.ContainerBase.[Tomcat].[localhost].[/] - Initializing Spring DispatcherServlet 'dispatcherServlet'
2019-11-03 23:12:31.553 [http-nio-8888-exec-2] INFO  org.springframework.web.servlet.DispatcherServlet - Initializing Servlet 'dispatcherServlet'
2019-11-03 23:12:31.561 [http-nio-8888-exec-2] INFO  org.springframework.web.servlet.DispatcherServlet - Completed initialization in 8 ms
2019-11-03 23:13:16.036 [main] INFO  com.neuedu.BusnessApplication - Starting BusnessApplication on 6IXHRL9EJ5D9T3Y with PID 3096 (E:\Java2\busness\target\classes started by Administrator in E:\Java2\busness)
2019-11-03 23:13:16.039 [main] INFO  com.neuedu.BusnessApplication - The following profiles are active: prod
2019-11-03 23:13:17.506 [main] INFO  o.s.boot.web.embedded.tomcat.TomcatWebServer - Tomcat initialized with port(s): 8888 (http)
2019-11-03 23:13:17.515 [main] INFO  org.apache.coyote.http11.Http11NioProtocol - Initializing ProtocolHandler ["http-nio-8888"]
2019-11-03 23:13:17.516 [main] INFO  org.apache.catalina.core.StandardService - Starting service [Tomcat]
2019-11-03 23:13:17.517 [main] INFO  org.apache.catalina.core.StandardEngine - Starting Servlet engine: [Apache Tomcat/9.0.27]
2019-11-03 23:13:17.650 [main] INFO  o.a.c.core.ContainerBase.[Tomcat].[localhost].[/] - Initializing Spring embedded WebApplicationContext
2019-11-03 23:13:17.650 [main] INFO  org.springframework.web.context.ContextLoader - Root WebApplicationContext: initialization completed in 1539 ms
2019-11-03 23:13:17.756 [main] INFO  c.a.d.s.b.a.DruidDataSourceAutoConfigure - Init DruidDataSource
2019-11-03 23:13:17.917 [main] INFO  com.alibaba.druid.pool.DruidDataSource - {dataSource-1} inited
2019-11-03 23:13:18.414 [main] INFO  o.s.scheduling.concurrent.ThreadPoolTaskExecutor - Initializing ExecutorService 'applicationTaskExecutor'
2019-11-03 23:13:18.669 [main] INFO  org.apache.coyote.http11.Http11NioProtocol - Starting ProtocolHandler ["http-nio-8888"]
2019-11-03 23:13:18.692 [main] INFO  o.s.boot.web.embedded.tomcat.TomcatWebServer - Tomcat started on port(s): 8888 (http) with context path ''
2019-11-03 23:13:18.697 [main] INFO  com.neuedu.BusnessApplication - Started BusnessApplication in 3.545 seconds (JVM running for 4.917)
2019-11-03 23:13:23.476 [http-nio-8888-exec-1] INFO  o.a.c.core.ContainerBase.[Tomcat].[localhost].[/] - Initializing Spring DispatcherServlet 'dispatcherServlet'
2019-11-03 23:13:23.476 [http-nio-8888-exec-1] INFO  org.springframework.web.servlet.DispatcherServlet - Initializing Servlet 'dispatcherServlet'
2019-11-03 23:13:23.482 [http-nio-8888-exec-1] INFO  org.springframework.web.servlet.DispatcherServlet - Completed initialization in 5 ms
2019-11-03 23:23:41.709 [main] INFO  com.neuedu.BusnessApplication - Starting BusnessApplication on 6IXHRL9EJ5D9T3Y with PID 15396 (E:\Java2\busness\target\classes started by Administrator in E:\Java2\busness)
2019-11-03 23:23:41.713 [main] INFO  com.neuedu.BusnessApplication - The following profiles are active: prod
2019-11-03 23:23:43.394 [main] INFO  o.s.boot.web.embedded.tomcat.TomcatWebServer - Tomcat initialized with port(s): 8888 (http)
2019-11-03 23:23:43.405 [main] INFO  org.apache.coyote.http11.Http11NioProtocol - Initializing ProtocolHandler ["http-nio-8888"]
2019-11-03 23:23:43.406 [main] INFO  org.apache.catalina.core.StandardService - Starting service [Tomcat]
2019-11-03 23:23:43.406 [main] INFO  org.apache.catalina.core.StandardEngine - Starting Servlet engine: [Apache Tomcat/9.0.27]
2019-11-03 23:23:43.544 [main] INFO  o.a.c.core.ContainerBase.[Tomcat].[localhost].[/] - Initializing Spring embedded WebApplicationContext
2019-11-03 23:23:43.544 [main] INFO  org.springframework.web.context.ContextLoader - Root WebApplicationContext: initialization completed in 1665 ms
2019-11-03 23:23:43.646 [main] INFO  c.a.d.s.b.a.DruidDataSourceAutoConfigure - Init DruidDataSource
2019-11-03 23:23:43.799 [main] INFO  com.alibaba.druid.pool.DruidDataSource - {dataSource-1} inited
2019-11-03 23:23:44.410 [main] INFO  o.s.scheduling.concurrent.ThreadPoolTaskExecutor - Initializing ExecutorService 'applicationTaskExecutor'
2019-11-03 23:23:44.699 [main] INFO  org.apache.coyote.http11.Http11NioProtocol - Starting ProtocolHandler ["http-nio-8888"]
2019-11-03 23:23:44.723 [main] INFO  o.s.boot.web.embedded.tomcat.TomcatWebServer - Tomcat started on port(s): 8888 (http) with context path ''
2019-11-03 23:23:44.727 [main] INFO  com.neuedu.BusnessApplication - Started BusnessApplication in 3.965 seconds (JVM running for 5.285)
2019-11-03 23:23:48.487 [http-nio-8888-exec-2] INFO  o.a.c.core.ContainerBase.[Tomcat].[localhost].[/] - Initializing Spring DispatcherServlet 'dispatcherServlet'
2019-11-03 23:23:48.487 [http-nio-8888-exec-2] INFO  org.springframework.web.servlet.DispatcherServlet - Initializing Servlet 'dispatcherServlet'
2019-11-03 23:23:48.495 [http-nio-8888-exec-2] INFO  org.springframework.web.servlet.DispatcherServlet - Completed initialization in 8 ms
2019-11-03 23:24:33.865 [main] INFO  com.neuedu.BusnessApplication - Starting BusnessApplication on 6IXHRL9EJ5D9T3Y with PID 17340 (E:\Java2\busness\target\classes started by Administrator in E:\Java2\busness)
2019-11-03 23:24:33.872 [main] INFO  com.neuedu.BusnessApplication - The following profiles are active: prod
2019-11-03 23:24:35.435 [main] INFO  o.s.boot.web.embedded.tomcat.TomcatWebServer - Tomcat initialized with port(s): 8888 (http)
2019-11-03 23:24:35.448 [main] INFO  org.apache.coyote.http11.Http11NioProtocol - Initializing ProtocolHandler ["http-nio-8888"]
2019-11-03 23:24:35.449 [main] INFO  org.apache.catalina.core.StandardService - Starting service [Tomcat]
2019-11-03 23:24:35.450 [main] INFO  org.apache.catalina.core.StandardEngine - Starting Servlet engine: [Apache Tomcat/9.0.27]
2019-11-03 23:24:35.592 [main] INFO  o.a.c.core.ContainerBase.[Tomcat].[localhost].[/] - Initializing Spring embedded WebApplicationContext
2019-11-03 23:24:35.593 [main] INFO  org.springframework.web.context.ContextLoader - Root WebApplicationContext: initialization completed in 1627 ms
2019-11-03 23:24:35.720 [main] INFO  c.a.d.s.b.a.DruidDataSourceAutoConfigure - Init DruidDataSource
2019-11-03 23:24:35.911 [main] INFO  com.alibaba.druid.pool.DruidDataSource - {dataSource-1} inited
2019-11-03 23:24:36.526 [main] INFO  o.s.scheduling.concurrent.ThreadPoolTaskExecutor - Initializing ExecutorService 'applicationTaskExecutor'
2019-11-03 23:24:36.893 [main] INFO  org.apache.coyote.http11.Http11NioProtocol - Starting ProtocolHandler ["http-nio-8888"]
2019-11-03 23:24:36.926 [main] INFO  o.s.boot.web.embedded.tomcat.TomcatWebServer - Tomcat started on port(s): 8888 (http) with context path ''
2019-11-03 23:24:36.931 [main] INFO  com.neuedu.BusnessApplication - Started BusnessApplication in 4.208 seconds (JVM running for 6.666)
2019-11-03 23:25:30.627 [http-nio-8888-exec-2] INFO  o.a.c.core.ContainerBase.[Tomcat].[localhost].[/] - Initializing Spring DispatcherServlet 'dispatcherServlet'
2019-11-03 23:25:30.628 [http-nio-8888-exec-2] INFO  org.springframework.web.servlet.DispatcherServlet - Initializing Servlet 'dispatcherServlet'
2019-11-03 23:25:30.639 [http-nio-8888-exec-2] INFO  org.springframework.web.servlet.DispatcherServlet - Completed initialization in 11 ms
2019-11-03 23:33:02.673 [SpringContextShutdownHook] INFO  o.s.scheduling.concurrent.ThreadPoolTaskExecutor - Shutting down ExecutorService 'applicationTaskExecutor'
2019-11-03 23:33:02.677 [SpringContextShutdownHook] INFO  com.alibaba.druid.pool.DruidDataSource - {dataSource-1} closed
2019-11-03 23:33:09.947 [main] INFO  com.neuedu.BusnessApplication - Starting BusnessApplication on 6IXHRL9EJ5D9T3Y with PID 9936 (E:\Java2\busness\target\classes started by Administrator in E:\Java2\busness)
2019-11-03 23:33:09.950 [main] INFO  com.neuedu.BusnessApplication - The following profiles are active: prod
2019-11-03 23:33:11.441 [main] INFO  o.s.boot.web.embedded.tomcat.TomcatWebServer - Tomcat initialized with port(s): 8888 (http)
2019-11-03 23:33:11.454 [main] INFO  org.apache.coyote.http11.Http11NioProtocol - Initializing ProtocolHandler ["http-nio-8888"]
2019-11-03 23:33:11.456 [main] INFO  org.apache.catalina.core.StandardService - Starting service [Tomcat]
2019-11-03 23:33:11.456 [main] INFO  org.apache.catalina.core.StandardEngine - Starting Servlet engine: [Apache Tomcat/9.0.27]
2019-11-03 23:33:11.589 [main] INFO  o.a.c.core.ContainerBase.[Tomcat].[localhost].[/] - Initializing Spring embedded WebApplicationContext
2019-11-03 23:33:11.589 [main] INFO  org.springframework.web.context.ContextLoader - Root WebApplicationContext: initialization completed in 1541 ms
2019-11-03 23:33:11.687 [main] INFO  c.a.d.s.b.a.DruidDataSourceAutoConfigure - Init DruidDataSource
2019-11-03 23:33:11.855 [main] INFO  com.alibaba.druid.pool.DruidDataSource - {dataSource-1} inited
2019-11-03 23:33:12.446 [main] INFO  o.s.scheduling.concurrent.ThreadPoolTaskExecutor - Initializing ExecutorService 'applicationTaskExecutor'
2019-11-03 23:33:12.705 [main] INFO  org.apache.coyote.http11.Http11NioProtocol - Starting ProtocolHandler ["http-nio-8888"]
2019-11-03 23:33:12.732 [main] INFO  o.s.boot.web.embedded.tomcat.TomcatWebServer - Tomcat started on port(s): 8888 (http) with context path ''
2019-11-03 23:33:12.737 [main] INFO  com.neuedu.BusnessApplication - Started BusnessApplication in 3.812 seconds (JVM running for 5.207)
2019-11-03 23:33:18.618 [http-nio-8888-exec-2] INFO  o.a.c.core.ContainerBase.[Tomcat].[localhost].[/] - Initializing Spring DispatcherServlet 'dispatcherServlet'
2019-11-03 23:33:18.619 [http-nio-8888-exec-2] INFO  org.springframework.web.servlet.DispatcherServlet - Initializing Servlet 'dispatcherServlet'
2019-11-03 23:33:18.625 [http-nio-8888-exec-2] INFO  org.springframework.web.servlet.DispatcherServlet - Completed initialization in 6 ms
2019-11-03 23:34:12.310 [main] INFO  com.neuedu.BusnessApplication - Starting BusnessApplication on 6IXHRL9EJ5D9T3Y with PID 12732 (E:\Java2\busness\target\classes started by Administrator in E:\Java2\busness)
2019-11-03 23:34:12.314 [main] INFO  com.neuedu.BusnessApplication - The following profiles are active: prod
2019-11-03 23:34:13.836 [main] INFO  o.s.boot.web.embedded.tomcat.TomcatWebServer - Tomcat initialized with port(s): 8888 (http)
2019-11-03 23:34:13.847 [main] INFO  org.apache.coyote.http11.Http11NioProtocol - Initializing ProtocolHandler ["http-nio-8888"]
2019-11-03 23:34:13.848 [main] INFO  org.apache.catalina.core.StandardService - Starting service [Tomcat]
2019-11-03 23:34:13.848 [main] INFO  org.apache.catalina.core.StandardEngine - Starting Servlet engine: [Apache Tomcat/9.0.27]
2019-11-03 23:34:13.982 [main] INFO  o.a.c.core.ContainerBase.[Tomcat].[localhost].[/] - Initializing Spring embedded WebApplicationContext
2019-11-03 23:34:13.982 [main] INFO  org.springframework.web.context.ContextLoader - Root WebApplicationContext: initialization completed in 1574 ms
2019-11-03 23:34:14.085 [main] INFO  c.a.d.s.b.a.DruidDataSourceAutoConfigure - Init DruidDataSource
2019-11-03 23:34:14.239 [main] INFO  com.alibaba.druid.pool.DruidDataSource - {dataSource-1} inited
2019-11-03 23:34:14.786 [main] INFO  o.s.scheduling.concurrent.ThreadPoolTaskExecutor - Initializing ExecutorService 'applicationTaskExecutor'
2019-11-03 23:34:15.055 [main] INFO  org.apache.coyote.http11.Http11NioProtocol - Starting ProtocolHandler ["http-nio-8888"]
2019-11-03 23:34:15.081 [main] INFO  o.s.boot.web.embedded.tomcat.TomcatWebServer - Tomcat started on port(s): 8888 (http) with context path ''
2019-11-03 23:34:15.085 [main] INFO  com.neuedu.BusnessApplication - Started BusnessApplication in 3.652 seconds (JVM running for 4.941)
2019-11-03 23:34:21.839 [http-nio-8888-exec-2] INFO  o.a.c.core.ContainerBase.[Tomcat].[localhost].[/] - Initializing Spring DispatcherServlet 'dispatcherServlet'
2019-11-03 23:34:21.840 [http-nio-8888-exec-2] INFO  org.springframework.web.servlet.DispatcherServlet - Initializing Servlet 'dispatcherServlet'
2019-11-03 23:34:21.848 [http-nio-8888-exec-2] INFO  org.springframework.web.servlet.DispatcherServlet - Completed initialization in 8 ms
2019-11-03 23:37:48.648 [main] INFO  com.neuedu.BusnessApplication - Starting BusnessApplication on 6IXHRL9EJ5D9T3Y with PID 15448 (E:\Java2\busness\target\classes started by Administrator in E:\Java2\busness)
2019-11-03 23:37:48.652 [main] INFO  com.neuedu.BusnessApplication - The following profiles are active: prod
2019-11-03 23:37:50.163 [main] INFO  o.s.boot.web.embedded.tomcat.TomcatWebServer - Tomcat initialized with port(s): 8888 (http)
2019-11-03 23:37:50.172 [main] INFO  org.apache.coyote.http11.Http11NioProtocol - Initializing ProtocolHandler ["http-nio-8888"]
2019-11-03 23:37:50.173 [main] INFO  org.apache.catalina.core.StandardService - Starting service [Tomcat]
2019-11-03 23:37:50.173 [main] INFO  org.apache.catalina.core.StandardEngine - Starting Servlet engine: [Apache Tomcat/9.0.27]
2019-11-03 23:37:50.295 [main] INFO  o.a.c.core.ContainerBase.[Tomcat].[localhost].[/] - Initializing Spring embedded WebApplicationContext
2019-11-03 23:37:50.297 [main] INFO  org.springframework.web.context.ContextLoader - Root WebApplicationContext: initialization completed in 1568 ms
2019-11-03 23:37:50.389 [main] INFO  c.a.d.s.b.a.DruidDataSourceAutoConfigure - Init DruidDataSource
2019-11-03 23:37:50.537 [main] INFO  com.alibaba.druid.pool.DruidDataSource - {dataSource-1} inited
2019-11-03 23:37:51.080 [main] INFO  o.s.scheduling.concurrent.ThreadPoolTaskExecutor - Initializing ExecutorService 'applicationTaskExecutor'
2019-11-03 23:37:51.369 [main] INFO  org.apache.coyote.http11.Http11NioProtocol - Starting ProtocolHandler ["http-nio-8888"]
2019-11-03 23:37:51.395 [main] INFO  o.s.boot.web.embedded.tomcat.TomcatWebServer - Tomcat started on port(s): 8888 (http) with context path ''
2019-11-03 23:37:51.400 [main] INFO  com.neuedu.BusnessApplication - Started BusnessApplication in 3.638 seconds (JVM running for 4.967)
2019-11-03 23:38:03.643 [main] INFO  com.neuedu.BusnessApplication - Starting BusnessApplication on 6IXHRL9EJ5D9T3Y with PID 13580 (E:\Java2\busness\target\classes started by Administrator in E:\Java2\busness)
2019-11-03 23:38:03.648 [main] INFO  com.neuedu.BusnessApplication - The following profiles are active: prod
2019-11-03 23:38:05.446 [main] INFO  o.s.boot.web.embedded.tomcat.TomcatWebServer - Tomcat initialized with port(s): 8888 (http)
2019-11-03 23:38:05.460 [main] INFO  org.apache.coyote.http11.Http11NioProtocol - Initializing ProtocolHandler ["http-nio-8888"]
2019-11-03 23:38:05.462 [main] INFO  org.apache.catalina.core.StandardService - Starting service [Tomcat]
2019-11-03 23:38:05.462 [main] INFO  org.apache.catalina.core.StandardEngine - Starting Servlet engine: [Apache Tomcat/9.0.27]
2019-11-03 23:38:05.603 [main] INFO  o.a.c.core.ContainerBase.[Tomcat].[localhost].[/] - Initializing Spring embedded WebApplicationContext
2019-11-03 23:38:05.604 [main] INFO  org.springframework.web.context.ContextLoader - Root WebApplicationContext: initialization completed in 1845 ms
2019-11-03 23:38:05.737 [main] INFO  c.a.d.s.b.a.DruidDataSourceAutoConfigure - Init DruidDataSource
2019-11-03 23:38:05.911 [main] INFO  com.alibaba.druid.pool.DruidDataSource - {dataSource-1} inited
2019-11-03 23:38:06.547 [main] INFO  o.s.scheduling.concurrent.ThreadPoolTaskExecutor - Initializing ExecutorService 'applicationTaskExecutor'
2019-11-03 23:38:06.891 [main] INFO  org.apache.coyote.http11.Http11NioProtocol - Starting ProtocolHandler ["http-nio-8888"]
2019-11-03 23:38:06.941 [main] INFO  o.s.boot.web.embedded.tomcat.TomcatWebServer - Tomcat started on port(s): 8888 (http) with context path ''
2019-11-03 23:38:06.946 [main] INFO  com.neuedu.BusnessApplication - Started BusnessApplication in 4.474 seconds (JVM running for 6.563)
2019-11-03 23:38:29.108 [http-nio-8888-exec-1] INFO  o.a.c.core.ContainerBase.[Tomcat].[localhost].[/] - Initializing Spring DispatcherServlet 'dispatcherServlet'
2019-11-03 23:38:29.108 [http-nio-8888-exec-1] INFO  org.springframework.web.servlet.DispatcherServlet - Initializing Servlet 'dispatcherServlet'
2019-11-03 23:38:29.117 [http-nio-8888-exec-1] INFO  org.springframework.web.servlet.DispatcherServlet - Completed initialization in 8 ms
2019-11-03 23:42:10.912 [SpringContextShutdownHook] INFO  o.s.scheduling.concurrent.ThreadPoolTaskExecutor - Shutting down ExecutorService 'applicationTaskExecutor'
2019-11-03 23:42:10.916 [SpringContextShutdownHook] INFO  com.alibaba.druid.pool.DruidDataSource - {dataSource-1} closed
2019-11-03 23:42:19.124 [main] INFO  com.neuedu.BusnessApplication - Starting BusnessApplication on 6IXHRL9EJ5D9T3Y with PID 17224 (E:\Java2\busness\target\classes started by Administrator in E:\Java2\busness)
2019-11-03 23:42:19.128 [main] INFO  com.neuedu.BusnessApplication - The following profiles are active: prod
2019-11-03 23:42:20.643 [main] INFO  o.s.boot.web.embedded.tomcat.TomcatWebServer - Tomcat initialized with port(s): 8888 (http)
2019-11-03 23:42:20.656 [main] INFO  org.apache.coyote.http11.Http11NioProtocol - Initializing ProtocolHandler ["http-nio-8888"]
2019-11-03 23:42:20.657 [main] INFO  org.apache.catalina.core.StandardService - Starting service [Tomcat]
2019-11-03 23:42:20.657 [main] INFO  org.apache.catalina.core.StandardEngine - Starting Servlet engine: [Apache Tomcat/9.0.27]
2019-11-03 23:42:20.786 [main] INFO  o.a.c.core.ContainerBase.[Tomcat].[localhost].[/] - Initializing Spring embedded WebApplicationContext
2019-11-03 23:42:20.786 [main] INFO  org.springframework.web.context.ContextLoader - Root WebApplicationContext: initialization completed in 1571 ms
2019-11-03 23:42:20.880 [main] INFO  c.a.d.s.b.a.DruidDataSourceAutoConfigure - Init DruidDataSource
2019-11-03 23:42:21.028 [main] INFO  com.alibaba.druid.pool.DruidDataSource - {dataSource-1} inited
2019-11-03 23:42:21.551 [main] INFO  o.s.scheduling.concurrent.ThreadPoolTaskExecutor - Initializing ExecutorService 'applicationTaskExecutor'
2019-11-03 23:42:21.820 [main] INFO  org.apache.coyote.http11.Http11NioProtocol - Starting ProtocolHandler ["http-nio-8888"]
2019-11-03 23:42:21.847 [main] INFO  o.s.boot.web.embedded.tomcat.TomcatWebServer - Tomcat started on port(s): 8888 (http) with context path ''
2019-11-03 23:42:21.852 [main] INFO  com.neuedu.BusnessApplication - Started BusnessApplication in 3.598 seconds (JVM running for 5.021)
2019-11-03 23:42:45.735 [http-nio-8888-exec-1] INFO  o.a.c.core.ContainerBase.[Tomcat].[localhost].[/] - Initializing Spring DispatcherServlet 'dispatcherServlet'
2019-11-03 23:42:45.736 [http-nio-8888-exec-1] INFO  org.springframework.web.servlet.DispatcherServlet - Initializing Servlet 'dispatcherServlet'
2019-11-03 23:42:45.745 [http-nio-8888-exec-1] INFO  org.springframework.web.servlet.DispatcherServlet - Completed initialization in 9 ms
