2019-11-05 08:23:59.788 [main] INFO  com.neuedu.BusnessApplication - Starting BusnessApplication on 6IXHRL9EJ5D9T3Y with PID 13768 (E:\Java2\busness\target\classes started by Administrator in E:\Java2\busness)
2019-11-05 08:23:59.797 [main] INFO  com.neuedu.BusnessApplication - The following profiles are active: prod
2019-11-05 08:24:02.012 [main] INFO  o.s.boot.web.embedded.tomcat.TomcatWebServer - Tomcat initialized with port(s): 8888 (http)
2019-11-05 08:24:02.023 [main] INFO  org.apache.coyote.http11.Http11NioProtocol - Initializing ProtocolHandler ["http-nio-8888"]
2019-11-05 08:24:02.027 [main] INFO  org.apache.catalina.core.StandardService - Starting service [Tomcat]
2019-11-05 08:24:02.027 [main] INFO  org.apache.catalina.core.StandardEngine - Starting Servlet engine: [Apache Tomcat/9.0.27]
2019-11-05 08:24:02.134 [main] INFO  o.a.c.core.ContainerBase.[Tomcat].[localhost].[/] - Initializing Spring embedded WebApplicationContext
2019-11-05 08:24:02.134 [main] INFO  org.springframework.web.context.ContextLoader - Root WebApplicationContext: initialization completed in 2231 ms
2019-11-05 08:24:02.397 [main] INFO  c.a.d.s.b.a.DruidDataSourceAutoConfigure - Init DruidDataSource
2019-11-05 08:24:02.618 [main] INFO  com.alibaba.druid.pool.DruidDataSource - {dataSource-1} inited
2019-11-05 08:24:03.262 [main] INFO  com.alipay.demo.trade.config.Configs - 配置文件名: zfbinfo.properties
2019-11-05 08:24:03.262 [main] INFO  com.alipay.demo.trade.config.Configs - Configs{支付宝openapi网关: https://openapi.alipaydev.com/gateway.do
, 支付宝mcloudapi网关域名: http://mcloudmonitor.com/gateway.do
, pid: 2088102179916514
, appid: 2016101700704230
, 商户RSA私钥: MIIEvA******2gBw==
, 商户RSA公钥: MIIBIj******IDAQAB
, 支付宝RSA公钥: MIIBIj******IDAQAB
, 签名类型: RSA2
, 查询重试次数: 5
, 查询间隔(毫秒): 5000
, 撤销尝试次数: 3
, 撤销重试间隔(毫秒): 2000
, 交易保障调度延迟(秒): 5
, 交易保障调度间隔(秒): 900
}
2019-11-05 08:24:03.396 [main] INFO  o.s.scheduling.concurrent.ThreadPoolTaskExecutor - Initializing ExecutorService 'applicationTaskExecutor'
2019-11-05 08:24:03.887 [main] INFO  org.apache.coyote.http11.Http11NioProtocol - Starting ProtocolHandler ["http-nio-8888"]
2019-11-05 08:24:03.918 [main] INFO  o.s.boot.web.embedded.tomcat.TomcatWebServer - Tomcat started on port(s): 8888 (http) with context path ''
2019-11-05 08:24:03.918 [main] INFO  com.neuedu.BusnessApplication - Started BusnessApplication in 5.739 seconds (JVM running for 8.045)
2019-11-05 08:26:00.780 [http-nio-8888-exec-1] INFO  o.a.c.core.ContainerBase.[Tomcat].[localhost].[/] - Initializing Spring DispatcherServlet 'dispatcherServlet'
2019-11-05 08:26:00.781 [http-nio-8888-exec-1] INFO  org.springframework.web.servlet.DispatcherServlet - Initializing Servlet 'dispatcherServlet'
2019-11-05 08:26:00.791 [http-nio-8888-exec-1] INFO  org.springframework.web.servlet.DispatcherServlet - Completed initialization in 10 ms
2019-11-05 08:29:31.639 [http-nio-8888-exec-3] INFO  c.a.demo.trade.service.impl.AlipayTradeServiceImpl - trade.precreate bizContent:{"out_trade_no":"1572795207669","seller_id":"","total_amount":"1780.00","undiscountable_amount":"0","subject":"【睿乐购】平台商品支付","body":"购买商品共1780.00元","goods_detail":[],"operator_id":"test_operator_id","store_id":"test_store_id","extend_params":{"sys_service_provider_id":"2088100200300400500"},"timeout_express":"120m"}
2019-11-05 08:29:32.247 [http-nio-8888-exec-3] INFO  sdk.biz.err - Summary^_^10000^_^null^_^ProtocalMustParams:charset=utf-8&method=alipay.trade.precreate&sign=BCX8xtTA7vDH/1MC3W3elxt+BK5EZ3huXxxMMqKPwpEOyO9yT9D5Ix/10zfHuWENkauqoUqG25ZtfoGlJ//rbLK+7FMZLTyD44aQtC1rWQ95+Yk4ZH6C8SjpyH7mwYQIiZkd/2C88J+H6vpYpJL8fo27gPRnh1kSp/hvxZO4AYMsP3tTOaH4tGWA6/h4HnPbNskFwqU5TUwM9Hzq3eJT5Cw6Zm+s9MUDQWJRpj4q/o2kPl2jUt1TLhc+NO+0KvJp1mwZn+7QJRINkj3UUCo5I12TYy0UZq1cp29Z132XZl9zJl7uKQwXBKBWXIXYMTcNXxdJqEycVbrG2ONwxyjIPw==&notify_url=http://aq679m.natappfree.cc/order/callback&version=1.0&app_id=2016101700704230&sign_type=RSA2&timestamp=2019-11-05 08:29:31^_^ProtocalOptParams:alipay_sdk=alipay-sdk-java-3.3.0&format=json^_^ApplicationParams:biz_content={"out_trade_no":"1572795207669","seller_id":"","total_amount":"1780.00","undiscountable_amount":"0","subject":"【睿乐购】平台商品支付","body":"购买商品共1780.00元","goods_detail":[],"operator_id":"test_operator_id","store_id":"test_store_id","extend_params":{"sys_service_provider_id":"2088100200300400500"},"timeout_express":"120m"}^_^31ms,550ms,25ms
2019-11-05 08:29:32.248 [http-nio-8888-exec-3] INFO  c.a.demo.trade.service.impl.AlipayTradeServiceImpl - {"alipay_trade_precreate_response":{"code":"10000","msg":"Success","out_trade_no":"1572795207669","qr_code":"https:\/\/qr.alipay.com\/bax05312zkoy6vbzblyv0014"},"sign":"XzG8yhXP02Ic0aEcce6lvMXq40cLxOMdQLettw53tKbNSziq9/n/k7Inf0qbuyUZ5L6oxFFZZTq8LTKdubPruBgw0QMo/3esSy7VcsfeMZSD5hXAPt/F9qGyfH6tIfyPuaRK6Xxd8GxZH5XJm7xkkSzK/2RF9n0+X3bZmNMRdT40Eo4JFBTMMaxO9JI59HaRBvNOGUyAfyMZk3YcidC7KKY1qY8j1QYrnW/1zuoTDDR27Ng6vbBCvQOk28p58mH6H211JTEgPRaf6YjnRU9Lejs8dI0nPSOpzdlaBN2NDXNtDXOihgn5ee0/b607V+nIovyBLffP1C65/WzqxrdhAA=="}
2019-11-05 08:29:32.249 [http-nio-8888-exec-3] INFO  com.neuedu.alipay.Main - 支付宝预下单成功: )
2019-11-05 08:29:32.249 [http-nio-8888-exec-3] INFO  com.neuedu.alipay.Main - code:10000, msg:Success
2019-11-05 08:29:32.249 [http-nio-8888-exec-3] INFO  com.neuedu.alipay.Main - body:{"alipay_trade_precreate_response":{"code":"10000","msg":"Success","out_trade_no":"1572795207669","qr_code":"https:\/\/qr.alipay.com\/bax05312zkoy6vbzblyv0014"},"sign":"XzG8yhXP02Ic0aEcce6lvMXq40cLxOMdQLettw53tKbNSziq9/n/k7Inf0qbuyUZ5L6oxFFZZTq8LTKdubPruBgw0QMo/3esSy7VcsfeMZSD5hXAPt/F9qGyfH6tIfyPuaRK6Xxd8GxZH5XJm7xkkSzK/2RF9n0+X3bZmNMRdT40Eo4JFBTMMaxO9JI59HaRBvNOGUyAfyMZk3YcidC7KKY1qY8j1QYrnW/1zuoTDDR27Ng6vbBCvQOk28p58mH6H211JTEgPRaf6YjnRU9Lejs8dI0nPSOpzdlaBN2NDXNtDXOihgn5ee0/b607V+nIovyBLffP1C65/WzqxrdhAA=="}
2019-11-05 08:29:32.249 [http-nio-8888-exec-3] INFO  com.neuedu.alipay.Main - filePath:E:/Product/Shopping/image/qr-1572795207669.png
2019-11-05 08:29:54.524 [http-nio-8888-exec-4] INFO  c.a.demo.trade.service.impl.AlipayTradeServiceImpl - trade.precreate bizContent:{"out_trade_no":"1572913760715","seller_id":"","total_amount":"1780.00","undiscountable_amount":"0","subject":"【睿乐购】平台商品支付","body":"购买商品共1780.00元","goods_detail":[],"operator_id":"test_operator_id","store_id":"test_store_id","extend_params":{"sys_service_provider_id":"2088100200300400500"},"timeout_express":"120m"}
2019-11-05 08:29:54.880 [http-nio-8888-exec-4] INFO  c.a.demo.trade.service.impl.AlipayTradeServiceImpl - {"alipay_trade_precreate_response":{"code":"20000","msg":"Service Currently Unavailable","sub_code":"aop.ACQ.SYSTEM_ERROR","sub_msg":"系统异常"},"sign":"V2fm1wuRazlg9uoKkF2utzFg2aP1Za2zeyfSoxL4rNjhCBqxLCm0cAm2Hk4WnX05lTzH04yhZE+QdoIdkE59O8/8pQezRHChpW5njE6p9kGrBJEodoFySEpCD5nZVZkJQl+MpUna6uvHdjq5BOWAFXmPtQSNTe8W5gPI7PN8E5d0gUaozuMUcC5wu+GvsEk4s58zJWpkGghaM5ExfLupJp0HlM22CBYrTJYW6Juhoqsemcl4FajB+BROyhM3Uf6AJM54wGsMw8TzRPX9y5wN6yxXTsZeGcpbS2EyU2FF+2e8Ju7iGd0CJGSTGM/yTCgoVQjlYEUuaXNzTpcowy6Xag=="}
2019-11-05 08:30:12.844 [http-nio-8888-exec-5] INFO  c.a.demo.trade.service.impl.AlipayTradeServiceImpl - trade.precreate bizContent:{"out_trade_no":"1572913760715","seller_id":"","total_amount":"1780.00","undiscountable_amount":"0","subject":"【睿乐购】平台商品支付","body":"购买商品共1780.00元","goods_detail":[],"operator_id":"test_operator_id","store_id":"test_store_id","extend_params":{"sys_service_provider_id":"2088100200300400500"},"timeout_express":"120m"}
2019-11-05 08:30:17.349 [http-nio-8888-exec-5] INFO  c.a.demo.trade.service.impl.AlipayTradeServiceImpl - {"alipay_trade_precreate_response":{"code":"20000","msg":"Service Currently Unavailable","sub_code":"aop.ACQ.SYSTEM_ERROR","sub_msg":"系统异常"},"sign":"V2fm1wuRazlg9uoKkF2utzFg2aP1Za2zeyfSoxL4rNjhCBqxLCm0cAm2Hk4WnX05lTzH04yhZE+QdoIdkE59O8/8pQezRHChpW5njE6p9kGrBJEodoFySEpCD5nZVZkJQl+MpUna6uvHdjq5BOWAFXmPtQSNTe8W5gPI7PN8E5d0gUaozuMUcC5wu+GvsEk4s58zJWpkGghaM5ExfLupJp0HlM22CBYrTJYW6Juhoqsemcl4FajB+BROyhM3Uf6AJM54wGsMw8TzRPX9y5wN6yxXTsZeGcpbS2EyU2FF+2e8Ju7iGd0CJGSTGM/yTCgoVQjlYEUuaXNzTpcowy6Xag=="}
2019-11-05 08:31:54.807 [main] INFO  com.neuedu.BusnessApplication - Starting BusnessApplication on 6IXHRL9EJ5D9T3Y with PID 8360 (E:\Java2\busness\target\classes started by Administrator in E:\Java2\busness)
2019-11-05 08:31:54.812 [main] INFO  com.neuedu.BusnessApplication - The following profiles are active: prod
2019-11-05 08:31:56.484 [main] INFO  o.s.boot.web.embedded.tomcat.TomcatWebServer - Tomcat initialized with port(s): 8888 (http)
2019-11-05 08:31:56.495 [main] INFO  org.apache.coyote.http11.Http11NioProtocol - Initializing ProtocolHandler ["http-nio-8888"]
2019-11-05 08:31:56.496 [main] INFO  org.apache.catalina.core.StandardService - Starting service [Tomcat]
2019-11-05 08:31:56.497 [main] INFO  org.apache.catalina.core.StandardEngine - Starting Servlet engine: [Apache Tomcat/9.0.27]
2019-11-05 08:31:56.605 [main] INFO  o.a.c.core.ContainerBase.[Tomcat].[localhost].[/] - Initializing Spring embedded WebApplicationContext
2019-11-05 08:31:56.606 [main] INFO  org.springframework.web.context.ContextLoader - Root WebApplicationContext: initialization completed in 1618 ms
2019-11-05 08:31:56.723 [main] INFO  c.a.d.s.b.a.DruidDataSourceAutoConfigure - Init DruidDataSource
2019-11-05 08:31:56.906 [main] INFO  com.alibaba.druid.pool.DruidDataSource - {dataSource-1} inited
2019-11-05 08:31:57.406 [main] INFO  com.alipay.demo.trade.config.Configs - 配置文件名: zfbinfo.properties
2019-11-05 08:31:57.407 [main] INFO  com.alipay.demo.trade.config.Configs - Configs{支付宝openapi网关: https://openapi.alipaydev.com/gateway.do
, 支付宝mcloudapi网关域名: http://mcloudmonitor.com/gateway.do
, pid: 2088102179916514
, appid: 2016101700704230
, 商户RSA私钥: MIIEvA******2gBw==
, 商户RSA公钥: MIIBIj******IDAQAB
, 支付宝RSA公钥: MIIBIj******IDAQAB
, 签名类型: RSA2
, 查询重试次数: 5
, 查询间隔(毫秒): 5000
, 撤销尝试次数: 3
, 撤销重试间隔(毫秒): 2000
, 交易保障调度延迟(秒): 5
, 交易保障调度间隔(秒): 900
}
2019-11-05 08:31:57.571 [main] INFO  o.s.scheduling.concurrent.ThreadPoolTaskExecutor - Initializing ExecutorService 'applicationTaskExecutor'
2019-11-05 08:31:57.985 [main] INFO  org.apache.coyote.http11.Http11NioProtocol - Starting ProtocolHandler ["http-nio-8888"]
2019-11-05 08:31:58.014 [main] INFO  o.s.boot.web.embedded.tomcat.TomcatWebServer - Tomcat started on port(s): 8888 (http) with context path ''
2019-11-05 08:31:58.018 [main] INFO  com.neuedu.BusnessApplication - Started BusnessApplication in 4.072 seconds (JVM running for 5.406)
2019-11-05 08:32:05.360 [http-nio-8888-exec-1] INFO  o.a.c.core.ContainerBase.[Tomcat].[localhost].[/] - Initializing Spring DispatcherServlet 'dispatcherServlet'
2019-11-05 08:32:05.360 [http-nio-8888-exec-1] INFO  org.springframework.web.servlet.DispatcherServlet - Initializing Servlet 'dispatcherServlet'
2019-11-05 08:32:05.369 [http-nio-8888-exec-1] INFO  org.springframework.web.servlet.DispatcherServlet - Completed initialization in 8 ms
2019-11-05 08:32:09.228 [http-nio-8888-exec-2] INFO  c.a.demo.trade.service.impl.AlipayTradeServiceImpl - trade.precreate bizContent:{"out_trade_no":"1572913760715","seller_id":"","total_amount":"1780.00","undiscountable_amount":"0","subject":"【睿乐购】平台商品支付","body":"购买商品共1780.00元","goods_detail":[],"operator_id":"test_operator_id","store_id":"test_store_id","extend_params":{"sys_service_provider_id":"2088100200300400500"},"timeout_express":"120m"}
2019-11-05 08:32:09.669 [http-nio-8888-exec-2] INFO  sdk.biz.err - Summary^_^10000^_^null^_^ProtocalMustParams:charset=utf-8&method=alipay.trade.precreate&sign=fP/mO9JMNF/OZJleEPe/jaPo1qudW1KdKygQIGGLZYTnIbAdE3QRR4hF1VYUBSx9yDv0t0OIIPqktKhZuYBW4N+Ppt1FJAcpdZkc+/Y5gKXLt56aBVDCaE31KVKnInSDtsNp5XuJ5rsDQCBZ/sLRH/68htrRf0/akpuJnXQlY+TFQtLVMvg3V57XqLXg33m9OKUGyoDCGzQRuUB4BSVNnpxpUBp75UH5NBpWdEurInUuX8tlu/bUlz7BK991vD+sFg6UtsbSwZnaLzNn1lpIHUGumrHXl8FrdlKT+I+LlU7swjQawA/5WB/7Ddolcx6xbJGPSCB0HLQ60t6WQYrS7Q==&notify_url=http://sq6j22.natappfree.cc/order/callback&version=1.0&app_id=2016101700704230&sign_type=RSA2&timestamp=2019-11-05 08:32:09^_^ProtocalOptParams:alipay_sdk=alipay-sdk-java-3.3.0&format=json^_^ApplicationParams:biz_content={"out_trade_no":"1572913760715","seller_id":"","total_amount":"1780.00","undiscountable_amount":"0","subject":"【睿乐购】平台商品支付","body":"购买商品共1780.00元","goods_detail":[],"operator_id":"test_operator_id","store_id":"test_store_id","extend_params":{"sys_service_provider_id":"2088100200300400500"},"timeout_express":"120m"}^_^33ms,384ms,22ms
2019-11-05 08:32:09.669 [http-nio-8888-exec-2] INFO  c.a.demo.trade.service.impl.AlipayTradeServiceImpl - {"alipay_trade_precreate_response":{"code":"10000","msg":"Success","out_trade_no":"1572913760715","qr_code":"https:\/\/qr.alipay.com\/bax08013jwd1g5wenc3x0092"},"sign":"iR6GWavLMLU7tEYhWTeztu0Nir0EbMoCvDBh3HUIrXhP8QqmQt7t80ttLXKeh66FVLU+/ZbBs1B7nRejnZqCjsGCORMdWeW1mNrIsVHf1XkEqzy1fS0G/zRZTkIuMZl/Acku51OwrmSszxtcfeuvwurWftwLZhWeb4otkvQUlBpsjdNf7pwrHhgDwnlRfPkfQmW9krVAR9SQL3Dw6eXz+MzZ+S43kgCDtLYqi+ojRfxPEUzr8vtYeevzaEEwtrP2ueSMnisWexNlWwdElnVYQi5M2FNgWlluIFW3GkmSiwkYH4N161LaqzsylpbeZj4G8RheP0QLEYv4xrIPR/EmQg=="}
2019-11-05 08:32:09.671 [http-nio-8888-exec-2] INFO  com.neuedu.alipay.Main - 支付宝预下单成功: )
2019-11-05 08:32:09.671 [http-nio-8888-exec-2] INFO  com.neuedu.alipay.Main - code:10000, msg:Success
2019-11-05 08:32:09.671 [http-nio-8888-exec-2] INFO  com.neuedu.alipay.Main - body:{"alipay_trade_precreate_response":{"code":"10000","msg":"Success","out_trade_no":"1572913760715","qr_code":"https:\/\/qr.alipay.com\/bax08013jwd1g5wenc3x0092"},"sign":"iR6GWavLMLU7tEYhWTeztu0Nir0EbMoCvDBh3HUIrXhP8QqmQt7t80ttLXKeh66FVLU+/ZbBs1B7nRejnZqCjsGCORMdWeW1mNrIsVHf1XkEqzy1fS0G/zRZTkIuMZl/Acku51OwrmSszxtcfeuvwurWftwLZhWeb4otkvQUlBpsjdNf7pwrHhgDwnlRfPkfQmW9krVAR9SQL3Dw6eXz+MzZ+S43kgCDtLYqi+ojRfxPEUzr8vtYeevzaEEwtrP2ueSMnisWexNlWwdElnVYQi5M2FNgWlluIFW3GkmSiwkYH4N161LaqzsylpbeZj4G8RheP0QLEYv4xrIPR/EmQg=="}
2019-11-05 08:32:09.671 [http-nio-8888-exec-2] INFO  com.neuedu.alipay.Main - filePath:E:/Product/Shopping/image/qr-1572913760715.png
