2019-11-08 09:23:14.884 [http-nio-8888-exec-1] DEBUG com.neuedu.dao.UserMapper.isExistsUsername - ==>  Preparing: select count(username) from neuedu_user where username=? 
2019-11-08 09:23:14.915 [http-nio-8888-exec-1] DEBUG com.neuedu.dao.UserMapper.isExistsUsername - ==> Parameters: admin(String)
2019-11-08 09:23:14.990 [http-nio-8888-exec-1] DEBUG com.neuedu.dao.UserMapper.isExistsUsername - <==      Total: 1
2019-11-08 09:23:15.005 [http-nio-8888-exec-1] DEBUG c.n.dao.UserMapper.findUserByUsernameAndPassword - ==>  Preparing: select id, username, password, email, phone, question, answer, role, create_time, update_time, ip from neuedu_user where username=? and password=? 
2019-11-08 09:23:15.005 [http-nio-8888-exec-1] DEBUG c.n.dao.UserMapper.findUserByUsernameAndPassword - ==> Parameters: admin(String), bdb6d566b450905606bde770c6cb92e8(String)
2019-11-08 09:23:15.007 [http-nio-8888-exec-1] DEBUG c.n.dao.UserMapper.findUserByUsernameAndPassword - <==      Total: 1
2019-11-08 09:25:36.797 [http-nio-8888-exec-2] DEBUG com.neuedu.dao.UserMapper.isExistsUsername - ==>  Preparing: select count(username) from neuedu_user where username=? 
2019-11-08 09:25:36.798 [http-nio-8888-exec-2] DEBUG com.neuedu.dao.UserMapper.isExistsUsername - ==> Parameters: admin(String)
2019-11-08 09:25:36.805 [http-nio-8888-exec-2] DEBUG com.neuedu.dao.UserMapper.isExistsUsername - <==      Total: 1
2019-11-08 09:25:36.817 [http-nio-8888-exec-2] DEBUG c.n.dao.UserMapper.findUserByUsernameAndPassword - ==>  Preparing: select id, username, password, email, phone, question, answer, role, create_time, update_time, ip from neuedu_user where username=? and password=? 
2019-11-08 09:25:36.817 [http-nio-8888-exec-2] DEBUG c.n.dao.UserMapper.findUserByUsernameAndPassword - ==> Parameters: admin(String), bdb6d566b450905606bde770c6cb92e8(String)
2019-11-08 09:25:36.821 [http-nio-8888-exec-2] DEBUG c.n.dao.UserMapper.findUserByUsernameAndPassword - <==      Total: 1
2019-11-08 09:26:12.624 [http-nio-8888-exec-3] DEBUG com.neuedu.dao.UserMapper.isExistsUsername - ==>  Preparing: select count(username) from neuedu_user where username=? 
2019-11-08 09:26:12.624 [http-nio-8888-exec-3] DEBUG com.neuedu.dao.UserMapper.isExistsUsername - ==> Parameters: admin(String)
2019-11-08 09:26:12.627 [http-nio-8888-exec-3] DEBUG com.neuedu.dao.UserMapper.isExistsUsername - <==      Total: 1
2019-11-08 09:26:12.637 [http-nio-8888-exec-3] DEBUG c.n.dao.UserMapper.findUserByUsernameAndPassword - ==>  Preparing: select id, username, password, email, phone, question, answer, role, create_time, update_time, ip from neuedu_user where username=? and password=? 
2019-11-08 09:26:12.638 [http-nio-8888-exec-3] DEBUG c.n.dao.UserMapper.findUserByUsernameAndPassword - ==> Parameters: admin(String), bdb6d566b450905606bde770c6cb92e8(String)
2019-11-08 09:26:12.641 [http-nio-8888-exec-3] DEBUG c.n.dao.UserMapper.findUserByUsernameAndPassword - <==      Total: 1
2019-11-08 09:26:18.661 [http-nio-8888-exec-4] DEBUG com.neuedu.dao.UserMapper.isExistsUsername - ==>  Preparing: select count(username) from neuedu_user where username=? 
2019-11-08 09:26:18.662 [http-nio-8888-exec-4] DEBUG com.neuedu.dao.UserMapper.isExistsUsername - ==> Parameters: admin(String)
2019-11-08 09:26:18.663 [http-nio-8888-exec-4] DEBUG com.neuedu.dao.UserMapper.isExistsUsername - <==      Total: 1
2019-11-08 09:26:18.676 [http-nio-8888-exec-4] DEBUG c.n.dao.UserMapper.findUserByUsernameAndPassword - ==>  Preparing: select id, username, password, email, phone, question, answer, role, create_time, update_time, ip from neuedu_user where username=? and password=? 
2019-11-08 09:26:18.676 [http-nio-8888-exec-4] DEBUG c.n.dao.UserMapper.findUserByUsernameAndPassword - ==> Parameters: admin(String), bdb6d566b450905606bde770c6cb92e8(String)
2019-11-08 09:26:18.679 [http-nio-8888-exec-4] DEBUG c.n.dao.UserMapper.findUserByUsernameAndPassword - <==      Total: 1
2019-11-08 09:28:24.211 [http-nio-8888-exec-9] DEBUG com.neuedu.dao.UserMapper.isExistsUsername - ==>  Preparing: select count(username) from neuedu_user where username=? 
2019-11-08 09:28:24.212 [http-nio-8888-exec-9] DEBUG com.neuedu.dao.UserMapper.isExistsUsername - ==> Parameters: admin(String)
2019-11-08 09:28:24.214 [http-nio-8888-exec-9] DEBUG com.neuedu.dao.UserMapper.isExistsUsername - <==      Total: 1
2019-11-08 09:28:24.232 [http-nio-8888-exec-9] DEBUG c.n.dao.UserMapper.findUserByUsernameAndPassword - ==>  Preparing: select id, username, password, email, phone, question, answer, role, create_time, update_time, ip from neuedu_user where username=? and password=? 
2019-11-08 09:28:24.233 [http-nio-8888-exec-9] DEBUG c.n.dao.UserMapper.findUserByUsernameAndPassword - ==> Parameters: admin(String), bdb6d566b450905606bde770c6cb92e8(String)
2019-11-08 09:28:24.236 [http-nio-8888-exec-9] DEBUG c.n.dao.UserMapper.findUserByUsernameAndPassword - <==      Total: 1
2019-11-08 09:29:37.015 [http-nio-8888-exec-1] DEBUG com.neuedu.dao.UserMapper.isExistsUsername - ==>  Preparing: select count(username) from neuedu_user where username=? 
2019-11-08 09:29:37.036 [http-nio-8888-exec-1] DEBUG com.neuedu.dao.UserMapper.isExistsUsername - ==> Parameters: admin(String)
2019-11-08 09:29:37.065 [http-nio-8888-exec-1] DEBUG com.neuedu.dao.UserMapper.isExistsUsername - <==      Total: 1
2019-11-08 09:29:37.078 [http-nio-8888-exec-1] DEBUG c.n.dao.UserMapper.findUserByUsernameAndPassword - ==>  Preparing: select id, username, password, email, phone, question, answer, role, create_time, update_time, ip from neuedu_user where username=? and password=? 
2019-11-08 09:29:37.078 [http-nio-8888-exec-1] DEBUG c.n.dao.UserMapper.findUserByUsernameAndPassword - ==> Parameters: admin(String), bdb6d566b450905606bde770c6cb92e8(String)
2019-11-08 09:29:37.080 [http-nio-8888-exec-1] DEBUG c.n.dao.UserMapper.findUserByUsernameAndPassword - <==      Total: 1
2019-11-08 09:31:52.969 [http-nio-8888-exec-3] DEBUG com.neuedu.dao.UserMapper.isExistsUsername - ==>  Preparing: select count(username) from neuedu_user where username=? 
2019-11-08 09:31:52.971 [http-nio-8888-exec-3] DEBUG com.neuedu.dao.UserMapper.isExistsUsername - ==> Parameters: admin(String)
2019-11-08 09:31:52.973 [http-nio-8888-exec-3] DEBUG com.neuedu.dao.UserMapper.isExistsUsername - <==      Total: 1
2019-11-08 09:31:52.984 [http-nio-8888-exec-3] DEBUG c.n.dao.UserMapper.findUserByUsernameAndPassword - ==>  Preparing: select id, username, password, email, phone, question, answer, role, create_time, update_time, ip from neuedu_user where username=? and password=? 
2019-11-08 09:31:52.985 [http-nio-8888-exec-3] DEBUG c.n.dao.UserMapper.findUserByUsernameAndPassword - ==> Parameters: admin(String), bdb6d566b450905606bde770c6cb92e8(String)
2019-11-08 09:31:52.988 [http-nio-8888-exec-3] DEBUG c.n.dao.UserMapper.findUserByUsernameAndPassword - <==      Total: 1
2019-11-08 09:33:00.382 [http-nio-8888-exec-4] DEBUG com.neuedu.dao.UserMapper.isExistsUsername - ==>  Preparing: select count(username) from neuedu_user where username=? 
2019-11-08 09:33:00.382 [http-nio-8888-exec-4] DEBUG com.neuedu.dao.UserMapper.isExistsUsername - ==> Parameters: admin(String)
2019-11-08 09:33:00.385 [http-nio-8888-exec-4] DEBUG com.neuedu.dao.UserMapper.isExistsUsername - <==      Total: 1
2019-11-08 09:33:00.392 [http-nio-8888-exec-4] DEBUG c.n.dao.UserMapper.findUserByUsernameAndPassword - ==>  Preparing: select id, username, password, email, phone, question, answer, role, create_time, update_time, ip from neuedu_user where username=? and password=? 
2019-11-08 09:33:00.393 [http-nio-8888-exec-4] DEBUG c.n.dao.UserMapper.findUserByUsernameAndPassword - ==> Parameters: admin(String), bdb6d566b450905606bde770c6cb92e8(String)
2019-11-08 09:33:00.396 [http-nio-8888-exec-4] DEBUG c.n.dao.UserMapper.findUserByUsernameAndPassword - <==      Total: 1
2019-11-08 09:43:12.510 [http-nio-8888-exec-8] DEBUG com.neuedu.dao.UserMapper.isExistsUsername - ==>  Preparing: select count(username) from neuedu_user where username=? 
2019-11-08 09:43:12.511 [http-nio-8888-exec-8] DEBUG com.neuedu.dao.UserMapper.isExistsUsername - ==> Parameters: admin(String)
2019-11-08 09:43:12.513 [http-nio-8888-exec-8] DEBUG com.neuedu.dao.UserMapper.isExistsUsername - <==      Total: 1
2019-11-08 09:43:12.521 [http-nio-8888-exec-8] DEBUG c.n.dao.UserMapper.findUserByUsernameAndPassword - ==>  Preparing: select id, username, password, email, phone, question, answer, role, create_time, update_time, ip from neuedu_user where username=? and password=? 
2019-11-08 09:43:12.522 [http-nio-8888-exec-8] DEBUG c.n.dao.UserMapper.findUserByUsernameAndPassword - ==> Parameters: admin(String), bdb6d566b450905606bde770c6cb92e8(String)
2019-11-08 09:43:12.524 [http-nio-8888-exec-8] DEBUG c.n.dao.UserMapper.findUserByUsernameAndPassword - <==      Total: 1
2019-11-08 09:44:31.847 [http-nio-8888-exec-1] DEBUG com.neuedu.dao.UserMapper.isExistsUsername - ==>  Preparing: select count(username) from neuedu_user where username=? 
2019-11-08 09:44:31.848 [http-nio-8888-exec-1] DEBUG com.neuedu.dao.UserMapper.isExistsUsername - ==> Parameters: admin(String)
2019-11-08 09:44:31.849 [http-nio-8888-exec-1] DEBUG com.neuedu.dao.UserMapper.isExistsUsername - <==      Total: 1
2019-11-08 09:44:31.857 [http-nio-8888-exec-1] DEBUG c.n.dao.UserMapper.findUserByUsernameAndPassword - ==>  Preparing: select id, username, password, email, phone, question, answer, role, create_time, update_time, ip from neuedu_user where username=? and password=? 
2019-11-08 09:44:31.858 [http-nio-8888-exec-1] DEBUG c.n.dao.UserMapper.findUserByUsernameAndPassword - ==> Parameters: admin(String), bdb6d566b450905606bde770c6cb92e8(String)
2019-11-08 09:44:31.860 [http-nio-8888-exec-1] DEBUG c.n.dao.UserMapper.findUserByUsernameAndPassword - <==      Total: 1
2019-11-08 09:47:58.424 [http-nio-8888-exec-3] DEBUG com.neuedu.dao.UserMapper.isExistsUsername - ==>  Preparing: select count(username) from neuedu_user where username=? 
2019-11-08 09:47:58.427 [http-nio-8888-exec-3] DEBUG com.neuedu.dao.UserMapper.isExistsUsername - ==> Parameters: admin(String)
2019-11-08 09:47:58.432 [http-nio-8888-exec-3] DEBUG com.neuedu.dao.UserMapper.isExistsUsername - <==      Total: 1
2019-11-08 09:47:58.442 [http-nio-8888-exec-3] DEBUG c.n.dao.UserMapper.findUserByUsernameAndPassword - ==>  Preparing: select id, username, password, email, phone, question, answer, role, create_time, update_time, ip from neuedu_user where username=? and password=? 
2019-11-08 09:47:58.443 [http-nio-8888-exec-3] DEBUG c.n.dao.UserMapper.findUserByUsernameAndPassword - ==> Parameters: admin(String), bdb6d566b450905606bde770c6cb92e8(String)
2019-11-08 09:47:58.445 [http-nio-8888-exec-3] DEBUG c.n.dao.UserMapper.findUserByUsernameAndPassword - <==      Total: 1
2019-11-08 09:53:00.137 [http-nio-8888-exec-9] DEBUG com.neuedu.dao.UserMapper.isExistsUsername - ==>  Preparing: select count(username) from neuedu_user where username=? 
2019-11-08 09:53:00.139 [http-nio-8888-exec-9] DEBUG com.neuedu.dao.UserMapper.isExistsUsername - ==> Parameters: admin(String)
2019-11-08 09:53:00.141 [http-nio-8888-exec-9] DEBUG com.neuedu.dao.UserMapper.isExistsUsername - <==      Total: 1
2019-11-08 09:53:00.159 [http-nio-8888-exec-9] DEBUG c.n.dao.UserMapper.findUserByUsernameAndPassword - ==>  Preparing: select id, username, password, email, phone, question, answer, role, create_time, update_time, ip from neuedu_user where username=? and password=? 
2019-11-08 09:53:00.160 [http-nio-8888-exec-9] DEBUG c.n.dao.UserMapper.findUserByUsernameAndPassword - ==> Parameters: admin(String), bdb6d566b450905606bde770c6cb92e8(String)
2019-11-08 09:53:00.164 [http-nio-8888-exec-9] DEBUG c.n.dao.UserMapper.findUserByUsernameAndPassword - <==      Total: 1
2019-11-08 09:53:16.069 [http-nio-8888-exec-8] DEBUG com.neuedu.dao.UserMapper.isExistsUsername - ==>  Preparing: select count(username) from neuedu_user where username=? 
2019-11-08 09:53:16.070 [http-nio-8888-exec-8] DEBUG com.neuedu.dao.UserMapper.isExistsUsername - ==> Parameters: admin(String)
2019-11-08 09:53:16.071 [http-nio-8888-exec-8] DEBUG com.neuedu.dao.UserMapper.isExistsUsername - <==      Total: 1
2019-11-08 09:53:16.086 [http-nio-8888-exec-8] DEBUG c.n.dao.UserMapper.findUserByUsernameAndPassword - ==>  Preparing: select id, username, password, email, phone, question, answer, role, create_time, update_time, ip from neuedu_user where username=? and password=? 
2019-11-08 09:53:16.088 [http-nio-8888-exec-8] DEBUG c.n.dao.UserMapper.findUserByUsernameAndPassword - ==> Parameters: admin(String), bdb6d566b450905606bde770c6cb92e8(String)
2019-11-08 09:53:16.093 [http-nio-8888-exec-8] DEBUG c.n.dao.UserMapper.findUserByUsernameAndPassword - <==      Total: 1
2019-11-08 09:54:29.801 [http-nio-8888-exec-3] DEBUG com.neuedu.dao.UserMapper.isExistsUsername - ==>  Preparing: select count(username) from neuedu_user where username=? 
2019-11-08 09:54:29.802 [http-nio-8888-exec-3] DEBUG com.neuedu.dao.UserMapper.isExistsUsername - ==> Parameters: admin(String)
2019-11-08 09:54:29.804 [http-nio-8888-exec-3] DEBUG com.neuedu.dao.UserMapper.isExistsUsername - <==      Total: 1
2019-11-08 09:54:29.819 [http-nio-8888-exec-3] DEBUG c.n.dao.UserMapper.findUserByUsernameAndPassword - ==>  Preparing: select id, username, password, email, phone, question, answer, role, create_time, update_time, ip from neuedu_user where username=? and password=? 
2019-11-08 09:54:29.820 [http-nio-8888-exec-3] DEBUG c.n.dao.UserMapper.findUserByUsernameAndPassword - ==> Parameters: admin(String), bdb6d566b450905606bde770c6cb92e8(String)
2019-11-08 09:54:29.824 [http-nio-8888-exec-3] DEBUG c.n.dao.UserMapper.findUserByUsernameAndPassword - <==      Total: 1
2019-11-08 09:55:49.734 [http-nio-8888-exec-4] DEBUG com.neuedu.dao.UserMapper.isExistsUsername - ==>  Preparing: select count(username) from neuedu_user where username=? 
2019-11-08 09:55:49.735 [http-nio-8888-exec-4] DEBUG com.neuedu.dao.UserMapper.isExistsUsername - ==> Parameters: admin(String)
2019-11-08 09:55:49.736 [http-nio-8888-exec-4] DEBUG com.neuedu.dao.UserMapper.isExistsUsername - <==      Total: 1
2019-11-08 09:55:49.745 [http-nio-8888-exec-4] DEBUG c.n.dao.UserMapper.findUserByUsernameAndPassword - ==>  Preparing: select id, username, password, email, phone, question, answer, role, create_time, update_time, ip from neuedu_user where username=? and password=? 
2019-11-08 09:55:49.745 [http-nio-8888-exec-4] DEBUG c.n.dao.UserMapper.findUserByUsernameAndPassword - ==> Parameters: admin(String), bdb6d566b450905606bde770c6cb92e8(String)
2019-11-08 09:55:49.747 [http-nio-8888-exec-4] DEBUG c.n.dao.UserMapper.findUserByUsernameAndPassword - <==      Total: 1
2019-11-08 09:57:41.262 [http-nio-8888-exec-6] DEBUG com.neuedu.dao.UserMapper.isExistsUsername - ==>  Preparing: select count(username) from neuedu_user where username=? 
2019-11-08 09:57:41.263 [http-nio-8888-exec-6] DEBUG com.neuedu.dao.UserMapper.isExistsUsername - ==> Parameters: admin(String)
2019-11-08 09:57:41.265 [http-nio-8888-exec-6] DEBUG com.neuedu.dao.UserMapper.isExistsUsername - <==      Total: 1
2019-11-08 09:57:41.274 [http-nio-8888-exec-6] DEBUG c.n.dao.UserMapper.findUserByUsernameAndPassword - ==>  Preparing: select id, username, password, email, phone, question, answer, role, create_time, update_time, ip from neuedu_user where username=? and password=? 
2019-11-08 09:57:41.275 [http-nio-8888-exec-6] DEBUG c.n.dao.UserMapper.findUserByUsernameAndPassword - ==> Parameters: admin(String), bdb6d566b450905606bde770c6cb92e8(String)
2019-11-08 09:57:41.277 [http-nio-8888-exec-6] DEBUG c.n.dao.UserMapper.findUserByUsernameAndPassword - <==      Total: 1
2019-11-08 09:59:04.809 [http-nio-8888-exec-1] DEBUG com.neuedu.dao.UserMapper.isExistsUsername - ==>  Preparing: select count(username) from neuedu_user where username=? 
2019-11-08 09:59:04.841 [http-nio-8888-exec-1] DEBUG com.neuedu.dao.UserMapper.isExistsUsername - ==> Parameters: admin(String)
2019-11-08 09:59:04.870 [http-nio-8888-exec-1] DEBUG com.neuedu.dao.UserMapper.isExistsUsername - <==      Total: 1
2019-11-08 09:59:04.882 [http-nio-8888-exec-1] DEBUG c.n.dao.UserMapper.findUserByUsernameAndPassword - ==>  Preparing: select id, username, password, email, phone, question, answer, role, create_time, update_time, ip from neuedu_user where username=? and password=? 
2019-11-08 09:59:04.883 [http-nio-8888-exec-1] DEBUG c.n.dao.UserMapper.findUserByUsernameAndPassword - ==> Parameters: admin(String), bdb6d566b450905606bde770c6cb92e8(String)
2019-11-08 09:59:04.887 [http-nio-8888-exec-1] DEBUG c.n.dao.UserMapper.findUserByUsernameAndPassword - <==      Total: 1
