2019-11-17 21:08:35.453 [main] INFO  com.neuedu.BusnessApplication - Starting BusnessApplication on 6IXHRL9EJ5D9T3Y with PID 30456 (E:\Java2\busness\target\classes started by Administrator in E:\Java2\busness)
2019-11-17 21:08:35.480 [main] INFO  com.neuedu.BusnessApplication - The following profiles are active: prod
2019-11-17 21:08:38.952 [main] INFO  o.s.boot.web.embedded.tomcat.TomcatWebServer - Tomcat initialized with port(s): 8888 (http)
2019-11-17 21:08:38.971 [main] INFO  org.apache.coyote.http11.Http11NioProtocol - Initializing ProtocolHandler ["http-nio-8888"]
2019-11-17 21:08:38.973 [main] INFO  org.apache.catalina.core.StandardService - Starting service [Tomcat]
2019-11-17 21:08:38.974 [main] INFO  org.apache.catalina.core.StandardEngine - Starting Servlet engine: [Apache Tomcat/9.0.27]
2019-11-17 21:08:39.494 [main] INFO  o.a.c.core.ContainerBase.[Tomcat].[localhost].[/] - Initializing Spring embedded WebApplicationContext
2019-11-17 21:08:39.496 [main] INFO  org.springframework.web.context.ContextLoader - Root WebApplicationContext: initialization completed in 3886 ms
2019-11-17 21:08:39.729 [main] INFO  c.a.d.s.b.a.DruidDataSourceAutoConfigure - Init DruidDataSource
2019-11-17 21:08:41.078 [main] INFO  com.alibaba.druid.pool.DruidDataSource - {dataSource-1} inited
2019-11-17 21:08:41.969 [main] INFO  com.alipay.demo.trade.config.Configs - 配置文件名: zfbinfo.properties
2019-11-17 21:08:41.969 [main] INFO  com.alipay.demo.trade.config.Configs - Configs{支付宝openapi网关: https://openapi.alipaydev.com/gateway.do
, 支付宝mcloudapi网关域名: http://mcloudmonitor.com/gateway.do
, pid: 2088102179916514
, appid: 2016101700704230
, 商户RSA私钥: MIIEvA******2gBw==
, 商户RSA公钥: MIIBIj******IDAQAB
, 支付宝RSA公钥: MIIBIj******IDAQAB
, 签名类型: RSA2
, 查询重试次数: 5
, 查询间隔(毫秒): 5000
, 撤销尝试次数: 3
, 撤销重试间隔(毫秒): 2000
, 交易保障调度延迟(秒): 5
, 交易保障调度间隔(秒): 900
}
2019-11-17 21:08:42.600 [main] INFO  o.s.scheduling.concurrent.ThreadPoolTaskExecutor - Initializing ExecutorService 'applicationTaskExecutor'
2019-11-17 21:08:43.686 [main] INFO  org.apache.coyote.http11.Http11NioProtocol - Starting ProtocolHandler ["http-nio-8888"]
2019-11-17 21:08:43.745 [main] INFO  o.s.boot.web.embedded.tomcat.TomcatWebServer - Tomcat started on port(s): 8888 (http) with context path ''
2019-11-17 21:08:43.752 [main] INFO  com.neuedu.BusnessApplication - Started BusnessApplication in 10.717 seconds (JVM running for 14.319)
2019-11-17 21:12:10.279 [http-nio-8888-exec-10] INFO  o.a.c.core.ContainerBase.[Tomcat].[localhost].[/] - Initializing Spring DispatcherServlet 'dispatcherServlet'
2019-11-17 21:12:10.280 [http-nio-8888-exec-10] INFO  org.springframework.web.servlet.DispatcherServlet - Initializing Servlet 'dispatcherServlet'
2019-11-17 21:12:10.295 [http-nio-8888-exec-10] INFO  org.springframework.web.servlet.DispatcherServlet - Completed initialization in 14 ms
2019-11-17 21:12:40.073 [main] INFO  com.neuedu.BusnessApplication - Starting BusnessApplication on 6IXHRL9EJ5D9T3Y with PID 38792 (E:\Java2\busness\target\classes started by Administrator in E:\Java2\busness)
2019-11-17 21:12:40.079 [main] INFO  com.neuedu.BusnessApplication - The following profiles are active: prod
2019-11-17 21:12:41.875 [main] INFO  o.s.boot.web.embedded.tomcat.TomcatWebServer - Tomcat initialized with port(s): 8888 (http)
2019-11-17 21:12:41.887 [main] INFO  org.apache.coyote.http11.Http11NioProtocol - Initializing ProtocolHandler ["http-nio-8888"]
2019-11-17 21:12:41.888 [main] INFO  org.apache.catalina.core.StandardService - Starting service [Tomcat]
2019-11-17 21:12:41.889 [main] INFO  org.apache.catalina.core.StandardEngine - Starting Servlet engine: [Apache Tomcat/9.0.27]
2019-11-17 21:12:42.049 [main] INFO  o.a.c.core.ContainerBase.[Tomcat].[localhost].[/] - Initializing Spring embedded WebApplicationContext
2019-11-17 21:12:42.049 [main] INFO  org.springframework.web.context.ContextLoader - Root WebApplicationContext: initialization completed in 1876 ms
2019-11-17 21:12:42.171 [main] INFO  c.a.d.s.b.a.DruidDataSourceAutoConfigure - Init DruidDataSource
2019-11-17 21:12:42.391 [main] INFO  com.alibaba.druid.pool.DruidDataSource - {dataSource-1} inited
2019-11-17 21:12:42.879 [main] INFO  com.alipay.demo.trade.config.Configs - 配置文件名: zfbinfo.properties
2019-11-17 21:12:42.879 [main] INFO  com.alipay.demo.trade.config.Configs - Configs{支付宝openapi网关: https://openapi.alipaydev.com/gateway.do
, 支付宝mcloudapi网关域名: http://mcloudmonitor.com/gateway.do
, pid: 2088102179916514
, appid: 2016101700704230
, 商户RSA私钥: MIIEvA******2gBw==
, 商户RSA公钥: MIIBIj******IDAQAB
, 支付宝RSA公钥: MIIBIj******IDAQAB
, 签名类型: RSA2
, 查询重试次数: 5
, 查询间隔(毫秒): 5000
, 撤销尝试次数: 3
, 撤销重试间隔(毫秒): 2000
, 交易保障调度延迟(秒): 5
, 交易保障调度间隔(秒): 900
}
2019-11-17 21:12:43.015 [main] INFO  o.s.scheduling.concurrent.ThreadPoolTaskExecutor - Initializing ExecutorService 'applicationTaskExecutor'
2019-11-17 21:12:43.396 [main] INFO  org.apache.coyote.http11.Http11NioProtocol - Starting ProtocolHandler ["http-nio-8888"]
2019-11-17 21:12:43.426 [main] INFO  o.s.boot.web.embedded.tomcat.TomcatWebServer - Tomcat started on port(s): 8888 (http) with context path ''
2019-11-17 21:12:43.430 [main] INFO  com.neuedu.BusnessApplication - Started BusnessApplication in 4.633 seconds (JVM running for 6.275)
2019-11-17 21:12:49.676 [http-nio-8888-exec-1] INFO  o.a.c.core.ContainerBase.[Tomcat].[localhost].[/] - Initializing Spring DispatcherServlet 'dispatcherServlet'
2019-11-17 21:12:49.676 [http-nio-8888-exec-1] INFO  org.springframework.web.servlet.DispatcherServlet - Initializing Servlet 'dispatcherServlet'
2019-11-17 21:12:49.688 [http-nio-8888-exec-1] INFO  org.springframework.web.servlet.DispatcherServlet - Completed initialization in 12 ms
2019-11-17 21:14:05.076 [main] INFO  com.neuedu.BusnessApplication - Starting BusnessApplication on 6IXHRL9EJ5D9T3Y with PID 32000 (E:\Java2\busness\target\classes started by Administrator in E:\Java2\busness)
2019-11-17 21:14:05.081 [main] INFO  com.neuedu.BusnessApplication - The following profiles are active: prod
2019-11-17 21:14:06.597 [main] INFO  o.s.boot.web.embedded.tomcat.TomcatWebServer - Tomcat initialized with port(s): 8888 (http)
2019-11-17 21:14:06.610 [main] INFO  org.apache.coyote.http11.Http11NioProtocol - Initializing ProtocolHandler ["http-nio-8888"]
2019-11-17 21:14:06.612 [main] INFO  org.apache.catalina.core.StandardService - Starting service [Tomcat]
2019-11-17 21:14:06.612 [main] INFO  org.apache.catalina.core.StandardEngine - Starting Servlet engine: [Apache Tomcat/9.0.27]
2019-11-17 21:14:06.781 [main] INFO  o.a.c.core.ContainerBase.[Tomcat].[localhost].[/] - Initializing Spring embedded WebApplicationContext
2019-11-17 21:14:06.781 [main] INFO  org.springframework.web.context.ContextLoader - Root WebApplicationContext: initialization completed in 1578 ms
2019-11-17 21:14:06.900 [main] INFO  c.a.d.s.b.a.DruidDataSourceAutoConfigure - Init DruidDataSource
2019-11-17 21:14:07.060 [main] INFO  com.alibaba.druid.pool.DruidDataSource - {dataSource-1} inited
2019-11-17 21:14:07.523 [main] INFO  com.alipay.demo.trade.config.Configs - 配置文件名: zfbinfo.properties
2019-11-17 21:14:07.523 [main] INFO  com.alipay.demo.trade.config.Configs - Configs{支付宝openapi网关: https://openapi.alipaydev.com/gateway.do
, 支付宝mcloudapi网关域名: http://mcloudmonitor.com/gateway.do
, pid: 2088102179916514
, appid: 2016101700704230
, 商户RSA私钥: MIIEvA******2gBw==
, 商户RSA公钥: MIIBIj******IDAQAB
, 支付宝RSA公钥: MIIBIj******IDAQAB
, 签名类型: RSA2
, 查询重试次数: 5
, 查询间隔(毫秒): 5000
, 撤销尝试次数: 3
, 撤销重试间隔(毫秒): 2000
, 交易保障调度延迟(秒): 5
, 交易保障调度间隔(秒): 900
}
2019-11-17 21:14:07.678 [main] INFO  o.s.scheduling.concurrent.ThreadPoolTaskExecutor - Initializing ExecutorService 'applicationTaskExecutor'
2019-11-17 21:14:08.086 [main] INFO  org.apache.coyote.http11.Http11NioProtocol - Starting ProtocolHandler ["http-nio-8888"]
2019-11-17 21:14:08.111 [main] INFO  o.s.boot.web.embedded.tomcat.TomcatWebServer - Tomcat started on port(s): 8888 (http) with context path ''
2019-11-17 21:14:08.115 [main] INFO  com.neuedu.BusnessApplication - Started BusnessApplication in 4.024 seconds (JVM running for 5.608)
2019-11-17 21:14:13.432 [http-nio-8888-exec-1] INFO  o.a.c.core.ContainerBase.[Tomcat].[localhost].[/] - Initializing Spring DispatcherServlet 'dispatcherServlet'
2019-11-17 21:14:13.432 [http-nio-8888-exec-1] INFO  org.springframework.web.servlet.DispatcherServlet - Initializing Servlet 'dispatcherServlet'
2019-11-17 21:14:13.444 [http-nio-8888-exec-1] INFO  org.springframework.web.servlet.DispatcherServlet - Completed initialization in 12 ms
2019-11-17 23:40:37.909 [main] INFO  com.neuedu.BusnessApplication - Starting BusnessApplication on 6IXHRL9EJ5D9T3Y with PID 42340 (E:\Java2\busness\target\classes started by Administrator in E:\Java2\busness)
2019-11-17 23:40:37.919 [main] INFO  com.neuedu.BusnessApplication - The following profiles are active: prod
2019-11-17 23:40:40.454 [main] INFO  o.s.boot.web.embedded.tomcat.TomcatWebServer - Tomcat initialized with port(s): 8888 (http)
2019-11-17 23:40:40.466 [main] INFO  org.apache.coyote.http11.Http11NioProtocol - Initializing ProtocolHandler ["http-nio-8888"]
2019-11-17 23:40:40.467 [main] INFO  org.apache.catalina.core.StandardService - Starting service [Tomcat]
2019-11-17 23:40:40.468 [main] INFO  org.apache.catalina.core.StandardEngine - Starting Servlet engine: [Apache Tomcat/9.0.27]
2019-11-17 23:40:40.620 [main] INFO  o.a.c.core.ContainerBase.[Tomcat].[localhost].[/] - Initializing Spring embedded WebApplicationContext
2019-11-17 23:40:40.620 [main] INFO  org.springframework.web.context.ContextLoader - Root WebApplicationContext: initialization completed in 2450 ms
2019-11-17 23:40:40.750 [main] INFO  c.a.d.s.b.a.DruidDataSourceAutoConfigure - Init DruidDataSource
2019-11-17 23:40:40.917 [main] INFO  com.alibaba.druid.pool.DruidDataSource - {dataSource-1} inited
2019-11-17 23:40:41.457 [main] INFO  com.alipay.demo.trade.config.Configs - 配置文件名: zfbinfo.properties
2019-11-17 23:40:41.458 [main] INFO  com.alipay.demo.trade.config.Configs - Configs{支付宝openapi网关: https://openapi.alipaydev.com/gateway.do
, 支付宝mcloudapi网关域名: http://mcloudmonitor.com/gateway.do
, pid: 2088102179916514
, appid: 2016101700704230
, 商户RSA私钥: MIIEvA******2gBw==
, 商户RSA公钥: MIIBIj******IDAQAB
, 支付宝RSA公钥: MIIBIj******IDAQAB
, 签名类型: RSA2
, 查询重试次数: 5
, 查询间隔(毫秒): 5000
, 撤销尝试次数: 3
, 撤销重试间隔(毫秒): 2000
, 交易保障调度延迟(秒): 5
, 交易保障调度间隔(秒): 900
}
2019-11-17 23:40:41.604 [main] INFO  o.s.scheduling.concurrent.ThreadPoolTaskExecutor - Initializing ExecutorService 'applicationTaskExecutor'
2019-11-17 23:40:42.041 [main] INFO  org.apache.coyote.http11.Http11NioProtocol - Starting ProtocolHandler ["http-nio-8888"]
2019-11-17 23:40:42.066 [main] INFO  o.s.boot.web.embedded.tomcat.TomcatWebServer - Tomcat started on port(s): 8888 (http) with context path ''
2019-11-17 23:40:42.070 [main] INFO  com.neuedu.BusnessApplication - Started BusnessApplication in 5.311 seconds (JVM running for 7.055)
2019-11-17 23:44:59.654 [http-nio-8888-exec-1] INFO  o.a.c.core.ContainerBase.[Tomcat].[localhost].[/] - Initializing Spring DispatcherServlet 'dispatcherServlet'
2019-11-17 23:44:59.655 [http-nio-8888-exec-1] INFO  org.springframework.web.servlet.DispatcherServlet - Initializing Servlet 'dispatcherServlet'
2019-11-17 23:44:59.668 [http-nio-8888-exec-1] INFO  org.springframework.web.servlet.DispatcherServlet - Completed initialization in 13 ms
2019-11-17 23:45:30.911 [main] INFO  com.neuedu.BusnessApplication - Starting BusnessApplication on 6IXHRL9EJ5D9T3Y with PID 42924 (E:\Java2\busness\target\classes started by Administrator in E:\Java2\busness)
2019-11-17 23:45:30.916 [main] INFO  com.neuedu.BusnessApplication - The following profiles are active: prod
2019-11-17 23:45:33.073 [main] INFO  o.s.boot.web.embedded.tomcat.TomcatWebServer - Tomcat initialized with port(s): 8888 (http)
2019-11-17 23:45:33.085 [main] INFO  org.apache.coyote.http11.Http11NioProtocol - Initializing ProtocolHandler ["http-nio-8888"]
2019-11-17 23:45:33.086 [main] INFO  org.apache.catalina.core.StandardService - Starting service [Tomcat]
2019-11-17 23:45:33.087 [main] INFO  org.apache.catalina.core.StandardEngine - Starting Servlet engine: [Apache Tomcat/9.0.27]
2019-11-17 23:45:33.235 [main] INFO  o.a.c.core.ContainerBase.[Tomcat].[localhost].[/] - Initializing Spring embedded WebApplicationContext
2019-11-17 23:45:33.236 [main] INFO  org.springframework.web.context.ContextLoader - Root WebApplicationContext: initialization completed in 2172 ms
2019-11-17 23:45:33.373 [main] INFO  c.a.d.s.b.a.DruidDataSourceAutoConfigure - Init DruidDataSource
2019-11-17 23:45:33.570 [main] INFO  com.alibaba.druid.pool.DruidDataSource - {dataSource-1} inited
2019-11-17 23:45:34.047 [main] INFO  com.alipay.demo.trade.config.Configs - 配置文件名: zfbinfo.properties
2019-11-17 23:45:34.047 [main] INFO  com.alipay.demo.trade.config.Configs - Configs{支付宝openapi网关: https://openapi.alipaydev.com/gateway.do
, 支付宝mcloudapi网关域名: http://mcloudmonitor.com/gateway.do
, pid: 2088102179916514
, appid: 2016101700704230
, 商户RSA私钥: MIIEvA******2gBw==
, 商户RSA公钥: MIIBIj******IDAQAB
, 支付宝RSA公钥: MIIBIj******IDAQAB
, 签名类型: RSA2
, 查询重试次数: 5
, 查询间隔(毫秒): 5000
, 撤销尝试次数: 3
, 撤销重试间隔(毫秒): 2000
, 交易保障调度延迟(秒): 5
, 交易保障调度间隔(秒): 900
}
2019-11-17 23:45:34.187 [main] INFO  o.s.scheduling.concurrent.ThreadPoolTaskExecutor - Initializing ExecutorService 'applicationTaskExecutor'
2019-11-17 23:45:34.576 [main] INFO  org.apache.coyote.http11.Http11NioProtocol - Starting ProtocolHandler ["http-nio-8888"]
2019-11-17 23:45:34.619 [main] INFO  o.s.boot.web.embedded.tomcat.TomcatWebServer - Tomcat started on port(s): 8888 (http) with context path ''
2019-11-17 23:45:34.623 [main] INFO  com.neuedu.BusnessApplication - Started BusnessApplication in 4.956 seconds (JVM running for 6.683)
2019-11-17 23:45:40.686 [http-nio-8888-exec-1] INFO  o.a.c.core.ContainerBase.[Tomcat].[localhost].[/] - Initializing Spring DispatcherServlet 'dispatcherServlet'
2019-11-17 23:45:40.687 [http-nio-8888-exec-1] INFO  org.springframework.web.servlet.DispatcherServlet - Initializing Servlet 'dispatcherServlet'
2019-11-17 23:45:40.696 [http-nio-8888-exec-1] INFO  org.springframework.web.servlet.DispatcherServlet - Completed initialization in 9 ms
2019-11-17 23:46:31.666 [main] INFO  com.neuedu.BusnessApplication - Starting BusnessApplication on 6IXHRL9EJ5D9T3Y with PID 42268 (E:\Java2\busness\target\classes started by Administrator in E:\Java2\busness)
2019-11-17 23:46:31.671 [main] INFO  com.neuedu.BusnessApplication - The following profiles are active: prod
2019-11-17 23:46:33.411 [main] INFO  o.s.boot.web.embedded.tomcat.TomcatWebServer - Tomcat initialized with port(s): 8888 (http)
2019-11-17 23:46:33.423 [main] INFO  org.apache.coyote.http11.Http11NioProtocol - Initializing ProtocolHandler ["http-nio-8888"]
2019-11-17 23:46:33.424 [main] INFO  org.apache.catalina.core.StandardService - Starting service [Tomcat]
2019-11-17 23:46:33.424 [main] INFO  org.apache.catalina.core.StandardEngine - Starting Servlet engine: [Apache Tomcat/9.0.27]
2019-11-17 23:46:33.584 [main] INFO  o.a.c.core.ContainerBase.[Tomcat].[localhost].[/] - Initializing Spring embedded WebApplicationContext
2019-11-17 23:46:33.584 [main] INFO  org.springframework.web.context.ContextLoader - Root WebApplicationContext: initialization completed in 1810 ms
2019-11-17 23:46:33.724 [main] INFO  c.a.d.s.b.a.DruidDataSourceAutoConfigure - Init DruidDataSource
2019-11-17 23:46:33.928 [main] INFO  com.alibaba.druid.pool.DruidDataSource - {dataSource-1} inited
2019-11-17 23:46:34.484 [main] INFO  com.alipay.demo.trade.config.Configs - 配置文件名: zfbinfo.properties
2019-11-17 23:46:34.485 [main] INFO  com.alipay.demo.trade.config.Configs - Configs{支付宝openapi网关: https://openapi.alipaydev.com/gateway.do
, 支付宝mcloudapi网关域名: http://mcloudmonitor.com/gateway.do
, pid: 2088102179916514
, appid: 2016101700704230
, 商户RSA私钥: MIIEvA******2gBw==
, 商户RSA公钥: MIIBIj******IDAQAB
, 支付宝RSA公钥: MIIBIj******IDAQAB
, 签名类型: RSA2
, 查询重试次数: 5
, 查询间隔(毫秒): 5000
, 撤销尝试次数: 3
, 撤销重试间隔(毫秒): 2000
, 交易保障调度延迟(秒): 5
, 交易保障调度间隔(秒): 900
}
2019-11-17 23:46:34.634 [main] INFO  o.s.scheduling.concurrent.ThreadPoolTaskExecutor - Initializing ExecutorService 'applicationTaskExecutor'
2019-11-17 23:46:35.002 [main] INFO  org.apache.coyote.http11.Http11NioProtocol - Starting ProtocolHandler ["http-nio-8888"]
2019-11-17 23:46:35.029 [main] INFO  o.s.boot.web.embedded.tomcat.TomcatWebServer - Tomcat started on port(s): 8888 (http) with context path ''
2019-11-17 23:46:35.032 [main] INFO  com.neuedu.BusnessApplication - Started BusnessApplication in 4.427 seconds (JVM running for 6.023)
2019-11-17 23:46:40.252 [http-nio-8888-exec-2] INFO  o.a.c.core.ContainerBase.[Tomcat].[localhost].[/] - Initializing Spring DispatcherServlet 'dispatcherServlet'
2019-11-17 23:46:40.254 [http-nio-8888-exec-2] INFO  org.springframework.web.servlet.DispatcherServlet - Initializing Servlet 'dispatcherServlet'
2019-11-17 23:46:40.262 [http-nio-8888-exec-2] INFO  org.springframework.web.servlet.DispatcherServlet - Completed initialization in 8 ms
