2019-11-18 00:03:40.944 [main] INFO  com.neuedu.BusnessApplication - Starting BusnessApplication on 6IXHRL9EJ5D9T3Y with PID 37688 (E:\Java2\busness\target\classes started by Administrator in E:\Java2\busness)
2019-11-18 00:03:40.954 [main] INFO  com.neuedu.BusnessApplication - The following profiles are active: prod
2019-11-18 00:03:42.889 [main] INFO  o.s.boot.web.embedded.tomcat.TomcatWebServer - Tomcat initialized with port(s): 8888 (http)
2019-11-18 00:03:42.900 [main] INFO  org.apache.coyote.http11.Http11NioProtocol - Initializing ProtocolHandler ["http-nio-8888"]
2019-11-18 00:03:42.902 [main] INFO  org.apache.catalina.core.StandardService - Starting service [Tomcat]
2019-11-18 00:03:42.902 [main] INFO  org.apache.catalina.core.StandardEngine - Starting Servlet engine: [Apache Tomcat/9.0.27]
2019-11-18 00:03:43.109 [main] INFO  o.a.c.core.ContainerBase.[Tomcat].[localhost].[/] - Initializing Spring embedded WebApplicationContext
2019-11-18 00:03:43.110 [main] INFO  org.springframework.web.context.ContextLoader - Root WebApplicationContext: initialization completed in 2014 ms
2019-11-18 00:03:43.254 [main] INFO  c.a.d.s.b.a.DruidDataSourceAutoConfigure - Init DruidDataSource
2019-11-18 00:03:43.443 [main] INFO  com.alibaba.druid.pool.DruidDataSource - {dataSource-1} inited
2019-11-18 00:03:43.911 [main] INFO  com.alipay.demo.trade.config.Configs - 配置文件名: zfbinfo.properties
2019-11-18 00:03:43.912 [main] INFO  com.alipay.demo.trade.config.Configs - Configs{支付宝openapi网关: https://openapi.alipaydev.com/gateway.do
, 支付宝mcloudapi网关域名: http://mcloudmonitor.com/gateway.do
, pid: 2088102179916514
, appid: 2016101700704230
, 商户RSA私钥: MIIEvA******2gBw==
, 商户RSA公钥: MIIBIj******IDAQAB
, 支付宝RSA公钥: MIIBIj******IDAQAB
, 签名类型: RSA2
, 查询重试次数: 5
, 查询间隔(毫秒): 5000
, 撤销尝试次数: 3
, 撤销重试间隔(毫秒): 2000
, 交易保障调度延迟(秒): 5
, 交易保障调度间隔(秒): 900
}
2019-11-18 00:03:44.053 [main] INFO  o.s.scheduling.concurrent.ThreadPoolTaskExecutor - Initializing ExecutorService 'applicationTaskExecutor'
2019-11-18 00:03:44.425 [main] INFO  org.apache.coyote.http11.Http11NioProtocol - Starting ProtocolHandler ["http-nio-8888"]
2019-11-18 00:03:44.455 [main] INFO  o.s.boot.web.embedded.tomcat.TomcatWebServer - Tomcat started on port(s): 8888 (http) with context path ''
2019-11-18 00:03:44.458 [main] INFO  com.neuedu.BusnessApplication - Started BusnessApplication in 4.534 seconds (JVM running for 5.997)
2019-11-18 00:03:49.848 [http-nio-8888-exec-2] INFO  o.a.c.core.ContainerBase.[Tomcat].[localhost].[/] - Initializing Spring DispatcherServlet 'dispatcherServlet'
2019-11-18 00:03:49.848 [http-nio-8888-exec-2] INFO  org.springframework.web.servlet.DispatcherServlet - Initializing Servlet 'dispatcherServlet'
2019-11-18 00:03:49.858 [http-nio-8888-exec-2] INFO  org.springframework.web.servlet.DispatcherServlet - Completed initialization in 9 ms
2019-11-18 00:32:35.645 [main] INFO  com.neuedu.BusnessApplication - Starting BusnessApplication on 6IXHRL9EJ5D9T3Y with PID 3440 (E:\Java2\busness\target\classes started by Administrator in E:\Java2\busness)
2019-11-18 00:32:35.650 [main] INFO  com.neuedu.BusnessApplication - The following profiles are active: prod
2019-11-18 00:32:37.326 [main] INFO  o.s.boot.web.embedded.tomcat.TomcatWebServer - Tomcat initialized with port(s): 8888 (http)
2019-11-18 00:32:37.338 [main] INFO  org.apache.coyote.http11.Http11NioProtocol - Initializing ProtocolHandler ["http-nio-8888"]
2019-11-18 00:32:37.339 [main] INFO  org.apache.catalina.core.StandardService - Starting service [Tomcat]
2019-11-18 00:32:37.340 [main] INFO  org.apache.catalina.core.StandardEngine - Starting Servlet engine: [Apache Tomcat/9.0.27]
2019-11-18 00:32:37.504 [main] INFO  o.a.c.core.ContainerBase.[Tomcat].[localhost].[/] - Initializing Spring embedded WebApplicationContext
2019-11-18 00:32:37.505 [main] INFO  org.springframework.web.context.ContextLoader - Root WebApplicationContext: initialization completed in 1772 ms
2019-11-18 00:32:37.642 [main] INFO  c.a.d.s.b.a.DruidDataSourceAutoConfigure - Init DruidDataSource
2019-11-18 00:32:37.853 [main] INFO  com.alibaba.druid.pool.DruidDataSource - {dataSource-1} inited
2019-11-18 00:32:38.304 [main] INFO  com.alipay.demo.trade.config.Configs - 配置文件名: zfbinfo.properties
2019-11-18 00:32:38.304 [main] INFO  com.alipay.demo.trade.config.Configs - Configs{支付宝openapi网关: https://openapi.alipaydev.com/gateway.do
, 支付宝mcloudapi网关域名: http://mcloudmonitor.com/gateway.do
, pid: 2088102179916514
, appid: 2016101700704230
, 商户RSA私钥: MIIEvA******2gBw==
, 商户RSA公钥: MIIBIj******IDAQAB
, 支付宝RSA公钥: MIIBIj******IDAQAB
, 签名类型: RSA2
, 查询重试次数: 5
, 查询间隔(毫秒): 5000
, 撤销尝试次数: 3
, 撤销重试间隔(毫秒): 2000
, 交易保障调度延迟(秒): 5
, 交易保障调度间隔(秒): 900
}
2019-11-18 00:32:38.440 [main] INFO  o.s.scheduling.concurrent.ThreadPoolTaskExecutor - Initializing ExecutorService 'applicationTaskExecutor'
2019-11-18 00:32:38.798 [main] INFO  org.apache.coyote.http11.Http11NioProtocol - Starting ProtocolHandler ["http-nio-8888"]
2019-11-18 00:32:38.825 [main] INFO  o.s.boot.web.embedded.tomcat.TomcatWebServer - Tomcat started on port(s): 8888 (http) with context path ''
2019-11-18 00:32:38.829 [main] INFO  com.neuedu.BusnessApplication - Started BusnessApplication in 4.249 seconds (JVM running for 5.931)
2019-11-18 00:32:41.844 [http-nio-8888-exec-1] INFO  o.a.c.core.ContainerBase.[Tomcat].[localhost].[/] - Initializing Spring DispatcherServlet 'dispatcherServlet'
2019-11-18 00:32:41.845 [http-nio-8888-exec-1] INFO  org.springframework.web.servlet.DispatcherServlet - Initializing Servlet 'dispatcherServlet'
2019-11-18 00:32:41.853 [http-nio-8888-exec-1] INFO  org.springframework.web.servlet.DispatcherServlet - Completed initialization in 8 ms
2019-11-18 09:05:17.622 [main] INFO  com.neuedu.BusnessApplication - Starting BusnessApplication on 6IXHRL9EJ5D9T3Y with PID 14340 (E:\Java2\busness\target\classes started by Administrator in E:\Java2\busness)
2019-11-18 09:05:17.627 [main] INFO  com.neuedu.BusnessApplication - The following profiles are active: prod
2019-11-18 09:05:21.419 [main] INFO  o.s.boot.web.embedded.tomcat.TomcatWebServer - Tomcat initialized with port(s): 8888 (http)
2019-11-18 09:05:21.437 [main] INFO  org.apache.coyote.http11.Http11NioProtocol - Initializing ProtocolHandler ["http-nio-8888"]
2019-11-18 09:05:21.437 [main] INFO  org.apache.catalina.core.StandardService - Starting service [Tomcat]
2019-11-18 09:05:21.437 [main] INFO  org.apache.catalina.core.StandardEngine - Starting Servlet engine: [Apache Tomcat/9.0.27]
2019-11-18 09:05:21.663 [main] INFO  o.a.c.core.ContainerBase.[Tomcat].[localhost].[/] - Initializing Spring embedded WebApplicationContext
2019-11-18 09:05:21.663 [main] INFO  org.springframework.web.context.ContextLoader - Root WebApplicationContext: initialization completed in 3933 ms
2019-11-18 09:05:21.911 [main] INFO  c.a.d.s.b.a.DruidDataSourceAutoConfigure - Init DruidDataSource
2019-11-18 09:05:24.180 [main] INFO  com.alibaba.druid.pool.DruidDataSource - {dataSource-1} inited
2019-11-18 09:05:25.216 [main] INFO  com.alipay.demo.trade.config.Configs - 配置文件名: zfbinfo.properties
2019-11-18 09:05:25.217 [main] INFO  com.alipay.demo.trade.config.Configs - Configs{支付宝openapi网关: https://openapi.alipaydev.com/gateway.do
, 支付宝mcloudapi网关域名: http://mcloudmonitor.com/gateway.do
, pid: 2088102179916514
, appid: 2016101700704230
, 商户RSA私钥: MIIEvA******2gBw==
, 商户RSA公钥: MIIBIj******IDAQAB
, 支付宝RSA公钥: MIIBIj******IDAQAB
, 签名类型: RSA2
, 查询重试次数: 5
, 查询间隔(毫秒): 5000
, 撤销尝试次数: 3
, 撤销重试间隔(毫秒): 2000
, 交易保障调度延迟(秒): 5
, 交易保障调度间隔(秒): 900
}
2019-11-18 09:05:25.607 [main] INFO  o.s.scheduling.concurrent.ThreadPoolTaskExecutor - Initializing ExecutorService 'applicationTaskExecutor'
2019-11-18 09:05:26.759 [main] INFO  org.apache.coyote.http11.Http11NioProtocol - Starting ProtocolHandler ["http-nio-8888"]
2019-11-18 09:05:26.838 [main] INFO  o.s.boot.web.embedded.tomcat.TomcatWebServer - Tomcat started on port(s): 8888 (http) with context path ''
2019-11-18 09:05:26.845 [main] INFO  com.neuedu.BusnessApplication - Started BusnessApplication in 11.063 seconds (JVM running for 15.493)
2019-11-18 09:05:53.270 [http-nio-8888-exec-10] INFO  o.a.c.core.ContainerBase.[Tomcat].[localhost].[/] - Initializing Spring DispatcherServlet 'dispatcherServlet'
2019-11-18 09:05:53.270 [http-nio-8888-exec-10] INFO  org.springframework.web.servlet.DispatcherServlet - Initializing Servlet 'dispatcherServlet'
2019-11-18 09:05:53.286 [http-nio-8888-exec-10] INFO  org.springframework.web.servlet.DispatcherServlet - Completed initialization in 16 ms
2019-11-18 10:33:37.498 [main] INFO  com.neuedu.BusnessApplication - Starting BusnessApplication on 6IXHRL9EJ5D9T3Y with PID 17208 (E:\Java2\busness\target\classes started by Administrator in E:\Java2\busness)
2019-11-18 10:33:37.508 [main] INFO  com.neuedu.BusnessApplication - The following profiles are active: prod
2019-11-18 10:33:39.548 [main] INFO  o.s.boot.web.embedded.tomcat.TomcatWebServer - Tomcat initialized with port(s): 8888 (http)
2019-11-18 10:33:39.558 [main] INFO  org.apache.coyote.http11.Http11NioProtocol - Initializing ProtocolHandler ["http-nio-8888"]
2019-11-18 10:33:39.559 [main] INFO  org.apache.catalina.core.StandardService - Starting service [Tomcat]
2019-11-18 10:33:39.560 [main] INFO  org.apache.catalina.core.StandardEngine - Starting Servlet engine: [Apache Tomcat/9.0.27]
2019-11-18 10:33:39.669 [main] INFO  o.a.c.core.ContainerBase.[Tomcat].[localhost].[/] - Initializing Spring embedded WebApplicationContext
2019-11-18 10:33:39.669 [main] INFO  org.springframework.web.context.ContextLoader - Root WebApplicationContext: initialization completed in 2044 ms
2019-11-18 10:33:39.789 [main] INFO  c.a.d.s.b.a.DruidDataSourceAutoConfigure - Init DruidDataSource
2019-11-18 10:33:40.027 [main] INFO  com.alibaba.druid.pool.DruidDataSource - {dataSource-1} inited
2019-11-18 10:33:40.498 [main] INFO  com.alipay.demo.trade.config.Configs - 配置文件名: zfbinfo.properties
2019-11-18 10:33:40.498 [main] INFO  com.alipay.demo.trade.config.Configs - Configs{支付宝openapi网关: https://openapi.alipaydev.com/gateway.do
, 支付宝mcloudapi网关域名: http://mcloudmonitor.com/gateway.do
, pid: 2088102179916514
, appid: 2016101700704230
, 商户RSA私钥: MIIEvA******2gBw==
, 商户RSA公钥: MIIBIj******IDAQAB
, 支付宝RSA公钥: MIIBIj******IDAQAB
, 签名类型: RSA2
, 查询重试次数: 5
, 查询间隔(毫秒): 5000
, 撤销尝试次数: 3
, 撤销重试间隔(毫秒): 2000
, 交易保障调度延迟(秒): 5
, 交易保障调度间隔(秒): 900
}
2019-11-18 10:33:40.654 [main] INFO  o.s.scheduling.concurrent.ThreadPoolTaskExecutor - Initializing ExecutorService 'applicationTaskExecutor'
2019-11-18 10:33:40.998 [main] INFO  org.apache.coyote.http11.Http11NioProtocol - Starting ProtocolHandler ["http-nio-8888"]
2019-11-18 10:33:41.040 [main] INFO  o.s.boot.web.embedded.tomcat.TomcatWebServer - Tomcat started on port(s): 8888 (http) with context path ''
2019-11-18 10:33:41.046 [main] INFO  com.neuedu.BusnessApplication - Started BusnessApplication in 4.54 seconds (JVM running for 5.985)
2019-11-18 10:33:53.596 [http-nio-8888-exec-2] INFO  o.a.c.core.ContainerBase.[Tomcat].[localhost].[/] - Initializing Spring DispatcherServlet 'dispatcherServlet'
2019-11-18 10:33:53.597 [http-nio-8888-exec-2] INFO  org.springframework.web.servlet.DispatcherServlet - Initializing Servlet 'dispatcherServlet'
2019-11-18 10:33:53.605 [http-nio-8888-exec-2] INFO  org.springframework.web.servlet.DispatcherServlet - Completed initialization in 8 ms
2019-11-18 13:16:49.227 [main] INFO  com.neuedu.BusnessApplication - Starting BusnessApplication on 6IXHRL9EJ5D9T3Y with PID 16312 (E:\Java2\busness\target\classes started by Administrator in E:\Java2\busness)
2019-11-18 13:16:49.232 [main] INFO  com.neuedu.BusnessApplication - The following profiles are active: prod
2019-11-18 13:16:51.209 [main] INFO  o.s.boot.web.embedded.tomcat.TomcatWebServer - Tomcat initialized with port(s): 8888 (http)
2019-11-18 13:16:51.221 [main] INFO  org.apache.coyote.http11.Http11NioProtocol - Initializing ProtocolHandler ["http-nio-8888"]
2019-11-18 13:16:51.222 [main] INFO  org.apache.catalina.core.StandardService - Starting service [Tomcat]
2019-11-18 13:16:51.224 [main] INFO  org.apache.catalina.core.StandardEngine - Starting Servlet engine: [Apache Tomcat/9.0.27]
2019-11-18 13:16:51.331 [main] INFO  o.a.c.core.ContainerBase.[Tomcat].[localhost].[/] - Initializing Spring embedded WebApplicationContext
2019-11-18 13:16:51.331 [main] INFO  org.springframework.web.context.ContextLoader - Root WebApplicationContext: initialization completed in 2019 ms
2019-11-18 13:16:51.447 [main] INFO  c.a.d.s.b.a.DruidDataSourceAutoConfigure - Init DruidDataSource
2019-11-18 13:16:51.631 [main] INFO  com.alibaba.druid.pool.DruidDataSource - {dataSource-1} inited
2019-11-18 13:16:52.192 [main] INFO  com.alipay.demo.trade.config.Configs - 配置文件名: zfbinfo.properties
2019-11-18 13:16:52.192 [main] INFO  com.alipay.demo.trade.config.Configs - Configs{支付宝openapi网关: https://openapi.alipaydev.com/gateway.do
, 支付宝mcloudapi网关域名: http://mcloudmonitor.com/gateway.do
, pid: 2088102179916514
, appid: 2016101700704230
, 商户RSA私钥: MIIEvA******2gBw==
, 商户RSA公钥: MIIBIj******IDAQAB
, 支付宝RSA公钥: MIIBIj******IDAQAB
, 签名类型: RSA2
, 查询重试次数: 5
, 查询间隔(毫秒): 5000
, 撤销尝试次数: 3
, 撤销重试间隔(毫秒): 2000
, 交易保障调度延迟(秒): 5
, 交易保障调度间隔(秒): 900
}
2019-11-18 13:16:52.358 [main] INFO  o.s.scheduling.concurrent.ThreadPoolTaskExecutor - Initializing ExecutorService 'applicationTaskExecutor'
2019-11-18 13:16:52.438 [main] INFO  o.s.scheduling.concurrent.ThreadPoolTaskExecutor - Shutting down ExecutorService 'applicationTaskExecutor'
2019-11-18 13:16:52.440 [main] INFO  com.alibaba.druid.pool.DruidDataSource - {dataSource-1} closed
2019-11-18 13:16:52.444 [main] INFO  org.apache.catalina.core.StandardService - Stopping service [Tomcat]
2019-11-18 13:16:52.461 [main] INFO  o.s.b.a.l.ConditionEvaluationReportLoggingListener - 

Error starting ApplicationContext. To display the conditions report re-run your application with 'debug' enabled.
2019-11-18 13:18:13.789 [main] INFO  com.neuedu.BusnessApplication - Starting BusnessApplication on 6IXHRL9EJ5D9T3Y with PID 8660 (E:\Java2\busness\target\classes started by Administrator in E:\Java2\busness)
2019-11-18 13:18:13.794 [main] INFO  com.neuedu.BusnessApplication - The following profiles are active: prod
2019-11-18 13:18:15.608 [main] INFO  o.s.boot.web.embedded.tomcat.TomcatWebServer - Tomcat initialized with port(s): 8888 (http)
2019-11-18 13:18:15.618 [main] INFO  org.apache.coyote.http11.Http11NioProtocol - Initializing ProtocolHandler ["http-nio-8888"]
2019-11-18 13:18:15.619 [main] INFO  org.apache.catalina.core.StandardService - Starting service [Tomcat]
2019-11-18 13:18:15.619 [main] INFO  org.apache.catalina.core.StandardEngine - Starting Servlet engine: [Apache Tomcat/9.0.27]
2019-11-18 13:18:15.734 [main] INFO  o.a.c.core.ContainerBase.[Tomcat].[localhost].[/] - Initializing Spring embedded WebApplicationContext
2019-11-18 13:18:15.734 [main] INFO  org.springframework.web.context.ContextLoader - Root WebApplicationContext: initialization completed in 1823 ms
2019-11-18 13:18:15.857 [main] INFO  c.a.d.s.b.a.DruidDataSourceAutoConfigure - Init DruidDataSource
2019-11-18 13:18:16.048 [main] INFO  com.alibaba.druid.pool.DruidDataSource - {dataSource-1} inited
2019-11-18 13:18:16.551 [main] INFO  com.alipay.demo.trade.config.Configs - 配置文件名: zfbinfo.properties
2019-11-18 13:18:16.552 [main] INFO  com.alipay.demo.trade.config.Configs - Configs{支付宝openapi网关: https://openapi.alipaydev.com/gateway.do
, 支付宝mcloudapi网关域名: http://mcloudmonitor.com/gateway.do
, pid: 2088102179916514
, appid: 2016101700704230
, 商户RSA私钥: MIIEvA******2gBw==
, 商户RSA公钥: MIIBIj******IDAQAB
, 支付宝RSA公钥: MIIBIj******IDAQAB
, 签名类型: RSA2
, 查询重试次数: 5
, 查询间隔(毫秒): 5000
, 撤销尝试次数: 3
, 撤销重试间隔(毫秒): 2000
, 交易保障调度延迟(秒): 5
, 交易保障调度间隔(秒): 900
}
2019-11-18 13:18:16.698 [main] INFO  o.s.scheduling.concurrent.ThreadPoolTaskExecutor - Initializing ExecutorService 'applicationTaskExecutor'
2019-11-18 13:18:16.772 [main] INFO  o.s.scheduling.concurrent.ThreadPoolTaskExecutor - Shutting down ExecutorService 'applicationTaskExecutor'
2019-11-18 13:18:16.774 [main] INFO  com.alibaba.druid.pool.DruidDataSource - {dataSource-1} closed
2019-11-18 13:18:16.780 [main] INFO  org.apache.catalina.core.StandardService - Stopping service [Tomcat]
2019-11-18 13:18:16.794 [main] INFO  o.s.b.a.l.ConditionEvaluationReportLoggingListener - 

Error starting ApplicationContext. To display the conditions report re-run your application with 'debug' enabled.
2019-11-18 13:19:49.156 [main] INFO  com.neuedu.BusnessApplication - Starting BusnessApplication on 6IXHRL9EJ5D9T3Y with PID 22040 (E:\Java2\busness\target\classes started by Administrator in E:\Java2\busness)
2019-11-18 13:19:49.160 [main] INFO  com.neuedu.BusnessApplication - The following profiles are active: prod
2019-11-18 13:19:50.895 [main] INFO  o.s.boot.web.embedded.tomcat.TomcatWebServer - Tomcat initialized with port(s): 8888 (http)
2019-11-18 13:19:50.908 [main] INFO  org.apache.coyote.http11.Http11NioProtocol - Initializing ProtocolHandler ["http-nio-8888"]
2019-11-18 13:19:50.909 [main] INFO  org.apache.catalina.core.StandardService - Starting service [Tomcat]
2019-11-18 13:19:50.909 [main] INFO  org.apache.catalina.core.StandardEngine - Starting Servlet engine: [Apache Tomcat/9.0.27]
2019-11-18 13:19:51.023 [main] INFO  o.a.c.core.ContainerBase.[Tomcat].[localhost].[/] - Initializing Spring embedded WebApplicationContext
2019-11-18 13:19:51.024 [main] INFO  org.springframework.web.context.ContextLoader - Root WebApplicationContext: initialization completed in 1758 ms
2019-11-18 13:19:51.143 [main] INFO  c.a.d.s.b.a.DruidDataSourceAutoConfigure - Init DruidDataSource
2019-11-18 13:19:51.310 [main] INFO  com.alibaba.druid.pool.DruidDataSource - {dataSource-1} inited
2019-11-18 13:19:51.771 [main] INFO  com.alipay.demo.trade.config.Configs - 配置文件名: zfbinfo.properties
2019-11-18 13:19:51.771 [main] INFO  com.alipay.demo.trade.config.Configs - Configs{支付宝openapi网关: https://openapi.alipaydev.com/gateway.do
, 支付宝mcloudapi网关域名: http://mcloudmonitor.com/gateway.do
, pid: 2088102179916514
, appid: 2016101700704230
, 商户RSA私钥: MIIEvA******2gBw==
, 商户RSA公钥: MIIBIj******IDAQAB
, 支付宝RSA公钥: MIIBIj******IDAQAB
, 签名类型: RSA2
, 查询重试次数: 5
, 查询间隔(毫秒): 5000
, 撤销尝试次数: 3
, 撤销重试间隔(毫秒): 2000
, 交易保障调度延迟(秒): 5
, 交易保障调度间隔(秒): 900
}
2019-11-18 13:19:51.912 [main] INFO  o.s.scheduling.concurrent.ThreadPoolTaskExecutor - Initializing ExecutorService 'applicationTaskExecutor'
2019-11-18 13:19:52.383 [main] INFO  org.apache.coyote.http11.Http11NioProtocol - Starting ProtocolHandler ["http-nio-8888"]
2019-11-18 13:19:52.429 [main] INFO  o.s.boot.web.embedded.tomcat.TomcatWebServer - Tomcat started on port(s): 8888 (http) with context path ''
2019-11-18 13:19:52.433 [main] INFO  com.neuedu.BusnessApplication - Started BusnessApplication in 4.25 seconds (JVM running for 5.723)
2019-11-18 13:20:50.639 [main] INFO  com.neuedu.BusnessApplication - Starting BusnessApplication on 6IXHRL9EJ5D9T3Y with PID 21508 (E:\Java2\busness\target\classes started by Administrator in E:\Java2\busness)
2019-11-18 13:20:50.644 [main] INFO  com.neuedu.BusnessApplication - The following profiles are active: prod
2019-11-18 13:20:52.587 [main] INFO  o.s.boot.web.embedded.tomcat.TomcatWebServer - Tomcat initialized with port(s): 8888 (http)
2019-11-18 13:20:52.603 [main] INFO  org.apache.coyote.http11.Http11NioProtocol - Initializing ProtocolHandler ["http-nio-8888"]
2019-11-18 13:20:52.607 [main] INFO  org.apache.catalina.core.StandardService - Starting service [Tomcat]
2019-11-18 13:20:52.607 [main] INFO  org.apache.catalina.core.StandardEngine - Starting Servlet engine: [Apache Tomcat/9.0.27]
2019-11-18 13:20:52.772 [main] INFO  o.a.c.core.ContainerBase.[Tomcat].[localhost].[/] - Initializing Spring embedded WebApplicationContext
2019-11-18 13:20:52.773 [main] INFO  org.springframework.web.context.ContextLoader - Root WebApplicationContext: initialization completed in 2003 ms
2019-11-18 13:20:53.186 [main] INFO  c.a.d.s.b.a.DruidDataSourceAutoConfigure - Init DruidDataSource
2019-11-18 13:20:53.589 [main] INFO  com.alibaba.druid.pool.DruidDataSource - {dataSource-1} inited
2019-11-18 13:21:01.861 [main] INFO  com.neuedu.BusnessApplication - Starting BusnessApplication on 6IXHRL9EJ5D9T3Y with PID 22364 (E:\Java2\busness\target\classes started by Administrator in E:\Java2\busness)
2019-11-18 13:21:01.867 [main] INFO  com.neuedu.BusnessApplication - The following profiles are active: prod
2019-11-18 13:21:03.569 [main] INFO  o.s.boot.web.embedded.tomcat.TomcatWebServer - Tomcat initialized with port(s): 8888 (http)
2019-11-18 13:21:03.582 [main] INFO  org.apache.coyote.http11.Http11NioProtocol - Initializing ProtocolHandler ["http-nio-8888"]
2019-11-18 13:21:03.584 [main] INFO  org.apache.catalina.core.StandardService - Starting service [Tomcat]
2019-11-18 13:21:03.584 [main] INFO  org.apache.catalina.core.StandardEngine - Starting Servlet engine: [Apache Tomcat/9.0.27]
2019-11-18 13:21:03.708 [main] INFO  o.a.c.core.ContainerBase.[Tomcat].[localhost].[/] - Initializing Spring embedded WebApplicationContext
2019-11-18 13:21:03.708 [main] INFO  org.springframework.web.context.ContextLoader - Root WebApplicationContext: initialization completed in 1751 ms
2019-11-18 13:21:03.852 [main] INFO  c.a.d.s.b.a.DruidDataSourceAutoConfigure - Init DruidDataSource
2019-11-18 13:21:04.024 [main] INFO  com.alibaba.druid.pool.DruidDataSource - {dataSource-1} inited
2019-11-18 13:21:04.474 [main] INFO  com.alipay.demo.trade.config.Configs - 配置文件名: zfbinfo.properties
2019-11-18 13:21:04.474 [main] INFO  com.alipay.demo.trade.config.Configs - Configs{支付宝openapi网关: https://openapi.alipaydev.com/gateway.do
, 支付宝mcloudapi网关域名: http://mcloudmonitor.com/gateway.do
, pid: 2088102179916514
, appid: 2016101700704230
, 商户RSA私钥: MIIEvA******2gBw==
, 商户RSA公钥: MIIBIj******IDAQAB
, 支付宝RSA公钥: MIIBIj******IDAQAB
, 签名类型: RSA2
, 查询重试次数: 5
, 查询间隔(毫秒): 5000
, 撤销尝试次数: 3
, 撤销重试间隔(毫秒): 2000
, 交易保障调度延迟(秒): 5
, 交易保障调度间隔(秒): 900
}
2019-11-18 13:21:04.620 [main] INFO  o.s.scheduling.concurrent.ThreadPoolTaskExecutor - Initializing ExecutorService 'applicationTaskExecutor'
2019-11-18 13:21:05.016 [main] INFO  org.apache.coyote.http11.Http11NioProtocol - Starting ProtocolHandler ["http-nio-8888"]
2019-11-18 13:21:05.045 [main] INFO  o.s.boot.web.embedded.tomcat.TomcatWebServer - Tomcat started on port(s): 8888 (http) with context path ''
2019-11-18 13:21:05.049 [main] INFO  com.neuedu.BusnessApplication - Started BusnessApplication in 4.227 seconds (JVM running for 5.629)
2019-11-18 13:21:34.495 [http-nio-8888-exec-1] INFO  o.a.c.core.ContainerBase.[Tomcat].[localhost].[/] - Initializing Spring DispatcherServlet 'dispatcherServlet'
2019-11-18 13:21:34.496 [http-nio-8888-exec-1] INFO  org.springframework.web.servlet.DispatcherServlet - Initializing Servlet 'dispatcherServlet'
2019-11-18 13:21:34.504 [http-nio-8888-exec-1] INFO  org.springframework.web.servlet.DispatcherServlet - Completed initialization in 8 ms
