2019-10-31 09:22:26.646 [main] INFO  com.neuedu.BusnessApplication - Starting BusnessApplication on 6IXHRL9EJ5D9T3Y with PID 2408 (E:\Java2\busness\target\classes started by Administrator in E:\Java2\busness)
2019-10-31 09:22:26.658 [main] INFO  com.neuedu.BusnessApplication - The following profiles are active: prod
2019-10-31 09:22:28.418 [main] INFO  o.s.boot.web.embedded.tomcat.TomcatWebServer - Tomcat initialized with port(s): 8888 (http)
2019-10-31 09:22:28.429 [main] INFO  org.apache.coyote.http11.Http11NioProtocol - Initializing ProtocolHandler ["http-nio-8888"]
2019-10-31 09:22:28.429 [main] INFO  org.apache.catalina.core.StandardService - Starting service [Tomcat]
2019-10-31 09:22:28.430 [main] INFO  org.apache.catalina.core.StandardEngine - Starting Servlet engine: [Apache Tomcat/9.0.27]
2019-10-31 09:22:28.546 [main] INFO  o.a.c.core.ContainerBase.[Tomcat].[localhost].[/] - Initializing Spring embedded WebApplicationContext
2019-10-31 09:22:28.546 [main] INFO  org.springframework.web.context.ContextLoader - Root WebApplicationContext: initialization completed in 1785 ms
2019-10-31 09:22:28.678 [main] INFO  c.a.d.s.b.a.DruidDataSourceAutoConfigure - Init DruidDataSource
2019-10-31 09:22:28.844 [main] INFO  com.alibaba.druid.pool.DruidDataSource - {dataSource-1} inited
2019-10-31 09:22:29.394 [main] INFO  o.s.scheduling.concurrent.ThreadPoolTaskExecutor - Initializing ExecutorService 'applicationTaskExecutor'
2019-10-31 09:22:29.596 [main] INFO  org.apache.coyote.http11.Http11NioProtocol - Starting ProtocolHandler ["http-nio-8888"]
2019-10-31 09:22:29.625 [main] INFO  o.s.boot.web.embedded.tomcat.TomcatWebServer - Tomcat started on port(s): 8888 (http) with context path ''
2019-10-31 09:22:29.629 [main] INFO  com.neuedu.BusnessApplication - Started BusnessApplication in 4.133 seconds (JVM running for 6.288)
2019-10-31 09:22:37.630 [main] INFO  com.neuedu.BusnessApplication - Starting BusnessApplication on 6IXHRL9EJ5D9T3Y with PID 10152 (E:\Java2\busness\target\classes started by Administrator in E:\Java2\busness)
2019-10-31 09:22:37.635 [main] INFO  com.neuedu.BusnessApplication - The following profiles are active: prod
2019-10-31 09:22:39.139 [main] INFO  o.s.boot.web.embedded.tomcat.TomcatWebServer - Tomcat initialized with port(s): 8888 (http)
2019-10-31 09:22:39.148 [main] INFO  org.apache.coyote.http11.Http11NioProtocol - Initializing ProtocolHandler ["http-nio-8888"]
2019-10-31 09:22:39.149 [main] INFO  org.apache.catalina.core.StandardService - Starting service [Tomcat]
2019-10-31 09:22:39.150 [main] INFO  org.apache.catalina.core.StandardEngine - Starting Servlet engine: [Apache Tomcat/9.0.27]
2019-10-31 09:22:39.265 [main] INFO  o.a.c.core.ContainerBase.[Tomcat].[localhost].[/] - Initializing Spring embedded WebApplicationContext
2019-10-31 09:22:39.266 [main] INFO  org.springframework.web.context.ContextLoader - Root WebApplicationContext: initialization completed in 1516 ms
2019-10-31 09:22:39.375 [main] INFO  c.a.d.s.b.a.DruidDataSourceAutoConfigure - Init DruidDataSource
2019-10-31 09:22:39.542 [main] INFO  com.alibaba.druid.pool.DruidDataSource - {dataSource-1} inited
2019-10-31 09:22:40.066 [main] INFO  o.s.scheduling.concurrent.ThreadPoolTaskExecutor - Initializing ExecutorService 'applicationTaskExecutor'
2019-10-31 09:22:40.259 [main] INFO  org.apache.coyote.http11.Http11NioProtocol - Starting ProtocolHandler ["http-nio-8888"]
2019-10-31 09:22:40.289 [main] INFO  o.s.boot.web.embedded.tomcat.TomcatWebServer - Tomcat started on port(s): 8888 (http) with context path ''
2019-10-31 09:22:40.293 [main] INFO  com.neuedu.BusnessApplication - Started BusnessApplication in 3.486 seconds (JVM running for 4.808)
2019-10-31 09:23:12.767 [http-nio-8888-exec-2] INFO  o.a.c.core.ContainerBase.[Tomcat].[localhost].[/] - Initializing Spring DispatcherServlet 'dispatcherServlet'
2019-10-31 09:23:12.767 [http-nio-8888-exec-2] INFO  org.springframework.web.servlet.DispatcherServlet - Initializing Servlet 'dispatcherServlet'
2019-10-31 09:23:12.775 [http-nio-8888-exec-2] INFO  org.springframework.web.servlet.DispatcherServlet - Completed initialization in 7 ms
2019-10-31 09:24:47.989 [main] INFO  com.neuedu.BusnessApplication - Starting BusnessApplication on 6IXHRL9EJ5D9T3Y with PID 6796 (E:\Java2\busness\target\classes started by Administrator in E:\Java2\busness)
2019-10-31 09:24:47.993 [main] INFO  com.neuedu.BusnessApplication - The following profiles are active: prod
2019-10-31 09:24:49.510 [main] INFO  o.s.boot.web.embedded.tomcat.TomcatWebServer - Tomcat initialized with port(s): 8888 (http)
2019-10-31 09:24:49.523 [main] INFO  org.apache.coyote.http11.Http11NioProtocol - Initializing ProtocolHandler ["http-nio-8888"]
2019-10-31 09:24:49.525 [main] INFO  org.apache.catalina.core.StandardService - Starting service [Tomcat]
2019-10-31 09:24:49.525 [main] INFO  org.apache.catalina.core.StandardEngine - Starting Servlet engine: [Apache Tomcat/9.0.27]
2019-10-31 09:24:49.647 [main] INFO  o.a.c.core.ContainerBase.[Tomcat].[localhost].[/] - Initializing Spring embedded WebApplicationContext
2019-10-31 09:24:49.647 [main] INFO  org.springframework.web.context.ContextLoader - Root WebApplicationContext: initialization completed in 1587 ms
2019-10-31 09:24:49.767 [main] INFO  c.a.d.s.b.a.DruidDataSourceAutoConfigure - Init DruidDataSource
2019-10-31 09:24:49.921 [main] INFO  com.alibaba.druid.pool.DruidDataSource - {dataSource-1} inited
2019-10-31 09:24:50.474 [main] INFO  o.s.scheduling.concurrent.ThreadPoolTaskExecutor - Initializing ExecutorService 'applicationTaskExecutor'
2019-10-31 09:24:50.698 [main] INFO  org.apache.coyote.http11.Http11NioProtocol - Starting ProtocolHandler ["http-nio-8888"]
2019-10-31 09:24:50.726 [main] INFO  o.s.boot.web.embedded.tomcat.TomcatWebServer - Tomcat started on port(s): 8888 (http) with context path ''
2019-10-31 09:24:50.730 [main] INFO  com.neuedu.BusnessApplication - Started BusnessApplication in 3.511 seconds (JVM running for 4.771)
2019-10-31 09:25:02.531 [http-nio-8888-exec-1] INFO  o.a.c.core.ContainerBase.[Tomcat].[localhost].[/] - Initializing Spring DispatcherServlet 'dispatcherServlet'
2019-10-31 09:25:02.532 [http-nio-8888-exec-1] INFO  org.springframework.web.servlet.DispatcherServlet - Initializing Servlet 'dispatcherServlet'
2019-10-31 09:25:02.539 [http-nio-8888-exec-1] INFO  org.springframework.web.servlet.DispatcherServlet - Completed initialization in 7 ms
2019-10-31 09:27:52.759 [main] INFO  com.neuedu.BusnessApplication - Starting BusnessApplication on 6IXHRL9EJ5D9T3Y with PID 15796 (E:\Java2\busness\target\classes started by Administrator in E:\Java2\busness)
2019-10-31 09:27:52.763 [main] INFO  com.neuedu.BusnessApplication - The following profiles are active: prod
2019-10-31 09:27:54.142 [main] INFO  o.s.boot.web.embedded.tomcat.TomcatWebServer - Tomcat initialized with port(s): 8888 (http)
2019-10-31 09:27:54.153 [main] INFO  org.apache.coyote.http11.Http11NioProtocol - Initializing ProtocolHandler ["http-nio-8888"]
2019-10-31 09:27:54.154 [main] INFO  org.apache.catalina.core.StandardService - Starting service [Tomcat]
2019-10-31 09:27:54.154 [main] INFO  org.apache.catalina.core.StandardEngine - Starting Servlet engine: [Apache Tomcat/9.0.27]
2019-10-31 09:27:54.265 [main] INFO  o.a.c.core.ContainerBase.[Tomcat].[localhost].[/] - Initializing Spring embedded WebApplicationContext
2019-10-31 09:27:54.265 [main] INFO  org.springframework.web.context.ContextLoader - Root WebApplicationContext: initialization completed in 1408 ms
2019-10-31 09:27:54.354 [main] INFO  c.a.d.s.b.a.DruidDataSourceAutoConfigure - Init DruidDataSource
2019-10-31 09:27:54.504 [main] INFO  com.alibaba.druid.pool.DruidDataSource - {dataSource-1} inited
2019-10-31 09:27:55.018 [main] INFO  o.s.scheduling.concurrent.ThreadPoolTaskExecutor - Initializing ExecutorService 'applicationTaskExecutor'
2019-10-31 09:27:55.251 [main] INFO  org.apache.coyote.http11.Http11NioProtocol - Starting ProtocolHandler ["http-nio-8888"]
2019-10-31 09:27:55.280 [main] INFO  o.s.boot.web.embedded.tomcat.TomcatWebServer - Tomcat started on port(s): 8888 (http) with context path ''
2019-10-31 09:27:55.286 [main] INFO  com.neuedu.BusnessApplication - Started BusnessApplication in 3.355 seconds (JVM running for 4.516)
2019-10-31 09:28:24.131 [http-nio-8888-exec-1] INFO  o.a.c.core.ContainerBase.[Tomcat].[localhost].[/] - Initializing Spring DispatcherServlet 'dispatcherServlet'
2019-10-31 09:28:24.132 [http-nio-8888-exec-1] INFO  org.springframework.web.servlet.DispatcherServlet - Initializing Servlet 'dispatcherServlet'
2019-10-31 09:28:24.138 [http-nio-8888-exec-1] INFO  org.springframework.web.servlet.DispatcherServlet - Completed initialization in 6 ms
2019-10-31 10:12:41.972 [main] INFO  com.neuedu.BusnessApplication - Starting BusnessApplication on 6IXHRL9EJ5D9T3Y with PID 4400 (E:\Java2\busness\target\classes started by Administrator in E:\Java2\busness)
2019-10-31 10:12:41.977 [main] INFO  com.neuedu.BusnessApplication - The following profiles are active: prod
2019-10-31 10:12:43.502 [main] INFO  o.s.boot.web.embedded.tomcat.TomcatWebServer - Tomcat initialized with port(s): 8888 (http)
2019-10-31 10:12:43.511 [main] INFO  org.apache.coyote.http11.Http11NioProtocol - Initializing ProtocolHandler ["http-nio-8888"]
2019-10-31 10:12:43.512 [main] INFO  org.apache.catalina.core.StandardService - Starting service [Tomcat]
2019-10-31 10:12:43.513 [main] INFO  org.apache.catalina.core.StandardEngine - Starting Servlet engine: [Apache Tomcat/9.0.27]
2019-10-31 10:12:43.630 [main] INFO  o.a.c.core.ContainerBase.[Tomcat].[localhost].[/] - Initializing Spring embedded WebApplicationContext
2019-10-31 10:12:43.630 [main] INFO  org.springframework.web.context.ContextLoader - Root WebApplicationContext: initialization completed in 1579 ms
2019-10-31 10:12:43.735 [main] INFO  c.a.d.s.b.a.DruidDataSourceAutoConfigure - Init DruidDataSource
2019-10-31 10:12:43.903 [main] INFO  com.alibaba.druid.pool.DruidDataSource - {dataSource-1} inited
2019-10-31 10:12:44.501 [main] INFO  o.s.scheduling.concurrent.ThreadPoolTaskExecutor - Initializing ExecutorService 'applicationTaskExecutor'
2019-10-31 10:12:44.727 [main] INFO  org.apache.coyote.http11.Http11NioProtocol - Starting ProtocolHandler ["http-nio-8888"]
2019-10-31 10:12:44.756 [main] INFO  o.s.boot.web.embedded.tomcat.TomcatWebServer - Tomcat started on port(s): 8888 (http) with context path ''
2019-10-31 10:12:44.760 [main] INFO  com.neuedu.BusnessApplication - Started BusnessApplication in 3.783 seconds (JVM running for 5.447)
2019-10-31 10:13:15.695 [http-nio-8888-exec-1] INFO  o.a.c.core.ContainerBase.[Tomcat].[localhost].[/] - Initializing Spring DispatcherServlet 'dispatcherServlet'
2019-10-31 10:13:15.695 [http-nio-8888-exec-1] INFO  org.springframework.web.servlet.DispatcherServlet - Initializing Servlet 'dispatcherServlet'
2019-10-31 10:13:15.703 [http-nio-8888-exec-1] INFO  org.springframework.web.servlet.DispatcherServlet - Completed initialization in 8 ms
2019-10-31 10:37:27.227 [main] INFO  com.neuedu.BusnessApplication - Starting BusnessApplication on 6IXHRL9EJ5D9T3Y with PID 8380 (E:\Java2\busness\target\classes started by Administrator in E:\Java2\busness)
2019-10-31 10:37:27.231 [main] INFO  com.neuedu.BusnessApplication - The following profiles are active: prod
2019-10-31 10:37:28.617 [main] INFO  o.s.boot.web.embedded.tomcat.TomcatWebServer - Tomcat initialized with port(s): 8888 (http)
2019-10-31 10:37:28.628 [main] INFO  org.apache.coyote.http11.Http11NioProtocol - Initializing ProtocolHandler ["http-nio-8888"]
2019-10-31 10:37:28.630 [main] INFO  org.apache.catalina.core.StandardService - Starting service [Tomcat]
2019-10-31 10:37:28.630 [main] INFO  org.apache.catalina.core.StandardEngine - Starting Servlet engine: [Apache Tomcat/9.0.27]
2019-10-31 10:37:28.734 [main] INFO  o.a.c.core.ContainerBase.[Tomcat].[localhost].[/] - Initializing Spring embedded WebApplicationContext
2019-10-31 10:37:28.735 [main] INFO  org.springframework.web.context.ContextLoader - Root WebApplicationContext: initialization completed in 1410 ms
2019-10-31 10:37:28.822 [main] INFO  c.a.d.s.b.a.DruidDataSourceAutoConfigure - Init DruidDataSource
2019-10-31 10:37:28.967 [main] INFO  com.alibaba.druid.pool.DruidDataSource - {dataSource-1} inited
2019-10-31 10:37:29.502 [main] INFO  o.s.scheduling.concurrent.ThreadPoolTaskExecutor - Initializing ExecutorService 'applicationTaskExecutor'
2019-10-31 10:37:29.693 [main] INFO  org.apache.coyote.http11.Http11NioProtocol - Starting ProtocolHandler ["http-nio-8888"]
2019-10-31 10:37:29.717 [main] INFO  o.s.boot.web.embedded.tomcat.TomcatWebServer - Tomcat started on port(s): 8888 (http) with context path ''
2019-10-31 10:37:29.722 [main] INFO  com.neuedu.BusnessApplication - Started BusnessApplication in 3.318 seconds (JVM running for 4.52)
2019-10-31 10:40:25.418 [main] INFO  com.neuedu.BusnessApplication - Starting BusnessApplication on 6IXHRL9EJ5D9T3Y with PID 12624 (E:\Java2\busness\target\classes started by Administrator in E:\Java2\busness)
2019-10-31 10:40:25.423 [main] INFO  com.neuedu.BusnessApplication - The following profiles are active: prod
2019-10-31 10:40:26.801 [main] INFO  o.s.boot.web.embedded.tomcat.TomcatWebServer - Tomcat initialized with port(s): 8888 (http)
2019-10-31 10:40:26.814 [main] INFO  org.apache.coyote.http11.Http11NioProtocol - Initializing ProtocolHandler ["http-nio-8888"]
2019-10-31 10:40:26.815 [main] INFO  org.apache.catalina.core.StandardService - Starting service [Tomcat]
2019-10-31 10:40:26.815 [main] INFO  org.apache.catalina.core.StandardEngine - Starting Servlet engine: [Apache Tomcat/9.0.27]
2019-10-31 10:40:26.945 [main] INFO  o.a.c.core.ContainerBase.[Tomcat].[localhost].[/] - Initializing Spring embedded WebApplicationContext
2019-10-31 10:40:26.946 [main] INFO  org.springframework.web.context.ContextLoader - Root WebApplicationContext: initialization completed in 1455 ms
2019-10-31 10:40:27.070 [main] INFO  c.a.d.s.b.a.DruidDataSourceAutoConfigure - Init DruidDataSource
2019-10-31 10:40:27.241 [main] INFO  com.alibaba.druid.pool.DruidDataSource - {dataSource-1} inited
2019-10-31 10:40:27.769 [main] INFO  o.s.scheduling.concurrent.ThreadPoolTaskExecutor - Initializing ExecutorService 'applicationTaskExecutor'
2019-10-31 10:40:27.985 [main] INFO  org.apache.coyote.http11.Http11NioProtocol - Starting ProtocolHandler ["http-nio-8888"]
2019-10-31 10:40:28.012 [main] INFO  o.s.boot.web.embedded.tomcat.TomcatWebServer - Tomcat started on port(s): 8888 (http) with context path ''
2019-10-31 10:40:28.016 [main] INFO  com.neuedu.BusnessApplication - Started BusnessApplication in 3.395 seconds (JVM running for 4.535)
2019-10-31 10:41:00.210 [http-nio-8888-exec-2] INFO  o.a.c.core.ContainerBase.[Tomcat].[localhost].[/] - Initializing Spring DispatcherServlet 'dispatcherServlet'
2019-10-31 10:41:00.211 [http-nio-8888-exec-2] INFO  org.springframework.web.servlet.DispatcherServlet - Initializing Servlet 'dispatcherServlet'
2019-10-31 10:41:00.217 [http-nio-8888-exec-2] INFO  org.springframework.web.servlet.DispatcherServlet - Completed initialization in 6 ms
2019-10-31 10:43:21.134 [main] INFO  com.neuedu.BusnessApplication - Starting BusnessApplication on 6IXHRL9EJ5D9T3Y with PID 5152 (E:\Java2\busness\target\classes started by Administrator in E:\Java2\busness)
2019-10-31 10:43:21.138 [main] INFO  com.neuedu.BusnessApplication - The following profiles are active: prod
2019-10-31 10:43:22.798 [main] INFO  o.s.boot.web.embedded.tomcat.TomcatWebServer - Tomcat initialized with port(s): 8888 (http)
2019-10-31 10:43:22.837 [main] INFO  org.apache.coyote.http11.Http11NioProtocol - Initializing ProtocolHandler ["http-nio-8888"]
2019-10-31 10:43:22.839 [main] INFO  org.apache.catalina.core.StandardService - Starting service [Tomcat]
2019-10-31 10:43:22.840 [main] INFO  org.apache.catalina.core.StandardEngine - Starting Servlet engine: [Apache Tomcat/9.0.27]
2019-10-31 10:43:22.959 [main] INFO  o.a.c.core.ContainerBase.[Tomcat].[localhost].[/] - Initializing Spring embedded WebApplicationContext
2019-10-31 10:43:22.959 [main] INFO  org.springframework.web.context.ContextLoader - Root WebApplicationContext: initialization completed in 1738 ms
2019-10-31 10:43:23.099 [main] INFO  c.a.d.s.b.a.DruidDataSourceAutoConfigure - Init DruidDataSource
2019-10-31 10:43:23.298 [main] INFO  com.alibaba.druid.pool.DruidDataSource - {dataSource-1} inited
2019-10-31 10:43:23.891 [main] INFO  o.s.scheduling.concurrent.ThreadPoolTaskExecutor - Initializing ExecutorService 'applicationTaskExecutor'
2019-10-31 10:43:24.128 [main] INFO  org.apache.coyote.http11.Http11NioProtocol - Starting ProtocolHandler ["http-nio-8888"]
2019-10-31 10:43:24.154 [main] INFO  o.s.boot.web.embedded.tomcat.TomcatWebServer - Tomcat started on port(s): 8888 (http) with context path ''
2019-10-31 10:43:24.158 [main] INFO  com.neuedu.BusnessApplication - Started BusnessApplication in 3.835 seconds (JVM running for 5.119)
2019-10-31 10:44:11.466 [http-nio-8888-exec-2] INFO  o.a.c.core.ContainerBase.[Tomcat].[localhost].[/] - Initializing Spring DispatcherServlet 'dispatcherServlet'
2019-10-31 10:44:11.467 [http-nio-8888-exec-2] INFO  org.springframework.web.servlet.DispatcherServlet - Initializing Servlet 'dispatcherServlet'
2019-10-31 10:44:11.473 [http-nio-8888-exec-2] INFO  org.springframework.web.servlet.DispatcherServlet - Completed initialization in 6 ms
2019-10-31 13:43:16.803 [main] INFO  com.neuedu.BusnessApplication - Starting BusnessApplication on 6IXHRL9EJ5D9T3Y with PID 14896 (E:\Java2\busness\target\classes started by Administrator in E:\Java2\busness)
2019-10-31 13:43:16.806 [main] INFO  com.neuedu.BusnessApplication - The following profiles are active: prod
2019-10-31 13:43:18.313 [main] INFO  o.s.boot.web.embedded.tomcat.TomcatWebServer - Tomcat initialized with port(s): 8888 (http)
2019-10-31 13:43:18.324 [main] INFO  org.apache.coyote.http11.Http11NioProtocol - Initializing ProtocolHandler ["http-nio-8888"]
2019-10-31 13:43:18.326 [main] INFO  org.apache.catalina.core.StandardService - Starting service [Tomcat]
2019-10-31 13:43:18.326 [main] INFO  org.apache.catalina.core.StandardEngine - Starting Servlet engine: [Apache Tomcat/9.0.27]
2019-10-31 13:43:18.442 [main] INFO  o.a.c.core.ContainerBase.[Tomcat].[localhost].[/] - Initializing Spring embedded WebApplicationContext
2019-10-31 13:43:18.442 [main] INFO  org.springframework.web.context.ContextLoader - Root WebApplicationContext: initialization completed in 1532 ms
2019-10-31 13:43:18.559 [main] INFO  c.a.d.s.b.a.DruidDataSourceAutoConfigure - Init DruidDataSource
2019-10-31 13:43:18.742 [main] INFO  com.alibaba.druid.pool.DruidDataSource - {dataSource-1} inited
2019-10-31 13:43:19.325 [main] INFO  o.s.scheduling.concurrent.ThreadPoolTaskExecutor - Initializing ExecutorService 'applicationTaskExecutor'
2019-10-31 13:43:19.579 [main] INFO  org.apache.coyote.http11.Http11NioProtocol - Starting ProtocolHandler ["http-nio-8888"]
2019-10-31 13:43:19.609 [main] INFO  o.s.boot.web.embedded.tomcat.TomcatWebServer - Tomcat started on port(s): 8888 (http) with context path ''
2019-10-31 13:43:19.614 [main] INFO  com.neuedu.BusnessApplication - Started BusnessApplication in 3.7 seconds (JVM running for 5.079)
2019-10-31 13:44:03.783 [http-nio-8888-exec-1] INFO  o.a.c.core.ContainerBase.[Tomcat].[localhost].[/] - Initializing Spring DispatcherServlet 'dispatcherServlet'
2019-10-31 13:44:03.783 [http-nio-8888-exec-1] INFO  org.springframework.web.servlet.DispatcherServlet - Initializing Servlet 'dispatcherServlet'
2019-10-31 13:44:03.794 [http-nio-8888-exec-1] INFO  org.springframework.web.servlet.DispatcherServlet - Completed initialization in 10 ms
2019-10-31 14:55:54.217 [main] INFO  com.neuedu.BusnessApplication - Starting BusnessApplication on 6IXHRL9EJ5D9T3Y with PID 8240 (E:\Java2\busness\target\classes started by Administrator in E:\Java2\busness)
2019-10-31 14:55:54.226 [main] INFO  com.neuedu.BusnessApplication - The following profiles are active: prod
2019-10-31 14:55:56.080 [main] INFO  o.s.boot.web.embedded.tomcat.TomcatWebServer - Tomcat initialized with port(s): 8888 (http)
2019-10-31 14:55:56.089 [main] INFO  org.apache.coyote.http11.Http11NioProtocol - Initializing ProtocolHandler ["http-nio-8888"]
2019-10-31 14:55:56.090 [main] INFO  org.apache.catalina.core.StandardService - Starting service [Tomcat]
2019-10-31 14:55:56.091 [main] INFO  org.apache.catalina.core.StandardEngine - Starting Servlet engine: [Apache Tomcat/9.0.27]
2019-10-31 14:55:56.185 [main] INFO  o.a.c.core.ContainerBase.[Tomcat].[localhost].[/] - Initializing Spring embedded WebApplicationContext
2019-10-31 14:55:56.186 [main] INFO  org.springframework.web.context.ContextLoader - Root WebApplicationContext: initialization completed in 1754 ms
2019-10-31 14:55:56.314 [main] INFO  c.a.d.s.b.a.DruidDataSourceAutoConfigure - Init DruidDataSource
2019-10-31 14:55:56.553 [main] INFO  com.alibaba.druid.pool.DruidDataSource - {dataSource-1} inited
2019-10-31 14:55:56.882 [main] INFO  com.alibaba.druid.pool.DruidDataSource - {dataSource-1} closed
2019-10-31 14:55:56.885 [main] INFO  org.apache.catalina.core.StandardService - Stopping service [Tomcat]
2019-10-31 14:55:56.902 [main] INFO  o.s.b.a.l.ConditionEvaluationReportLoggingListener - 

Error starting ApplicationContext. To display the conditions report re-run your application with 'debug' enabled.
2019-10-31 14:58:40.653 [main] INFO  com.neuedu.BusnessApplication - Starting BusnessApplication on 6IXHRL9EJ5D9T3Y with PID 2344 (E:\Java2\busness\target\classes started by Administrator in E:\Java2\busness)
2019-10-31 14:58:40.657 [main] INFO  com.neuedu.BusnessApplication - The following profiles are active: prod
2019-10-31 14:58:42.216 [main] INFO  o.s.boot.web.embedded.tomcat.TomcatWebServer - Tomcat initialized with port(s): 8888 (http)
2019-10-31 14:58:42.227 [main] INFO  org.apache.coyote.http11.Http11NioProtocol - Initializing ProtocolHandler ["http-nio-8888"]
2019-10-31 14:58:42.228 [main] INFO  org.apache.catalina.core.StandardService - Starting service [Tomcat]
2019-10-31 14:58:42.229 [main] INFO  org.apache.catalina.core.StandardEngine - Starting Servlet engine: [Apache Tomcat/9.0.27]
2019-10-31 14:58:42.347 [main] INFO  o.a.c.core.ContainerBase.[Tomcat].[localhost].[/] - Initializing Spring embedded WebApplicationContext
2019-10-31 14:58:42.348 [main] INFO  org.springframework.web.context.ContextLoader - Root WebApplicationContext: initialization completed in 1607 ms
2019-10-31 14:58:42.457 [main] INFO  c.a.d.s.b.a.DruidDataSourceAutoConfigure - Init DruidDataSource
2019-10-31 14:58:42.615 [main] INFO  com.alibaba.druid.pool.DruidDataSource - {dataSource-1} inited
2019-10-31 14:58:42.914 [main] INFO  com.alibaba.druid.pool.DruidDataSource - {dataSource-1} closed
2019-10-31 14:58:42.917 [main] INFO  org.apache.catalina.core.StandardService - Stopping service [Tomcat]
2019-10-31 14:58:42.927 [main] INFO  o.s.b.a.l.ConditionEvaluationReportLoggingListener - 

Error starting ApplicationContext. To display the conditions report re-run your application with 'debug' enabled.
2019-10-31 14:59:45.013 [main] INFO  com.neuedu.BusnessApplication - Starting BusnessApplication on 6IXHRL9EJ5D9T3Y with PID 14368 (E:\Java2\busness\target\classes started by Administrator in E:\Java2\busness)
2019-10-31 14:59:45.018 [main] INFO  com.neuedu.BusnessApplication - The following profiles are active: prod
2019-10-31 14:59:46.788 [main] INFO  o.s.boot.web.embedded.tomcat.TomcatWebServer - Tomcat initialized with port(s): 8888 (http)
2019-10-31 14:59:46.800 [main] INFO  org.apache.coyote.http11.Http11NioProtocol - Initializing ProtocolHandler ["http-nio-8888"]
2019-10-31 14:59:46.801 [main] INFO  org.apache.catalina.core.StandardService - Starting service [Tomcat]
2019-10-31 14:59:46.802 [main] INFO  org.apache.catalina.core.StandardEngine - Starting Servlet engine: [Apache Tomcat/9.0.27]
2019-10-31 14:59:46.930 [main] INFO  o.a.c.core.ContainerBase.[Tomcat].[localhost].[/] - Initializing Spring embedded WebApplicationContext
2019-10-31 14:59:46.930 [main] INFO  org.springframework.web.context.ContextLoader - Root WebApplicationContext: initialization completed in 1799 ms
2019-10-31 14:59:47.034 [main] INFO  c.a.d.s.b.a.DruidDataSourceAutoConfigure - Init DruidDataSource
2019-10-31 14:59:47.210 [main] INFO  com.alibaba.druid.pool.DruidDataSource - {dataSource-1} inited
2019-10-31 14:59:47.532 [main] INFO  com.alibaba.druid.pool.DruidDataSource - {dataSource-1} closed
2019-10-31 14:59:47.536 [main] INFO  org.apache.catalina.core.StandardService - Stopping service [Tomcat]
2019-10-31 14:59:47.548 [main] INFO  o.s.b.a.l.ConditionEvaluationReportLoggingListener - 

Error starting ApplicationContext. To display the conditions report re-run your application with 'debug' enabled.
2019-10-31 15:01:51.102 [main] INFO  com.neuedu.BusnessApplication - Starting BusnessApplication on 6IXHRL9EJ5D9T3Y with PID 6568 (E:\Java2\busness\target\classes started by Administrator in E:\Java2\busness)
2019-10-31 15:01:51.106 [main] INFO  com.neuedu.BusnessApplication - The following profiles are active: prod
2019-10-31 15:01:52.654 [main] INFO  o.s.boot.web.embedded.tomcat.TomcatWebServer - Tomcat initialized with port(s): 8888 (http)
2019-10-31 15:01:52.669 [main] INFO  org.apache.coyote.http11.Http11NioProtocol - Initializing ProtocolHandler ["http-nio-8888"]
2019-10-31 15:01:52.671 [main] INFO  org.apache.catalina.core.StandardService - Starting service [Tomcat]
2019-10-31 15:01:52.671 [main] INFO  org.apache.catalina.core.StandardEngine - Starting Servlet engine: [Apache Tomcat/9.0.27]
2019-10-31 15:01:52.811 [main] INFO  o.a.c.core.ContainerBase.[Tomcat].[localhost].[/] - Initializing Spring embedded WebApplicationContext
2019-10-31 15:01:52.811 [main] INFO  org.springframework.web.context.ContextLoader - Root WebApplicationContext: initialization completed in 1623 ms
2019-10-31 15:01:52.944 [main] INFO  c.a.d.s.b.a.DruidDataSourceAutoConfigure - Init DruidDataSource
2019-10-31 15:01:53.138 [main] INFO  com.alibaba.druid.pool.DruidDataSource - {dataSource-1} inited
2019-10-31 15:01:53.836 [main] INFO  o.s.scheduling.concurrent.ThreadPoolTaskExecutor - Initializing ExecutorService 'applicationTaskExecutor'
2019-10-31 15:01:54.058 [main] INFO  org.apache.coyote.http11.Http11NioProtocol - Starting ProtocolHandler ["http-nio-8888"]
2019-10-31 15:01:54.084 [main] INFO  o.s.boot.web.embedded.tomcat.TomcatWebServer - Tomcat started on port(s): 8888 (http) with context path ''
2019-10-31 15:01:54.088 [main] INFO  com.neuedu.BusnessApplication - Started BusnessApplication in 3.816 seconds (JVM running for 5.022)
2019-10-31 15:05:11.363 [http-nio-8888-exec-3] INFO  o.a.c.core.ContainerBase.[Tomcat].[localhost].[/] - Initializing Spring DispatcherServlet 'dispatcherServlet'
2019-10-31 15:05:11.363 [http-nio-8888-exec-3] INFO  org.springframework.web.servlet.DispatcherServlet - Initializing Servlet 'dispatcherServlet'
2019-10-31 15:05:11.371 [http-nio-8888-exec-3] INFO  org.springframework.web.servlet.DispatcherServlet - Completed initialization in 7 ms
2019-10-31 15:11:44.727 [main] INFO  com.neuedu.BusnessApplication - Starting BusnessApplication on 6IXHRL9EJ5D9T3Y with PID 11548 (E:\Java2\busness\target\classes started by Administrator in E:\Java2\busness)
2019-10-31 15:11:44.731 [main] INFO  com.neuedu.BusnessApplication - The following profiles are active: prod
2019-10-31 15:11:46.460 [main] INFO  o.s.boot.web.embedded.tomcat.TomcatWebServer - Tomcat initialized with port(s): 8888 (http)
2019-10-31 15:11:46.472 [main] INFO  org.apache.coyote.http11.Http11NioProtocol - Initializing ProtocolHandler ["http-nio-8888"]
2019-10-31 15:11:46.473 [main] INFO  org.apache.catalina.core.StandardService - Starting service [Tomcat]
2019-10-31 15:11:46.474 [main] INFO  org.apache.catalina.core.StandardEngine - Starting Servlet engine: [Apache Tomcat/9.0.27]
2019-10-31 15:11:46.580 [main] INFO  o.a.c.core.ContainerBase.[Tomcat].[localhost].[/] - Initializing Spring embedded WebApplicationContext
2019-10-31 15:11:46.580 [main] INFO  org.springframework.web.context.ContextLoader - Root WebApplicationContext: initialization completed in 1747 ms
2019-10-31 15:11:46.676 [main] INFO  c.a.d.s.b.a.DruidDataSourceAutoConfigure - Init DruidDataSource
2019-10-31 15:11:46.828 [main] INFO  com.alibaba.druid.pool.DruidDataSource - {dataSource-1} inited
2019-10-31 15:11:47.344 [main] INFO  o.s.scheduling.concurrent.ThreadPoolTaskExecutor - Initializing ExecutorService 'applicationTaskExecutor'
2019-10-31 15:11:47.561 [main] INFO  org.apache.coyote.http11.Http11NioProtocol - Starting ProtocolHandler ["http-nio-8888"]
2019-10-31 15:11:47.585 [main] INFO  o.s.boot.web.embedded.tomcat.TomcatWebServer - Tomcat started on port(s): 8888 (http) with context path ''
2019-10-31 15:11:47.590 [main] INFO  com.neuedu.BusnessApplication - Started BusnessApplication in 3.725 seconds (JVM running for 4.908)
2019-10-31 15:11:53.547 [http-nio-8888-exec-1] INFO  o.a.c.core.ContainerBase.[Tomcat].[localhost].[/] - Initializing Spring DispatcherServlet 'dispatcherServlet'
2019-10-31 15:11:53.548 [http-nio-8888-exec-1] INFO  org.springframework.web.servlet.DispatcherServlet - Initializing Servlet 'dispatcherServlet'
2019-10-31 15:11:53.556 [http-nio-8888-exec-1] INFO  org.springframework.web.servlet.DispatcherServlet - Completed initialization in 7 ms
2019-10-31 15:14:25.683 [main] INFO  com.neuedu.BusnessApplication - Starting BusnessApplication on 6IXHRL9EJ5D9T3Y with PID 16096 (E:\Java2\busness\target\classes started by Administrator in E:\Java2\busness)
2019-10-31 15:14:25.688 [main] INFO  com.neuedu.BusnessApplication - The following profiles are active: prod
2019-10-31 15:14:27.365 [main] INFO  o.s.boot.web.embedded.tomcat.TomcatWebServer - Tomcat initialized with port(s): 8888 (http)
2019-10-31 15:14:27.375 [main] INFO  org.apache.coyote.http11.Http11NioProtocol - Initializing ProtocolHandler ["http-nio-8888"]
2019-10-31 15:14:27.376 [main] INFO  org.apache.catalina.core.StandardService - Starting service [Tomcat]
2019-10-31 15:14:27.376 [main] INFO  org.apache.catalina.core.StandardEngine - Starting Servlet engine: [Apache Tomcat/9.0.27]
2019-10-31 15:14:27.501 [main] INFO  o.a.c.core.ContainerBase.[Tomcat].[localhost].[/] - Initializing Spring embedded WebApplicationContext
2019-10-31 15:14:27.501 [main] INFO  org.springframework.web.context.ContextLoader - Root WebApplicationContext: initialization completed in 1728 ms
2019-10-31 15:14:27.607 [main] INFO  c.a.d.s.b.a.DruidDataSourceAutoConfigure - Init DruidDataSource
2019-10-31 15:14:27.793 [main] INFO  com.alibaba.druid.pool.DruidDataSource - {dataSource-1} inited
2019-10-31 15:14:28.332 [main] INFO  o.s.scheduling.concurrent.ThreadPoolTaskExecutor - Initializing ExecutorService 'applicationTaskExecutor'
2019-10-31 15:14:28.539 [main] INFO  org.apache.coyote.http11.Http11NioProtocol - Starting ProtocolHandler ["http-nio-8888"]
2019-10-31 15:14:28.565 [main] INFO  o.s.boot.web.embedded.tomcat.TomcatWebServer - Tomcat started on port(s): 8888 (http) with context path ''
2019-10-31 15:14:28.569 [main] INFO  com.neuedu.BusnessApplication - Started BusnessApplication in 3.748 seconds (JVM running for 4.925)
2019-10-31 15:14:36.846 [http-nio-8888-exec-2] INFO  o.a.c.core.ContainerBase.[Tomcat].[localhost].[/] - Initializing Spring DispatcherServlet 'dispatcherServlet'
2019-10-31 15:14:36.847 [http-nio-8888-exec-2] INFO  org.springframework.web.servlet.DispatcherServlet - Initializing Servlet 'dispatcherServlet'
2019-10-31 15:14:36.857 [http-nio-8888-exec-2] INFO  org.springframework.web.servlet.DispatcherServlet - Completed initialization in 9 ms
2019-10-31 15:41:31.630 [main] INFO  com.neuedu.BusnessApplication - Starting BusnessApplication on 6IXHRL9EJ5D9T3Y with PID 9848 (E:\Java2\busness\target\classes started by Administrator in E:\Java2\busness)
2019-10-31 15:41:31.636 [main] INFO  com.neuedu.BusnessApplication - The following profiles are active: prod
2019-10-31 15:41:33.153 [main] INFO  o.s.boot.web.embedded.tomcat.TomcatWebServer - Tomcat initialized with port(s): 8888 (http)
2019-10-31 15:41:33.166 [main] INFO  org.apache.coyote.http11.Http11NioProtocol - Initializing ProtocolHandler ["http-nio-8888"]
2019-10-31 15:41:33.167 [main] INFO  org.apache.catalina.core.StandardService - Starting service [Tomcat]
2019-10-31 15:41:33.167 [main] INFO  org.apache.catalina.core.StandardEngine - Starting Servlet engine: [Apache Tomcat/9.0.27]
2019-10-31 15:41:33.297 [main] INFO  o.a.c.core.ContainerBase.[Tomcat].[localhost].[/] - Initializing Spring embedded WebApplicationContext
2019-10-31 15:41:33.297 [main] INFO  org.springframework.web.context.ContextLoader - Root WebApplicationContext: initialization completed in 1578 ms
2019-10-31 15:41:33.421 [main] INFO  c.a.d.s.b.a.DruidDataSourceAutoConfigure - Init DruidDataSource
2019-10-31 15:41:33.598 [main] INFO  com.alibaba.druid.pool.DruidDataSource - {dataSource-1} inited
2019-10-31 15:41:34.187 [main] INFO  o.s.scheduling.concurrent.ThreadPoolTaskExecutor - Initializing ExecutorService 'applicationTaskExecutor'
2019-10-31 15:41:34.417 [main] INFO  org.apache.coyote.http11.Http11NioProtocol - Starting ProtocolHandler ["http-nio-8888"]
2019-10-31 15:41:34.496 [main] INFO  o.s.boot.web.embedded.tomcat.TomcatWebServer - Tomcat started on port(s): 8888 (http) with context path ''
2019-10-31 15:41:34.505 [main] INFO  com.neuedu.BusnessApplication - Started BusnessApplication in 3.746 seconds (JVM running for 4.962)
2019-10-31 15:41:44.277 [http-nio-8888-exec-1] INFO  o.a.c.core.ContainerBase.[Tomcat].[localhost].[/] - Initializing Spring DispatcherServlet 'dispatcherServlet'
2019-10-31 15:41:44.277 [http-nio-8888-exec-1] INFO  org.springframework.web.servlet.DispatcherServlet - Initializing Servlet 'dispatcherServlet'
2019-10-31 15:41:44.286 [http-nio-8888-exec-1] INFO  org.springframework.web.servlet.DispatcherServlet - Completed initialization in 8 ms
2019-10-31 16:11:02.076 [main] INFO  com.neuedu.BusnessApplication - Starting BusnessApplication on 6IXHRL9EJ5D9T3Y with PID 5468 (E:\Java2\busness\target\classes started by Administrator in E:\Java2\busness)
2019-10-31 16:11:02.084 [main] INFO  com.neuedu.BusnessApplication - The following profiles are active: prod
2019-10-31 16:11:03.762 [main] INFO  o.s.boot.web.embedded.tomcat.TomcatWebServer - Tomcat initialized with port(s): 8888 (http)
2019-10-31 16:11:03.773 [main] INFO  org.apache.coyote.http11.Http11NioProtocol - Initializing ProtocolHandler ["http-nio-8888"]
2019-10-31 16:11:03.774 [main] INFO  org.apache.catalina.core.StandardService - Starting service [Tomcat]
2019-10-31 16:11:03.774 [main] INFO  org.apache.catalina.core.StandardEngine - Starting Servlet engine: [Apache Tomcat/9.0.27]
2019-10-31 16:11:03.894 [main] INFO  o.a.c.core.ContainerBase.[Tomcat].[localhost].[/] - Initializing Spring embedded WebApplicationContext
2019-10-31 16:11:03.894 [main] INFO  org.springframework.web.context.ContextLoader - Root WebApplicationContext: initialization completed in 1718 ms
2019-10-31 16:11:03.997 [main] INFO  c.a.d.s.b.a.DruidDataSourceAutoConfigure - Init DruidDataSource
2019-10-31 16:11:04.175 [main] INFO  com.alibaba.druid.pool.DruidDataSource - {dataSource-1} inited
2019-10-31 16:11:04.687 [main] INFO  o.s.scheduling.concurrent.ThreadPoolTaskExecutor - Initializing ExecutorService 'applicationTaskExecutor'
2019-10-31 16:11:04.895 [main] INFO  org.apache.coyote.http11.Http11NioProtocol - Starting ProtocolHandler ["http-nio-8888"]
2019-10-31 16:11:04.920 [main] INFO  o.s.boot.web.embedded.tomcat.TomcatWebServer - Tomcat started on port(s): 8888 (http) with context path ''
2019-10-31 16:11:04.925 [main] INFO  com.neuedu.BusnessApplication - Started BusnessApplication in 3.664 seconds (JVM running for 4.882)
2019-10-31 16:11:08.492 [http-nio-8888-exec-2] INFO  o.a.c.core.ContainerBase.[Tomcat].[localhost].[/] - Initializing Spring DispatcherServlet 'dispatcherServlet'
2019-10-31 16:11:08.492 [http-nio-8888-exec-2] INFO  org.springframework.web.servlet.DispatcherServlet - Initializing Servlet 'dispatcherServlet'
2019-10-31 16:11:08.499 [http-nio-8888-exec-2] INFO  org.springframework.web.servlet.DispatcherServlet - Completed initialization in 6 ms
2019-10-31 19:49:19.765 [main] INFO  com.neuedu.BusnessApplication - Starting BusnessApplication on 6IXHRL9EJ5D9T3Y with PID 4264 (E:\Java2\busness\target\classes started by Administrator in E:\Java2\busness)
2019-10-31 19:49:19.773 [main] INFO  com.neuedu.BusnessApplication - The following profiles are active: prod
2019-10-31 19:49:21.863 [main] INFO  o.s.boot.web.embedded.tomcat.TomcatWebServer - Tomcat initialized with port(s): 8888 (http)
2019-10-31 19:49:21.875 [main] INFO  org.apache.coyote.http11.Http11NioProtocol - Initializing ProtocolHandler ["http-nio-8888"]
2019-10-31 19:49:21.876 [main] INFO  org.apache.catalina.core.StandardService - Starting service [Tomcat]
2019-10-31 19:49:21.876 [main] INFO  org.apache.catalina.core.StandardEngine - Starting Servlet engine: [Apache Tomcat/9.0.27]
2019-10-31 19:49:21.983 [main] INFO  o.a.c.core.ContainerBase.[Tomcat].[localhost].[/] - Initializing Spring embedded WebApplicationContext
2019-10-31 19:49:21.983 [main] INFO  org.springframework.web.context.ContextLoader - Root WebApplicationContext: initialization completed in 2100 ms
2019-10-31 19:49:22.111 [main] INFO  c.a.d.s.b.a.DruidDataSourceAutoConfigure - Init DruidDataSource
2019-10-31 19:49:22.290 [main] INFO  com.alibaba.druid.pool.DruidDataSource - {dataSource-1} inited
2019-10-31 19:49:22.844 [main] INFO  o.s.scheduling.concurrent.ThreadPoolTaskExecutor - Initializing ExecutorService 'applicationTaskExecutor'
2019-10-31 19:49:23.144 [main] INFO  org.apache.coyote.http11.Http11NioProtocol - Starting ProtocolHandler ["http-nio-8888"]
2019-10-31 19:49:23.178 [main] INFO  o.s.boot.web.embedded.tomcat.TomcatWebServer - Tomcat started on port(s): 8888 (http) with context path ''
2019-10-31 19:49:23.182 [main] INFO  com.neuedu.BusnessApplication - Started BusnessApplication in 4.375 seconds (JVM running for 5.912)
2019-10-31 19:50:02.855 [http-nio-8888-exec-1] INFO  o.a.c.core.ContainerBase.[Tomcat].[localhost].[/] - Initializing Spring DispatcherServlet 'dispatcherServlet'
2019-10-31 19:50:02.855 [http-nio-8888-exec-1] INFO  org.springframework.web.servlet.DispatcherServlet - Initializing Servlet 'dispatcherServlet'
2019-10-31 19:50:02.862 [http-nio-8888-exec-1] INFO  org.springframework.web.servlet.DispatcherServlet - Completed initialization in 7 ms
2019-10-31 19:53:49.115 [main] INFO  com.neuedu.BusnessApplication - Starting BusnessApplication on 6IXHRL9EJ5D9T3Y with PID 14988 (E:\Java2\busness\target\classes started by Administrator in E:\Java2\busness)
2019-10-31 19:53:49.119 [main] INFO  com.neuedu.BusnessApplication - The following profiles are active: prod
2019-10-31 19:53:50.643 [main] INFO  o.s.boot.web.embedded.tomcat.TomcatWebServer - Tomcat initialized with port(s): 8888 (http)
2019-10-31 19:53:50.657 [main] INFO  org.apache.coyote.http11.Http11NioProtocol - Initializing ProtocolHandler ["http-nio-8888"]
2019-10-31 19:53:50.658 [main] INFO  org.apache.catalina.core.StandardService - Starting service [Tomcat]
2019-10-31 19:53:50.659 [main] INFO  org.apache.catalina.core.StandardEngine - Starting Servlet engine: [Apache Tomcat/9.0.27]
2019-10-31 19:53:50.810 [main] INFO  o.a.c.core.ContainerBase.[Tomcat].[localhost].[/] - Initializing Spring embedded WebApplicationContext
2019-10-31 19:53:50.811 [main] INFO  org.springframework.web.context.ContextLoader - Root WebApplicationContext: initialization completed in 1589 ms
2019-10-31 19:53:50.930 [main] INFO  c.a.d.s.b.a.DruidDataSourceAutoConfigure - Init DruidDataSource
2019-10-31 19:53:51.086 [main] INFO  com.alibaba.druid.pool.DruidDataSource - {dataSource-1} inited
2019-10-31 19:53:51.688 [main] INFO  o.s.scheduling.concurrent.ThreadPoolTaskExecutor - Initializing ExecutorService 'applicationTaskExecutor'
2019-10-31 19:53:51.937 [main] INFO  org.apache.coyote.http11.Http11NioProtocol - Starting ProtocolHandler ["http-nio-8888"]
2019-10-31 19:53:51.968 [main] INFO  o.s.boot.web.embedded.tomcat.TomcatWebServer - Tomcat started on port(s): 8888 (http) with context path ''
2019-10-31 19:53:51.972 [main] INFO  com.neuedu.BusnessApplication - Started BusnessApplication in 3.758 seconds (JVM running for 4.973)
2019-10-31 19:53:56.459 [http-nio-8888-exec-1] INFO  o.a.c.core.ContainerBase.[Tomcat].[localhost].[/] - Initializing Spring DispatcherServlet 'dispatcherServlet'
2019-10-31 19:53:56.459 [http-nio-8888-exec-1] INFO  org.springframework.web.servlet.DispatcherServlet - Initializing Servlet 'dispatcherServlet'
2019-10-31 19:53:56.466 [http-nio-8888-exec-1] INFO  org.springframework.web.servlet.DispatcherServlet - Completed initialization in 7 ms
2019-10-31 20:50:37.392 [main] INFO  com.neuedu.BusnessApplication - Starting BusnessApplication on 6IXHRL9EJ5D9T3Y with PID 8312 (E:\Java2\busness\target\classes started by Administrator in E:\Java2\busness)
2019-10-31 20:50:37.396 [main] INFO  com.neuedu.BusnessApplication - The following profiles are active: prod
2019-10-31 20:50:38.934 [main] INFO  o.s.boot.web.embedded.tomcat.TomcatWebServer - Tomcat initialized with port(s): 8888 (http)
2019-10-31 20:50:38.958 [main] INFO  org.apache.coyote.http11.Http11NioProtocol - Initializing ProtocolHandler ["http-nio-8888"]
2019-10-31 20:50:38.959 [main] INFO  org.apache.catalina.core.StandardService - Starting service [Tomcat]
2019-10-31 20:50:38.960 [main] INFO  org.apache.catalina.core.StandardEngine - Starting Servlet engine: [Apache Tomcat/9.0.27]
2019-10-31 20:50:39.068 [main] INFO  o.a.c.core.ContainerBase.[Tomcat].[localhost].[/] - Initializing Spring embedded WebApplicationContext
2019-10-31 20:50:39.068 [main] INFO  org.springframework.web.context.ContextLoader - Root WebApplicationContext: initialization completed in 1582 ms
2019-10-31 20:50:39.163 [main] INFO  c.a.d.s.b.a.DruidDataSourceAutoConfigure - Init DruidDataSource
2019-10-31 20:50:39.313 [main] INFO  com.alibaba.druid.pool.DruidDataSource - {dataSource-1} inited
2019-10-31 20:50:39.806 [main] INFO  o.s.scheduling.concurrent.ThreadPoolTaskExecutor - Initializing ExecutorService 'applicationTaskExecutor'
2019-10-31 20:50:40.046 [main] INFO  org.apache.coyote.http11.Http11NioProtocol - Starting ProtocolHandler ["http-nio-8888"]
2019-10-31 20:50:40.072 [main] INFO  o.s.boot.web.embedded.tomcat.TomcatWebServer - Tomcat started on port(s): 8888 (http) with context path ''
2019-10-31 20:50:40.076 [main] INFO  com.neuedu.BusnessApplication - Started BusnessApplication in 3.534 seconds (JVM running for 4.832)
2019-10-31 20:51:22.179 [http-nio-8888-exec-1] INFO  o.a.c.core.ContainerBase.[Tomcat].[localhost].[/] - Initializing Spring DispatcherServlet 'dispatcherServlet'
2019-10-31 20:51:22.179 [http-nio-8888-exec-1] INFO  org.springframework.web.servlet.DispatcherServlet - Initializing Servlet 'dispatcherServlet'
2019-10-31 20:51:22.186 [http-nio-8888-exec-1] INFO  org.springframework.web.servlet.DispatcherServlet - Completed initialization in 7 ms
2019-10-31 20:52:58.043 [main] INFO  com.neuedu.BusnessApplication - Starting BusnessApplication on 6IXHRL9EJ5D9T3Y with PID 15688 (E:\Java2\busness\target\classes started by Administrator in E:\Java2\busness)
2019-10-31 20:52:58.047 [main] INFO  com.neuedu.BusnessApplication - The following profiles are active: prod
2019-10-31 20:52:59.838 [main] INFO  o.s.boot.web.embedded.tomcat.TomcatWebServer - Tomcat initialized with port(s): 8888 (http)
2019-10-31 20:52:59.851 [main] INFO  org.apache.coyote.http11.Http11NioProtocol - Initializing ProtocolHandler ["http-nio-8888"]
2019-10-31 20:52:59.852 [main] INFO  org.apache.catalina.core.StandardService - Starting service [Tomcat]
2019-10-31 20:52:59.853 [main] INFO  org.apache.catalina.core.StandardEngine - Starting Servlet engine: [Apache Tomcat/9.0.27]
2019-10-31 20:52:59.969 [main] INFO  o.a.c.core.ContainerBase.[Tomcat].[localhost].[/] - Initializing Spring embedded WebApplicationContext
2019-10-31 20:52:59.970 [main] INFO  org.springframework.web.context.ContextLoader - Root WebApplicationContext: initialization completed in 1810 ms
2019-10-31 20:53:00.102 [main] INFO  c.a.d.s.b.a.DruidDataSourceAutoConfigure - Init DruidDataSource
2019-10-31 20:53:00.328 [main] INFO  com.alibaba.druid.pool.DruidDataSource - {dataSource-1} inited
2019-10-31 20:53:01.000 [main] INFO  o.s.scheduling.concurrent.ThreadPoolTaskExecutor - Initializing ExecutorService 'applicationTaskExecutor'
2019-10-31 20:53:01.284 [main] INFO  org.apache.coyote.http11.Http11NioProtocol - Starting ProtocolHandler ["http-nio-8888"]
2019-10-31 20:53:01.313 [main] INFO  o.s.boot.web.embedded.tomcat.TomcatWebServer - Tomcat started on port(s): 8888 (http) with context path ''
2019-10-31 20:53:01.318 [main] INFO  com.neuedu.BusnessApplication - Started BusnessApplication in 4.133 seconds (JVM running for 5.38)
2019-10-31 20:53:16.680 [http-nio-8888-exec-1] INFO  o.a.c.core.ContainerBase.[Tomcat].[localhost].[/] - Initializing Spring DispatcherServlet 'dispatcherServlet'
2019-10-31 20:53:16.680 [http-nio-8888-exec-1] INFO  org.springframework.web.servlet.DispatcherServlet - Initializing Servlet 'dispatcherServlet'
2019-10-31 20:53:16.688 [http-nio-8888-exec-1] INFO  org.springframework.web.servlet.DispatcherServlet - Completed initialization in 7 ms
2019-10-31 20:56:21.617 [main] INFO  com.neuedu.BusnessApplication - Starting BusnessApplication on 6IXHRL9EJ5D9T3Y with PID 1792 (E:\Java2\busness\target\classes started by Administrator in E:\Java2\busness)
2019-10-31 20:56:21.619 [main] INFO  com.neuedu.BusnessApplication - The following profiles are active: prod
2019-10-31 20:56:23.192 [main] INFO  o.s.boot.web.embedded.tomcat.TomcatWebServer - Tomcat initialized with port(s): 8888 (http)
2019-10-31 20:56:23.203 [main] INFO  org.apache.coyote.http11.Http11NioProtocol - Initializing ProtocolHandler ["http-nio-8888"]
2019-10-31 20:56:23.204 [main] INFO  org.apache.catalina.core.StandardService - Starting service [Tomcat]
2019-10-31 20:56:23.204 [main] INFO  org.apache.catalina.core.StandardEngine - Starting Servlet engine: [Apache Tomcat/9.0.27]
2019-10-31 20:56:23.302 [main] INFO  o.a.c.core.ContainerBase.[Tomcat].[localhost].[/] - Initializing Spring embedded WebApplicationContext
2019-10-31 20:56:23.302 [main] INFO  org.springframework.web.context.ContextLoader - Root WebApplicationContext: initialization completed in 1588 ms
2019-10-31 20:56:23.402 [main] INFO  c.a.d.s.b.a.DruidDataSourceAutoConfigure - Init DruidDataSource
2019-10-31 20:56:23.547 [main] INFO  com.alibaba.druid.pool.DruidDataSource - {dataSource-1} inited
2019-10-31 20:56:24.097 [main] INFO  o.s.scheduling.concurrent.ThreadPoolTaskExecutor - Initializing ExecutorService 'applicationTaskExecutor'
2019-10-31 20:56:24.371 [main] INFO  org.apache.coyote.http11.Http11NioProtocol - Starting ProtocolHandler ["http-nio-8888"]
2019-10-31 20:56:24.398 [main] INFO  o.s.boot.web.embedded.tomcat.TomcatWebServer - Tomcat started on port(s): 8888 (http) with context path ''
2019-10-31 20:56:24.402 [main] INFO  com.neuedu.BusnessApplication - Started BusnessApplication in 3.594 seconds (JVM running for 4.833)
2019-10-31 20:56:35.878 [http-nio-8888-exec-1] INFO  o.a.c.core.ContainerBase.[Tomcat].[localhost].[/] - Initializing Spring DispatcherServlet 'dispatcherServlet'
2019-10-31 20:56:35.878 [http-nio-8888-exec-1] INFO  org.springframework.web.servlet.DispatcherServlet - Initializing Servlet 'dispatcherServlet'
2019-10-31 20:56:35.886 [http-nio-8888-exec-1] INFO  org.springframework.web.servlet.DispatcherServlet - Completed initialization in 7 ms
2019-10-31 20:57:37.681 [main] INFO  com.neuedu.BusnessApplication - Starting BusnessApplication on 6IXHRL9EJ5D9T3Y with PID 8820 (E:\Java2\busness\target\classes started by Administrator in E:\Java2\busness)
2019-10-31 20:57:37.685 [main] INFO  com.neuedu.BusnessApplication - The following profiles are active: prod
2019-10-31 20:57:39.311 [main] INFO  o.s.boot.web.embedded.tomcat.TomcatWebServer - Tomcat initialized with port(s): 8888 (http)
2019-10-31 20:57:39.323 [main] INFO  org.apache.coyote.http11.Http11NioProtocol - Initializing ProtocolHandler ["http-nio-8888"]
2019-10-31 20:57:39.325 [main] INFO  org.apache.catalina.core.StandardService - Starting service [Tomcat]
2019-10-31 20:57:39.325 [main] INFO  org.apache.catalina.core.StandardEngine - Starting Servlet engine: [Apache Tomcat/9.0.27]
2019-10-31 20:57:39.436 [main] INFO  o.a.c.core.ContainerBase.[Tomcat].[localhost].[/] - Initializing Spring embedded WebApplicationContext
2019-10-31 20:57:39.436 [main] INFO  org.springframework.web.context.ContextLoader - Root WebApplicationContext: initialization completed in 1652 ms
2019-10-31 20:57:39.542 [main] INFO  c.a.d.s.b.a.DruidDataSourceAutoConfigure - Init DruidDataSource
2019-10-31 20:57:39.721 [main] INFO  com.alibaba.druid.pool.DruidDataSource - {dataSource-1} inited
2019-10-31 20:57:40.290 [main] INFO  o.s.scheduling.concurrent.ThreadPoolTaskExecutor - Initializing ExecutorService 'applicationTaskExecutor'
2019-10-31 20:57:40.565 [main] INFO  org.apache.coyote.http11.Http11NioProtocol - Starting ProtocolHandler ["http-nio-8888"]
2019-10-31 20:57:40.589 [main] INFO  o.s.boot.web.embedded.tomcat.TomcatWebServer - Tomcat started on port(s): 8888 (http) with context path ''
2019-10-31 20:57:40.594 [main] INFO  com.neuedu.BusnessApplication - Started BusnessApplication in 3.785 seconds (JVM running for 4.985)
2019-10-31 20:58:21.253 [http-nio-8888-exec-1] INFO  o.a.c.core.ContainerBase.[Tomcat].[localhost].[/] - Initializing Spring DispatcherServlet 'dispatcherServlet'
2019-10-31 20:58:21.253 [http-nio-8888-exec-1] INFO  org.springframework.web.servlet.DispatcherServlet - Initializing Servlet 'dispatcherServlet'
2019-10-31 20:58:21.261 [http-nio-8888-exec-1] INFO  org.springframework.web.servlet.DispatcherServlet - Completed initialization in 7 ms
2019-10-31 21:02:42.140 [main] INFO  com.neuedu.BusnessApplication - Starting BusnessApplication on 6IXHRL9EJ5D9T3Y with PID 3248 (E:\Java2\busness\target\classes started by Administrator in E:\Java2\busness)
2019-10-31 21:02:42.144 [main] INFO  com.neuedu.BusnessApplication - The following profiles are active: prod
2019-10-31 21:02:43.946 [main] INFO  o.s.boot.web.embedded.tomcat.TomcatWebServer - Tomcat initialized with port(s): 8888 (http)
2019-10-31 21:02:43.962 [main] INFO  org.apache.coyote.http11.Http11NioProtocol - Initializing ProtocolHandler ["http-nio-8888"]
2019-10-31 21:02:43.965 [main] INFO  org.apache.catalina.core.StandardService - Starting service [Tomcat]
2019-10-31 21:02:43.966 [main] INFO  org.apache.catalina.core.StandardEngine - Starting Servlet engine: [Apache Tomcat/9.0.27]
2019-10-31 21:02:44.103 [main] INFO  o.a.c.core.ContainerBase.[Tomcat].[localhost].[/] - Initializing Spring embedded WebApplicationContext
2019-10-31 21:02:44.104 [main] INFO  org.springframework.web.context.ContextLoader - Root WebApplicationContext: initialization completed in 1862 ms
2019-10-31 21:02:44.246 [main] INFO  c.a.d.s.b.a.DruidDataSourceAutoConfigure - Init DruidDataSource
2019-10-31 21:02:44.391 [main] INFO  com.alibaba.druid.pool.DruidDataSource - {dataSource-1} inited
2019-10-31 21:02:44.900 [main] INFO  o.s.scheduling.concurrent.ThreadPoolTaskExecutor - Initializing ExecutorService 'applicationTaskExecutor'
2019-10-31 21:02:45.199 [main] INFO  org.apache.coyote.http11.Http11NioProtocol - Starting ProtocolHandler ["http-nio-8888"]
2019-10-31 21:02:45.232 [main] INFO  o.s.boot.web.embedded.tomcat.TomcatWebServer - Tomcat started on port(s): 8888 (http) with context path ''
2019-10-31 21:02:45.237 [main] INFO  com.neuedu.BusnessApplication - Started BusnessApplication in 3.92 seconds (JVM running for 5.123)
2019-10-31 21:02:50.699 [http-nio-8888-exec-1] INFO  o.a.c.core.ContainerBase.[Tomcat].[localhost].[/] - Initializing Spring DispatcherServlet 'dispatcherServlet'
2019-10-31 21:02:50.700 [http-nio-8888-exec-1] INFO  org.springframework.web.servlet.DispatcherServlet - Initializing Servlet 'dispatcherServlet'
2019-10-31 21:02:50.706 [http-nio-8888-exec-1] INFO  org.springframework.web.servlet.DispatcherServlet - Completed initialization in 6 ms
2019-10-31 21:03:44.424 [main] INFO  com.neuedu.BusnessApplication - Starting BusnessApplication on 6IXHRL9EJ5D9T3Y with PID 7836 (E:\Java2\busness\target\classes started by Administrator in E:\Java2\busness)
2019-10-31 21:03:44.432 [main] INFO  com.neuedu.BusnessApplication - The following profiles are active: prod
2019-10-31 21:03:45.983 [main] INFO  o.s.boot.web.embedded.tomcat.TomcatWebServer - Tomcat initialized with port(s): 8888 (http)
2019-10-31 21:03:46.008 [main] INFO  org.apache.coyote.http11.Http11NioProtocol - Initializing ProtocolHandler ["http-nio-8888"]
2019-10-31 21:03:46.009 [main] INFO  org.apache.catalina.core.StandardService - Starting service [Tomcat]
2019-10-31 21:03:46.010 [main] INFO  org.apache.catalina.core.StandardEngine - Starting Servlet engine: [Apache Tomcat/9.0.27]
2019-10-31 21:03:46.097 [main] INFO  o.a.c.core.ContainerBase.[Tomcat].[localhost].[/] - Initializing Spring embedded WebApplicationContext
2019-10-31 21:03:46.097 [main] INFO  org.springframework.web.context.ContextLoader - Root WebApplicationContext: initialization completed in 1571 ms
2019-10-31 21:03:46.213 [main] INFO  c.a.d.s.b.a.DruidDataSourceAutoConfigure - Init DruidDataSource
2019-10-31 21:03:46.378 [main] INFO  com.alibaba.druid.pool.DruidDataSource - {dataSource-1} inited
2019-10-31 21:03:46.928 [main] INFO  o.s.scheduling.concurrent.ThreadPoolTaskExecutor - Initializing ExecutorService 'applicationTaskExecutor'
2019-10-31 21:03:47.191 [main] INFO  org.apache.coyote.http11.Http11NioProtocol - Starting ProtocolHandler ["http-nio-8888"]
2019-10-31 21:03:47.220 [main] INFO  o.s.boot.web.embedded.tomcat.TomcatWebServer - Tomcat started on port(s): 8888 (http) with context path ''
2019-10-31 21:03:47.224 [main] INFO  com.neuedu.BusnessApplication - Started BusnessApplication in 3.639 seconds (JVM running for 4.813)
2019-10-31 21:03:53.945 [http-nio-8888-exec-1] INFO  o.a.c.core.ContainerBase.[Tomcat].[localhost].[/] - Initializing Spring DispatcherServlet 'dispatcherServlet'
2019-10-31 21:03:53.946 [http-nio-8888-exec-1] INFO  org.springframework.web.servlet.DispatcherServlet - Initializing Servlet 'dispatcherServlet'
2019-10-31 21:03:53.955 [http-nio-8888-exec-1] INFO  org.springframework.web.servlet.DispatcherServlet - Completed initialization in 9 ms
2019-10-31 21:18:17.763 [main] INFO  com.neuedu.BusnessApplication - Starting BusnessApplication on 6IXHRL9EJ5D9T3Y with PID 8400 (E:\Java2\busness\target\classes started by Administrator in E:\Java2\busness)
2019-10-31 21:18:17.767 [main] INFO  com.neuedu.BusnessApplication - The following profiles are active: prod
2019-10-31 21:18:19.720 [main] INFO  o.s.boot.web.embedded.tomcat.TomcatWebServer - Tomcat initialized with port(s): 8888 (http)
2019-10-31 21:18:19.740 [main] INFO  org.apache.coyote.http11.Http11NioProtocol - Initializing ProtocolHandler ["http-nio-8888"]
2019-10-31 21:18:19.741 [main] INFO  org.apache.catalina.core.StandardService - Starting service [Tomcat]
2019-10-31 21:18:19.742 [main] INFO  org.apache.catalina.core.StandardEngine - Starting Servlet engine: [Apache Tomcat/9.0.27]
2019-10-31 21:18:19.836 [main] INFO  o.a.c.core.ContainerBase.[Tomcat].[localhost].[/] - Initializing Spring embedded WebApplicationContext
2019-10-31 21:18:19.836 [main] INFO  org.springframework.web.context.ContextLoader - Root WebApplicationContext: initialization completed in 1968 ms
2019-10-31 21:18:20.000 [main] INFO  c.a.d.s.b.a.DruidDataSourceAutoConfigure - Init DruidDataSource
2019-10-31 21:18:20.250 [main] INFO  com.alibaba.druid.pool.DruidDataSource - {dataSource-1} inited
2019-10-31 21:18:20.707 [main] INFO  com.alibaba.druid.pool.DruidDataSource - {dataSource-1} closed
2019-10-31 21:18:20.711 [main] INFO  org.apache.catalina.core.StandardService - Stopping service [Tomcat]
2019-10-31 21:18:20.746 [main] INFO  o.s.b.a.l.ConditionEvaluationReportLoggingListener - 

Error starting ApplicationContext. To display the conditions report re-run your application with 'debug' enabled.
2019-10-31 21:19:10.704 [main] INFO  com.neuedu.BusnessApplication - Starting BusnessApplication on 6IXHRL9EJ5D9T3Y with PID 9084 (E:\Java2\busness\target\classes started by Administrator in E:\Java2\busness)
2019-10-31 21:19:10.710 [main] INFO  com.neuedu.BusnessApplication - The following profiles are active: prod
2019-10-31 21:19:12.367 [main] INFO  o.s.boot.web.embedded.tomcat.TomcatWebServer - Tomcat initialized with port(s): 8888 (http)
2019-10-31 21:19:12.378 [main] INFO  org.apache.coyote.http11.Http11NioProtocol - Initializing ProtocolHandler ["http-nio-8888"]
2019-10-31 21:19:12.380 [main] INFO  org.apache.catalina.core.StandardService - Starting service [Tomcat]
2019-10-31 21:19:12.380 [main] INFO  org.apache.catalina.core.StandardEngine - Starting Servlet engine: [Apache Tomcat/9.0.27]
2019-10-31 21:19:12.496 [main] INFO  o.a.c.core.ContainerBase.[Tomcat].[localhost].[/] - Initializing Spring embedded WebApplicationContext
2019-10-31 21:19:12.497 [main] INFO  org.springframework.web.context.ContextLoader - Root WebApplicationContext: initialization completed in 1701 ms
2019-10-31 21:19:12.608 [main] INFO  c.a.d.s.b.a.DruidDataSourceAutoConfigure - Init DruidDataSource
2019-10-31 21:19:12.791 [main] INFO  com.alibaba.druid.pool.DruidDataSource - {dataSource-1} inited
2019-10-31 21:19:13.220 [main] INFO  com.alibaba.druid.pool.DruidDataSource - {dataSource-1} closed
2019-10-31 21:19:13.224 [main] INFO  org.apache.catalina.core.StandardService - Stopping service [Tomcat]
2019-10-31 21:19:13.241 [main] INFO  o.s.b.a.l.ConditionEvaluationReportLoggingListener - 

Error starting ApplicationContext. To display the conditions report re-run your application with 'debug' enabled.
2019-10-31 21:20:39.110 [main] INFO  com.neuedu.BusnessApplication - Starting BusnessApplication on 6IXHRL9EJ5D9T3Y with PID 16668 (E:\Java2\busness\target\classes started by Administrator in E:\Java2\busness)
2019-10-31 21:20:39.113 [main] INFO  com.neuedu.BusnessApplication - The following profiles are active: prod
2019-10-31 21:20:40.781 [main] INFO  o.s.boot.web.embedded.tomcat.TomcatWebServer - Tomcat initialized with port(s): 8888 (http)
2019-10-31 21:20:40.813 [main] INFO  org.apache.coyote.http11.Http11NioProtocol - Initializing ProtocolHandler ["http-nio-8888"]
2019-10-31 21:20:40.814 [main] INFO  org.apache.catalina.core.StandardService - Starting service [Tomcat]
2019-10-31 21:20:40.814 [main] INFO  org.apache.catalina.core.StandardEngine - Starting Servlet engine: [Apache Tomcat/9.0.27]
2019-10-31 21:20:40.919 [main] INFO  o.a.c.core.ContainerBase.[Tomcat].[localhost].[/] - Initializing Spring embedded WebApplicationContext
2019-10-31 21:20:40.919 [main] INFO  org.springframework.web.context.ContextLoader - Root WebApplicationContext: initialization completed in 1725 ms
2019-10-31 21:20:41.020 [main] INFO  c.a.d.s.b.a.DruidDataSourceAutoConfigure - Init DruidDataSource
2019-10-31 21:20:41.165 [main] INFO  com.alibaba.druid.pool.DruidDataSource - {dataSource-1} inited
2019-10-31 21:20:41.659 [main] INFO  o.s.scheduling.concurrent.ThreadPoolTaskExecutor - Initializing ExecutorService 'applicationTaskExecutor'
2019-10-31 21:20:41.895 [main] INFO  org.apache.coyote.http11.Http11NioProtocol - Starting ProtocolHandler ["http-nio-8888"]
2019-10-31 21:20:41.920 [main] INFO  o.s.boot.web.embedded.tomcat.TomcatWebServer - Tomcat started on port(s): 8888 (http) with context path ''
2019-10-31 21:20:41.926 [main] INFO  com.neuedu.BusnessApplication - Started BusnessApplication in 3.62 seconds (JVM running for 4.843)
2019-10-31 21:20:47.567 [http-nio-8888-exec-1] INFO  o.a.c.core.ContainerBase.[Tomcat].[localhost].[/] - Initializing Spring DispatcherServlet 'dispatcherServlet'
2019-10-31 21:20:47.568 [http-nio-8888-exec-1] INFO  org.springframework.web.servlet.DispatcherServlet - Initializing Servlet 'dispatcherServlet'
2019-10-31 21:20:47.574 [http-nio-8888-exec-1] INFO  org.springframework.web.servlet.DispatcherServlet - Completed initialization in 6 ms
2019-10-31 21:23:00.054 [main] INFO  com.neuedu.BusnessApplication - Starting BusnessApplication on 6IXHRL9EJ5D9T3Y with PID 7580 (E:\Java2\busness\target\classes started by Administrator in E:\Java2\busness)
2019-10-31 21:23:00.058 [main] INFO  com.neuedu.BusnessApplication - The following profiles are active: prod
2019-10-31 21:23:01.615 [main] INFO  o.s.boot.web.embedded.tomcat.TomcatWebServer - Tomcat initialized with port(s): 8888 (http)
2019-10-31 21:23:01.627 [main] INFO  org.apache.coyote.http11.Http11NioProtocol - Initializing ProtocolHandler ["http-nio-8888"]
2019-10-31 21:23:01.628 [main] INFO  org.apache.catalina.core.StandardService - Starting service [Tomcat]
2019-10-31 21:23:01.629 [main] INFO  org.apache.catalina.core.StandardEngine - Starting Servlet engine: [Apache Tomcat/9.0.27]
2019-10-31 21:23:01.728 [main] INFO  o.a.c.core.ContainerBase.[Tomcat].[localhost].[/] - Initializing Spring embedded WebApplicationContext
2019-10-31 21:23:01.730 [main] INFO  org.springframework.web.context.ContextLoader - Root WebApplicationContext: initialization completed in 1568 ms
2019-10-31 21:23:01.823 [main] INFO  c.a.d.s.b.a.DruidDataSourceAutoConfigure - Init DruidDataSource
2019-10-31 21:23:01.974 [main] INFO  com.alibaba.druid.pool.DruidDataSource - {dataSource-1} inited
2019-10-31 21:23:02.474 [main] INFO  o.s.scheduling.concurrent.ThreadPoolTaskExecutor - Initializing ExecutorService 'applicationTaskExecutor'
2019-10-31 21:23:02.734 [main] INFO  org.apache.coyote.http11.Http11NioProtocol - Starting ProtocolHandler ["http-nio-8888"]
2019-10-31 21:23:02.762 [main] INFO  o.s.boot.web.embedded.tomcat.TomcatWebServer - Tomcat started on port(s): 8888 (http) with context path ''
2019-10-31 21:23:02.767 [main] INFO  com.neuedu.BusnessApplication - Started BusnessApplication in 3.564 seconds (JVM running for 4.768)
2019-10-31 21:23:05.311 [http-nio-8888-exec-2] INFO  o.a.c.core.ContainerBase.[Tomcat].[localhost].[/] - Initializing Spring DispatcherServlet 'dispatcherServlet'
2019-10-31 21:23:05.311 [http-nio-8888-exec-2] INFO  org.springframework.web.servlet.DispatcherServlet - Initializing Servlet 'dispatcherServlet'
2019-10-31 21:23:05.319 [http-nio-8888-exec-2] INFO  org.springframework.web.servlet.DispatcherServlet - Completed initialization in 8 ms
2019-10-31 21:25:16.017 [main] INFO  com.neuedu.BusnessApplication - Starting BusnessApplication on 6IXHRL9EJ5D9T3Y with PID 10972 (E:\Java2\busness\target\classes started by Administrator in E:\Java2\busness)
2019-10-31 21:25:16.021 [main] INFO  com.neuedu.BusnessApplication - The following profiles are active: prod
2019-10-31 21:25:17.905 [main] INFO  o.s.boot.web.embedded.tomcat.TomcatWebServer - Tomcat initialized with port(s): 8888 (http)
2019-10-31 21:25:17.927 [main] INFO  org.apache.coyote.http11.Http11NioProtocol - Initializing ProtocolHandler ["http-nio-8888"]
2019-10-31 21:25:17.928 [main] INFO  org.apache.catalina.core.StandardService - Starting service [Tomcat]
2019-10-31 21:25:17.929 [main] INFO  org.apache.catalina.core.StandardEngine - Starting Servlet engine: [Apache Tomcat/9.0.27]
2019-10-31 21:25:18.042 [main] INFO  o.a.c.core.ContainerBase.[Tomcat].[localhost].[/] - Initializing Spring embedded WebApplicationContext
2019-10-31 21:25:18.042 [main] INFO  org.springframework.web.context.ContextLoader - Root WebApplicationContext: initialization completed in 1947 ms
2019-10-31 21:25:18.147 [main] INFO  c.a.d.s.b.a.DruidDataSourceAutoConfigure - Init DruidDataSource
2019-10-31 21:25:18.334 [main] INFO  com.alibaba.druid.pool.DruidDataSource - {dataSource-1} inited
2019-10-31 21:25:18.981 [main] INFO  o.s.scheduling.concurrent.ThreadPoolTaskExecutor - Initializing ExecutorService 'applicationTaskExecutor'
2019-10-31 21:25:19.316 [main] INFO  org.apache.coyote.http11.Http11NioProtocol - Starting ProtocolHandler ["http-nio-8888"]
2019-10-31 21:25:19.349 [main] INFO  o.s.boot.web.embedded.tomcat.TomcatWebServer - Tomcat started on port(s): 8888 (http) with context path ''
2019-10-31 21:25:19.355 [main] INFO  com.neuedu.BusnessApplication - Started BusnessApplication in 4.204 seconds (JVM running for 5.4)
2019-10-31 21:25:41.191 [main] INFO  com.neuedu.BusnessApplication - Starting BusnessApplication on 6IXHRL9EJ5D9T3Y with PID 14312 (E:\Java2\busness\target\classes started by Administrator in E:\Java2\busness)
2019-10-31 21:25:41.196 [main] INFO  com.neuedu.BusnessApplication - The following profiles are active: prod
2019-10-31 21:25:43.232 [main] INFO  o.s.boot.web.embedded.tomcat.TomcatWebServer - Tomcat initialized with port(s): 8888 (http)
2019-10-31 21:25:43.244 [main] INFO  org.apache.coyote.http11.Http11NioProtocol - Initializing ProtocolHandler ["http-nio-8888"]
2019-10-31 21:25:43.245 [main] INFO  org.apache.catalina.core.StandardService - Starting service [Tomcat]
2019-10-31 21:25:43.245 [main] INFO  org.apache.catalina.core.StandardEngine - Starting Servlet engine: [Apache Tomcat/9.0.27]
2019-10-31 21:25:43.351 [main] INFO  o.a.c.core.ContainerBase.[Tomcat].[localhost].[/] - Initializing Spring embedded WebApplicationContext
2019-10-31 21:25:43.351 [main] INFO  org.springframework.web.context.ContextLoader - Root WebApplicationContext: initialization completed in 2057 ms
2019-10-31 21:25:43.446 [main] INFO  c.a.d.s.b.a.DruidDataSourceAutoConfigure - Init DruidDataSource
2019-10-31 21:25:43.621 [main] INFO  com.alibaba.druid.pool.DruidDataSource - {dataSource-1} inited
2019-10-31 21:25:44.149 [main] INFO  o.s.scheduling.concurrent.ThreadPoolTaskExecutor - Initializing ExecutorService 'applicationTaskExecutor'
2019-10-31 21:25:44.391 [main] INFO  org.apache.coyote.http11.Http11NioProtocol - Starting ProtocolHandler ["http-nio-8888"]
2019-10-31 21:25:44.416 [main] INFO  o.s.boot.web.embedded.tomcat.TomcatWebServer - Tomcat started on port(s): 8888 (http) with context path ''
2019-10-31 21:25:44.420 [main] INFO  com.neuedu.BusnessApplication - Started BusnessApplication in 4.185 seconds (JVM running for 5.59)
2019-10-31 21:26:18.001 [http-nio-8888-exec-1] INFO  o.a.c.core.ContainerBase.[Tomcat].[localhost].[/] - Initializing Spring DispatcherServlet 'dispatcherServlet'
2019-10-31 21:26:18.001 [http-nio-8888-exec-1] INFO  org.springframework.web.servlet.DispatcherServlet - Initializing Servlet 'dispatcherServlet'
2019-10-31 21:26:18.011 [http-nio-8888-exec-1] INFO  org.springframework.web.servlet.DispatcherServlet - Completed initialization in 10 ms
2019-10-31 21:28:10.840 [main] INFO  com.neuedu.BusnessApplication - Starting BusnessApplication on 6IXHRL9EJ5D9T3Y with PID 16420 (E:\Java2\busness\target\classes started by Administrator in E:\Java2\busness)
2019-10-31 21:28:10.844 [main] INFO  com.neuedu.BusnessApplication - The following profiles are active: prod
2019-10-31 21:28:12.416 [main] INFO  o.s.boot.web.embedded.tomcat.TomcatWebServer - Tomcat initialized with port(s): 8888 (http)
2019-10-31 21:28:12.430 [main] INFO  org.apache.coyote.http11.Http11NioProtocol - Initializing ProtocolHandler ["http-nio-8888"]
2019-10-31 21:28:12.430 [main] INFO  org.apache.catalina.core.StandardService - Starting service [Tomcat]
2019-10-31 21:28:12.430 [main] INFO  org.apache.catalina.core.StandardEngine - Starting Servlet engine: [Apache Tomcat/9.0.27]
2019-10-31 21:28:12.555 [main] INFO  o.a.c.core.ContainerBase.[Tomcat].[localhost].[/] - Initializing Spring embedded WebApplicationContext
2019-10-31 21:28:12.555 [main] INFO  org.springframework.web.context.ContextLoader - Root WebApplicationContext: initialization completed in 1620 ms
2019-10-31 21:28:12.669 [main] INFO  c.a.d.s.b.a.DruidDataSourceAutoConfigure - Init DruidDataSource
2019-10-31 21:28:12.840 [main] INFO  com.alibaba.druid.pool.DruidDataSource - {dataSource-1} inited
2019-10-31 21:28:13.380 [main] INFO  o.s.scheduling.concurrent.ThreadPoolTaskExecutor - Initializing ExecutorService 'applicationTaskExecutor'
2019-10-31 21:28:13.726 [main] INFO  org.apache.coyote.http11.Http11NioProtocol - Starting ProtocolHandler ["http-nio-8888"]
2019-10-31 21:28:13.757 [main] INFO  o.s.boot.web.embedded.tomcat.TomcatWebServer - Tomcat started on port(s): 8888 (http) with context path ''
2019-10-31 21:28:13.762 [main] INFO  com.neuedu.BusnessApplication - Started BusnessApplication in 3.862 seconds (JVM running for 5.374)
2019-10-31 21:28:45.386 [http-nio-8888-exec-1] INFO  o.a.c.core.ContainerBase.[Tomcat].[localhost].[/] - Initializing Spring DispatcherServlet 'dispatcherServlet'
2019-10-31 21:28:45.386 [http-nio-8888-exec-1] INFO  org.springframework.web.servlet.DispatcherServlet - Initializing Servlet 'dispatcherServlet'
2019-10-31 21:28:45.395 [http-nio-8888-exec-1] INFO  org.springframework.web.servlet.DispatcherServlet - Completed initialization in 9 ms
2019-10-31 23:12:19.532 [main] INFO  com.neuedu.BusnessApplication - Starting BusnessApplication on 6IXHRL9EJ5D9T3Y with PID 16864 (E:\Java2\busness\target\classes started by Administrator in E:\Java2\busness)
2019-10-31 23:12:19.536 [main] INFO  com.neuedu.BusnessApplication - The following profiles are active: prod
2019-10-31 23:12:21.327 [main] INFO  o.s.boot.web.embedded.tomcat.TomcatWebServer - Tomcat initialized with port(s): 8888 (http)
2019-10-31 23:12:21.336 [main] INFO  org.apache.coyote.http11.Http11NioProtocol - Initializing ProtocolHandler ["http-nio-8888"]
2019-10-31 23:12:21.337 [main] INFO  org.apache.catalina.core.StandardService - Starting service [Tomcat]
2019-10-31 23:12:21.338 [main] INFO  org.apache.catalina.core.StandardEngine - Starting Servlet engine: [Apache Tomcat/9.0.27]
2019-10-31 23:12:21.450 [main] INFO  o.a.c.core.ContainerBase.[Tomcat].[localhost].[/] - Initializing Spring embedded WebApplicationContext
2019-10-31 23:12:21.450 [main] INFO  org.springframework.web.context.ContextLoader - Root WebApplicationContext: initialization completed in 1700 ms
2019-10-31 23:12:21.556 [main] INFO  c.a.d.s.b.a.DruidDataSourceAutoConfigure - Init DruidDataSource
2019-10-31 23:12:21.744 [main] INFO  com.alibaba.druid.pool.DruidDataSource - {dataSource-1} inited
2019-10-31 23:12:22.280 [main] INFO  o.s.scheduling.concurrent.ThreadPoolTaskExecutor - Initializing ExecutorService 'applicationTaskExecutor'
2019-10-31 23:12:22.586 [main] INFO  org.apache.coyote.http11.Http11NioProtocol - Starting ProtocolHandler ["http-nio-8888"]
2019-10-31 23:12:22.617 [main] INFO  o.s.boot.web.embedded.tomcat.TomcatWebServer - Tomcat started on port(s): 8888 (http) with context path ''
2019-10-31 23:12:22.623 [main] INFO  com.neuedu.BusnessApplication - Started BusnessApplication in 4.071 seconds (JVM running for 5.782)
2019-10-31 23:14:18.650 [http-nio-8888-exec-1] INFO  o.a.c.core.ContainerBase.[Tomcat].[localhost].[/] - Initializing Spring DispatcherServlet 'dispatcherServlet'
2019-10-31 23:14:18.651 [http-nio-8888-exec-1] INFO  org.springframework.web.servlet.DispatcherServlet - Initializing Servlet 'dispatcherServlet'
2019-10-31 23:14:18.657 [http-nio-8888-exec-1] INFO  org.springframework.web.servlet.DispatcherServlet - Completed initialization in 6 ms
2019-10-31 23:16:14.957 [main] INFO  com.neuedu.BusnessApplication - Starting BusnessApplication on 6IXHRL9EJ5D9T3Y with PID 6656 (E:\Java2\busness\target\classes started by Administrator in E:\Java2\busness)
2019-10-31 23:16:14.961 [main] INFO  com.neuedu.BusnessApplication - The following profiles are active: prod
2019-10-31 23:16:16.504 [main] INFO  o.s.boot.web.embedded.tomcat.TomcatWebServer - Tomcat initialized with port(s): 8888 (http)
2019-10-31 23:16:16.518 [main] INFO  org.apache.coyote.http11.Http11NioProtocol - Initializing ProtocolHandler ["http-nio-8888"]
2019-10-31 23:16:16.519 [main] INFO  org.apache.catalina.core.StandardService - Starting service [Tomcat]
2019-10-31 23:16:16.519 [main] INFO  org.apache.catalina.core.StandardEngine - Starting Servlet engine: [Apache Tomcat/9.0.27]
2019-10-31 23:16:16.644 [main] INFO  o.a.c.core.ContainerBase.[Tomcat].[localhost].[/] - Initializing Spring embedded WebApplicationContext
2019-10-31 23:16:16.644 [main] INFO  org.springframework.web.context.ContextLoader - Root WebApplicationContext: initialization completed in 1587 ms
2019-10-31 23:16:16.775 [main] INFO  c.a.d.s.b.a.DruidDataSourceAutoConfigure - Init DruidDataSource
2019-10-31 23:16:16.940 [main] INFO  com.alibaba.druid.pool.DruidDataSource - {dataSource-1} inited
2019-10-31 23:16:17.492 [main] INFO  o.s.scheduling.concurrent.ThreadPoolTaskExecutor - Initializing ExecutorService 'applicationTaskExecutor'
2019-10-31 23:16:17.804 [main] INFO  org.apache.coyote.http11.Http11NioProtocol - Starting ProtocolHandler ["http-nio-8888"]
2019-10-31 23:16:17.835 [main] INFO  o.s.boot.web.embedded.tomcat.TomcatWebServer - Tomcat started on port(s): 8888 (http) with context path ''
2019-10-31 23:16:17.841 [main] INFO  com.neuedu.BusnessApplication - Started BusnessApplication in 3.7 seconds (JVM running for 5.064)
2019-10-31 23:16:21.971 [http-nio-8888-exec-1] INFO  o.a.c.core.ContainerBase.[Tomcat].[localhost].[/] - Initializing Spring DispatcherServlet 'dispatcherServlet'
2019-10-31 23:16:21.971 [http-nio-8888-exec-1] INFO  org.springframework.web.servlet.DispatcherServlet - Initializing Servlet 'dispatcherServlet'
2019-10-31 23:16:21.980 [http-nio-8888-exec-1] INFO  org.springframework.web.servlet.DispatcherServlet - Completed initialization in 8 ms
2019-10-31 23:17:43.984 [main] INFO  com.neuedu.BusnessApplication - Starting BusnessApplication on 6IXHRL9EJ5D9T3Y with PID 2044 (E:\Java2\busness\target\classes started by Administrator in E:\Java2\busness)
2019-10-31 23:17:43.990 [main] INFO  com.neuedu.BusnessApplication - The following profiles are active: prod
2019-10-31 23:17:45.631 [main] INFO  o.s.boot.web.embedded.tomcat.TomcatWebServer - Tomcat initialized with port(s): 8888 (http)
2019-10-31 23:17:45.644 [main] INFO  org.apache.coyote.http11.Http11NioProtocol - Initializing ProtocolHandler ["http-nio-8888"]
2019-10-31 23:17:45.645 [main] INFO  org.apache.catalina.core.StandardService - Starting service [Tomcat]
2019-10-31 23:17:45.646 [main] INFO  org.apache.catalina.core.StandardEngine - Starting Servlet engine: [Apache Tomcat/9.0.27]
2019-10-31 23:17:45.774 [main] INFO  o.a.c.core.ContainerBase.[Tomcat].[localhost].[/] - Initializing Spring embedded WebApplicationContext
2019-10-31 23:17:45.775 [main] INFO  org.springframework.web.context.ContextLoader - Root WebApplicationContext: initialization completed in 1677 ms
2019-10-31 23:17:45.878 [main] INFO  c.a.d.s.b.a.DruidDataSourceAutoConfigure - Init DruidDataSource
2019-10-31 23:17:46.050 [main] INFO  com.alibaba.druid.pool.DruidDataSource - {dataSource-1} inited
2019-10-31 23:17:46.566 [main] INFO  o.s.scheduling.concurrent.ThreadPoolTaskExecutor - Initializing ExecutorService 'applicationTaskExecutor'
2019-10-31 23:17:46.840 [main] INFO  org.apache.coyote.http11.Http11NioProtocol - Starting ProtocolHandler ["http-nio-8888"]
2019-10-31 23:17:46.867 [main] INFO  o.s.boot.web.embedded.tomcat.TomcatWebServer - Tomcat started on port(s): 8888 (http) with context path ''
2019-10-31 23:17:46.871 [main] INFO  com.neuedu.BusnessApplication - Started BusnessApplication in 3.785 seconds (JVM running for 5.038)
2019-10-31 23:17:52.904 [http-nio-8888-exec-1] INFO  o.a.c.core.ContainerBase.[Tomcat].[localhost].[/] - Initializing Spring DispatcherServlet 'dispatcherServlet'
2019-10-31 23:17:52.904 [http-nio-8888-exec-1] INFO  org.springframework.web.servlet.DispatcherServlet - Initializing Servlet 'dispatcherServlet'
2019-10-31 23:17:52.912 [http-nio-8888-exec-1] INFO  org.springframework.web.servlet.DispatcherServlet - Completed initialization in 8 ms
2019-10-31 23:27:00.823 [main] INFO  com.neuedu.BusnessApplication - Starting BusnessApplication on 6IXHRL9EJ5D9T3Y with PID 17836 (E:\Java2\busness\target\classes started by Administrator in E:\Java2\busness)
2019-10-31 23:27:00.826 [main] INFO  com.neuedu.BusnessApplication - The following profiles are active: prod
2019-10-31 23:27:02.547 [main] INFO  o.s.boot.web.embedded.tomcat.TomcatWebServer - Tomcat initialized with port(s): 8888 (http)
2019-10-31 23:27:02.561 [main] INFO  org.apache.coyote.http11.Http11NioProtocol - Initializing ProtocolHandler ["http-nio-8888"]
2019-10-31 23:27:02.562 [main] INFO  org.apache.catalina.core.StandardService - Starting service [Tomcat]
2019-10-31 23:27:02.563 [main] INFO  org.apache.catalina.core.StandardEngine - Starting Servlet engine: [Apache Tomcat/9.0.27]
2019-10-31 23:27:02.665 [main] INFO  o.a.c.core.ContainerBase.[Tomcat].[localhost].[/] - Initializing Spring embedded WebApplicationContext
2019-10-31 23:27:02.666 [main] INFO  org.springframework.web.context.ContextLoader - Root WebApplicationContext: initialization completed in 1730 ms
2019-10-31 23:27:02.775 [main] INFO  c.a.d.s.b.a.DruidDataSourceAutoConfigure - Init DruidDataSource
2019-10-31 23:27:02.958 [main] INFO  com.alibaba.druid.pool.DruidDataSource - {dataSource-1} inited
2019-10-31 23:27:03.518 [main] INFO  o.s.scheduling.concurrent.ThreadPoolTaskExecutor - Initializing ExecutorService 'applicationTaskExecutor'
2019-10-31 23:27:03.816 [main] INFO  org.apache.coyote.http11.Http11NioProtocol - Starting ProtocolHandler ["http-nio-8888"]
2019-10-31 23:27:03.844 [main] INFO  o.s.boot.web.embedded.tomcat.TomcatWebServer - Tomcat started on port(s): 8888 (http) with context path ''
2019-10-31 23:27:03.848 [main] INFO  com.neuedu.BusnessApplication - Started BusnessApplication in 3.931 seconds (JVM running for 5.059)
2019-10-31 23:27:09.865 [http-nio-8888-exec-1] INFO  o.a.c.core.ContainerBase.[Tomcat].[localhost].[/] - Initializing Spring DispatcherServlet 'dispatcherServlet'
2019-10-31 23:27:09.865 [http-nio-8888-exec-1] INFO  org.springframework.web.servlet.DispatcherServlet - Initializing Servlet 'dispatcherServlet'
2019-10-31 23:27:09.873 [http-nio-8888-exec-1] INFO  org.springframework.web.servlet.DispatcherServlet - Completed initialization in 7 ms
2019-10-31 23:29:58.316 [main] INFO  com.neuedu.BusnessApplication - Starting BusnessApplication on 6IXHRL9EJ5D9T3Y with PID 2148 (E:\Java2\busness\target\classes started by Administrator in E:\Java2\busness)
2019-10-31 23:29:58.442 [main] INFO  com.neuedu.BusnessApplication - The following profiles are active: prod
2019-10-31 23:30:00.892 [main] INFO  o.s.boot.web.embedded.tomcat.TomcatWebServer - Tomcat initialized with port(s): 8888 (http)
2019-10-31 23:30:00.903 [main] INFO  org.apache.coyote.http11.Http11NioProtocol - Initializing ProtocolHandler ["http-nio-8888"]
2019-10-31 23:30:00.903 [main] INFO  org.apache.catalina.core.StandardService - Starting service [Tomcat]
2019-10-31 23:30:00.903 [main] INFO  org.apache.catalina.core.StandardEngine - Starting Servlet engine: [Apache Tomcat/9.0.27]
2019-10-31 23:30:01.044 [main] INFO  o.a.c.core.ContainerBase.[Tomcat].[localhost].[/] - Initializing Spring embedded WebApplicationContext
2019-10-31 23:30:01.044 [main] INFO  org.springframework.web.context.ContextLoader - Root WebApplicationContext: initialization completed in 2494 ms
2019-10-31 23:30:01.279 [main] INFO  c.a.d.s.b.a.DruidDataSourceAutoConfigure - Init DruidDataSource
2019-10-31 23:30:01.505 [main] INFO  com.alibaba.druid.pool.DruidDataSource - {dataSource-1} inited
2019-10-31 23:30:02.429 [main] INFO  o.s.scheduling.concurrent.ThreadPoolTaskExecutor - Initializing ExecutorService 'applicationTaskExecutor'
2019-10-31 23:30:02.803 [main] INFO  org.apache.coyote.http11.Http11NioProtocol - Starting ProtocolHandler ["http-nio-8888"]
2019-10-31 23:30:02.830 [main] INFO  o.s.boot.web.embedded.tomcat.TomcatWebServer - Tomcat started on port(s): 8888 (http) with context path ''
2019-10-31 23:30:02.835 [main] INFO  com.neuedu.BusnessApplication - Started BusnessApplication in 5.823 seconds (JVM running for 8.314)
2019-10-31 23:30:28.724 [http-nio-8888-exec-2] INFO  o.a.c.core.ContainerBase.[Tomcat].[localhost].[/] - Initializing Spring DispatcherServlet 'dispatcherServlet'
2019-10-31 23:30:28.725 [http-nio-8888-exec-2] INFO  org.springframework.web.servlet.DispatcherServlet - Initializing Servlet 'dispatcherServlet'
2019-10-31 23:30:28.732 [http-nio-8888-exec-2] INFO  org.springframework.web.servlet.DispatcherServlet - Completed initialization in 7 ms
2019-10-31 23:32:39.511 [main] INFO  com.neuedu.BusnessApplication - Starting BusnessApplication on 6IXHRL9EJ5D9T3Y with PID 4440 (E:\Java2\busness\target\classes started by Administrator in E:\Java2\busness)
2019-10-31 23:32:39.516 [main] INFO  com.neuedu.BusnessApplication - The following profiles are active: prod
2019-10-31 23:32:40.987 [main] INFO  o.s.boot.web.embedded.tomcat.TomcatWebServer - Tomcat initialized with port(s): 8888 (http)
2019-10-31 23:32:40.998 [main] INFO  org.apache.coyote.http11.Http11NioProtocol - Initializing ProtocolHandler ["http-nio-8888"]
2019-10-31 23:32:41.001 [main] INFO  org.apache.catalina.core.StandardService - Starting service [Tomcat]
2019-10-31 23:32:41.002 [main] INFO  org.apache.catalina.core.StandardEngine - Starting Servlet engine: [Apache Tomcat/9.0.27]
2019-10-31 23:32:41.116 [main] INFO  o.a.c.core.ContainerBase.[Tomcat].[localhost].[/] - Initializing Spring embedded WebApplicationContext
2019-10-31 23:32:41.117 [main] INFO  org.springframework.web.context.ContextLoader - Root WebApplicationContext: initialization completed in 1487 ms
2019-10-31 23:32:41.207 [main] INFO  c.a.d.s.b.a.DruidDataSourceAutoConfigure - Init DruidDataSource
2019-10-31 23:32:41.358 [main] INFO  com.alibaba.druid.pool.DruidDataSource - {dataSource-1} inited
2019-10-31 23:32:41.838 [main] INFO  o.s.scheduling.concurrent.ThreadPoolTaskExecutor - Initializing ExecutorService 'applicationTaskExecutor'
2019-10-31 23:32:42.126 [main] INFO  org.apache.coyote.http11.Http11NioProtocol - Starting ProtocolHandler ["http-nio-8888"]
2019-10-31 23:32:42.149 [main] INFO  o.s.boot.web.embedded.tomcat.TomcatWebServer - Tomcat started on port(s): 8888 (http) with context path ''
2019-10-31 23:32:42.154 [main] INFO  com.neuedu.BusnessApplication - Started BusnessApplication in 3.474 seconds (JVM running for 4.786)
2019-10-31 23:32:45.412 [http-nio-8888-exec-1] INFO  o.a.c.core.ContainerBase.[Tomcat].[localhost].[/] - Initializing Spring DispatcherServlet 'dispatcherServlet'
2019-10-31 23:32:45.413 [http-nio-8888-exec-1] INFO  org.springframework.web.servlet.DispatcherServlet - Initializing Servlet 'dispatcherServlet'
2019-10-31 23:32:45.419 [http-nio-8888-exec-1] INFO  org.springframework.web.servlet.DispatcherServlet - Completed initialization in 6 ms
2019-10-31 23:36:43.502 [main] INFO  com.neuedu.BusnessApplication - Starting BusnessApplication on 6IXHRL9EJ5D9T3Y with PID 12468 (E:\Java2\busness\target\classes started by Administrator in E:\Java2\busness)
2019-10-31 23:36:43.506 [main] INFO  com.neuedu.BusnessApplication - The following profiles are active: prod
2019-10-31 23:36:45.033 [main] INFO  o.s.boot.web.embedded.tomcat.TomcatWebServer - Tomcat initialized with port(s): 8888 (http)
2019-10-31 23:36:45.046 [main] INFO  org.apache.coyote.http11.Http11NioProtocol - Initializing ProtocolHandler ["http-nio-8888"]
2019-10-31 23:36:45.047 [main] INFO  org.apache.catalina.core.StandardService - Starting service [Tomcat]
2019-10-31 23:36:45.047 [main] INFO  org.apache.catalina.core.StandardEngine - Starting Servlet engine: [Apache Tomcat/9.0.27]
2019-10-31 23:36:45.140 [main] INFO  o.a.c.core.ContainerBase.[Tomcat].[localhost].[/] - Initializing Spring embedded WebApplicationContext
2019-10-31 23:36:45.140 [main] INFO  org.springframework.web.context.ContextLoader - Root WebApplicationContext: initialization completed in 1480 ms
2019-10-31 23:36:45.229 [main] INFO  c.a.d.s.b.a.DruidDataSourceAutoConfigure - Init DruidDataSource
2019-10-31 23:36:45.379 [main] INFO  com.alibaba.druid.pool.DruidDataSource - {dataSource-1} inited
2019-10-31 23:36:45.890 [main] INFO  o.s.scheduling.concurrent.ThreadPoolTaskExecutor - Initializing ExecutorService 'applicationTaskExecutor'
2019-10-31 23:36:46.154 [main] INFO  org.apache.coyote.http11.Http11NioProtocol - Starting ProtocolHandler ["http-nio-8888"]
2019-10-31 23:36:46.177 [main] INFO  o.s.boot.web.embedded.tomcat.TomcatWebServer - Tomcat started on port(s): 8888 (http) with context path ''
2019-10-31 23:36:46.181 [main] INFO  com.neuedu.BusnessApplication - Started BusnessApplication in 3.504 seconds (JVM running for 4.759)
2019-10-31 23:36:56.212 [http-nio-8888-exec-1] INFO  o.a.c.core.ContainerBase.[Tomcat].[localhost].[/] - Initializing Spring DispatcherServlet 'dispatcherServlet'
2019-10-31 23:36:56.213 [http-nio-8888-exec-1] INFO  org.springframework.web.servlet.DispatcherServlet - Initializing Servlet 'dispatcherServlet'
2019-10-31 23:36:56.219 [http-nio-8888-exec-1] INFO  org.springframework.web.servlet.DispatcherServlet - Completed initialization in 6 ms
