2019-11-13 09:32:09.106 [main] INFO  com.neuedu.BusnessApplication - Starting BusnessApplication on 6IXHRL9EJ5D9T3Y with PID 10732 (E:\Java2\busness\target\classes started by Administrator in E:\Java2\busness)
2019-11-13 09:32:09.157 [main] INFO  com.neuedu.BusnessApplication - The following profiles are active: prod
2019-11-13 09:32:11.941 [main] INFO  o.s.boot.web.embedded.tomcat.TomcatWebServer - Tomcat initialized with port(s): 8888 (http)
2019-11-13 09:32:11.958 [main] INFO  org.apache.coyote.http11.Http11NioProtocol - Initializing ProtocolHandler ["http-nio-8888"]
2019-11-13 09:32:11.959 [main] INFO  org.apache.catalina.core.StandardService - Starting service [Tomcat]
2019-11-13 09:32:11.960 [main] INFO  org.apache.catalina.core.StandardEngine - Starting Servlet engine: [Apache Tomcat/9.0.27]
2019-11-13 09:32:12.251 [main] INFO  o.a.c.core.ContainerBase.[Tomcat].[localhost].[/] - Initializing Spring embedded WebApplicationContext
2019-11-13 09:32:12.252 [main] INFO  org.springframework.web.context.ContextLoader - Root WebApplicationContext: initialization completed in 2875 ms
2019-11-13 09:32:12.486 [main] INFO  c.a.d.s.b.a.DruidDataSourceAutoConfigure - Init DruidDataSource
2019-11-13 09:32:12.850 [main] INFO  com.alibaba.druid.pool.DruidDataSource - {dataSource-1} inited
2019-11-13 09:32:13.935 [main] INFO  com.alipay.demo.trade.config.Configs - 配置文件名: zfbinfo.properties
2019-11-13 09:32:13.935 [main] INFO  com.alipay.demo.trade.config.Configs - Configs{支付宝openapi网关: https://openapi.alipaydev.com/gateway.do
, 支付宝mcloudapi网关域名: http://mcloudmonitor.com/gateway.do
, pid: 2088102179916514
, appid: 2016101700704230
, 商户RSA私钥: MIIEvA******2gBw==
, 商户RSA公钥: MIIBIj******IDAQAB
, 支付宝RSA公钥: MIIBIj******IDAQAB
, 签名类型: RSA2
, 查询重试次数: 5
, 查询间隔(毫秒): 5000
, 撤销尝试次数: 3
, 撤销重试间隔(毫秒): 2000
, 交易保障调度延迟(秒): 5
, 交易保障调度间隔(秒): 900
}
2019-11-13 09:32:14.338 [main] INFO  o.s.scheduling.concurrent.ThreadPoolTaskExecutor - Initializing ExecutorService 'applicationTaskExecutor'
2019-11-13 09:32:15.161 [main] INFO  org.apache.coyote.http11.Http11NioProtocol - Starting ProtocolHandler ["http-nio-8888"]
2019-11-13 09:32:15.202 [main] INFO  o.s.boot.web.embedded.tomcat.TomcatWebServer - Tomcat started on port(s): 8888 (http) with context path ''
2019-11-13 09:32:15.208 [main] INFO  com.neuedu.BusnessApplication - Started BusnessApplication in 7.738 seconds (JVM running for 11.032)
2019-11-13 09:35:10.821 [http-nio-8888-exec-10] INFO  o.a.c.core.ContainerBase.[Tomcat].[localhost].[/] - Initializing Spring DispatcherServlet 'dispatcherServlet'
2019-11-13 09:35:10.822 [http-nio-8888-exec-10] INFO  org.springframework.web.servlet.DispatcherServlet - Initializing Servlet 'dispatcherServlet'
2019-11-13 09:35:10.833 [http-nio-8888-exec-10] INFO  org.springframework.web.servlet.DispatcherServlet - Completed initialization in 11 ms
