2019-11-05 08:26:54.690 [http-nio-8888-exec-4] DEBUG com.neuedu.dao.UserMapper.isExistsUsername - ==>  Preparing: select count(username) from neuedu_user where username=? 
2019-11-05 08:26:54.727 [http-nio-8888-exec-4] DEBUG com.neuedu.dao.UserMapper.isExistsUsername - ==> Parameters: lisi12(String)
2019-11-05 08:26:54.803 [http-nio-8888-exec-4] DEBUG com.neuedu.dao.UserMapper.isExistsUsername - <==      Total: 1
2019-11-05 08:27:04.536 [http-nio-8888-exec-6] DEBUG com.neuedu.dao.UserMapper.isExistsUsername - ==>  Preparing: select count(username) from neuedu_user where username=? 
2019-11-05 08:27:04.537 [http-nio-8888-exec-6] DEBUG com.neuedu.dao.UserMapper.isExistsUsername - ==> Parameters: lisi12(String)
2019-11-05 08:27:04.543 [http-nio-8888-exec-6] DEBUG com.neuedu.dao.UserMapper.isExistsUsername - <==      Total: 1
2019-11-05 08:27:09.301 [http-nio-8888-exec-7] DEBUG com.neuedu.dao.UserMapper.isExistsUsername - ==>  Preparing: select count(username) from neuedu_user where username=? 
2019-11-05 08:27:09.303 [http-nio-8888-exec-7] DEBUG com.neuedu.dao.UserMapper.isExistsUsername - ==> Parameters: lisi12(String)
2019-11-05 08:27:09.306 [http-nio-8888-exec-7] DEBUG com.neuedu.dao.UserMapper.isExistsUsername - <==      Total: 1
2019-11-05 08:27:58.482 [http-nio-8888-exec-8] DEBUG com.neuedu.dao.UserMapper.isExistsUsername - ==>  Preparing: select count(username) from neuedu_user where username=? 
2019-11-05 08:27:58.482 [http-nio-8888-exec-8] DEBUG com.neuedu.dao.UserMapper.isExistsUsername - ==> Parameters: admin1(String)
2019-11-05 08:27:58.484 [http-nio-8888-exec-8] DEBUG com.neuedu.dao.UserMapper.isExistsUsername - <==      Total: 1
2019-11-05 08:27:58.493 [http-nio-8888-exec-8] DEBUG com.neuedu.dao.UserMapper.isExistsUsername - ==>  Preparing: select count(username) from neuedu_user where username=? 
2019-11-05 08:27:58.494 [http-nio-8888-exec-8] DEBUG com.neuedu.dao.UserMapper.isExistsUsername - ==> Parameters: admin1(String)
2019-11-05 08:27:58.495 [http-nio-8888-exec-8] DEBUG com.neuedu.dao.UserMapper.isExistsUsername - <==      Total: 1
2019-11-05 08:27:58.506 [http-nio-8888-exec-8] DEBUG com.neuedu.dao.UserMapper.insert - ==>  Preparing: insert into neuedu_user ( username, password, email, phone, question, answer, role, create_time, update_time, ip) values ( ?, ?, ?, ?, ?, ?, ?,now(), now(), ?) 
2019-11-05 08:27:58.510 [http-nio-8888-exec-8] DEBUG com.neuedu.dao.UserMapper.insert - ==> Parameters: admin1(String), 118908e5453bda578a65a1b48c21ad11(String), lisi122@163.com(String), 13344445555(String), admin(String), admin(String), 1(Integer), null
2019-11-05 08:27:58.531 [http-nio-8888-exec-8] DEBUG com.neuedu.dao.UserMapper.insert - <==    Updates: 1
2019-11-05 08:28:05.160 [http-nio-8888-exec-9] DEBUG com.neuedu.dao.UserMapper.isExistsUsername - ==>  Preparing: select count(username) from neuedu_user where username=? 
2019-11-05 08:28:05.161 [http-nio-8888-exec-9] DEBUG com.neuedu.dao.UserMapper.isExistsUsername - ==> Parameters: admin(String)
2019-11-05 08:28:05.162 [http-nio-8888-exec-9] DEBUG com.neuedu.dao.UserMapper.isExistsUsername - <==      Total: 1
2019-11-05 08:28:05.173 [http-nio-8888-exec-9] DEBUG c.n.dao.UserMapper.findUserByUsernameAndPassword - ==>  Preparing: select id, username, password, email, phone, question, answer, role, create_time, update_time, ip from neuedu_user where username=? and password=? 
2019-11-05 08:28:05.174 [http-nio-8888-exec-9] DEBUG c.n.dao.UserMapper.findUserByUsernameAndPassword - ==> Parameters: admin(String), bdb6d566b450905606bde770c6cb92e8(String)
2019-11-05 08:28:05.180 [http-nio-8888-exec-9] DEBUG c.n.dao.UserMapper.findUserByUsernameAndPassword - <==      Total: 1
2019-11-05 08:28:20.996 [http-nio-8888-exec-10] DEBUG com.neuedu.dao.UserMapper.updateUserByActivate - ==>  Preparing: update neuedu_user SET phone=?, update_time=now() where id=? 
2019-11-05 08:28:20.997 [http-nio-8888-exec-10] DEBUG com.neuedu.dao.UserMapper.updateUserByActivate - ==> Parameters: 2222222(String), 22(Integer)
2019-11-05 08:28:21.011 [http-nio-8888-exec-10] DEBUG com.neuedu.dao.UserMapper.updateUserByActivate - <==    Updates: 1
2019-11-05 08:28:34.599 [http-nio-8888-exec-1] DEBUG com.neuedu.dao.ProductMapper.selectByPrimaryKey - ==>  Preparing: select id, category_id, name, subtitle, main_image, price, stock, status, is_new, is_hot, is_banner, create_time, update_time , sub_images, detail from neuedu_product where id = ? 
2019-11-05 08:28:34.600 [http-nio-8888-exec-1] DEBUG com.neuedu.dao.ProductMapper.selectByPrimaryKey - ==> Parameters: 5(Integer)
2019-11-05 08:28:34.617 [http-nio-8888-exec-1] DEBUG com.neuedu.dao.ProductMapper.selectByPrimaryKey - <==      Total: 1
2019-11-05 08:28:34.626 [http-nio-8888-exec-1] DEBUG c.n.dao.CartMapper.findCartByUserIdAndProductId - ==>  Preparing: select id, user_id, product_id, quantity, checked, create_time, update_time from neuedu_cart where user_id=? and product_id=? 
2019-11-05 08:28:34.626 [http-nio-8888-exec-1] DEBUG c.n.dao.CartMapper.findCartByUserIdAndProductId - ==> Parameters: 22(Integer), 5(Integer)
2019-11-05 08:28:34.634 [http-nio-8888-exec-1] DEBUG c.n.dao.CartMapper.findCartByUserIdAndProductId - <==      Total: 0
2019-11-05 08:28:34.643 [http-nio-8888-exec-1] DEBUG com.neuedu.dao.CartMapper.insertSelective - ==>  Preparing: insert into neuedu_cart ( user_id, product_id, quantity, checked, create_time, update_time ) values ( ?, ?, ?, ?, now(), now() ) 
2019-11-05 08:28:34.643 [http-nio-8888-exec-1] DEBUG com.neuedu.dao.CartMapper.insertSelective - ==> Parameters: 22(Integer), 5(Integer), 10(Integer), 1(Integer)
2019-11-05 08:28:34.652 [http-nio-8888-exec-1] DEBUG com.neuedu.dao.CartMapper.insertSelective - <==    Updates: 1
2019-11-05 08:28:34.662 [http-nio-8888-exec-1] DEBUG com.neuedu.dao.CartMapper.findCartsByUserId - ==>  Preparing: select id, user_id, product_id, quantity, checked, create_time, update_time from neuedu_cart where user_id=? 
2019-11-05 08:28:34.663 [http-nio-8888-exec-1] DEBUG com.neuedu.dao.CartMapper.findCartsByUserId - ==> Parameters: 22(Integer)
2019-11-05 08:28:34.666 [http-nio-8888-exec-1] DEBUG com.neuedu.dao.CartMapper.findCartsByUserId - <==      Total: 1
2019-11-05 08:28:34.676 [http-nio-8888-exec-1] DEBUG com.neuedu.dao.ProductMapper.selectByPrimaryKey - ==>  Preparing: select id, category_id, name, subtitle, main_image, price, stock, status, is_new, is_hot, is_banner, create_time, update_time , sub_images, detail from neuedu_product where id = ? 
2019-11-05 08:28:34.677 [http-nio-8888-exec-1] DEBUG com.neuedu.dao.ProductMapper.selectByPrimaryKey - ==> Parameters: 5(Integer)
2019-11-05 08:28:34.681 [http-nio-8888-exec-1] DEBUG com.neuedu.dao.ProductMapper.selectByPrimaryKey - <==      Total: 1
2019-11-05 08:28:34.690 [http-nio-8888-exec-1] DEBUG com.neuedu.dao.CartMapper.isAllChecked - ==>  Preparing: select count(id) from neuedu_cart where user_id=? and checked=0 
2019-11-05 08:28:34.691 [http-nio-8888-exec-1] DEBUG com.neuedu.dao.CartMapper.isAllChecked - ==> Parameters: 22(Integer)
2019-11-05 08:28:34.693 [http-nio-8888-exec-1] DEBUG com.neuedu.dao.CartMapper.isAllChecked - <==      Total: 1
2019-11-05 08:29:20.674 [http-nio-8888-exec-2] DEBUG c.neuedu.dao.CartMapper.findCartByUserIdAndChecked - ==>  Preparing: select id, user_id, product_id, quantity, checked, create_time, update_time from neuedu_cart where user_id=? and checked=1 
2019-11-05 08:29:20.675 [http-nio-8888-exec-2] DEBUG c.neuedu.dao.CartMapper.findCartByUserIdAndChecked - ==> Parameters: 22(Integer)
2019-11-05 08:29:20.678 [http-nio-8888-exec-2] DEBUG c.neuedu.dao.CartMapper.findCartByUserIdAndChecked - <==      Total: 1
2019-11-05 08:29:20.688 [http-nio-8888-exec-2] DEBUG com.neuedu.dao.ProductMapper.selectByPrimaryKey - ==>  Preparing: select id, category_id, name, subtitle, main_image, price, stock, status, is_new, is_hot, is_banner, create_time, update_time , sub_images, detail from neuedu_product where id = ? 
2019-11-05 08:29:20.689 [http-nio-8888-exec-2] DEBUG com.neuedu.dao.ProductMapper.selectByPrimaryKey - ==> Parameters: 5(Integer)
2019-11-05 08:29:20.694 [http-nio-8888-exec-2] DEBUG com.neuedu.dao.ProductMapper.selectByPrimaryKey - <==      Total: 1
2019-11-05 08:29:20.705 [http-nio-8888-exec-2] DEBUG com.neuedu.dao.OrderMapper.insertSelective - ==>  Preparing: insert into neuedu_order ( user_id, order_no, shipping_id, payment, payment_type, postage, status, create_time, update_time ) values ( ?, ?, ?, ?, ?, ?, ?, now(),now() ) 
2019-11-05 08:29:20.709 [http-nio-8888-exec-2] DEBUG com.neuedu.dao.OrderMapper.insertSelective - ==> Parameters: 22(Integer), 1572913760715(Long), 32(Integer), 1780.0(BigDecimal), 1(Integer), 0(Integer), 10(Integer)
2019-11-05 08:29:20.729 [http-nio-8888-exec-2] DEBUG com.neuedu.dao.OrderMapper.insertSelective - <==    Updates: 1
2019-11-05 08:29:20.741 [http-nio-8888-exec-2] DEBUG com.neuedu.dao.Order_itemMapper.insertBatch - ==>  Preparing: insert into neuedu_order_item ( user_id, order_no, product_id, product_name, product_image, current_unit_price, quantity, total_price, create_time, update_time) values ( ?, ?, ?, ?, ?, ?, ?, ?, now(),now()) 
2019-11-05 08:29:20.743 [http-nio-8888-exec-2] DEBUG com.neuedu.dao.Order_itemMapper.insertBatch - ==> Parameters: 22(Integer), 1572913760715(Long), 5(Integer), 飞利浦（PHILIPS）E207L 直板按键 移动联通 老人手机 老年功能机  陨石黑(String), combanner.png(String), 178.00(BigDecimal), 10(Integer), 1780.00(BigDecimal)
2019-11-05 08:29:20.759 [http-nio-8888-exec-2] DEBUG com.neuedu.dao.Order_itemMapper.insertBatch - <==    Updates: 1
2019-11-05 08:29:20.767 [http-nio-8888-exec-2] DEBUG com.neuedu.dao.ProductMapper.selectByPrimaryKey - ==>  Preparing: select id, category_id, name, subtitle, main_image, price, stock, status, is_new, is_hot, is_banner, create_time, update_time , sub_images, detail from neuedu_product where id = ? 
2019-11-05 08:29:20.767 [http-nio-8888-exec-2] DEBUG com.neuedu.dao.ProductMapper.selectByPrimaryKey - ==> Parameters: 5(Integer)
2019-11-05 08:29:20.770 [http-nio-8888-exec-2] DEBUG com.neuedu.dao.ProductMapper.selectByPrimaryKey - <==      Total: 1
2019-11-05 08:29:20.779 [http-nio-8888-exec-2] DEBUG com.neuedu.dao.ProductMapper.reduceStock - ==>  Preparing: update neuedu_product set stock=? where id = ? 
2019-11-05 08:29:20.780 [http-nio-8888-exec-2] DEBUG com.neuedu.dao.ProductMapper.reduceStock - ==> Parameters: 9910(Integer), 5(Integer)
2019-11-05 08:29:20.787 [http-nio-8888-exec-2] DEBUG com.neuedu.dao.ProductMapper.reduceStock - <==    Updates: 1
2019-11-05 08:29:20.796 [http-nio-8888-exec-2] DEBUG com.neuedu.dao.CartMapper.deleteBatch - ==>  Preparing: delete from neuedu_cart WHERE id in ( ? ) 
2019-11-05 08:29:20.797 [http-nio-8888-exec-2] DEBUG com.neuedu.dao.CartMapper.deleteBatch - ==> Parameters: 131(Integer)
2019-11-05 08:29:20.804 [http-nio-8888-exec-2] DEBUG com.neuedu.dao.CartMapper.deleteBatch - <==    Updates: 1
2019-11-05 08:29:20.815 [http-nio-8888-exec-2] DEBUG com.neuedu.dao.ShippingMapper.selectByPrimaryKey - ==>  Preparing: select id, user_id, receiver_name, receiver_phone, receiver_mobile, receiver_province, receiver_city, receiver_district, receiver_address, receiver_zip, create_time, update_time from neuedu_shipping where id = ? 
2019-11-05 08:29:20.816 [http-nio-8888-exec-2] DEBUG com.neuedu.dao.ShippingMapper.selectByPrimaryKey - ==> Parameters: 32(Integer)
2019-11-05 08:29:20.819 [http-nio-8888-exec-2] DEBUG com.neuedu.dao.ShippingMapper.selectByPrimaryKey - <==      Total: 1
2019-11-05 08:29:31.584 [http-nio-8888-exec-3] DEBUG com.neuedu.dao.OrderMapper.findOrderByOrderNo - ==>  Preparing: select id, user_id, order_no, shipping_id, payment, payment_type, postage, status, payment_time, send_time, end_time, close_time, create_time, update_time from neuedu_order where order_no=? 
2019-11-05 08:29:31.584 [http-nio-8888-exec-3] DEBUG com.neuedu.dao.OrderMapper.findOrderByOrderNo - ==> Parameters: 1572795207669(Long)
2019-11-05 08:29:31.587 [http-nio-8888-exec-3] DEBUG com.neuedu.dao.OrderMapper.findOrderByOrderNo - <==      Total: 1
2019-11-05 08:29:31.607 [http-nio-8888-exec-3] DEBUG c.n.dao.Order_itemMapper.findOrderItemByOrderNo - ==>  Preparing: select id, user_id, order_no, product_id, product_name, product_image, current_unit_price, quantity, total_price, create_time, update_time from neuedu_order_item where order_no=? 
2019-11-05 08:29:31.608 [http-nio-8888-exec-3] DEBUG c.n.dao.Order_itemMapper.findOrderItemByOrderNo - ==> Parameters: 1572795207669(Long)
2019-11-05 08:29:31.610 [http-nio-8888-exec-3] DEBUG c.n.dao.Order_itemMapper.findOrderItemByOrderNo - <==      Total: 1
2019-11-05 08:29:54.504 [http-nio-8888-exec-4] DEBUG com.neuedu.dao.OrderMapper.findOrderByOrderNo - ==>  Preparing: select id, user_id, order_no, shipping_id, payment, payment_type, postage, status, payment_time, send_time, end_time, close_time, create_time, update_time from neuedu_order where order_no=? 
2019-11-05 08:29:54.505 [http-nio-8888-exec-4] DEBUG com.neuedu.dao.OrderMapper.findOrderByOrderNo - ==> Parameters: 1572913760715(Long)
2019-11-05 08:29:54.508 [http-nio-8888-exec-4] DEBUG com.neuedu.dao.OrderMapper.findOrderByOrderNo - <==      Total: 1
2019-11-05 08:29:54.516 [http-nio-8888-exec-4] DEBUG c.n.dao.Order_itemMapper.findOrderItemByOrderNo - ==>  Preparing: select id, user_id, order_no, product_id, product_name, product_image, current_unit_price, quantity, total_price, create_time, update_time from neuedu_order_item where order_no=? 
2019-11-05 08:29:54.517 [http-nio-8888-exec-4] DEBUG c.n.dao.Order_itemMapper.findOrderItemByOrderNo - ==> Parameters: 1572913760715(Long)
2019-11-05 08:29:54.519 [http-nio-8888-exec-4] DEBUG c.n.dao.Order_itemMapper.findOrderItemByOrderNo - <==      Total: 1
2019-11-05 08:30:12.825 [http-nio-8888-exec-5] DEBUG com.neuedu.dao.OrderMapper.findOrderByOrderNo - ==>  Preparing: select id, user_id, order_no, shipping_id, payment, payment_type, postage, status, payment_time, send_time, end_time, close_time, create_time, update_time from neuedu_order where order_no=? 
2019-11-05 08:30:12.825 [http-nio-8888-exec-5] DEBUG com.neuedu.dao.OrderMapper.findOrderByOrderNo - ==> Parameters: 1572913760715(Long)
2019-11-05 08:30:12.827 [http-nio-8888-exec-5] DEBUG com.neuedu.dao.OrderMapper.findOrderByOrderNo - <==      Total: 1
2019-11-05 08:30:12.836 [http-nio-8888-exec-5] DEBUG c.n.dao.Order_itemMapper.findOrderItemByOrderNo - ==>  Preparing: select id, user_id, order_no, product_id, product_name, product_image, current_unit_price, quantity, total_price, create_time, update_time from neuedu_order_item where order_no=? 
2019-11-05 08:30:12.837 [http-nio-8888-exec-5] DEBUG c.n.dao.Order_itemMapper.findOrderItemByOrderNo - ==> Parameters: 1572913760715(Long)
2019-11-05 08:30:12.839 [http-nio-8888-exec-5] DEBUG c.n.dao.Order_itemMapper.findOrderItemByOrderNo - <==      Total: 1
2019-11-05 08:32:06.075 [http-nio-8888-exec-1] DEBUG com.neuedu.dao.UserMapper.isExistsUsername - ==>  Preparing: select count(username) from neuedu_user where username=? 
2019-11-05 08:32:06.109 [http-nio-8888-exec-1] DEBUG com.neuedu.dao.UserMapper.isExistsUsername - ==> Parameters: admin(String)
2019-11-05 08:32:06.140 [http-nio-8888-exec-1] DEBUG com.neuedu.dao.UserMapper.isExistsUsername - <==      Total: 1
2019-11-05 08:32:06.153 [http-nio-8888-exec-1] DEBUG c.n.dao.UserMapper.findUserByUsernameAndPassword - ==>  Preparing: select id, username, password, email, phone, question, answer, role, create_time, update_time, ip from neuedu_user where username=? and password=? 
2019-11-05 08:32:06.153 [http-nio-8888-exec-1] DEBUG c.n.dao.UserMapper.findUserByUsernameAndPassword - ==> Parameters: admin(String), bdb6d566b450905606bde770c6cb92e8(String)
2019-11-05 08:32:06.157 [http-nio-8888-exec-1] DEBUG c.n.dao.UserMapper.findUserByUsernameAndPassword - <==      Total: 1
2019-11-05 08:32:09.182 [http-nio-8888-exec-2] DEBUG com.neuedu.dao.OrderMapper.findOrderByOrderNo - ==>  Preparing: select id, user_id, order_no, shipping_id, payment, payment_type, postage, status, payment_time, send_time, end_time, close_time, create_time, update_time from neuedu_order where order_no=? 
2019-11-05 08:32:09.184 [http-nio-8888-exec-2] DEBUG com.neuedu.dao.OrderMapper.findOrderByOrderNo - ==> Parameters: 1572913760715(Long)
2019-11-05 08:32:09.188 [http-nio-8888-exec-2] DEBUG com.neuedu.dao.OrderMapper.findOrderByOrderNo - <==      Total: 1
2019-11-05 08:32:09.198 [http-nio-8888-exec-2] DEBUG c.n.dao.Order_itemMapper.findOrderItemByOrderNo - ==>  Preparing: select id, user_id, order_no, product_id, product_name, product_image, current_unit_price, quantity, total_price, create_time, update_time from neuedu_order_item where order_no=? 
2019-11-05 08:32:09.199 [http-nio-8888-exec-2] DEBUG c.n.dao.Order_itemMapper.findOrderItemByOrderNo - ==> Parameters: 1572913760715(Long)
2019-11-05 08:32:09.202 [http-nio-8888-exec-2] DEBUG c.n.dao.Order_itemMapper.findOrderItemByOrderNo - <==      Total: 1
2019-11-05 08:33:09.176 [http-nio-8888-exec-4] DEBUG com.neuedu.dao.OrderMapper.findOrderByOrderNo - ==>  Preparing: select id, user_id, order_no, shipping_id, payment, payment_type, postage, status, payment_time, send_time, end_time, close_time, create_time, update_time from neuedu_order where order_no=? 
2019-11-05 08:33:09.176 [http-nio-8888-exec-4] DEBUG com.neuedu.dao.OrderMapper.findOrderByOrderNo - ==> Parameters: 1572913760715(Long)
2019-11-05 08:33:09.179 [http-nio-8888-exec-4] DEBUG com.neuedu.dao.OrderMapper.findOrderByOrderNo - <==      Total: 1
2019-11-05 08:33:09.208 [http-nio-8888-exec-4] DEBUG com.neuedu.dao.PayinfoMapper.insertSelective - ==>  Preparing: insert into neuedu_payinfo ( user_id, order_no, pay_platform, platform_number, platform_status, create_time, update_time ) values ( ?, ?, ?, ?, ?, now(),now() ) 
2019-11-05 08:33:09.210 [http-nio-8888-exec-4] DEBUG com.neuedu.dao.PayinfoMapper.insertSelective - ==> Parameters: 22(Integer), 1572913760715(Long), 1(Integer), 2019110522001415241000066038(String), WAIT_BUYER_PAY(String)
2019-11-05 08:33:09.226 [http-nio-8888-exec-4] DEBUG com.neuedu.dao.PayinfoMapper.insertSelective - <==    Updates: 1
2019-11-05 08:33:19.829 [http-nio-8888-exec-6] DEBUG com.neuedu.dao.OrderMapper.findOrderByOrderNo - ==>  Preparing: select id, user_id, order_no, shipping_id, payment, payment_type, postage, status, payment_time, send_time, end_time, close_time, create_time, update_time from neuedu_order where order_no=? 
2019-11-05 08:33:19.830 [http-nio-8888-exec-6] DEBUG com.neuedu.dao.OrderMapper.findOrderByOrderNo - ==> Parameters: 1572913760715(Long)
2019-11-05 08:33:19.832 [http-nio-8888-exec-6] DEBUG com.neuedu.dao.OrderMapper.findOrderByOrderNo - <==      Total: 1
2019-11-05 08:33:19.961 [http-nio-8888-exec-6] DEBUG c.n.dao.OrderMapper.updateByPrimaryKeySelective - ==>  Preparing: update neuedu_order SET user_id = ?, order_no = ?, shipping_id = ?, payment = ?, payment_type = ?, postage = ?, status = ?, payment_time = ?, update_time = now() where id = ? 
2019-11-05 08:33:19.964 [http-nio-8888-exec-6] DEBUG c.n.dao.OrderMapper.updateByPrimaryKeySelective - ==> Parameters: 22(Integer), 1572913760715(Long), 32(Integer), 1780.00(BigDecimal), 1(Integer), 0(Integer), 20(Integer), 2019-11-05 08:33:20.0(Timestamp), 115(Integer)
2019-11-05 08:33:19.975 [http-nio-8888-exec-6] DEBUG c.n.dao.OrderMapper.updateByPrimaryKeySelective - <==    Updates: 1
2019-11-05 08:33:19.983 [http-nio-8888-exec-6] DEBUG com.neuedu.dao.PayinfoMapper.insertSelective - ==>  Preparing: insert into neuedu_payinfo ( user_id, order_no, pay_platform, platform_number, platform_status, create_time, update_time ) values ( ?, ?, ?, ?, ?, now(),now() ) 
2019-11-05 08:33:19.984 [http-nio-8888-exec-6] DEBUG com.neuedu.dao.PayinfoMapper.insertSelective - ==> Parameters: 22(Integer), 1572913760715(Long), 1(Integer), 2019110522001415241000066038(String), TRADE_SUCCESS(String)
2019-11-05 08:33:19.993 [http-nio-8888-exec-6] DEBUG com.neuedu.dao.PayinfoMapper.insertSelective - <==    Updates: 1
