2019-11-01 14:48:11.015 [http-nio-8888-exec-1] DEBUG com.neuedu.dao.UserMapper.isExistsUsername - ==>  Preparing: select count(username) from neuedu_user where username=? 
2019-11-01 14:48:11.058 [http-nio-8888-exec-1] DEBUG com.neuedu.dao.UserMapper.isExistsUsername - ==> Parameters: admin(String)
2019-11-01 14:48:11.087 [http-nio-8888-exec-1] DEBUG com.neuedu.dao.UserMapper.isExistsUsername - <==      Total: 1
2019-11-01 14:48:11.102 [http-nio-8888-exec-1] DEBUG c.n.dao.UserMapper.findUserByUsernameAndPassword - ==>  Preparing: select id, username, password, email, phone, question, answer, role, create_time, update_time, ip from neuedu_user where username=? and password=? 
2019-11-01 14:48:11.105 [http-nio-8888-exec-1] DEBUG c.n.dao.UserMapper.findUserByUsernameAndPassword - ==> Parameters: admin(String), bdb6d566b450905606bde770c6cb92e8(String)
2019-11-01 14:48:11.110 [http-nio-8888-exec-1] DEBUG c.n.dao.UserMapper.findUserByUsernameAndPassword - <==      Total: 1
2019-11-01 19:38:26.490 [http-nio-8888-exec-1] DEBUG com.neuedu.dao.UserMapper.isExistsUsername - ==>  Preparing: select count(username) from neuedu_user where username=? 
2019-11-01 19:38:26.525 [http-nio-8888-exec-1] DEBUG com.neuedu.dao.UserMapper.isExistsUsername - ==> Parameters: admin(String)
2019-11-01 19:38:26.556 [http-nio-8888-exec-1] DEBUG com.neuedu.dao.UserMapper.isExistsUsername - <==      Total: 1
2019-11-01 19:38:26.569 [http-nio-8888-exec-1] DEBUG c.n.dao.UserMapper.findUserByUsernameAndPassword - ==>  Preparing: select id, username, password, email, phone, question, answer, role, create_time, update_time, ip from neuedu_user where username=? and password=? 
2019-11-01 19:38:26.569 [http-nio-8888-exec-1] DEBUG c.n.dao.UserMapper.findUserByUsernameAndPassword - ==> Parameters: admin(String), bdb6d566b450905606bde770c6cb92e8(String)
2019-11-01 19:38:26.573 [http-nio-8888-exec-1] DEBUG c.n.dao.UserMapper.findUserByUsernameAndPassword - <==      Total: 1
2019-11-01 19:38:36.678 [http-nio-8888-exec-3] DEBUG com.neuedu.dao.ShippingMapper.insertSelective - ==>  Preparing: insert into neuedu_shipping ( user_id, receiver_name, receiver_mobile, receiver_province, receiver_city, receiver_district, receiver_address, receiver_zip, create_time, update_time ) values ( ?, ?, ?, ?, ?, ?, ?, ?, now(),now() ) 
2019-11-01 19:38:36.681 [http-nio-8888-exec-3] DEBUG com.neuedu.dao.ShippingMapper.insertSelective - ==> Parameters: 22(Integer), 李强(String), 15835122033(String), 河北省(String), 张家口市(String), 阳原县(String), 汇嘉名苑(String), 111111(String)
2019-11-01 19:38:36.697 [http-nio-8888-exec-3] DEBUG com.neuedu.dao.ShippingMapper.insertSelective - <==    Updates: 1
2019-11-01 19:41:08.028 [http-nio-8888-exec-1] DEBUG com.neuedu.dao.UserMapper.isExistsUsername - ==>  Preparing: select count(username) from neuedu_user where username=? 
2019-11-01 19:41:08.065 [http-nio-8888-exec-1] DEBUG com.neuedu.dao.UserMapper.isExistsUsername - ==> Parameters: admin(String)
2019-11-01 19:41:08.101 [http-nio-8888-exec-1] DEBUG com.neuedu.dao.UserMapper.isExistsUsername - <==      Total: 1
2019-11-01 19:41:08.114 [http-nio-8888-exec-1] DEBUG c.n.dao.UserMapper.findUserByUsernameAndPassword - ==>  Preparing: select id, username, password, email, phone, question, answer, role, create_time, update_time, ip from neuedu_user where username=? and password=? 
2019-11-01 19:41:08.115 [http-nio-8888-exec-1] DEBUG c.n.dao.UserMapper.findUserByUsernameAndPassword - ==> Parameters: admin(String), bdb6d566b450905606bde770c6cb92e8(String)
2019-11-01 19:41:08.120 [http-nio-8888-exec-1] DEBUG c.n.dao.UserMapper.findUserByUsernameAndPassword - <==      Total: 1
2019-11-01 19:41:43.414 [http-nio-8888-exec-5] DEBUG com.neuedu.dao.ShippingMapper.insertSelective - ==>  Preparing: insert into neuedu_shipping ( user_id, receiver_name, receiver_mobile, receiver_province, receiver_city, receiver_district, receiver_address, receiver_zip, create_time, update_time ) values ( ?, ?, ?, ?, ?, ?, ?, ?, now(),now() ) 
2019-11-01 19:41:43.445 [http-nio-8888-exec-5] DEBUG com.neuedu.dao.ShippingMapper.insertSelective - ==> Parameters: 22(Integer), 李强(String), 15835122033(String), 河北省(String), 张家口市(String), 阳原县(String), 汇嘉名苑(String), 111111(String)
2019-11-01 19:41:43.483 [http-nio-8888-exec-5] DEBUG com.neuedu.dao.ShippingMapper.insertSelective - <==    Updates: 1
2019-11-01 19:44:28.060 [http-nio-8888-exec-1] DEBUG com.neuedu.dao.UserMapper.isExistsUsername - ==>  Preparing: select count(username) from neuedu_user where username=? 
2019-11-01 19:44:28.097 [http-nio-8888-exec-1] DEBUG com.neuedu.dao.UserMapper.isExistsUsername - ==> Parameters: admin(String)
2019-11-01 19:44:28.136 [http-nio-8888-exec-1] DEBUG com.neuedu.dao.UserMapper.isExistsUsername - <==      Total: 1
2019-11-01 19:44:28.151 [http-nio-8888-exec-1] DEBUG c.n.dao.UserMapper.findUserByUsernameAndPassword - ==>  Preparing: select id, username, password, email, phone, question, answer, role, create_time, update_time, ip from neuedu_user where username=? and password=? 
2019-11-01 19:44:28.152 [http-nio-8888-exec-1] DEBUG c.n.dao.UserMapper.findUserByUsernameAndPassword - ==> Parameters: admin(String), bdb6d566b450905606bde770c6cb92e8(String)
2019-11-01 19:44:28.157 [http-nio-8888-exec-1] DEBUG c.n.dao.UserMapper.findUserByUsernameAndPassword - <==      Total: 1
2019-11-01 19:44:35.645 [http-nio-8888-exec-5] DEBUG com.neuedu.dao.ShippingMapper.insertSelective - ==>  Preparing: insert into neuedu_shipping ( user_id, receiver_name, receiver_mobile, receiver_province, receiver_city, receiver_district, receiver_address, receiver_zip, create_time, update_time ) values ( ?, ?, ?, ?, ?, ?, ?, ?, now(),now() ) 
2019-11-01 19:44:35.679 [http-nio-8888-exec-5] DEBUG com.neuedu.dao.ShippingMapper.insertSelective - ==> Parameters: 22(Integer), 李强(String), 15835122033(String), 河北省(String), 张家口市(String), 阳原县(String), 汇嘉名苑(String), 111111(String)
2019-11-01 19:44:35.715 [http-nio-8888-exec-5] DEBUG com.neuedu.dao.ShippingMapper.insertSelective - <==    Updates: 1
2019-11-01 19:45:25.221 [http-nio-8888-exec-3] DEBUG com.neuedu.dao.ShippingMapper.insertSelective - ==>  Preparing: insert into neuedu_shipping ( user_id, receiver_name, receiver_mobile, receiver_province, receiver_city, receiver_district, receiver_address, receiver_zip, create_time, update_time ) values ( ?, ?, ?, ?, ?, ?, ?, ?, now(),now() ) 
2019-11-01 19:45:25.251 [http-nio-8888-exec-3] DEBUG com.neuedu.dao.ShippingMapper.insertSelective - ==> Parameters: 22(Integer), 李强(String), 15835122033(String), 河北省(String), 张家口市(String), 阳原县(String), 汇嘉名苑(String), 111111(String)
2019-11-01 19:45:25.297 [http-nio-8888-exec-3] DEBUG com.neuedu.dao.ShippingMapper.insertSelective - <==    Updates: 1
2019-11-01 19:50:36.944 [http-nio-8888-exec-1] DEBUG com.neuedu.dao.UserMapper.isExistsUsername - ==>  Preparing: select count(username) from neuedu_user where username=? 
2019-11-01 19:50:36.983 [http-nio-8888-exec-1] DEBUG com.neuedu.dao.UserMapper.isExistsUsername - ==> Parameters: admin(String)
2019-11-01 19:50:37.020 [http-nio-8888-exec-1] DEBUG com.neuedu.dao.UserMapper.isExistsUsername - <==      Total: 1
2019-11-01 19:50:37.033 [http-nio-8888-exec-1] DEBUG c.n.dao.UserMapper.findUserByUsernameAndPassword - ==>  Preparing: select id, username, password, email, phone, question, answer, role, create_time, update_time, ip from neuedu_user where username=? and password=? 
2019-11-01 19:50:37.033 [http-nio-8888-exec-1] DEBUG c.n.dao.UserMapper.findUserByUsernameAndPassword - ==> Parameters: admin(String), bdb6d566b450905606bde770c6cb92e8(String)
2019-11-01 19:50:37.037 [http-nio-8888-exec-1] DEBUG c.n.dao.UserMapper.findUserByUsernameAndPassword - <==      Total: 1
2019-11-01 19:51:00.853 [http-nio-8888-exec-4] DEBUG com.neuedu.dao.ShippingMapper.insertSelective - ==>  Preparing: insert into neuedu_shipping ( user_id, receiver_name, receiver_mobile, receiver_province, receiver_city, receiver_district, receiver_address, receiver_zip, create_time, update_time ) values ( ?, ?, ?, ?, ?, ?, ?, ?, now(),now() ) 
2019-11-01 19:51:00.879 [http-nio-8888-exec-4] DEBUG com.neuedu.dao.ShippingMapper.insertSelective - ==> Parameters: 22(Integer), 李强(String), 15835122033(String), 河北省(String), 张家口市(String), 阳原县(String), 汇嘉名苑(String), 111111(String)
2019-11-01 19:51:00.907 [http-nio-8888-exec-4] DEBUG com.neuedu.dao.ShippingMapper.insertSelective - <==    Updates: 1
2019-11-01 19:52:30.156 [http-nio-8888-exec-5] DEBUG com.neuedu.dao.ShippingMapper.insertSelective - ==>  Preparing: insert into neuedu_shipping ( user_id, receiver_name, receiver_mobile, receiver_province, receiver_city, receiver_district, receiver_address, receiver_zip, create_time, update_time ) values ( ?, ?, ?, ?, ?, ?, ?, ?, now(),now() ) 
2019-11-01 19:52:30.184 [http-nio-8888-exec-5] DEBUG com.neuedu.dao.ShippingMapper.insertSelective - ==> Parameters: 22(Integer), 李强(String), 15835122033(String), 河北省(String), 张家口市(String), 阳原县(String), 汇嘉名苑(String), 111111(String)
2019-11-01 19:52:30.215 [http-nio-8888-exec-5] DEBUG com.neuedu.dao.ShippingMapper.insertSelective - <==    Updates: 1
2019-11-01 19:55:17.356 [http-nio-8888-exec-2] DEBUG com.neuedu.dao.UserMapper.isExistsUsername - ==>  Preparing: select count(username) from neuedu_user where username=? 
2019-11-01 19:55:17.386 [http-nio-8888-exec-2] DEBUG com.neuedu.dao.UserMapper.isExistsUsername - ==> Parameters: admin(String)
2019-11-01 19:55:17.416 [http-nio-8888-exec-2] DEBUG com.neuedu.dao.UserMapper.isExistsUsername - <==      Total: 1
2019-11-01 19:55:17.433 [http-nio-8888-exec-2] DEBUG c.n.dao.UserMapper.findUserByUsernameAndPassword - ==>  Preparing: select id, username, password, email, phone, question, answer, role, create_time, update_time, ip from neuedu_user where username=? and password=? 
2019-11-01 19:55:17.433 [http-nio-8888-exec-2] DEBUG c.n.dao.UserMapper.findUserByUsernameAndPassword - ==> Parameters: admin(String), bdb6d566b450905606bde770c6cb92e8(String)
2019-11-01 19:55:17.438 [http-nio-8888-exec-2] DEBUG c.n.dao.UserMapper.findUserByUsernameAndPassword - <==      Total: 1
2019-11-01 19:55:20.669 [http-nio-8888-exec-3] DEBUG com.neuedu.dao.ShippingMapper.insertSelective - ==>  Preparing: insert into neuedu_shipping ( user_id, receiver_name, receiver_mobile, receiver_province, receiver_city, receiver_district, receiver_address, receiver_zip, create_time, update_time ) values ( ?, ?, ?, ?, ?, ?, ?, ?, now(),now() ) 
2019-11-01 19:55:20.672 [http-nio-8888-exec-3] DEBUG com.neuedu.dao.ShippingMapper.insertSelective - ==> Parameters: 22(Integer), 李强(String), 15835122033(String), 河北省(String), 张家口市(String), 阳原县(String), 汇嘉名苑(String), 111111(String)
2019-11-01 19:55:20.687 [http-nio-8888-exec-3] DEBUG com.neuedu.dao.ShippingMapper.insertSelective - <==    Updates: 1
2019-11-01 19:57:11.000 [http-nio-8888-exec-6] DEBUG c.n.dao.ShippingMapper.updateByPrimaryKeySelective - ==>  Preparing: update neuedu_shipping SET user_id = ?, receiver_zip = ?, update_time =now() where id = ? 
2019-11-01 19:57:11.001 [http-nio-8888-exec-6] DEBUG c.n.dao.ShippingMapper.updateByPrimaryKeySelective - ==> Parameters: 22(Integer), 111110(String), 32(Integer)
2019-11-01 19:57:11.016 [http-nio-8888-exec-6] DEBUG c.n.dao.ShippingMapper.updateByPrimaryKeySelective - <==    Updates: 1
