2019-10-31 09:22:26.646 [main] INFO  com.neuedu.BusnessApplication - Starting BusnessApplication on 6IXHRL9EJ5D9T3Y with PID 2408 (E:\Java2\busness\target\classes started by Administrator in E:\Java2\busness)
2019-10-31 09:22:26.658 [main] INFO  com.neuedu.BusnessApplication - The following profiles are active: prod
2019-10-31 09:22:28.418 [main] INFO  o.s.boot.web.embedded.tomcat.TomcatWebServer - Tomcat initialized with port(s): 8888 (http)
2019-10-31 09:22:28.429 [main] INFO  org.apache.coyote.http11.Http11NioProtocol - Initializing ProtocolHandler ["http-nio-8888"]
2019-10-31 09:22:28.429 [main] INFO  org.apache.catalina.core.StandardService - Starting service [Tomcat]
2019-10-31 09:22:28.430 [main] INFO  org.apache.catalina.core.StandardEngine - Starting Servlet engine: [Apache Tomcat/9.0.27]
2019-10-31 09:22:28.546 [main] INFO  o.a.c.core.ContainerBase.[Tomcat].[localhost].[/] - Initializing Spring embedded WebApplicationContext
2019-10-31 09:22:28.546 [main] INFO  org.springframework.web.context.ContextLoader - Root WebApplicationContext: initialization completed in 1785 ms
2019-10-31 09:22:28.678 [main] INFO  c.a.d.s.b.a.DruidDataSourceAutoConfigure - Init DruidDataSource
2019-10-31 09:22:28.844 [main] INFO  com.alibaba.druid.pool.DruidDataSource - {dataSource-1} inited
2019-10-31 09:22:29.394 [main] INFO  o.s.scheduling.concurrent.ThreadPoolTaskExecutor - Initializing ExecutorService 'applicationTaskExecutor'
2019-10-31 09:22:29.596 [main] INFO  org.apache.coyote.http11.Http11NioProtocol - Starting ProtocolHandler ["http-nio-8888"]
2019-10-31 09:22:29.625 [main] INFO  o.s.boot.web.embedded.tomcat.TomcatWebServer - Tomcat started on port(s): 8888 (http) with context path ''
2019-10-31 09:22:29.629 [main] INFO  com.neuedu.BusnessApplication - Started BusnessApplication in 4.133 seconds (JVM running for 6.288)
2019-10-31 09:22:37.630 [main] INFO  com.neuedu.BusnessApplication - Starting BusnessApplication on 6IXHRL9EJ5D9T3Y with PID 10152 (E:\Java2\busness\target\classes started by Administrator in E:\Java2\busness)
2019-10-31 09:22:37.635 [main] INFO  com.neuedu.BusnessApplication - The following profiles are active: prod
2019-10-31 09:22:39.139 [main] INFO  o.s.boot.web.embedded.tomcat.TomcatWebServer - Tomcat initialized with port(s): 8888 (http)
2019-10-31 09:22:39.148 [main] INFO  org.apache.coyote.http11.Http11NioProtocol - Initializing ProtocolHandler ["http-nio-8888"]
2019-10-31 09:22:39.149 [main] INFO  org.apache.catalina.core.StandardService - Starting service [Tomcat]
2019-10-31 09:22:39.150 [main] INFO  org.apache.catalina.core.StandardEngine - Starting Servlet engine: [Apache Tomcat/9.0.27]
2019-10-31 09:22:39.265 [main] INFO  o.a.c.core.ContainerBase.[Tomcat].[localhost].[/] - Initializing Spring embedded WebApplicationContext
2019-10-31 09:22:39.266 [main] INFO  org.springframework.web.context.ContextLoader - Root WebApplicationContext: initialization completed in 1516 ms
2019-10-31 09:22:39.375 [main] INFO  c.a.d.s.b.a.DruidDataSourceAutoConfigure - Init DruidDataSource
2019-10-31 09:22:39.542 [main] INFO  com.alibaba.druid.pool.DruidDataSource - {dataSource-1} inited
2019-10-31 09:22:40.066 [main] INFO  o.s.scheduling.concurrent.ThreadPoolTaskExecutor - Initializing ExecutorService 'applicationTaskExecutor'
2019-10-31 09:22:40.259 [main] INFO  org.apache.coyote.http11.Http11NioProtocol - Starting ProtocolHandler ["http-nio-8888"]
2019-10-31 09:22:40.289 [main] INFO  o.s.boot.web.embedded.tomcat.TomcatWebServer - Tomcat started on port(s): 8888 (http) with context path ''
2019-10-31 09:22:40.293 [main] INFO  com.neuedu.BusnessApplication - Started BusnessApplication in 3.486 seconds (JVM running for 4.808)
2019-10-31 09:23:12.767 [http-nio-8888-exec-2] INFO  o.a.c.core.ContainerBase.[Tomcat].[localhost].[/] - Initializing Spring DispatcherServlet 'dispatcherServlet'
2019-10-31 09:23:12.767 [http-nio-8888-exec-2] INFO  org.springframework.web.servlet.DispatcherServlet - Initializing Servlet 'dispatcherServlet'
2019-10-31 09:23:12.775 [http-nio-8888-exec-2] INFO  org.springframework.web.servlet.DispatcherServlet - Completed initialization in 7 ms
2019-10-31 09:24:47.989 [main] INFO  com.neuedu.BusnessApplication - Starting BusnessApplication on 6IXHRL9EJ5D9T3Y with PID 6796 (E:\Java2\busness\target\classes started by Administrator in E:\Java2\busness)
2019-10-31 09:24:47.993 [main] INFO  com.neuedu.BusnessApplication - The following profiles are active: prod
2019-10-31 09:24:49.510 [main] INFO  o.s.boot.web.embedded.tomcat.TomcatWebServer - Tomcat initialized with port(s): 8888 (http)
2019-10-31 09:24:49.523 [main] INFO  org.apache.coyote.http11.Http11NioProtocol - Initializing ProtocolHandler ["http-nio-8888"]
2019-10-31 09:24:49.525 [main] INFO  org.apache.catalina.core.StandardService - Starting service [Tomcat]
2019-10-31 09:24:49.525 [main] INFO  org.apache.catalina.core.StandardEngine - Starting Servlet engine: [Apache Tomcat/9.0.27]
2019-10-31 09:24:49.647 [main] INFO  o.a.c.core.ContainerBase.[Tomcat].[localhost].[/] - Initializing Spring embedded WebApplicationContext
2019-10-31 09:24:49.647 [main] INFO  org.springframework.web.context.ContextLoader - Root WebApplicationContext: initialization completed in 1587 ms
2019-10-31 09:24:49.767 [main] INFO  c.a.d.s.b.a.DruidDataSourceAutoConfigure - Init DruidDataSource
2019-10-31 09:24:49.921 [main] INFO  com.alibaba.druid.pool.DruidDataSource - {dataSource-1} inited
2019-10-31 09:24:50.474 [main] INFO  o.s.scheduling.concurrent.ThreadPoolTaskExecutor - Initializing ExecutorService 'applicationTaskExecutor'
2019-10-31 09:24:50.698 [main] INFO  org.apache.coyote.http11.Http11NioProtocol - Starting ProtocolHandler ["http-nio-8888"]
2019-10-31 09:24:50.726 [main] INFO  o.s.boot.web.embedded.tomcat.TomcatWebServer - Tomcat started on port(s): 8888 (http) with context path ''
2019-10-31 09:24:50.730 [main] INFO  com.neuedu.BusnessApplication - Started BusnessApplication in 3.511 seconds (JVM running for 4.771)
2019-10-31 09:25:02.531 [http-nio-8888-exec-1] INFO  o.a.c.core.ContainerBase.[Tomcat].[localhost].[/] - Initializing Spring DispatcherServlet 'dispatcherServlet'
2019-10-31 09:25:02.532 [http-nio-8888-exec-1] INFO  org.springframework.web.servlet.DispatcherServlet - Initializing Servlet 'dispatcherServlet'
2019-10-31 09:25:02.539 [http-nio-8888-exec-1] INFO  org.springframework.web.servlet.DispatcherServlet - Completed initialization in 7 ms
2019-10-31 09:27:52.759 [main] INFO  com.neuedu.BusnessApplication - Starting BusnessApplication on 6IXHRL9EJ5D9T3Y with PID 15796 (E:\Java2\busness\target\classes started by Administrator in E:\Java2\busness)
2019-10-31 09:27:52.763 [main] INFO  com.neuedu.BusnessApplication - The following profiles are active: prod
2019-10-31 09:27:54.142 [main] INFO  o.s.boot.web.embedded.tomcat.TomcatWebServer - Tomcat initialized with port(s): 8888 (http)
2019-10-31 09:27:54.153 [main] INFO  org.apache.coyote.http11.Http11NioProtocol - Initializing ProtocolHandler ["http-nio-8888"]
2019-10-31 09:27:54.154 [main] INFO  org.apache.catalina.core.StandardService - Starting service [Tomcat]
2019-10-31 09:27:54.154 [main] INFO  org.apache.catalina.core.StandardEngine - Starting Servlet engine: [Apache Tomcat/9.0.27]
2019-10-31 09:27:54.265 [main] INFO  o.a.c.core.ContainerBase.[Tomcat].[localhost].[/] - Initializing Spring embedded WebApplicationContext
2019-10-31 09:27:54.265 [main] INFO  org.springframework.web.context.ContextLoader - Root WebApplicationContext: initialization completed in 1408 ms
2019-10-31 09:27:54.354 [main] INFO  c.a.d.s.b.a.DruidDataSourceAutoConfigure - Init DruidDataSource
2019-10-31 09:27:54.504 [main] INFO  com.alibaba.druid.pool.DruidDataSource - {dataSource-1} inited
2019-10-31 09:27:55.018 [main] INFO  o.s.scheduling.concurrent.ThreadPoolTaskExecutor - Initializing ExecutorService 'applicationTaskExecutor'
2019-10-31 09:27:55.251 [main] INFO  org.apache.coyote.http11.Http11NioProtocol - Starting ProtocolHandler ["http-nio-8888"]
2019-10-31 09:27:55.280 [main] INFO  o.s.boot.web.embedded.tomcat.TomcatWebServer - Tomcat started on port(s): 8888 (http) with context path ''
2019-10-31 09:27:55.286 [main] INFO  com.neuedu.BusnessApplication - Started BusnessApplication in 3.355 seconds (JVM running for 4.516)
2019-10-31 09:28:24.131 [http-nio-8888-exec-1] INFO  o.a.c.core.ContainerBase.[Tomcat].[localhost].[/] - Initializing Spring DispatcherServlet 'dispatcherServlet'
2019-10-31 09:28:24.132 [http-nio-8888-exec-1] INFO  org.springframework.web.servlet.DispatcherServlet - Initializing Servlet 'dispatcherServlet'
2019-10-31 09:28:24.138 [http-nio-8888-exec-1] INFO  org.springframework.web.servlet.DispatcherServlet - Completed initialization in 6 ms
2019-10-31 10:12:41.972 [main] INFO  com.neuedu.BusnessApplication - Starting BusnessApplication on 6IXHRL9EJ5D9T3Y with PID 4400 (E:\Java2\busness\target\classes started by Administrator in E:\Java2\busness)
2019-10-31 10:12:41.977 [main] INFO  com.neuedu.BusnessApplication - The following profiles are active: prod
2019-10-31 10:12:43.502 [main] INFO  o.s.boot.web.embedded.tomcat.TomcatWebServer - Tomcat initialized with port(s): 8888 (http)
2019-10-31 10:12:43.511 [main] INFO  org.apache.coyote.http11.Http11NioProtocol - Initializing ProtocolHandler ["http-nio-8888"]
2019-10-31 10:12:43.512 [main] INFO  org.apache.catalina.core.StandardService - Starting service [Tomcat]
2019-10-31 10:12:43.513 [main] INFO  org.apache.catalina.core.StandardEngine - Starting Servlet engine: [Apache Tomcat/9.0.27]
2019-10-31 10:12:43.630 [main] INFO  o.a.c.core.ContainerBase.[Tomcat].[localhost].[/] - Initializing Spring embedded WebApplicationContext
2019-10-31 10:12:43.630 [main] INFO  org.springframework.web.context.ContextLoader - Root WebApplicationContext: initialization completed in 1579 ms
2019-10-31 10:12:43.735 [main] INFO  c.a.d.s.b.a.DruidDataSourceAutoConfigure - Init DruidDataSource
2019-10-31 10:12:43.903 [main] INFO  com.alibaba.druid.pool.DruidDataSource - {dataSource-1} inited
2019-10-31 10:12:44.501 [main] INFO  o.s.scheduling.concurrent.ThreadPoolTaskExecutor - Initializing ExecutorService 'applicationTaskExecutor'
2019-10-31 10:12:44.727 [main] INFO  org.apache.coyote.http11.Http11NioProtocol - Starting ProtocolHandler ["http-nio-8888"]
2019-10-31 10:12:44.756 [main] INFO  o.s.boot.web.embedded.tomcat.TomcatWebServer - Tomcat started on port(s): 8888 (http) with context path ''
2019-10-31 10:12:44.760 [main] INFO  com.neuedu.BusnessApplication - Started BusnessApplication in 3.783 seconds (JVM running for 5.447)
2019-10-31 10:13:15.695 [http-nio-8888-exec-1] INFO  o.a.c.core.ContainerBase.[Tomcat].[localhost].[/] - Initializing Spring DispatcherServlet 'dispatcherServlet'
2019-10-31 10:13:15.695 [http-nio-8888-exec-1] INFO  org.springframework.web.servlet.DispatcherServlet - Initializing Servlet 'dispatcherServlet'
2019-10-31 10:13:15.703 [http-nio-8888-exec-1] INFO  org.springframework.web.servlet.DispatcherServlet - Completed initialization in 8 ms
2019-10-31 10:37:27.227 [main] INFO  com.neuedu.BusnessApplication - Starting BusnessApplication on 6IXHRL9EJ5D9T3Y with PID 8380 (E:\Java2\busness\target\classes started by Administrator in E:\Java2\busness)
2019-10-31 10:37:27.231 [main] INFO  com.neuedu.BusnessApplication - The following profiles are active: prod
2019-10-31 10:37:28.617 [main] INFO  o.s.boot.web.embedded.tomcat.TomcatWebServer - Tomcat initialized with port(s): 8888 (http)
2019-10-31 10:37:28.628 [main] INFO  org.apache.coyote.http11.Http11NioProtocol - Initializing ProtocolHandler ["http-nio-8888"]
2019-10-31 10:37:28.630 [main] INFO  org.apache.catalina.core.StandardService - Starting service [Tomcat]
2019-10-31 10:37:28.630 [main] INFO  org.apache.catalina.core.StandardEngine - Starting Servlet engine: [Apache Tomcat/9.0.27]
2019-10-31 10:37:28.734 [main] INFO  o.a.c.core.ContainerBase.[Tomcat].[localhost].[/] - Initializing Spring embedded WebApplicationContext
2019-10-31 10:37:28.735 [main] INFO  org.springframework.web.context.ContextLoader - Root WebApplicationContext: initialization completed in 1410 ms
2019-10-31 10:37:28.822 [main] INFO  c.a.d.s.b.a.DruidDataSourceAutoConfigure - Init DruidDataSource
2019-10-31 10:37:28.967 [main] INFO  com.alibaba.druid.pool.DruidDataSource - {dataSource-1} inited
2019-10-31 10:37:29.502 [main] INFO  o.s.scheduling.concurrent.ThreadPoolTaskExecutor - Initializing ExecutorService 'applicationTaskExecutor'
2019-10-31 10:37:29.693 [main] INFO  org.apache.coyote.http11.Http11NioProtocol - Starting ProtocolHandler ["http-nio-8888"]
2019-10-31 10:37:29.717 [main] INFO  o.s.boot.web.embedded.tomcat.TomcatWebServer - Tomcat started on port(s): 8888 (http) with context path ''
2019-10-31 10:37:29.722 [main] INFO  com.neuedu.BusnessApplication - Started BusnessApplication in 3.318 seconds (JVM running for 4.52)
2019-10-31 10:40:25.418 [main] INFO  com.neuedu.BusnessApplication - Starting BusnessApplication on 6IXHRL9EJ5D9T3Y with PID 12624 (E:\Java2\busness\target\classes started by Administrator in E:\Java2\busness)
2019-10-31 10:40:25.423 [main] INFO  com.neuedu.BusnessApplication - The following profiles are active: prod
2019-10-31 10:40:26.801 [main] INFO  o.s.boot.web.embedded.tomcat.TomcatWebServer - Tomcat initialized with port(s): 8888 (http)
2019-10-31 10:40:26.814 [main] INFO  org.apache.coyote.http11.Http11NioProtocol - Initializing ProtocolHandler ["http-nio-8888"]
2019-10-31 10:40:26.815 [main] INFO  org.apache.catalina.core.StandardService - Starting service [Tomcat]
2019-10-31 10:40:26.815 [main] INFO  org.apache.catalina.core.StandardEngine - Starting Servlet engine: [Apache Tomcat/9.0.27]
2019-10-31 10:40:26.945 [main] INFO  o.a.c.core.ContainerBase.[Tomcat].[localhost].[/] - Initializing Spring embedded WebApplicationContext
2019-10-31 10:40:26.946 [main] INFO  org.springframework.web.context.ContextLoader - Root WebApplicationContext: initialization completed in 1455 ms
2019-10-31 10:40:27.070 [main] INFO  c.a.d.s.b.a.DruidDataSourceAutoConfigure - Init DruidDataSource
2019-10-31 10:40:27.241 [main] INFO  com.alibaba.druid.pool.DruidDataSource - {dataSource-1} inited
2019-10-31 10:40:27.769 [main] INFO  o.s.scheduling.concurrent.ThreadPoolTaskExecutor - Initializing ExecutorService 'applicationTaskExecutor'
2019-10-31 10:40:27.985 [main] INFO  org.apache.coyote.http11.Http11NioProtocol - Starting ProtocolHandler ["http-nio-8888"]
2019-10-31 10:40:28.012 [main] INFO  o.s.boot.web.embedded.tomcat.TomcatWebServer - Tomcat started on port(s): 8888 (http) with context path ''
2019-10-31 10:40:28.016 [main] INFO  com.neuedu.BusnessApplication - Started BusnessApplication in 3.395 seconds (JVM running for 4.535)
2019-10-31 10:41:00.210 [http-nio-8888-exec-2] INFO  o.a.c.core.ContainerBase.[Tomcat].[localhost].[/] - Initializing Spring DispatcherServlet 'dispatcherServlet'
2019-10-31 10:41:00.211 [http-nio-8888-exec-2] INFO  org.springframework.web.servlet.DispatcherServlet - Initializing Servlet 'dispatcherServlet'
2019-10-31 10:41:00.217 [http-nio-8888-exec-2] INFO  org.springframework.web.servlet.DispatcherServlet - Completed initialization in 6 ms
2019-10-31 10:43:21.134 [main] INFO  com.neuedu.BusnessApplication - Starting BusnessApplication on 6IXHRL9EJ5D9T3Y with PID 5152 (E:\Java2\busness\target\classes started by Administrator in E:\Java2\busness)
2019-10-31 10:43:21.138 [main] INFO  com.neuedu.BusnessApplication - The following profiles are active: prod
2019-10-31 10:43:22.798 [main] INFO  o.s.boot.web.embedded.tomcat.TomcatWebServer - Tomcat initialized with port(s): 8888 (http)
2019-10-31 10:43:22.837 [main] INFO  org.apache.coyote.http11.Http11NioProtocol - Initializing ProtocolHandler ["http-nio-8888"]
2019-10-31 10:43:22.839 [main] INFO  org.apache.catalina.core.StandardService - Starting service [Tomcat]
2019-10-31 10:43:22.840 [main] INFO  org.apache.catalina.core.StandardEngine - Starting Servlet engine: [Apache Tomcat/9.0.27]
2019-10-31 10:43:22.959 [main] INFO  o.a.c.core.ContainerBase.[Tomcat].[localhost].[/] - Initializing Spring embedded WebApplicationContext
2019-10-31 10:43:22.959 [main] INFO  org.springframework.web.context.ContextLoader - Root WebApplicationContext: initialization completed in 1738 ms
2019-10-31 10:43:23.099 [main] INFO  c.a.d.s.b.a.DruidDataSourceAutoConfigure - Init DruidDataSource
2019-10-31 10:43:23.298 [main] INFO  com.alibaba.druid.pool.DruidDataSource - {dataSource-1} inited
2019-10-31 10:43:23.891 [main] INFO  o.s.scheduling.concurrent.ThreadPoolTaskExecutor - Initializing ExecutorService 'applicationTaskExecutor'
2019-10-31 10:43:24.128 [main] INFO  org.apache.coyote.http11.Http11NioProtocol - Starting ProtocolHandler ["http-nio-8888"]
2019-10-31 10:43:24.154 [main] INFO  o.s.boot.web.embedded.tomcat.TomcatWebServer - Tomcat started on port(s): 8888 (http) with context path ''
2019-10-31 10:43:24.158 [main] INFO  com.neuedu.BusnessApplication - Started BusnessApplication in 3.835 seconds (JVM running for 5.119)
2019-10-31 10:44:11.466 [http-nio-8888-exec-2] INFO  o.a.c.core.ContainerBase.[Tomcat].[localhost].[/] - Initializing Spring DispatcherServlet 'dispatcherServlet'
2019-10-31 10:44:11.467 [http-nio-8888-exec-2] INFO  org.springframework.web.servlet.DispatcherServlet - Initializing Servlet 'dispatcherServlet'
2019-10-31 10:44:11.473 [http-nio-8888-exec-2] INFO  org.springframework.web.servlet.DispatcherServlet - Completed initialization in 6 ms
2019-10-31 13:43:16.803 [main] INFO  com.neuedu.BusnessApplication - Starting BusnessApplication on 6IXHRL9EJ5D9T3Y with PID 14896 (E:\Java2\busness\target\classes started by Administrator in E:\Java2\busness)
2019-10-31 13:43:16.806 [main] INFO  com.neuedu.BusnessApplication - The following profiles are active: prod
2019-10-31 13:43:18.313 [main] INFO  o.s.boot.web.embedded.tomcat.TomcatWebServer - Tomcat initialized with port(s): 8888 (http)
2019-10-31 13:43:18.324 [main] INFO  org.apache.coyote.http11.Http11NioProtocol - Initializing ProtocolHandler ["http-nio-8888"]
2019-10-31 13:43:18.326 [main] INFO  org.apache.catalina.core.StandardService - Starting service [Tomcat]
2019-10-31 13:43:18.326 [main] INFO  org.apache.catalina.core.StandardEngine - Starting Servlet engine: [Apache Tomcat/9.0.27]
2019-10-31 13:43:18.442 [main] INFO  o.a.c.core.ContainerBase.[Tomcat].[localhost].[/] - Initializing Spring embedded WebApplicationContext
2019-10-31 13:43:18.442 [main] INFO  org.springframework.web.context.ContextLoader - Root WebApplicationContext: initialization completed in 1532 ms
2019-10-31 13:43:18.559 [main] INFO  c.a.d.s.b.a.DruidDataSourceAutoConfigure - Init DruidDataSource
2019-10-31 13:43:18.742 [main] INFO  com.alibaba.druid.pool.DruidDataSource - {dataSource-1} inited
2019-10-31 13:43:19.325 [main] INFO  o.s.scheduling.concurrent.ThreadPoolTaskExecutor - Initializing ExecutorService 'applicationTaskExecutor'
2019-10-31 13:43:19.579 [main] INFO  org.apache.coyote.http11.Http11NioProtocol - Starting ProtocolHandler ["http-nio-8888"]
2019-10-31 13:43:19.609 [main] INFO  o.s.boot.web.embedded.tomcat.TomcatWebServer - Tomcat started on port(s): 8888 (http) with context path ''
2019-10-31 13:43:19.614 [main] INFO  com.neuedu.BusnessApplication - Started BusnessApplication in 3.7 seconds (JVM running for 5.079)
2019-10-31 13:44:03.783 [http-nio-8888-exec-1] INFO  o.a.c.core.ContainerBase.[Tomcat].[localhost].[/] - Initializing Spring DispatcherServlet 'dispatcherServlet'
2019-10-31 13:44:03.783 [http-nio-8888-exec-1] INFO  org.springframework.web.servlet.DispatcherServlet - Initializing Servlet 'dispatcherServlet'
2019-10-31 13:44:03.794 [http-nio-8888-exec-1] INFO  org.springframework.web.servlet.DispatcherServlet - Completed initialization in 10 ms
2019-10-31 14:55:54.217 [main] INFO  com.neuedu.BusnessApplication - Starting BusnessApplication on 6IXHRL9EJ5D9T3Y with PID 8240 (E:\Java2\busness\target\classes started by Administrator in E:\Java2\busness)
2019-10-31 14:55:54.226 [main] INFO  com.neuedu.BusnessApplication - The following profiles are active: prod
2019-10-31 14:55:56.080 [main] INFO  o.s.boot.web.embedded.tomcat.TomcatWebServer - Tomcat initialized with port(s): 8888 (http)
2019-10-31 14:55:56.089 [main] INFO  org.apache.coyote.http11.Http11NioProtocol - Initializing ProtocolHandler ["http-nio-8888"]
2019-10-31 14:55:56.090 [main] INFO  org.apache.catalina.core.StandardService - Starting service [Tomcat]
2019-10-31 14:55:56.091 [main] INFO  org.apache.catalina.core.StandardEngine - Starting Servlet engine: [Apache Tomcat/9.0.27]
2019-10-31 14:55:56.185 [main] INFO  o.a.c.core.ContainerBase.[Tomcat].[localhost].[/] - Initializing Spring embedded WebApplicationContext
2019-10-31 14:55:56.186 [main] INFO  org.springframework.web.context.ContextLoader - Root WebApplicationContext: initialization completed in 1754 ms
2019-10-31 14:55:56.314 [main] INFO  c.a.d.s.b.a.DruidDataSourceAutoConfigure - Init DruidDataSource
2019-10-31 14:55:56.553 [main] INFO  com.alibaba.druid.pool.DruidDataSource - {dataSource-1} inited
2019-10-31 14:55:56.882 [main] INFO  com.alibaba.druid.pool.DruidDataSource - {dataSource-1} closed
2019-10-31 14:55:56.885 [main] INFO  org.apache.catalina.core.StandardService - Stopping service [Tomcat]
2019-10-31 14:55:56.902 [main] INFO  o.s.b.a.l.ConditionEvaluationReportLoggingListener - 

Error starting ApplicationContext. To display the conditions report re-run your application with 'debug' enabled.
2019-10-31 14:58:40.653 [main] INFO  com.neuedu.BusnessApplication - Starting BusnessApplication on 6IXHRL9EJ5D9T3Y with PID 2344 (E:\Java2\busness\target\classes started by Administrator in E:\Java2\busness)
2019-10-31 14:58:40.657 [main] INFO  com.neuedu.BusnessApplication - The following profiles are active: prod
2019-10-31 14:58:42.216 [main] INFO  o.s.boot.web.embedded.tomcat.TomcatWebServer - Tomcat initialized with port(s): 8888 (http)
2019-10-31 14:58:42.227 [main] INFO  org.apache.coyote.http11.Http11NioProtocol - Initializing ProtocolHandler ["http-nio-8888"]
2019-10-31 14:58:42.228 [main] INFO  org.apache.catalina.core.StandardService - Starting service [Tomcat]
2019-10-31 14:58:42.229 [main] INFO  org.apache.catalina.core.StandardEngine - Starting Servlet engine: [Apache Tomcat/9.0.27]
2019-10-31 14:58:42.347 [main] INFO  o.a.c.core.ContainerBase.[Tomcat].[localhost].[/] - Initializing Spring embedded WebApplicationContext
2019-10-31 14:58:42.348 [main] INFO  org.springframework.web.context.ContextLoader - Root WebApplicationContext: initialization completed in 1607 ms
2019-10-31 14:58:42.457 [main] INFO  c.a.d.s.b.a.DruidDataSourceAutoConfigure - Init DruidDataSource
2019-10-31 14:58:42.615 [main] INFO  com.alibaba.druid.pool.DruidDataSource - {dataSource-1} inited
2019-10-31 14:58:42.914 [main] INFO  com.alibaba.druid.pool.DruidDataSource - {dataSource-1} closed
2019-10-31 14:58:42.917 [main] INFO  org.apache.catalina.core.StandardService - Stopping service [Tomcat]
2019-10-31 14:58:42.927 [main] INFO  o.s.b.a.l.ConditionEvaluationReportLoggingListener - 

Error starting ApplicationContext. To display the conditions report re-run your application with 'debug' enabled.
2019-10-31 14:59:45.013 [main] INFO  com.neuedu.BusnessApplication - Starting BusnessApplication on 6IXHRL9EJ5D9T3Y with PID 14368 (E:\Java2\busness\target\classes started by Administrator in E:\Java2\busness)
2019-10-31 14:59:45.018 [main] INFO  com.neuedu.BusnessApplication - The following profiles are active: prod
2019-10-31 14:59:46.788 [main] INFO  o.s.boot.web.embedded.tomcat.TomcatWebServer - Tomcat initialized with port(s): 8888 (http)
2019-10-31 14:59:46.800 [main] INFO  org.apache.coyote.http11.Http11NioProtocol - Initializing ProtocolHandler ["http-nio-8888"]
2019-10-31 14:59:46.801 [main] INFO  org.apache.catalina.core.StandardService - Starting service [Tomcat]
2019-10-31 14:59:46.802 [main] INFO  org.apache.catalina.core.StandardEngine - Starting Servlet engine: [Apache Tomcat/9.0.27]
2019-10-31 14:59:46.930 [main] INFO  o.a.c.core.ContainerBase.[Tomcat].[localhost].[/] - Initializing Spring embedded WebApplicationContext
2019-10-31 14:59:46.930 [main] INFO  org.springframework.web.context.ContextLoader - Root WebApplicationContext: initialization completed in 1799 ms
2019-10-31 14:59:47.034 [main] INFO  c.a.d.s.b.a.DruidDataSourceAutoConfigure - Init DruidDataSource
2019-10-31 14:59:47.210 [main] INFO  com.alibaba.druid.pool.DruidDataSource - {dataSource-1} inited
2019-10-31 14:59:47.532 [main] INFO  com.alibaba.druid.pool.DruidDataSource - {dataSource-1} closed
2019-10-31 14:59:47.536 [main] INFO  org.apache.catalina.core.StandardService - Stopping service [Tomcat]
2019-10-31 14:59:47.548 [main] INFO  o.s.b.a.l.ConditionEvaluationReportLoggingListener - 

Error starting ApplicationContext. To display the conditions report re-run your application with 'debug' enabled.
2019-10-31 15:01:51.102 [main] INFO  com.neuedu.BusnessApplication - Starting BusnessApplication on 6IXHRL9EJ5D9T3Y with PID 6568 (E:\Java2\busness\target\classes started by Administrator in E:\Java2\busness)
2019-10-31 15:01:51.106 [main] INFO  com.neuedu.BusnessApplication - The following profiles are active: prod
2019-10-31 15:01:52.654 [main] INFO  o.s.boot.web.embedded.tomcat.TomcatWebServer - Tomcat initialized with port(s): 8888 (http)
2019-10-31 15:01:52.669 [main] INFO  org.apache.coyote.http11.Http11NioProtocol - Initializing ProtocolHandler ["http-nio-8888"]
2019-10-31 15:01:52.671 [main] INFO  org.apache.catalina.core.StandardService - Starting service [Tomcat]
2019-10-31 15:01:52.671 [main] INFO  org.apache.catalina.core.StandardEngine - Starting Servlet engine: [Apache Tomcat/9.0.27]
2019-10-31 15:01:52.811 [main] INFO  o.a.c.core.ContainerBase.[Tomcat].[localhost].[/] - Initializing Spring embedded WebApplicationContext
2019-10-31 15:01:52.811 [main] INFO  org.springframework.web.context.ContextLoader - Root WebApplicationContext: initialization completed in 1623 ms
2019-10-31 15:01:52.944 [main] INFO  c.a.d.s.b.a.DruidDataSourceAutoConfigure - Init DruidDataSource
2019-10-31 15:01:53.138 [main] INFO  com.alibaba.druid.pool.DruidDataSource - {dataSource-1} inited
2019-10-31 15:01:53.836 [main] INFO  o.s.scheduling.concurrent.ThreadPoolTaskExecutor - Initializing ExecutorService 'applicationTaskExecutor'
2019-10-31 15:01:54.058 [main] INFO  org.apache.coyote.http11.Http11NioProtocol - Starting ProtocolHandler ["http-nio-8888"]
2019-10-31 15:01:54.084 [main] INFO  o.s.boot.web.embedded.tomcat.TomcatWebServer - Tomcat started on port(s): 8888 (http) with context path ''
2019-10-31 15:01:54.088 [main] INFO  com.neuedu.BusnessApplication - Started BusnessApplication in 3.816 seconds (JVM running for 5.022)
2019-10-31 15:05:11.363 [http-nio-8888-exec-3] INFO  o.a.c.core.ContainerBase.[Tomcat].[localhost].[/] - Initializing Spring DispatcherServlet 'dispatcherServlet'
2019-10-31 15:05:11.363 [http-nio-8888-exec-3] INFO  org.springframework.web.servlet.DispatcherServlet - Initializing Servlet 'dispatcherServlet'
2019-10-31 15:05:11.371 [http-nio-8888-exec-3] INFO  org.springframework.web.servlet.DispatcherServlet - Completed initialization in 7 ms
2019-10-31 15:11:44.727 [main] INFO  com.neuedu.BusnessApplication - Starting BusnessApplication on 6IXHRL9EJ5D9T3Y with PID 11548 (E:\Java2\busness\target\classes started by Administrator in E:\Java2\busness)
2019-10-31 15:11:44.731 [main] INFO  com.neuedu.BusnessApplication - The following profiles are active: prod
2019-10-31 15:11:46.460 [main] INFO  o.s.boot.web.embedded.tomcat.TomcatWebServer - Tomcat initialized with port(s): 8888 (http)
2019-10-31 15:11:46.472 [main] INFO  org.apache.coyote.http11.Http11NioProtocol - Initializing ProtocolHandler ["http-nio-8888"]
2019-10-31 15:11:46.473 [main] INFO  org.apache.catalina.core.StandardService - Starting service [Tomcat]
2019-10-31 15:11:46.474 [main] INFO  org.apache.catalina.core.StandardEngine - Starting Servlet engine: [Apache Tomcat/9.0.27]
2019-10-31 15:11:46.580 [main] INFO  o.a.c.core.ContainerBase.[Tomcat].[localhost].[/] - Initializing Spring embedded WebApplicationContext
2019-10-31 15:11:46.580 [main] INFO  org.springframework.web.context.ContextLoader - Root WebApplicationContext: initialization completed in 1747 ms
2019-10-31 15:11:46.676 [main] INFO  c.a.d.s.b.a.DruidDataSourceAutoConfigure - Init DruidDataSource
2019-10-31 15:11:46.828 [main] INFO  com.alibaba.druid.pool.DruidDataSource - {dataSource-1} inited
2019-10-31 15:11:47.344 [main] INFO  o.s.scheduling.concurrent.ThreadPoolTaskExecutor - Initializing ExecutorService 'applicationTaskExecutor'
2019-10-31 15:11:47.561 [main] INFO  org.apache.coyote.http11.Http11NioProtocol - Starting ProtocolHandler ["http-nio-8888"]
2019-10-31 15:11:47.585 [main] INFO  o.s.boot.web.embedded.tomcat.TomcatWebServer - Tomcat started on port(s): 8888 (http) with context path ''
2019-10-31 15:11:47.590 [main] INFO  com.neuedu.BusnessApplication - Started BusnessApplication in 3.725 seconds (JVM running for 4.908)
2019-10-31 15:11:53.547 [http-nio-8888-exec-1] INFO  o.a.c.core.ContainerBase.[Tomcat].[localhost].[/] - Initializing Spring DispatcherServlet 'dispatcherServlet'
2019-10-31 15:11:53.548 [http-nio-8888-exec-1] INFO  org.springframework.web.servlet.DispatcherServlet - Initializing Servlet 'dispatcherServlet'
2019-10-31 15:11:53.556 [http-nio-8888-exec-1] INFO  org.springframework.web.servlet.DispatcherServlet - Completed initialization in 7 ms
2019-10-31 15:14:25.683 [main] INFO  com.neuedu.BusnessApplication - Starting BusnessApplication on 6IXHRL9EJ5D9T3Y with PID 16096 (E:\Java2\busness\target\classes started by Administrator in E:\Java2\busness)
2019-10-31 15:14:25.688 [main] INFO  com.neuedu.BusnessApplication - The following profiles are active: prod
2019-10-31 15:14:27.365 [main] INFO  o.s.boot.web.embedded.tomcat.TomcatWebServer - Tomcat initialized with port(s): 8888 (http)
2019-10-31 15:14:27.375 [main] INFO  org.apache.coyote.http11.Http11NioProtocol - Initializing ProtocolHandler ["http-nio-8888"]
2019-10-31 15:14:27.376 [main] INFO  org.apache.catalina.core.StandardService - Starting service [Tomcat]
2019-10-31 15:14:27.376 [main] INFO  org.apache.catalina.core.StandardEngine - Starting Servlet engine: [Apache Tomcat/9.0.27]
2019-10-31 15:14:27.501 [main] INFO  o.a.c.core.ContainerBase.[Tomcat].[localhost].[/] - Initializing Spring embedded WebApplicationContext
2019-10-31 15:14:27.501 [main] INFO  org.springframework.web.context.ContextLoader - Root WebApplicationContext: initialization completed in 1728 ms
2019-10-31 15:14:27.607 [main] INFO  c.a.d.s.b.a.DruidDataSourceAutoConfigure - Init DruidDataSource
2019-10-31 15:14:27.793 [main] INFO  com.alibaba.druid.pool.DruidDataSource - {dataSource-1} inited
2019-10-31 15:14:28.332 [main] INFO  o.s.scheduling.concurrent.ThreadPoolTaskExecutor - Initializing ExecutorService 'applicationTaskExecutor'
2019-10-31 15:14:28.539 [main] INFO  org.apache.coyote.http11.Http11NioProtocol - Starting ProtocolHandler ["http-nio-8888"]
2019-10-31 15:14:28.565 [main] INFO  o.s.boot.web.embedded.tomcat.TomcatWebServer - Tomcat started on port(s): 8888 (http) with context path ''
2019-10-31 15:14:28.569 [main] INFO  com.neuedu.BusnessApplication - Started BusnessApplication in 3.748 seconds (JVM running for 4.925)
2019-10-31 15:14:36.846 [http-nio-8888-exec-2] INFO  o.a.c.core.ContainerBase.[Tomcat].[localhost].[/] - Initializing Spring DispatcherServlet 'dispatcherServlet'
2019-10-31 15:14:36.847 [http-nio-8888-exec-2] INFO  org.springframework.web.servlet.DispatcherServlet - Initializing Servlet 'dispatcherServlet'
2019-10-31 15:14:36.857 [http-nio-8888-exec-2] INFO  org.springframework.web.servlet.DispatcherServlet - Completed initialization in 9 ms
2019-10-31 15:41:31.630 [main] INFO  com.neuedu.BusnessApplication - Starting BusnessApplication on 6IXHRL9EJ5D9T3Y with PID 9848 (E:\Java2\busness\target\classes started by Administrator in E:\Java2\busness)
2019-10-31 15:41:31.636 [main] INFO  com.neuedu.BusnessApplication - The following profiles are active: prod
2019-10-31 15:41:33.153 [main] INFO  o.s.boot.web.embedded.tomcat.TomcatWebServer - Tomcat initialized with port(s): 8888 (http)
2019-10-31 15:41:33.166 [main] INFO  org.apache.coyote.http11.Http11NioProtocol - Initializing ProtocolHandler ["http-nio-8888"]
2019-10-31 15:41:33.167 [main] INFO  org.apache.catalina.core.StandardService - Starting service [Tomcat]
2019-10-31 15:41:33.167 [main] INFO  org.apache.catalina.core.StandardEngine - Starting Servlet engine: [Apache Tomcat/9.0.27]
2019-10-31 15:41:33.297 [main] INFO  o.a.c.core.ContainerBase.[Tomcat].[localhost].[/] - Initializing Spring embedded WebApplicationContext
2019-10-31 15:41:33.297 [main] INFO  org.springframework.web.context.ContextLoader - Root WebApplicationContext: initialization completed in 1578 ms
2019-10-31 15:41:33.421 [main] INFO  c.a.d.s.b.a.DruidDataSourceAutoConfigure - Init DruidDataSource
2019-10-31 15:41:33.598 [main] INFO  com.alibaba.druid.pool.DruidDataSource - {dataSource-1} inited
2019-10-31 15:41:34.187 [main] INFO  o.s.scheduling.concurrent.ThreadPoolTaskExecutor - Initializing ExecutorService 'applicationTaskExecutor'
2019-10-31 15:41:34.417 [main] INFO  org.apache.coyote.http11.Http11NioProtocol - Starting ProtocolHandler ["http-nio-8888"]
2019-10-31 15:41:34.496 [main] INFO  o.s.boot.web.embedded.tomcat.TomcatWebServer - Tomcat started on port(s): 8888 (http) with context path ''
2019-10-31 15:41:34.505 [main] INFO  com.neuedu.BusnessApplication - Started BusnessApplication in 3.746 seconds (JVM running for 4.962)
2019-10-31 15:41:44.277 [http-nio-8888-exec-1] INFO  o.a.c.core.ContainerBase.[Tomcat].[localhost].[/] - Initializing Spring DispatcherServlet 'dispatcherServlet'
2019-10-31 15:41:44.277 [http-nio-8888-exec-1] INFO  org.springframework.web.servlet.DispatcherServlet - Initializing Servlet 'dispatcherServlet'
2019-10-31 15:41:44.286 [http-nio-8888-exec-1] INFO  org.springframework.web.servlet.DispatcherServlet - Completed initialization in 8 ms
2019-10-31 16:11:02.076 [main] INFO  com.neuedu.BusnessApplication - Starting BusnessApplication on 6IXHRL9EJ5D9T3Y with PID 5468 (E:\Java2\busness\target\classes started by Administrator in E:\Java2\busness)
2019-10-31 16:11:02.084 [main] INFO  com.neuedu.BusnessApplication - The following profiles are active: prod
2019-10-31 16:11:03.762 [main] INFO  o.s.boot.web.embedded.tomcat.TomcatWebServer - Tomcat initialized with port(s): 8888 (http)
2019-10-31 16:11:03.773 [main] INFO  org.apache.coyote.http11.Http11NioProtocol - Initializing ProtocolHandler ["http-nio-8888"]
2019-10-31 16:11:03.774 [main] INFO  org.apache.catalina.core.StandardService - Starting service [Tomcat]
2019-10-31 16:11:03.774 [main] INFO  org.apache.catalina.core.StandardEngine - Starting Servlet engine: [Apache Tomcat/9.0.27]
2019-10-31 16:11:03.894 [main] INFO  o.a.c.core.ContainerBase.[Tomcat].[localhost].[/] - Initializing Spring embedded WebApplicationContext
2019-10-31 16:11:03.894 [main] INFO  org.springframework.web.context.ContextLoader - Root WebApplicationContext: initialization completed in 1718 ms
2019-10-31 16:11:03.997 [main] INFO  c.a.d.s.b.a.DruidDataSourceAutoConfigure - Init DruidDataSource
2019-10-31 16:11:04.175 [main] INFO  com.alibaba.druid.pool.DruidDataSource - {dataSource-1} inited
2019-10-31 16:11:04.687 [main] INFO  o.s.scheduling.concurrent.ThreadPoolTaskExecutor - Initializing ExecutorService 'applicationTaskExecutor'
2019-10-31 16:11:04.895 [main] INFO  org.apache.coyote.http11.Http11NioProtocol - Starting ProtocolHandler ["http-nio-8888"]
2019-10-31 16:11:04.920 [main] INFO  o.s.boot.web.embedded.tomcat.TomcatWebServer - Tomcat started on port(s): 8888 (http) with context path ''
2019-10-31 16:11:04.925 [main] INFO  com.neuedu.BusnessApplication - Started BusnessApplication in 3.664 seconds (JVM running for 4.882)
2019-10-31 16:11:08.492 [http-nio-8888-exec-2] INFO  o.a.c.core.ContainerBase.[Tomcat].[localhost].[/] - Initializing Spring DispatcherServlet 'dispatcherServlet'
2019-10-31 16:11:08.492 [http-nio-8888-exec-2] INFO  org.springframework.web.servlet.DispatcherServlet - Initializing Servlet 'dispatcherServlet'
2019-10-31 16:11:08.499 [http-nio-8888-exec-2] INFO  org.springframework.web.servlet.DispatcherServlet - Completed initialization in 6 ms
2019-10-31 19:49:19.765 [main] INFO  com.neuedu.BusnessApplication - Starting BusnessApplication on 6IXHRL9EJ5D9T3Y with PID 4264 (E:\Java2\busness\target\classes started by Administrator in E:\Java2\busness)
2019-10-31 19:49:19.773 [main] INFO  com.neuedu.BusnessApplication - The following profiles are active: prod
2019-10-31 19:49:21.863 [main] INFO  o.s.boot.web.embedded.tomcat.TomcatWebServer - Tomcat initialized with port(s): 8888 (http)
2019-10-31 19:49:21.875 [main] INFO  org.apache.coyote.http11.Http11NioProtocol - Initializing ProtocolHandler ["http-nio-8888"]
2019-10-31 19:49:21.876 [main] INFO  org.apache.catalina.core.StandardService - Starting service [Tomcat]
2019-10-31 19:49:21.876 [main] INFO  org.apache.catalina.core.StandardEngine - Starting Servlet engine: [Apache Tomcat/9.0.27]
2019-10-31 19:49:21.983 [main] INFO  o.a.c.core.ContainerBase.[Tomcat].[localhost].[/] - Initializing Spring embedded WebApplicationContext
2019-10-31 19:49:21.983 [main] INFO  org.springframework.web.context.ContextLoader - Root WebApplicationContext: initialization completed in 2100 ms
2019-10-31 19:49:22.111 [main] INFO  c.a.d.s.b.a.DruidDataSourceAutoConfigure - Init DruidDataSource
2019-10-31 19:49:22.290 [main] INFO  com.alibaba.druid.pool.DruidDataSource - {dataSource-1} inited
2019-10-31 19:49:22.844 [main] INFO  o.s.scheduling.concurrent.ThreadPoolTaskExecutor - Initializing ExecutorService 'applicationTaskExecutor'
2019-10-31 19:49:23.144 [main] INFO  org.apache.coyote.http11.Http11NioProtocol - Starting ProtocolHandler ["http-nio-8888"]
2019-10-31 19:49:23.178 [main] INFO  o.s.boot.web.embedded.tomcat.TomcatWebServer - Tomcat started on port(s): 8888 (http) with context path ''
2019-10-31 19:49:23.182 [main] INFO  com.neuedu.BusnessApplication - Started BusnessApplication in 4.375 seconds (JVM running for 5.912)
2019-10-31 19:50:02.855 [http-nio-8888-exec-1] INFO  o.a.c.core.ContainerBase.[Tomcat].[localhost].[/] - Initializing Spring DispatcherServlet 'dispatcherServlet'
2019-10-31 19:50:02.855 [http-nio-8888-exec-1] INFO  org.springframework.web.servlet.DispatcherServlet - Initializing Servlet 'dispatcherServlet'
2019-10-31 19:50:02.862 [http-nio-8888-exec-1] INFO  org.springframework.web.servlet.DispatcherServlet - Completed initialization in 7 ms
2019-10-31 19:53:49.115 [main] INFO  com.neuedu.BusnessApplication - Starting BusnessApplication on 6IXHRL9EJ5D9T3Y with PID 14988 (E:\Java2\busness\target\classes started by Administrator in E:\Java2\busness)
2019-10-31 19:53:49.119 [main] INFO  com.neuedu.BusnessApplication - The following profiles are active: prod
2019-10-31 19:53:50.643 [main] INFO  o.s.boot.web.embedded.tomcat.TomcatWebServer - Tomcat initialized with port(s): 8888 (http)
2019-10-31 19:53:50.657 [main] INFO  org.apache.coyote.http11.Http11NioProtocol - Initializing ProtocolHandler ["http-nio-8888"]
2019-10-31 19:53:50.658 [main] INFO  org.apache.catalina.core.StandardService - Starting service [Tomcat]
2019-10-31 19:53:50.659 [main] INFO  org.apache.catalina.core.StandardEngine - Starting Servlet engine: [Apache Tomcat/9.0.27]
2019-10-31 19:53:50.810 [main] INFO  o.a.c.core.ContainerBase.[Tomcat].[localhost].[/] - Initializing Spring embedded WebApplicationContext
2019-10-31 19:53:50.811 [main] INFO  org.springframework.web.context.ContextLoader - Root WebApplicationContext: initialization completed in 1589 ms
2019-10-31 19:53:50.930 [main] INFO  c.a.d.s.b.a.DruidDataSourceAutoConfigure - Init DruidDataSource
2019-10-31 19:53:51.086 [main] INFO  com.alibaba.druid.pool.DruidDataSource - {dataSource-1} inited
2019-10-31 19:53:51.688 [main] INFO  o.s.scheduling.concurrent.ThreadPoolTaskExecutor - Initializing ExecutorService 'applicationTaskExecutor'
2019-10-31 19:53:51.937 [main] INFO  org.apache.coyote.http11.Http11NioProtocol - Starting ProtocolHandler ["http-nio-8888"]
2019-10-31 19:53:51.968 [main] INFO  o.s.boot.web.embedded.tomcat.TomcatWebServer - Tomcat started on port(s): 8888 (http) with context path ''
2019-10-31 19:53:51.972 [main] INFO  com.neuedu.BusnessApplication - Started BusnessApplication in 3.758 seconds (JVM running for 4.973)
2019-10-31 19:53:56.459 [http-nio-8888-exec-1] INFO  o.a.c.core.ContainerBase.[Tomcat].[localhost].[/] - Initializing Spring DispatcherServlet 'dispatcherServlet'
2019-10-31 19:53:56.459 [http-nio-8888-exec-1] INFO  org.springframework.web.servlet.DispatcherServlet - Initializing Servlet 'dispatcherServlet'
2019-10-31 19:53:56.466 [http-nio-8888-exec-1] INFO  org.springframework.web.servlet.DispatcherServlet - Completed initialization in 7 ms
